Using device: cuda:0
Pre-filtered 30767 patches based on country and season (split ignored)
Loading BEN data for train...
    237871 patches indexed
    14805 filtered patches indexed
    1000 patches indexed considering max_len
Merged metadata with snow/cloud metadata
Loaded 549488 labels
Loaded 549488 keys
Loaded mapping created
Pre-filtered 30767 patches based on country and season (split ignored)
Loading BEN data for test...
    119825 patches indexed
    8209 filtered patches indexed
    1000 patches indexed considering max_len
Merged metadata with snow/cloud metadata
Loaded 549488 labels
Loaded 549488 keys
Loaded mapping created
Pre-filtered 15549 patches based on country and season (split ignored)
Loading BEN data for train...
    237871 patches indexed
    7150 filtered patches indexed
    1000 patches indexed considering max_len
Merged metadata with snow/cloud metadata
Loaded 549488 labels
Loaded 549488 keys
Loaded mapping created
Pre-filtered 15549 patches based on country and season (split ignored)
Loading BEN data for test...
    119825 patches indexed
    4263 filtered patches indexed
    1000 patches indexed considering max_len
Merged metadata with snow/cloud metadata
Loaded 549488 labels
Loaded 549488 keys
Loaded mapping created
Pre-filtered 13683 patches based on country and season (split ignored)
Loading BEN data for train...
    237871 patches indexed
    7180 filtered patches indexed
    1000 patches indexed considering max_len
Merged metadata with snow/cloud metadata
Loaded 549488 labels
Loaded 549488 keys
Loaded mapping created
Pre-filtered 13683 patches based on country and season (split ignored)
Loading BEN data for test...
    119825 patches indexed
    3248 filtered patches indexed
    1000 patches indexed considering max_len
Merged metadata with snow/cloud metadata
Loaded 549488 labels
Loaded 549488 keys
Loaded mapping created
Pre-filtered 59999 patches based on country and season (split ignored)
Loading BEN data for test...
    119825 patches indexed
    15720 filtered patches indexed
    1000 patches indexed considering max_len
Merged metadata with snow/cloud metadata
Loaded 549488 labels
Loaded 549488 keys
Loaded mapping created
Pre-filtered 59999 patches based on country and season (split ignored)
Loading BEN data for train...
    237871 patches indexed
    29135 filtered patches indexed
    1000 patches indexed considering max_len
Merged metadata with snow/cloud metadata
Loaded 549488 labels
Loaded 549488 keys
Loaded mapping created
Loading BEN data for train...
    237871 patches indexed
    237871 filtered patches indexed
    1000 patches indexed considering max_len
Merged metadata with snow/cloud metadata
Loaded 549488 labels
Loaded 549488 keys
Loaded mapping created
==================================================
ROUND 1/20
==================================================
Epoch 1/3
----------
Epoch 2/3
----------
Epoch 3/3
----------
Epoch 1/3
----------
Epoch 2/3
----------
Epoch 3/3
----------
Epoch 1/3
----------
Epoch 2/3
----------
Epoch 3/3
----------
micro     precision: 0.0000 | recall: 0.0000 | f1-score: 0.0000 | support: 1282 | mAP: 0.0562
macro     precision: 0.0000 | recall: 0.0000 | f1-score: 0.0000 | support: 1282 | mAP: 0.0687

==================================================
ROUND 2/20
==================================================
Epoch 1/3
----------
Epoch 2/3
----------
Epoch 3/3
----------
Epoch 1/3
----------
Epoch 2/3
----------
Epoch 3/3
----------
Epoch 1/3
----------
Epoch 2/3
----------
Epoch 3/3
----------
micro     precision: 0.0000 | recall: 0.0000 | f1-score: 0.0000 | support: 1282 | mAP: 0.1588
macro     precision: 0.0000 | recall: 0.0000 | f1-score: 0.0000 | support: 1282 | mAP: 0.0794

==================================================
ROUND 3/20
==================================================
Epoch 1/3
----------
Epoch 2/3
----------
Epoch 3/3
----------
Epoch 1/3
----------
Epoch 2/3
----------
Epoch 3/3
----------
Epoch 1/3
----------
Epoch 2/3
----------
Epoch 3/3
----------
micro     precision: 0.0000 | recall: 0.0000 | f1-score: 0.0000 | support: 1282 | mAP: 0.7095
macro     precision: 0.0000 | recall: 0.0000 | f1-score: 0.0000 | support: 1282 | mAP: 0.1229

==================================================
ROUND 4/20
==================================================
Epoch 1/3
----------
Epoch 2/3
----------
Epoch 3/3
----------
Epoch 1/3
----------
Epoch 2/3
----------
Epoch 3/3
----------
Epoch 1/3
----------
Epoch 2/3
----------
Epoch 3/3
----------
micro     precision: 0.0000 | recall: 0.0000 | f1-score: 0.0000 | support: 1282 | mAP: 0.0982
macro     precision: 0.0000 | recall: 0.0000 | f1-score: 0.0000 | support: 1282 | mAP: 0.1508

==================================================
ROUND 5/20
==================================================
Epoch 1/3
----------
Epoch 2/3
----------
Epoch 3/3
----------
Epoch 1/3
----------
Epoch 2/3
----------
Epoch 3/3
----------
Epoch 1/3
----------
Epoch 2/3
----------
Epoch 3/3
----------
micro     precision: 0.0588 | recall: 0.0437 | f1-score: 0.0501 | support: 1282 | mAP: 0.0928
macro     precision: 0.0752 | recall: 0.0192 | f1-score: 0.0295 | support: 1282 | mAP: 0.1582

==================================================
ROUND 6/20
==================================================
Epoch 1/3
----------
Epoch 2/3
----------
Epoch 3/3
----------
Epoch 1/3
----------
Epoch 2/3
----------
Epoch 3/3
----------
Epoch 1/3
----------
Epoch 2/3
----------
Epoch 3/3
----------
micro     precision: 0.0071 | recall: 0.0101 | f1-score: 0.0083 | support: 1282 | mAP: 0.0740
macro     precision: 0.0789 | recall: 0.0147 | f1-score: 0.0209 | support: 1282 | mAP: 0.1359

==================================================
ROUND 7/20
==================================================
Epoch 1/3
----------
Epoch 2/3
----------
Epoch 3/3
----------
Epoch 1/3
----------
Epoch 2/3
----------
Epoch 3/3
----------
Epoch 1/3
----------
Epoch 2/3
----------
Epoch 3/3
----------
micro     precision: 0.0563 | recall: 0.1248 | f1-score: 0.0776 | support: 1282 | mAP: 0.0626
macro     precision: 0.0084 | recall: 0.0526 | f1-score: 0.0145 | support: 1282 | mAP: 0.1025

==================================================
ROUND 8/20
==================================================
Created train_loader1 with 30 patches.
Starting relevance computation and pruning mask generation.
Type of components_relevances: <class 'collections.OrderedDict'>
Layer: conv1
Total layer relevance: 1.692357796879928e+26
--------------------------------------------------
Layer: encoder.4.0.conv1
Total layer relevance: 1.2664556803573072e+26
--------------------------------------------------
Layer: encoder.4.0.conv2
Total layer relevance: 9.125724197100594e+25
--------------------------------------------------
Layer: encoder.4.0.conv3
Total layer relevance: 2.358962253448348e+25
--------------------------------------------------
Layer: encoder.4.0.downsample.0
Total layer relevance: 2.361660089769128e+25
--------------------------------------------------
Layer: encoder.4.1.conv1
Total layer relevance: 1.3385154937691315e+24
--------------------------------------------------
Layer: encoder.4.1.conv2
Total layer relevance: 8.949845012766503e+23
--------------------------------------------------
Layer: encoder.4.1.conv3
Total layer relevance: 1.2503826431348762e+23
--------------------------------------------------
Layer: encoder.4.2.conv1
Total layer relevance: 7.288540631493444e+21
--------------------------------------------------
Layer: encoder.4.2.conv2
Total layer relevance: 4.4433369607566514e+21
--------------------------------------------------
Layer: encoder.4.2.conv3
Total layer relevance: 9.396363742791378e+20
--------------------------------------------------
Layer: encoder.5.0.conv1
Total layer relevance: 9.642315873753707e+19
--------------------------------------------------
Layer: encoder.5.0.conv2
Total layer relevance: 7.25213064698727e+19
--------------------------------------------------
Layer: encoder.5.0.conv3
Total layer relevance: 1.0562874067625443e+19
--------------------------------------------------
Layer: encoder.5.0.downsample.0
Total layer relevance: 1.0569115995136328e+19
--------------------------------------------------
Layer: encoder.5.1.conv1
Total layer relevance: 4.871463232675512e+17
--------------------------------------------------
Layer: encoder.5.1.conv2
Total layer relevance: 4.097994598247301e+17
--------------------------------------------------
Layer: encoder.5.1.conv3
Total layer relevance: 7.081962984439808e+16
--------------------------------------------------
Layer: encoder.5.2.conv1
Total layer relevance: 1.0983044198432768e+16
--------------------------------------------------
Layer: encoder.5.2.conv2
Total layer relevance: 9418353252761600.0
--------------------------------------------------
Layer: encoder.5.2.conv3
Total layer relevance: 1358900137820160.0
--------------------------------------------------
Layer: encoder.5.3.conv1
Total layer relevance: 183484928753664.0
--------------------------------------------------
Layer: encoder.5.3.conv2
Total layer relevance: 179048328200192.0
--------------------------------------------------
Layer: encoder.5.3.conv3
Total layer relevance: 34875511930880.0
--------------------------------------------------
Layer: encoder.6.0.conv1
Total layer relevance: 9901511278592.0
--------------------------------------------------
Layer: encoder.6.0.conv2
Total layer relevance: 10086540902400.0
--------------------------------------------------
Layer: encoder.6.0.conv3
Total layer relevance: 1934068285440.0
--------------------------------------------------
Layer: encoder.6.0.downsample.0
Total layer relevance: 2012107767808.0
--------------------------------------------------
Layer: encoder.6.1.conv1
Total layer relevance: 285729325056.0
--------------------------------------------------
Layer: encoder.6.1.conv2
Total layer relevance: 370164760576.0
--------------------------------------------------
Layer: encoder.6.1.conv3
Total layer relevance: 71645675520.0
--------------------------------------------------
Layer: encoder.6.2.conv1
Total layer relevance: 24153102336.0
--------------------------------------------------
Layer: encoder.6.2.conv2
Total layer relevance: 37844750336.0
--------------------------------------------------
Layer: encoder.6.2.conv3
Total layer relevance: 3807190272.0
--------------------------------------------------
Layer: encoder.6.3.conv1
Total layer relevance: 583822080.0
--------------------------------------------------
Layer: encoder.6.3.conv2
Total layer relevance: 936296704.0
--------------------------------------------------
Layer: encoder.6.3.conv3
Total layer relevance: 114085512.0
--------------------------------------------------
Layer: encoder.6.4.conv1
Total layer relevance: 28557928.0
--------------------------------------------------
Layer: encoder.6.4.conv2
Total layer relevance: 45276020.0
--------------------------------------------------
Layer: encoder.6.4.conv3
Total layer relevance: 7486538.5
--------------------------------------------------
Layer: encoder.6.5.conv1
Total layer relevance: 1939346.625
--------------------------------------------------
Layer: encoder.6.5.conv2
Total layer relevance: 3499806.5
--------------------------------------------------
Layer: encoder.6.5.conv3
Total layer relevance: 789116.4375
--------------------------------------------------
Layer: encoder.7.0.conv1
Total layer relevance: 265104.0
--------------------------------------------------
Layer: encoder.7.0.conv2
Total layer relevance: 799002.75
--------------------------------------------------
Layer: encoder.7.0.conv3
Total layer relevance: 231161.078125
--------------------------------------------------
Layer: encoder.7.0.downsample.0
Total layer relevance: 256553.859375
--------------------------------------------------
Layer: encoder.7.1.conv1
Total layer relevance: 39634.8671875
--------------------------------------------------
Layer: encoder.7.1.conv2
Total layer relevance: 134659.5
--------------------------------------------------
Layer: encoder.7.1.conv3
Total layer relevance: 41034.8984375
--------------------------------------------------
Layer: encoder.7.2.conv1
Total layer relevance: 17479.42578125
--------------------------------------------------
Layer: encoder.7.2.conv2
Total layer relevance: 38859.0859375
--------------------------------------------------
Layer: encoder.7.2.conv3
Total layer relevance: 9961.9296875
--------------------------------------------------
--------------------------------------------------
Global Pruning Mask
Pruning-rate: 0.5
Layer: conv1	   % of pruned neurons: 0.00%
Layer: encoder.4.0.conv1	   % of pruned neurons: 0.00%
Layer: encoder.4.0.conv2	   % of pruned neurons: 0.00%
Layer: encoder.4.0.conv3	   % of pruned neurons: 0.00%
Layer: encoder.4.0.downsample.0	   % of pruned neurons: 0.00%
Layer: encoder.4.1.conv1	   % of pruned neurons: 0.00%
Layer: encoder.4.1.conv2	   % of pruned neurons: 0.00%
Layer: encoder.4.1.conv3	   % of pruned neurons: 0.00%
Layer: encoder.4.2.conv1	   % of pruned neurons: 0.00%
Layer: encoder.4.2.conv2	   % of pruned neurons: 0.00%
Layer: encoder.4.2.conv3	   % of pruned neurons: 0.00%
Layer: encoder.5.0.conv1	   % of pruned neurons: 0.00%
Layer: encoder.5.0.conv2	   % of pruned neurons: 0.00%
Layer: encoder.5.0.conv3	   % of pruned neurons: 0.00%
Layer: encoder.5.0.downsample.0	   % of pruned neurons: 0.00%
Layer: encoder.5.1.conv1	   % of pruned neurons: 0.00%
Layer: encoder.5.1.conv2	   % of pruned neurons: 0.00%
Layer: encoder.5.1.conv3	   % of pruned neurons: 0.00%
Layer: encoder.5.2.conv1	   % of pruned neurons: 0.00%
Layer: encoder.5.2.conv2	   % of pruned neurons: 0.00%
Layer: encoder.5.2.conv3	   % of pruned neurons: 0.00%
Layer: encoder.5.3.conv1	   % of pruned neurons: 0.00%
Layer: encoder.5.3.conv2	   % of pruned neurons: 0.00%
Layer: encoder.5.3.conv3	   % of pruned neurons: 0.00%
Layer: encoder.6.0.conv1	   % of pruned neurons: 0.00%
Layer: encoder.6.0.conv2	   % of pruned neurons: 0.00%
Layer: encoder.6.0.conv3	   % of pruned neurons: 0.00%
Layer: encoder.6.0.downsample.0	   % of pruned neurons: 0.00%
Layer: encoder.6.1.conv1	   % of pruned neurons: 0.00%
Layer: encoder.6.1.conv2	   % of pruned neurons: 0.00%
Layer: encoder.6.1.conv3	   % of pruned neurons: 0.00%
Layer: encoder.6.2.conv1	   % of pruned neurons: 0.00%
Layer: encoder.6.2.conv2	   % of pruned neurons: 0.00%
Layer: encoder.6.2.conv3	   % of pruned neurons: 0.00%
Layer: encoder.6.3.conv1	   % of pruned neurons: 0.00%
Layer: encoder.6.3.conv2	   % of pruned neurons: 0.00%
Layer: encoder.6.3.conv3	   % of pruned neurons: 21.09%
Layer: encoder.6.4.conv1	   % of pruned neurons: 0.00%
Layer: encoder.6.4.conv2	   % of pruned neurons: 0.00%
Layer: encoder.6.4.conv3	   % of pruned neurons: 79.88%
Layer: encoder.6.5.conv1	   % of pruned neurons: 2.34%
Layer: encoder.6.5.conv2	   % of pruned neurons: 0.00%
Layer: encoder.6.5.conv3	   % of pruned neurons: 96.19%
Layer: encoder.7.0.conv1	   % of pruned neurons: 100.00%
Layer: encoder.7.0.conv2	   % of pruned neurons: 100.00%
Layer: encoder.7.0.conv3	   % of pruned neurons: 99.80%
Layer: encoder.7.0.downsample.0	   % of pruned neurons: 99.76%
Layer: encoder.7.1.conv1	   % of pruned neurons: 100.00%
Layer: encoder.7.1.conv2	   % of pruned neurons: 100.00%
Layer: encoder.7.1.conv3	   % of pruned neurons: 100.00%
Layer: encoder.7.2.conv1	   % of pruned neurons: 100.00%
Layer: encoder.7.2.conv2	   % of pruned neurons: 100.00%
Layer: encoder.7.2.conv3	   % of pruned neurons: 100.00%
[INFO] Pruner and pruning mask received and stored.
[INFO] Pruner and pruning mask received and stored.
[INFO] Pruner and pruning mask received and stored.
Epoch 1/3
----------
--------------------------------------------------
Applying pruning mask...
--------------------------------------------------
--------------------------------------------------
Applying pruning mask...
--------------------------------------------------
--------------------------------------------------
Applying pruning mask...
--------------------------------------------------
--------------------------------------------------
Applying pruning mask...
--------------------------------------------------
Epoch 2/3
----------
--------------------------------------------------
Applying pruning mask...
--------------------------------------------------
--------------------------------------------------
Applying pruning mask...
--------------------------------------------------
--------------------------------------------------
Applying pruning mask...
--------------------------------------------------
--------------------------------------------------
Applying pruning mask...
--------------------------------------------------
Epoch 3/3
----------
--------------------------------------------------
Applying pruning mask...
--------------------------------------------------
--------------------------------------------------
Applying pruning mask...
--------------------------------------------------
--------------------------------------------------
Applying pruning mask...
--------------------------------------------------
--------------------------------------------------
Applying pruning mask...
--------------------------------------------------
Epoch 1/3
----------
--------------------------------------------------
Applying pruning mask...
--------------------------------------------------
--------------------------------------------------
Applying pruning mask...
--------------------------------------------------
--------------------------------------------------
Applying pruning mask...
--------------------------------------------------
--------------------------------------------------
Applying pruning mask...
--------------------------------------------------
Epoch 2/3
----------
--------------------------------------------------
Applying pruning mask...
--------------------------------------------------
--------------------------------------------------
Applying pruning mask...
--------------------------------------------------
--------------------------------------------------
Applying pruning mask...
--------------------------------------------------
--------------------------------------------------
Applying pruning mask...
--------------------------------------------------
Epoch 3/3
----------
--------------------------------------------------
Applying pruning mask...
--------------------------------------------------
--------------------------------------------------
Applying pruning mask...
--------------------------------------------------
--------------------------------------------------
Applying pruning mask...
--------------------------------------------------
--------------------------------------------------
Applying pruning mask...
--------------------------------------------------
Epoch 1/3
----------
--------------------------------------------------
Applying pruning mask...
--------------------------------------------------
--------------------------------------------------
Applying pruning mask...
--------------------------------------------------
--------------------------------------------------
Applying pruning mask...
--------------------------------------------------
--------------------------------------------------
Applying pruning mask...
--------------------------------------------------
Epoch 2/3
----------
--------------------------------------------------
Applying pruning mask...
--------------------------------------------------
--------------------------------------------------
Applying pruning mask...
--------------------------------------------------
--------------------------------------------------
Applying pruning mask...
--------------------------------------------------
--------------------------------------------------
Applying pruning mask...
--------------------------------------------------
Epoch 3/3
----------
--------------------------------------------------
Applying pruning mask...
--------------------------------------------------
--------------------------------------------------
Applying pruning mask...
--------------------------------------------------
--------------------------------------------------
Applying pruning mask...
--------------------------------------------------
--------------------------------------------------
Applying pruning mask...
--------------------------------------------------
micro     precision: 0.0000 | recall: 0.0000 | f1-score: 0.0000 | support: 1282 | mAP: 0.2095
macro     precision: 0.0000 | recall: 0.0000 | f1-score: 0.0000 | support: 1282 | mAP: 0.1391

==================================================
ROUND 9/20
==================================================
Epoch 1/3
----------
--------------------------------------------------
Applying pruning mask...
--------------------------------------------------
--------------------------------------------------
Applying pruning mask...
--------------------------------------------------
--------------------------------------------------
Applying pruning mask...
--------------------------------------------------
--------------------------------------------------
Applying pruning mask...
--------------------------------------------------
Epoch 2/3
----------
--------------------------------------------------
Applying pruning mask...
--------------------------------------------------
--------------------------------------------------
Applying pruning mask...
--------------------------------------------------
--------------------------------------------------
Applying pruning mask...
--------------------------------------------------
--------------------------------------------------
Applying pruning mask...
--------------------------------------------------
Epoch 3/3
----------
--------------------------------------------------
Applying pruning mask...
--------------------------------------------------
--------------------------------------------------
Applying pruning mask...
--------------------------------------------------
--------------------------------------------------
Applying pruning mask...
--------------------------------------------------
--------------------------------------------------
Applying pruning mask...
--------------------------------------------------
Epoch 1/3
----------
--------------------------------------------------
Applying pruning mask...
--------------------------------------------------
--------------------------------------------------
Applying pruning mask...
--------------------------------------------------
--------------------------------------------------
Applying pruning mask...
--------------------------------------------------
--------------------------------------------------
Applying pruning mask...
--------------------------------------------------
Epoch 2/3
----------
--------------------------------------------------
Applying pruning mask...
--------------------------------------------------
--------------------------------------------------
Applying pruning mask...
--------------------------------------------------
--------------------------------------------------
Applying pruning mask...
--------------------------------------------------
--------------------------------------------------
Applying pruning mask...
--------------------------------------------------
Epoch 3/3
----------
--------------------------------------------------
Applying pruning mask...
--------------------------------------------------
--------------------------------------------------
Applying pruning mask...
--------------------------------------------------
--------------------------------------------------
Applying pruning mask...
--------------------------------------------------
--------------------------------------------------
Applying pruning mask...
--------------------------------------------------
Epoch 1/3
----------
--------------------------------------------------
Applying pruning mask...
--------------------------------------------------
--------------------------------------------------
Applying pruning mask...
--------------------------------------------------
--------------------------------------------------
Applying pruning mask...
--------------------------------------------------
--------------------------------------------------
Applying pruning mask...
--------------------------------------------------
Epoch 2/3
----------
--------------------------------------------------
Applying pruning mask...
--------------------------------------------------
--------------------------------------------------
Applying pruning mask...
--------------------------------------------------
--------------------------------------------------
Applying pruning mask...
--------------------------------------------------
--------------------------------------------------
Applying pruning mask...
--------------------------------------------------
Epoch 3/3
----------
--------------------------------------------------
Applying pruning mask...
--------------------------------------------------
--------------------------------------------------
Applying pruning mask...
--------------------------------------------------
--------------------------------------------------
Applying pruning mask...
--------------------------------------------------
--------------------------------------------------
Applying pruning mask...
--------------------------------------------------
micro     precision: 0.0000 | recall: 0.0000 | f1-score: 0.0000 | support: 1282 | mAP: 0.2066
macro     precision: 0.0000 | recall: 0.0000 | f1-score: 0.0000 | support: 1282 | mAP: 0.1032

==================================================
ROUND 10/20
==================================================
Epoch 1/3
----------
--------------------------------------------------
Applying pruning mask...
--------------------------------------------------
--------------------------------------------------
Applying pruning mask...
--------------------------------------------------
--------------------------------------------------
Applying pruning mask...
--------------------------------------------------
--------------------------------------------------
Applying pruning mask...
--------------------------------------------------
Epoch 2/3
----------
--------------------------------------------------
Applying pruning mask...
--------------------------------------------------
--------------------------------------------------
Applying pruning mask...
--------------------------------------------------
--------------------------------------------------
Applying pruning mask...
--------------------------------------------------
--------------------------------------------------
Applying pruning mask...
--------------------------------------------------
Epoch 3/3
----------
--------------------------------------------------
Applying pruning mask...
--------------------------------------------------
--------------------------------------------------
Applying pruning mask...
--------------------------------------------------
--------------------------------------------------
Applying pruning mask...
--------------------------------------------------
--------------------------------------------------
Applying pruning mask...
--------------------------------------------------
Epoch 1/3
----------
--------------------------------------------------
Applying pruning mask...
--------------------------------------------------
--------------------------------------------------
Applying pruning mask...
--------------------------------------------------
--------------------------------------------------
Applying pruning mask...
--------------------------------------------------
--------------------------------------------------
Applying pruning mask...
--------------------------------------------------
Epoch 2/3
----------
--------------------------------------------------
Applying pruning mask...
--------------------------------------------------
--------------------------------------------------
Applying pruning mask...
--------------------------------------------------
--------------------------------------------------
Applying pruning mask...
--------------------------------------------------
--------------------------------------------------
Applying pruning mask...
--------------------------------------------------
Epoch 3/3
----------
--------------------------------------------------
Applying pruning mask...
--------------------------------------------------
--------------------------------------------------
Applying pruning mask...
--------------------------------------------------
--------------------------------------------------
Applying pruning mask...
--------------------------------------------------
--------------------------------------------------
Applying pruning mask...
--------------------------------------------------
Epoch 1/3
----------
--------------------------------------------------
Applying pruning mask...
--------------------------------------------------
--------------------------------------------------
Applying pruning mask...
--------------------------------------------------
--------------------------------------------------
Applying pruning mask...
--------------------------------------------------
--------------------------------------------------
Applying pruning mask...
--------------------------------------------------
Epoch 2/3
----------
--------------------------------------------------
Applying pruning mask...
--------------------------------------------------
--------------------------------------------------
Applying pruning mask...
--------------------------------------------------
--------------------------------------------------
Applying pruning mask...
--------------------------------------------------
--------------------------------------------------
Applying pruning mask...
--------------------------------------------------
Epoch 3/3
----------
--------------------------------------------------
Applying pruning mask...
--------------------------------------------------
--------------------------------------------------
Applying pruning mask...
--------------------------------------------------
--------------------------------------------------
Applying pruning mask...
--------------------------------------------------
--------------------------------------------------
Applying pruning mask...
--------------------------------------------------
micro     precision: 0.0000 | recall: 0.0000 | f1-score: 0.0000 | support: 1282 | mAP: 0.2014
macro     precision: 0.0000 | recall: 0.0000 | f1-score: 0.0000 | support: 1282 | mAP: 0.0657

==================================================
ROUND 11/20
==================================================
Epoch 1/3
----------
--------------------------------------------------
Applying pruning mask...
--------------------------------------------------
--------------------------------------------------
Applying pruning mask...
--------------------------------------------------
--------------------------------------------------
Applying pruning mask...
--------------------------------------------------
--------------------------------------------------
Applying pruning mask...
--------------------------------------------------
Epoch 2/3
----------
--------------------------------------------------
Applying pruning mask...
--------------------------------------------------
--------------------------------------------------
Applying pruning mask...
--------------------------------------------------
--------------------------------------------------
Applying pruning mask...
--------------------------------------------------
--------------------------------------------------
Applying pruning mask...
--------------------------------------------------
Epoch 3/3
----------
--------------------------------------------------
Applying pruning mask...
--------------------------------------------------
--------------------------------------------------
Applying pruning mask...
--------------------------------------------------
--------------------------------------------------
Applying pruning mask...
--------------------------------------------------
--------------------------------------------------
Applying pruning mask...
--------------------------------------------------
Epoch 1/3
----------
--------------------------------------------------
Applying pruning mask...
--------------------------------------------------
--------------------------------------------------
Applying pruning mask...
--------------------------------------------------
--------------------------------------------------
Applying pruning mask...
--------------------------------------------------
--------------------------------------------------
Applying pruning mask...
--------------------------------------------------
Epoch 2/3
----------
--------------------------------------------------
Applying pruning mask...
--------------------------------------------------
--------------------------------------------------
Applying pruning mask...
--------------------------------------------------
--------------------------------------------------
Applying pruning mask...
--------------------------------------------------
--------------------------------------------------
Applying pruning mask...
--------------------------------------------------
Epoch 3/3
----------
--------------------------------------------------
Applying pruning mask...
--------------------------------------------------
--------------------------------------------------
Applying pruning mask...
--------------------------------------------------
--------------------------------------------------
Applying pruning mask...
--------------------------------------------------
--------------------------------------------------
Applying pruning mask...
--------------------------------------------------
Epoch 1/3
----------
--------------------------------------------------
Applying pruning mask...
--------------------------------------------------
--------------------------------------------------
Applying pruning mask...
--------------------------------------------------
--------------------------------------------------
Applying pruning mask...
--------------------------------------------------
--------------------------------------------------
Applying pruning mask...
--------------------------------------------------
Epoch 2/3
----------
--------------------------------------------------
Applying pruning mask...
--------------------------------------------------
--------------------------------------------------
Applying pruning mask...
--------------------------------------------------
--------------------------------------------------
Applying pruning mask...
--------------------------------------------------
--------------------------------------------------
Applying pruning mask...
--------------------------------------------------
Epoch 3/3
----------
--------------------------------------------------
Applying pruning mask...
--------------------------------------------------
--------------------------------------------------
Applying pruning mask...
--------------------------------------------------
--------------------------------------------------
Applying pruning mask...
--------------------------------------------------
--------------------------------------------------
Applying pruning mask...
--------------------------------------------------
micro     precision: 0.0000 | recall: 0.0000 | f1-score: 0.0000 | support: 1282 | mAP: 0.1387
macro     precision: 0.0000 | recall: 0.0000 | f1-score: 0.0000 | support: 1282 | mAP: 0.0608

==================================================
ROUND 12/20
==================================================
Epoch 1/3
----------
--------------------------------------------------
Applying pruning mask...
--------------------------------------------------
--------------------------------------------------
Applying pruning mask...
--------------------------------------------------
--------------------------------------------------
Applying pruning mask...
--------------------------------------------------
--------------------------------------------------
Applying pruning mask...
--------------------------------------------------
Epoch 2/3
----------
--------------------------------------------------
Applying pruning mask...
--------------------------------------------------
--------------------------------------------------
Applying pruning mask...
--------------------------------------------------
--------------------------------------------------
Applying pruning mask...
--------------------------------------------------
--------------------------------------------------
Applying pruning mask...
--------------------------------------------------
Epoch 3/3
----------
--------------------------------------------------
Applying pruning mask...
--------------------------------------------------
--------------------------------------------------
Applying pruning mask...
--------------------------------------------------
--------------------------------------------------
Applying pruning mask...
--------------------------------------------------
--------------------------------------------------
Applying pruning mask...
--------------------------------------------------
Epoch 1/3
----------
--------------------------------------------------
Applying pruning mask...
--------------------------------------------------
--------------------------------------------------
Applying pruning mask...
--------------------------------------------------
--------------------------------------------------
Applying pruning mask...
--------------------------------------------------
--------------------------------------------------
Applying pruning mask...
--------------------------------------------------
Epoch 2/3
----------
--------------------------------------------------
Applying pruning mask...
--------------------------------------------------
--------------------------------------------------
Applying pruning mask...
--------------------------------------------------
--------------------------------------------------
Applying pruning mask...
--------------------------------------------------
--------------------------------------------------
Applying pruning mask...
--------------------------------------------------
Epoch 3/3
----------
--------------------------------------------------
Applying pruning mask...
--------------------------------------------------
--------------------------------------------------
Applying pruning mask...
--------------------------------------------------
--------------------------------------------------
Applying pruning mask...
--------------------------------------------------
--------------------------------------------------
Applying pruning mask...
--------------------------------------------------
Epoch 1/3
----------
--------------------------------------------------
Applying pruning mask...
--------------------------------------------------
--------------------------------------------------
Applying pruning mask...
--------------------------------------------------
--------------------------------------------------
Applying pruning mask...
--------------------------------------------------
--------------------------------------------------
Applying pruning mask...
--------------------------------------------------
Epoch 2/3
----------
--------------------------------------------------
Applying pruning mask...
--------------------------------------------------
--------------------------------------------------
Applying pruning mask...
--------------------------------------------------
--------------------------------------------------
Applying pruning mask...
--------------------------------------------------
--------------------------------------------------
Applying pruning mask...
--------------------------------------------------
Epoch 3/3
----------
--------------------------------------------------
Applying pruning mask...
--------------------------------------------------
--------------------------------------------------
Applying pruning mask...
--------------------------------------------------
--------------------------------------------------
Applying pruning mask...
--------------------------------------------------
--------------------------------------------------
Applying pruning mask...
--------------------------------------------------
micro     precision: 0.0000 | recall: 0.0000 | f1-score: 0.0000 | support: 1282 | mAP: 0.0892
macro     precision: 0.0000 | recall: 0.0000 | f1-score: 0.0000 | support: 1282 | mAP: 0.0702

==================================================
ROUND 13/20
==================================================
Epoch 1/3
----------
--------------------------------------------------
Applying pruning mask...
--------------------------------------------------
--------------------------------------------------
Applying pruning mask...
--------------------------------------------------
--------------------------------------------------
Applying pruning mask...
--------------------------------------------------
--------------------------------------------------
Applying pruning mask...
--------------------------------------------------
Epoch 2/3
----------
--------------------------------------------------
Applying pruning mask...
--------------------------------------------------
--------------------------------------------------
Applying pruning mask...
--------------------------------------------------
--------------------------------------------------
Applying pruning mask...
--------------------------------------------------
--------------------------------------------------
Applying pruning mask...
--------------------------------------------------
Epoch 3/3
----------
--------------------------------------------------
Applying pruning mask...
--------------------------------------------------
--------------------------------------------------
Applying pruning mask...
--------------------------------------------------
--------------------------------------------------
Applying pruning mask...
--------------------------------------------------
--------------------------------------------------
Applying pruning mask...
--------------------------------------------------
Epoch 1/3
----------
--------------------------------------------------
Applying pruning mask...
--------------------------------------------------
--------------------------------------------------
Applying pruning mask...
--------------------------------------------------
--------------------------------------------------
Applying pruning mask...
--------------------------------------------------
--------------------------------------------------
Applying pruning mask...
--------------------------------------------------
Epoch 2/3
----------
--------------------------------------------------
Applying pruning mask...
--------------------------------------------------
--------------------------------------------------
Applying pruning mask...
--------------------------------------------------
--------------------------------------------------
Applying pruning mask...
--------------------------------------------------
--------------------------------------------------
Applying pruning mask...
--------------------------------------------------
Epoch 3/3
----------
--------------------------------------------------
Applying pruning mask...
--------------------------------------------------
--------------------------------------------------
Applying pruning mask...
--------------------------------------------------
--------------------------------------------------
Applying pruning mask...
--------------------------------------------------
--------------------------------------------------
Applying pruning mask...
--------------------------------------------------
Epoch 1/3
----------
--------------------------------------------------
Applying pruning mask...
--------------------------------------------------
--------------------------------------------------
Applying pruning mask...
--------------------------------------------------
--------------------------------------------------
Applying pruning mask...
--------------------------------------------------
--------------------------------------------------
Applying pruning mask...
--------------------------------------------------
Epoch 2/3
----------
--------------------------------------------------
Applying pruning mask...
--------------------------------------------------
--------------------------------------------------
Applying pruning mask...
--------------------------------------------------
--------------------------------------------------
Applying pruning mask...
--------------------------------------------------
--------------------------------------------------
Applying pruning mask...
--------------------------------------------------
Epoch 3/3
----------
--------------------------------------------------
Applying pruning mask...
--------------------------------------------------
--------------------------------------------------
Applying pruning mask...
--------------------------------------------------
--------------------------------------------------
Applying pruning mask...
--------------------------------------------------
--------------------------------------------------
Applying pruning mask...
--------------------------------------------------
micro     precision: 0.0000 | recall: 0.0000 | f1-score: 0.0000 | support: 1282 | mAP: 0.0720
macro     precision: 0.0000 | recall: 0.0000 | f1-score: 0.0000 | support: 1282 | mAP: 0.0608

==================================================
ROUND 14/20
==================================================
Epoch 1/3
----------
--------------------------------------------------
Applying pruning mask...
--------------------------------------------------
--------------------------------------------------
Applying pruning mask...
--------------------------------------------------
--------------------------------------------------
Applying pruning mask...
--------------------------------------------------
--------------------------------------------------
Applying pruning mask...
--------------------------------------------------
Epoch 2/3
----------
--------------------------------------------------
Applying pruning mask...
--------------------------------------------------
--------------------------------------------------
Applying pruning mask...
--------------------------------------------------
--------------------------------------------------
Applying pruning mask...
--------------------------------------------------
--------------------------------------------------
Applying pruning mask...
--------------------------------------------------
Epoch 3/3
----------
--------------------------------------------------
Applying pruning mask...
--------------------------------------------------
--------------------------------------------------
Applying pruning mask...
--------------------------------------------------
--------------------------------------------------
Applying pruning mask...
--------------------------------------------------
--------------------------------------------------
Applying pruning mask...
--------------------------------------------------
Epoch 1/3
----------
--------------------------------------------------
Applying pruning mask...
--------------------------------------------------
--------------------------------------------------
Applying pruning mask...
--------------------------------------------------
--------------------------------------------------
Applying pruning mask...
--------------------------------------------------
--------------------------------------------------
Applying pruning mask...
--------------------------------------------------
Epoch 2/3
----------
--------------------------------------------------
Applying pruning mask...
--------------------------------------------------
--------------------------------------------------
Applying pruning mask...
--------------------------------------------------
--------------------------------------------------
Applying pruning mask...
--------------------------------------------------
--------------------------------------------------
Applying pruning mask...
--------------------------------------------------
Epoch 3/3
----------
--------------------------------------------------
Applying pruning mask...
--------------------------------------------------
--------------------------------------------------
Applying pruning mask...
--------------------------------------------------
--------------------------------------------------
Applying pruning mask...
--------------------------------------------------
--------------------------------------------------
Applying pruning mask...
--------------------------------------------------
Epoch 1/3
----------
--------------------------------------------------
Applying pruning mask...
--------------------------------------------------
--------------------------------------------------
Applying pruning mask...
--------------------------------------------------
--------------------------------------------------
Applying pruning mask...
--------------------------------------------------
--------------------------------------------------
Applying pruning mask...
--------------------------------------------------
Epoch 2/3
----------
--------------------------------------------------
Applying pruning mask...
--------------------------------------------------
--------------------------------------------------
Applying pruning mask...
--------------------------------------------------
--------------------------------------------------
Applying pruning mask...
--------------------------------------------------
--------------------------------------------------
Applying pruning mask...
--------------------------------------------------
Epoch 3/3
----------
--------------------------------------------------
Applying pruning mask...
--------------------------------------------------
--------------------------------------------------
Applying pruning mask...
--------------------------------------------------
--------------------------------------------------
Applying pruning mask...
--------------------------------------------------
--------------------------------------------------
Applying pruning mask...
--------------------------------------------------
micro     precision: 0.0000 | recall: 0.0000 | f1-score: 0.0000 | support: 1282 | mAP: 0.0718
macro     precision: 0.0000 | recall: 0.0000 | f1-score: 0.0000 | support: 1282 | mAP: 0.0609

==================================================
ROUND 15/20
==================================================
Epoch 1/3
----------
--------------------------------------------------
Applying pruning mask...
--------------------------------------------------
--------------------------------------------------
Applying pruning mask...
--------------------------------------------------
--------------------------------------------------
Applying pruning mask...
--------------------------------------------------
--------------------------------------------------
Applying pruning mask...
--------------------------------------------------
Epoch 2/3
----------
--------------------------------------------------
Applying pruning mask...
--------------------------------------------------
--------------------------------------------------
Applying pruning mask...
--------------------------------------------------
--------------------------------------------------
Applying pruning mask...
--------------------------------------------------
--------------------------------------------------
Applying pruning mask...
--------------------------------------------------
Epoch 3/3
----------
--------------------------------------------------
Applying pruning mask...
--------------------------------------------------
--------------------------------------------------
Applying pruning mask...
--------------------------------------------------
--------------------------------------------------
Applying pruning mask...
--------------------------------------------------
--------------------------------------------------
Applying pruning mask...
--------------------------------------------------
Epoch 1/3
----------
--------------------------------------------------
Applying pruning mask...
--------------------------------------------------
--------------------------------------------------
Applying pruning mask...
--------------------------------------------------
--------------------------------------------------
Applying pruning mask...
--------------------------------------------------
--------------------------------------------------
Applying pruning mask...
--------------------------------------------------
Epoch 2/3
----------
--------------------------------------------------
Applying pruning mask...
--------------------------------------------------
--------------------------------------------------
Applying pruning mask...
--------------------------------------------------
--------------------------------------------------
Applying pruning mask...
--------------------------------------------------
--------------------------------------------------
Applying pruning mask...
--------------------------------------------------
Epoch 3/3
----------
--------------------------------------------------
Applying pruning mask...
--------------------------------------------------
--------------------------------------------------
Applying pruning mask...
--------------------------------------------------
--------------------------------------------------
Applying pruning mask...
--------------------------------------------------
--------------------------------------------------
Applying pruning mask...
--------------------------------------------------
Epoch 1/3
----------
--------------------------------------------------
Applying pruning mask...
--------------------------------------------------
--------------------------------------------------
Applying pruning mask...
--------------------------------------------------
--------------------------------------------------
Applying pruning mask...
--------------------------------------------------
--------------------------------------------------
Applying pruning mask...
--------------------------------------------------
Epoch 2/3
----------
--------------------------------------------------
Applying pruning mask...
--------------------------------------------------
--------------------------------------------------
Applying pruning mask...
--------------------------------------------------
--------------------------------------------------
Applying pruning mask...
--------------------------------------------------
--------------------------------------------------
Applying pruning mask...
--------------------------------------------------
Epoch 3/3
----------
--------------------------------------------------
Applying pruning mask...
--------------------------------------------------
--------------------------------------------------
Applying pruning mask...
--------------------------------------------------
--------------------------------------------------
Applying pruning mask...
--------------------------------------------------
--------------------------------------------------
Applying pruning mask...
--------------------------------------------------
micro     precision: 0.0000 | recall: 0.0000 | f1-score: 0.0000 | support: 1282 | mAP: 0.0718
macro     precision: 0.0000 | recall: 0.0000 | f1-score: 0.0000 | support: 1282 | mAP: 0.0608

==================================================
ROUND 16/20
==================================================
Epoch 1/3
----------
--------------------------------------------------
Applying pruning mask...
--------------------------------------------------
--------------------------------------------------
Applying pruning mask...
--------------------------------------------------
--------------------------------------------------
Applying pruning mask...
--------------------------------------------------
--------------------------------------------------
Applying pruning mask...
--------------------------------------------------
Epoch 2/3
----------
--------------------------------------------------
Applying pruning mask...
--------------------------------------------------
--------------------------------------------------
Applying pruning mask...
--------------------------------------------------
--------------------------------------------------
Applying pruning mask...
--------------------------------------------------
--------------------------------------------------
Applying pruning mask...
--------------------------------------------------
Epoch 3/3
----------
--------------------------------------------------
Applying pruning mask...
--------------------------------------------------
--------------------------------------------------
Applying pruning mask...
--------------------------------------------------
--------------------------------------------------
Applying pruning mask...
--------------------------------------------------
--------------------------------------------------
Applying pruning mask...
--------------------------------------------------
Epoch 1/3
----------
--------------------------------------------------
Applying pruning mask...
--------------------------------------------------
--------------------------------------------------
Applying pruning mask...
--------------------------------------------------
--------------------------------------------------
Applying pruning mask...
--------------------------------------------------
--------------------------------------------------
Applying pruning mask...
--------------------------------------------------
Epoch 2/3
----------
--------------------------------------------------
Applying pruning mask...
--------------------------------------------------
--------------------------------------------------
Applying pruning mask...
--------------------------------------------------
--------------------------------------------------
Applying pruning mask...
--------------------------------------------------
--------------------------------------------------
Applying pruning mask...
--------------------------------------------------
Epoch 3/3
----------
--------------------------------------------------
Applying pruning mask...
--------------------------------------------------
--------------------------------------------------
Applying pruning mask...
--------------------------------------------------
--------------------------------------------------
Applying pruning mask...
--------------------------------------------------
--------------------------------------------------
Applying pruning mask...
--------------------------------------------------
Epoch 1/3
----------
--------------------------------------------------
Applying pruning mask...
--------------------------------------------------
--------------------------------------------------
Applying pruning mask...
--------------------------------------------------
--------------------------------------------------
Applying pruning mask...
--------------------------------------------------
--------------------------------------------------
Applying pruning mask...
--------------------------------------------------
Epoch 2/3
----------
--------------------------------------------------
Applying pruning mask...
--------------------------------------------------
--------------------------------------------------
Applying pruning mask...
--------------------------------------------------
--------------------------------------------------
Applying pruning mask...
--------------------------------------------------
--------------------------------------------------
Applying pruning mask...
--------------------------------------------------
Epoch 3/3
----------
--------------------------------------------------
Applying pruning mask...
--------------------------------------------------
--------------------------------------------------
Applying pruning mask...
--------------------------------------------------
--------------------------------------------------
Applying pruning mask...
--------------------------------------------------
--------------------------------------------------
Applying pruning mask...
--------------------------------------------------
micro     precision: 0.0000 | recall: 0.0000 | f1-score: 0.0000 | support: 1282 | mAP: 0.0719
macro     precision: 0.0000 | recall: 0.0000 | f1-score: 0.0000 | support: 1282 | mAP: 0.0608

==================================================
ROUND 17/20
==================================================
Epoch 1/3
----------
--------------------------------------------------
Applying pruning mask...
--------------------------------------------------
--------------------------------------------------
Applying pruning mask...
--------------------------------------------------
--------------------------------------------------
Applying pruning mask...
--------------------------------------------------
--------------------------------------------------
Applying pruning mask...
--------------------------------------------------
Epoch 2/3
----------
--------------------------------------------------
Applying pruning mask...
--------------------------------------------------
--------------------------------------------------
Applying pruning mask...
--------------------------------------------------
--------------------------------------------------
Applying pruning mask...
--------------------------------------------------
--------------------------------------------------
Applying pruning mask...
--------------------------------------------------
Epoch 3/3
----------
--------------------------------------------------
Applying pruning mask...
--------------------------------------------------
--------------------------------------------------
Applying pruning mask...
--------------------------------------------------
--------------------------------------------------
Applying pruning mask...
--------------------------------------------------
--------------------------------------------------
Applying pruning mask...
--------------------------------------------------
Epoch 1/3
----------
--------------------------------------------------
Applying pruning mask...
--------------------------------------------------
--------------------------------------------------
Applying pruning mask...
--------------------------------------------------
--------------------------------------------------
Applying pruning mask...
--------------------------------------------------
--------------------------------------------------
Applying pruning mask...
--------------------------------------------------
Epoch 2/3
----------
--------------------------------------------------
Applying pruning mask...
--------------------------------------------------
--------------------------------------------------
Applying pruning mask...
--------------------------------------------------
--------------------------------------------------
Applying pruning mask...
--------------------------------------------------
--------------------------------------------------
Applying pruning mask...
--------------------------------------------------
Epoch 3/3
----------
--------------------------------------------------
Applying pruning mask...
--------------------------------------------------
--------------------------------------------------
Applying pruning mask...
--------------------------------------------------
--------------------------------------------------
Applying pruning mask...
--------------------------------------------------
--------------------------------------------------
Applying pruning mask...
--------------------------------------------------
Epoch 1/3
----------
--------------------------------------------------
Applying pruning mask...
--------------------------------------------------
--------------------------------------------------
Applying pruning mask...
--------------------------------------------------
--------------------------------------------------
Applying pruning mask...
--------------------------------------------------
--------------------------------------------------
Applying pruning mask...
--------------------------------------------------
Epoch 2/3
----------
--------------------------------------------------
Applying pruning mask...
--------------------------------------------------
--------------------------------------------------
Applying pruning mask...
--------------------------------------------------
--------------------------------------------------
Applying pruning mask...
--------------------------------------------------
--------------------------------------------------
Applying pruning mask...
--------------------------------------------------
Epoch 3/3
----------
--------------------------------------------------
Applying pruning mask...
--------------------------------------------------
--------------------------------------------------
Applying pruning mask...
--------------------------------------------------
--------------------------------------------------
Applying pruning mask...
--------------------------------------------------
--------------------------------------------------
Applying pruning mask...
--------------------------------------------------
micro     precision: 0.0000 | recall: 0.0000 | f1-score: 0.0000 | support: 1282 | mAP: 0.0737
macro     precision: 0.0000 | recall: 0.0000 | f1-score: 0.0000 | support: 1282 | mAP: 0.0608

==================================================
ROUND 18/20
==================================================
Epoch 1/3
----------
--------------------------------------------------
Applying pruning mask...
--------------------------------------------------
--------------------------------------------------
Applying pruning mask...
--------------------------------------------------
--------------------------------------------------
Applying pruning mask...
--------------------------------------------------
--------------------------------------------------
Applying pruning mask...
--------------------------------------------------
Epoch 2/3
----------
--------------------------------------------------
Applying pruning mask...
--------------------------------------------------
--------------------------------------------------
Applying pruning mask...
--------------------------------------------------
--------------------------------------------------
Applying pruning mask...
--------------------------------------------------
--------------------------------------------------
Applying pruning mask...
--------------------------------------------------
Epoch 3/3
----------
--------------------------------------------------
Applying pruning mask...
--------------------------------------------------
--------------------------------------------------
Applying pruning mask...
--------------------------------------------------
--------------------------------------------------
Applying pruning mask...
--------------------------------------------------
--------------------------------------------------
Applying pruning mask...
--------------------------------------------------
Epoch 1/3
----------
--------------------------------------------------
Applying pruning mask...
--------------------------------------------------
--------------------------------------------------
Applying pruning mask...
--------------------------------------------------
--------------------------------------------------
Applying pruning mask...
--------------------------------------------------
--------------------------------------------------
Applying pruning mask...
--------------------------------------------------
Epoch 2/3
----------
--------------------------------------------------
Applying pruning mask...
--------------------------------------------------
--------------------------------------------------
Applying pruning mask...
--------------------------------------------------
--------------------------------------------------
Applying pruning mask...
--------------------------------------------------
--------------------------------------------------
Applying pruning mask...
--------------------------------------------------
Epoch 3/3
----------
--------------------------------------------------
Applying pruning mask...
--------------------------------------------------
--------------------------------------------------
Applying pruning mask...
--------------------------------------------------
--------------------------------------------------
Applying pruning mask...
--------------------------------------------------
--------------------------------------------------
Applying pruning mask...
--------------------------------------------------
Epoch 1/3
----------
--------------------------------------------------
Applying pruning mask...
--------------------------------------------------
--------------------------------------------------
Applying pruning mask...
--------------------------------------------------
--------------------------------------------------
Applying pruning mask...
--------------------------------------------------
--------------------------------------------------
Applying pruning mask...
--------------------------------------------------
Epoch 2/3
----------
--------------------------------------------------
Applying pruning mask...
--------------------------------------------------
--------------------------------------------------
Applying pruning mask...
--------------------------------------------------
--------------------------------------------------
Applying pruning mask...
--------------------------------------------------
--------------------------------------------------
Applying pruning mask...
--------------------------------------------------
Epoch 3/3
----------
--------------------------------------------------
Applying pruning mask...
--------------------------------------------------
--------------------------------------------------
Applying pruning mask...
--------------------------------------------------
--------------------------------------------------
Applying pruning mask...
--------------------------------------------------
--------------------------------------------------
Applying pruning mask...
--------------------------------------------------
micro     precision: 0.0000 | recall: 0.0000 | f1-score: 0.0000 | support: 1282 | mAP: 0.0741
macro     precision: 0.0000 | recall: 0.0000 | f1-score: 0.0000 | support: 1282 | mAP: 0.0726

==================================================
ROUND 19/20
==================================================
Epoch 1/3
----------
--------------------------------------------------
Applying pruning mask...
--------------------------------------------------
--------------------------------------------------
Applying pruning mask...
--------------------------------------------------
--------------------------------------------------
Applying pruning mask...
--------------------------------------------------
--------------------------------------------------
Applying pruning mask...
--------------------------------------------------
Epoch 2/3
----------
--------------------------------------------------
Applying pruning mask...
--------------------------------------------------
--------------------------------------------------
Applying pruning mask...
--------------------------------------------------
--------------------------------------------------
Applying pruning mask...
--------------------------------------------------
--------------------------------------------------
Applying pruning mask...
--------------------------------------------------
Epoch 3/3
----------
--------------------------------------------------
Applying pruning mask...
--------------------------------------------------
--------------------------------------------------
Applying pruning mask...
--------------------------------------------------
--------------------------------------------------
Applying pruning mask...
--------------------------------------------------
--------------------------------------------------
Applying pruning mask...
--------------------------------------------------
Epoch 1/3
----------
--------------------------------------------------
Applying pruning mask...
--------------------------------------------------
--------------------------------------------------
Applying pruning mask...
--------------------------------------------------
--------------------------------------------------
Applying pruning mask...
--------------------------------------------------
--------------------------------------------------
Applying pruning mask...
--------------------------------------------------
Epoch 2/3
----------
--------------------------------------------------
Applying pruning mask...
--------------------------------------------------
--------------------------------------------------
Applying pruning mask...
--------------------------------------------------
--------------------------------------------------
Applying pruning mask...
--------------------------------------------------
--------------------------------------------------
Applying pruning mask...
--------------------------------------------------
Epoch 3/3
----------
--------------------------------------------------
Applying pruning mask...
--------------------------------------------------
--------------------------------------------------
Applying pruning mask...
--------------------------------------------------
--------------------------------------------------
Applying pruning mask...
--------------------------------------------------
--------------------------------------------------
Applying pruning mask...
--------------------------------------------------
Epoch 1/3
----------
--------------------------------------------------
Applying pruning mask...
--------------------------------------------------
--------------------------------------------------
Applying pruning mask...
--------------------------------------------------
--------------------------------------------------
Applying pruning mask...
--------------------------------------------------
--------------------------------------------------
Applying pruning mask...
--------------------------------------------------
Epoch 2/3
----------
--------------------------------------------------
Applying pruning mask...
--------------------------------------------------
--------------------------------------------------
Applying pruning mask...
--------------------------------------------------
--------------------------------------------------
Applying pruning mask...
--------------------------------------------------
--------------------------------------------------
Applying pruning mask...
--------------------------------------------------
Epoch 3/3
----------
--------------------------------------------------
Applying pruning mask...
--------------------------------------------------
--------------------------------------------------
Applying pruning mask...
--------------------------------------------------
--------------------------------------------------
Applying pruning mask...
--------------------------------------------------
--------------------------------------------------
Applying pruning mask...
--------------------------------------------------
micro     precision: 0.0000 | recall: 0.0000 | f1-score: 0.0000 | support: 1282 | mAP: 0.0728
macro     precision: 0.0000 | recall: 0.0000 | f1-score: 0.0000 | support: 1282 | mAP: 0.0681

==================================================
ROUND 20/20
==================================================
Epoch 1/3
----------
--------------------------------------------------
Applying pruning mask...
--------------------------------------------------
--------------------------------------------------
Applying pruning mask...
--------------------------------------------------
--------------------------------------------------
Applying pruning mask...
--------------------------------------------------
--------------------------------------------------
Applying pruning mask...
--------------------------------------------------
Epoch 2/3
----------
--------------------------------------------------
Applying pruning mask...
--------------------------------------------------
--------------------------------------------------
Applying pruning mask...
--------------------------------------------------
--------------------------------------------------
Applying pruning mask...
--------------------------------------------------
--------------------------------------------------
Applying pruning mask...
--------------------------------------------------
Epoch 3/3
----------
--------------------------------------------------
Applying pruning mask...
--------------------------------------------------
--------------------------------------------------
Applying pruning mask...
--------------------------------------------------
--------------------------------------------------
Applying pruning mask...
--------------------------------------------------
--------------------------------------------------
Applying pruning mask...
--------------------------------------------------
Epoch 1/3
----------
--------------------------------------------------
Applying pruning mask...
--------------------------------------------------
--------------------------------------------------
Applying pruning mask...
--------------------------------------------------
--------------------------------------------------
Applying pruning mask...
--------------------------------------------------
--------------------------------------------------
Applying pruning mask...
--------------------------------------------------
Epoch 2/3
----------
--------------------------------------------------
Applying pruning mask...
--------------------------------------------------
--------------------------------------------------
Applying pruning mask...
--------------------------------------------------
--------------------------------------------------
Applying pruning mask...
--------------------------------------------------
--------------------------------------------------
Applying pruning mask...
--------------------------------------------------
Epoch 3/3
----------
--------------------------------------------------
Applying pruning mask...
--------------------------------------------------
--------------------------------------------------
Applying pruning mask...
--------------------------------------------------
--------------------------------------------------
Applying pruning mask...
--------------------------------------------------
--------------------------------------------------
Applying pruning mask...
--------------------------------------------------
Epoch 1/3
----------
--------------------------------------------------
Applying pruning mask...
--------------------------------------------------
--------------------------------------------------
Applying pruning mask...
--------------------------------------------------
--------------------------------------------------
Applying pruning mask...
--------------------------------------------------
--------------------------------------------------
Applying pruning mask...
--------------------------------------------------
Epoch 2/3
----------
--------------------------------------------------
Applying pruning mask...
--------------------------------------------------
--------------------------------------------------
Applying pruning mask...
--------------------------------------------------
--------------------------------------------------
Applying pruning mask...
--------------------------------------------------
--------------------------------------------------
Applying pruning mask...
--------------------------------------------------
Epoch 3/3
----------
--------------------------------------------------
Applying pruning mask...
--------------------------------------------------
--------------------------------------------------
Applying pruning mask...
--------------------------------------------------
--------------------------------------------------
Applying pruning mask...
--------------------------------------------------
--------------------------------------------------
Applying pruning mask...
--------------------------------------------------
micro     precision: 0.0000 | recall: 0.0000 | f1-score: 0.0000 | support: 1282 | mAP: 0.0719
macro     precision: 0.0000 | recall: 0.0000 | f1-score: 0.0000 | support: 1282 | mAP: 0.0639

[{'0': {'precision': [], 'recall': [], 'f1-score': [], 'support': []}, '1': {'precision': [], 'recall': [], 'f1-score': [], 'support': []}, '2': {'precision': [], 'recall': [], 'f1-score': [], 'support': []}, '3': {'precision': [], 'recall': [], 'f1-score': [], 'support': []}, '4': {'precision': [], 'recall': [], 'f1-score': [], 'support': []}, '5': {'precision': [], 'recall': [], 'f1-score': [], 'support': []}, '6': {'precision': [], 'recall': [], 'f1-score': [], 'support': []}, '7': {'precision': [], 'recall': [], 'f1-score': [], 'support': []}, '8': {'precision': [], 'recall': [], 'f1-score': [], 'support': []}, '9': {'precision': [], 'recall': [], 'f1-score': [], 'support': []}, '10': {'precision': [], 'recall': [], 'f1-score': [], 'support': []}, '11': {'precision': [], 'recall': [], 'f1-score': [], 'support': []}, '12': {'precision': [], 'recall': [], 'f1-score': [], 'support': []}, '13': {'precision': [], 'recall': [], 'f1-score': [], 'support': []}, '14': {'precision': [], 'recall': [], 'f1-score': [], 'support': []}, '15': {'precision': [], 'recall': [], 'f1-score': [], 'support': []}, '16': {'precision': [], 'recall': [], 'f1-score': [], 'support': []}, '17': {'precision': [], 'recall': [], 'f1-score': [], 'support': []}, '18': {'precision': [], 'recall': [], 'f1-score': [], 'support': []}, 'micro avg': {'precision': [], 'recall': [], 'f1-score': [], 'support': []}, 'macro avg': {'precision': [], 'recall': [], 'f1-score': [], 'support': []}, 'weighted avg': {'precision': [], 'recall': [], 'f1-score': [], 'support': []}, 'ap_mic': [], 'ap_mac': []}, {'0': {'precision': [], 'recall': [], 'f1-score': [], 'support': []}, '1': {'precision': [], 'recall': [], 'f1-score': [], 'support': []}, '2': {'precision': [], 'recall': [], 'f1-score': [], 'support': []}, '3': {'precision': [], 'recall': [], 'f1-score': [], 'support': []}, '4': {'precision': [], 'recall': [], 'f1-score': [], 'support': []}, '5': {'precision': [], 'recall': [], 'f1-score': [], 'support': []}, '6': {'precision': [], 'recall': [], 'f1-score': [], 'support': []}, '7': {'precision': [], 'recall': [], 'f1-score': [], 'support': []}, '8': {'precision': [], 'recall': [], 'f1-score': [], 'support': []}, '9': {'precision': [], 'recall': [], 'f1-score': [], 'support': []}, '10': {'precision': [], 'recall': [], 'f1-score': [], 'support': []}, '11': {'precision': [], 'recall': [], 'f1-score': [], 'support': []}, '12': {'precision': [], 'recall': [], 'f1-score': [], 'support': []}, '13': {'precision': [], 'recall': [], 'f1-score': [], 'support': []}, '14': {'precision': [], 'recall': [], 'f1-score': [], 'support': []}, '15': {'precision': [], 'recall': [], 'f1-score': [], 'support': []}, '16': {'precision': [], 'recall': [], 'f1-score': [], 'support': []}, '17': {'precision': [], 'recall': [], 'f1-score': [], 'support': []}, '18': {'precision': [], 'recall': [], 'f1-score': [], 'support': []}, 'micro avg': {'precision': [], 'recall': [], 'f1-score': [], 'support': []}, 'macro avg': {'precision': [], 'recall': [], 'f1-score': [], 'support': []}, 'weighted avg': {'precision': [], 'recall': [], 'f1-score': [], 'support': []}, 'ap_mic': [], 'ap_mac': []}, {'0': {'precision': [], 'recall': [], 'f1-score': [], 'support': []}, '1': {'precision': [], 'recall': [], 'f1-score': [], 'support': []}, '2': {'precision': [], 'recall': [], 'f1-score': [], 'support': []}, '3': {'precision': [], 'recall': [], 'f1-score': [], 'support': []}, '4': {'precision': [], 'recall': [], 'f1-score': [], 'support': []}, '5': {'precision': [], 'recall': [], 'f1-score': [], 'support': []}, '6': {'precision': [], 'recall': [], 'f1-score': [], 'support': []}, '7': {'precision': [], 'recall': [], 'f1-score': [], 'support': []}, '8': {'precision': [], 'recall': [], 'f1-score': [], 'support': []}, '9': {'precision': [], 'recall': [], 'f1-score': [], 'support': []}, '10': {'precision': [], 'recall': [], 'f1-score': [], 'support': []}, '11': {'precision': [], 'recall': [], 'f1-score': [], 'support': []}, '12': {'precision': [], 'recall': [], 'f1-score': [], 'support': []}, '13': {'precision': [], 'recall': [], 'f1-score': [], 'support': []}, '14': {'precision': [], 'recall': [], 'f1-score': [], 'support': []}, '15': {'precision': [], 'recall': [], 'f1-score': [], 'support': []}, '16': {'precision': [], 'recall': [], 'f1-score': [], 'support': []}, '17': {'precision': [], 'recall': [], 'f1-score': [], 'support': []}, '18': {'precision': [], 'recall': [], 'f1-score': [], 'support': []}, 'micro avg': {'precision': [], 'recall': [], 'f1-score': [], 'support': []}, 'macro avg': {'precision': [], 'recall': [], 'f1-score': [], 'support': []}, 'weighted avg': {'precision': [], 'recall': [], 'f1-score': [], 'support': []}, 'ap_mic': [], 'ap_mac': []}]
