Using device: cuda:0
Pre-filtered 30767 patches based on country and season (split ignored)
Loading BEN data for train...
    237871 patches indexed
    14805 filtered patches indexed
    1000 patches indexed considering max_len
Merged metadata with snow/cloud metadata
Loaded 549488 labels
Loaded 549488 keys
Loaded mapping created
Pre-filtered 30767 patches based on country and season (split ignored)
Loading BEN data for test...
    119825 patches indexed
    8209 filtered patches indexed
    1000 patches indexed considering max_len
Merged metadata with snow/cloud metadata
Loaded 549488 labels
Loaded 549488 keys
Loaded mapping created
Pre-filtered 15549 patches based on country and season (split ignored)
Loading BEN data for train...
    237871 patches indexed
    7150 filtered patches indexed
    1000 patches indexed considering max_len
Merged metadata with snow/cloud metadata
Loaded 549488 labels
Loaded 549488 keys
Loaded mapping created
Pre-filtered 15549 patches based on country and season (split ignored)
Loading BEN data for test...
    119825 patches indexed
    4263 filtered patches indexed
    1000 patches indexed considering max_len
Merged metadata with snow/cloud metadata
Loaded 549488 labels
Loaded 549488 keys
Loaded mapping created
Pre-filtered 13683 patches based on country and season (split ignored)
Loading BEN data for train...
    237871 patches indexed
    7180 filtered patches indexed
    1000 patches indexed considering max_len
Merged metadata with snow/cloud metadata
Loaded 549488 labels
Loaded 549488 keys
Loaded mapping created
Pre-filtered 13683 patches based on country and season (split ignored)
Loading BEN data for test...
    119825 patches indexed
    3248 filtered patches indexed
    1000 patches indexed considering max_len
Merged metadata with snow/cloud metadata
Loaded 549488 labels
Loaded 549488 keys
Loaded mapping created
Pre-filtered 59999 patches based on country and season (split ignored)
Loading BEN data for test...
    119825 patches indexed
    15720 filtered patches indexed
    1000 patches indexed considering max_len
Merged metadata with snow/cloud metadata
Loaded 549488 labels
Loaded 549488 keys
Loaded mapping created
Pre-filtered 59999 patches based on country and season (split ignored)
Loading BEN data for train...
    237871 patches indexed
    29135 filtered patches indexed
    1000 patches indexed considering max_len
Merged metadata with snow/cloud metadata
Loaded 549488 labels
Loaded 549488 keys
Loaded mapping created
Loading BEN data for train...
    237871 patches indexed
    237871 filtered patches indexed
    1000 patches indexed considering max_len
Merged metadata with snow/cloud metadata
Loaded 549488 labels
Loaded 549488 keys
Loaded mapping created
==================================================
ROUND 1/20
==================================================
Epoch 1/3
----------
Epoch 2/3
----------
Epoch 3/3
----------
Epoch 1/3
----------
Epoch 2/3
----------
Epoch 3/3
----------
Epoch 1/3
----------
Epoch 2/3
----------
Epoch 3/3
----------
micro     precision: 0.0000 | recall: 0.0000 | f1-score: 0.0000 | support: 1282 | mAP: 0.0880
macro     precision: 0.0000 | recall: 0.0000 | f1-score: 0.0000 | support: 1282 | mAP: 0.1191

==================================================
ROUND 2/20
==================================================
Epoch 1/3
----------
Epoch 2/3
----------
Epoch 3/3
----------
Epoch 1/3
----------
Epoch 2/3
----------
Epoch 3/3
----------
Epoch 1/3
----------
Epoch 2/3
----------
Epoch 3/3
----------
micro     precision: 0.0042 | recall: 0.0031 | f1-score: 0.0036 | support: 1282 | mAP: 0.0615
macro     precision: 0.0526 | recall: 0.0013 | f1-score: 0.0026 | support: 1282 | mAP: 0.1520

==================================================
ROUND 3/20
==================================================
Epoch 1/3
----------
Epoch 2/3
----------
Epoch 3/3
----------
Epoch 1/3
----------
Epoch 2/3
----------
Epoch 3/3
----------
Epoch 1/3
----------
Epoch 2/3
----------
Epoch 3/3
----------
micro     precision: 0.0000 | recall: 0.0000 | f1-score: 0.0000 | support: 1282 | mAP: 0.0616
macro     precision: 0.0000 | recall: 0.0000 | f1-score: 0.0000 | support: 1282 | mAP: 0.1346

==================================================
ROUND 4/20
==================================================
Epoch 1/3
----------
Epoch 2/3
----------
Epoch 3/3
----------
Epoch 1/3
----------
Epoch 2/3
----------
Epoch 3/3
----------
Epoch 1/3
----------
Epoch 2/3
----------
Epoch 3/3
----------
micro     precision: 0.0011 | recall: 0.0016 | f1-score: 0.0013 | support: 1282 | mAP: 0.0570
macro     precision: 0.1053 | recall: 0.0009 | f1-score: 0.0018 | support: 1282 | mAP: 0.1697

==================================================
ROUND 5/20
==================================================
Epoch 1/3
----------
Epoch 2/3
----------
Epoch 3/3
----------
Epoch 1/3
----------
Epoch 2/3
----------
Epoch 3/3
----------
Epoch 1/3
----------
Epoch 2/3
----------
Epoch 3/3
----------
micro     precision: 0.0275 | recall: 0.0686 | f1-score: 0.0393 | support: 1282 | mAP: 0.0524
macro     precision: 0.0505 | recall: 0.0697 | f1-score: 0.0370 | support: 1282 | mAP: 0.1465

==================================================
ROUND 6/20
==================================================
Epoch 1/3
----------
Epoch 2/3
----------
Epoch 3/3
----------
Epoch 1/3
----------
Epoch 2/3
----------
Epoch 3/3
----------
Epoch 1/3
----------
Epoch 2/3
----------
Epoch 3/3
----------
micro     precision: 0.0047 | recall: 0.0070 | f1-score: 0.0056 | support: 1282 | mAP: 0.0572
macro     precision: 0.0163 | recall: 0.0163 | f1-score: 0.0163 | support: 1282 | mAP: 0.1764

==================================================
ROUND 7/20
==================================================
Epoch 1/3
----------
Epoch 2/3
----------
Epoch 3/3
----------
Epoch 1/3
----------
Epoch 2/3
----------
Epoch 3/3
----------
Epoch 1/3
----------
Epoch 2/3
----------
Epoch 3/3
----------
micro     precision: 0.0247 | recall: 0.0538 | f1-score: 0.0339 | support: 1282 | mAP: 0.0568
macro     precision: 0.0610 | recall: 0.0362 | f1-score: 0.0366 | support: 1282 | mAP: 0.1204

==================================================
ROUND 8/20
==================================================
Created train_loader1 with 30 patches.
Starting relevance computation and pruning mask generation.
Type of components_relevances: <class 'collections.OrderedDict'>
Layer: conv1
Total layer relevance: 3.4739085528352935e+26
--------------------------------------------------
Layer: encoder.4.0.conv1
Total layer relevance: 2.2355719823393048e+26
--------------------------------------------------
Layer: encoder.4.0.conv2
Total layer relevance: 1.4401998442969146e+26
--------------------------------------------------
Layer: encoder.4.0.conv3
Total layer relevance: 4.031159603730119e+25
--------------------------------------------------
Layer: encoder.4.0.downsample.0
Total layer relevance: 3.982608234496717e+25
--------------------------------------------------
Layer: encoder.4.1.conv1
Total layer relevance: 5.116153163836389e+24
--------------------------------------------------
Layer: encoder.4.1.conv2
Total layer relevance: 3.471187819493432e+24
--------------------------------------------------
Layer: encoder.4.1.conv3
Total layer relevance: 4.451789136393315e+23
--------------------------------------------------
Layer: encoder.4.2.conv1
Total layer relevance: 3.7357939873390195e+22
--------------------------------------------------
Layer: encoder.4.2.conv2
Total layer relevance: 2.416782880994488e+22
--------------------------------------------------
Layer: encoder.4.2.conv3
Total layer relevance: 2.975842399877696e+21
--------------------------------------------------
Layer: encoder.5.0.conv1
Total layer relevance: 1.5466768495273837e+20
--------------------------------------------------
Layer: encoder.5.0.conv2
Total layer relevance: 1.1349312073922458e+20
--------------------------------------------------
Layer: encoder.5.0.conv3
Total layer relevance: 1.8906887490910552e+19
--------------------------------------------------
Layer: encoder.5.0.downsample.0
Total layer relevance: 1.9040893769080635e+19
--------------------------------------------------
Layer: encoder.5.1.conv1
Total layer relevance: 1.5908468154674708e+18
--------------------------------------------------
Layer: encoder.5.1.conv2
Total layer relevance: 1.17053375673847e+18
--------------------------------------------------
Layer: encoder.5.1.conv3
Total layer relevance: 2.3332231164880486e+17
--------------------------------------------------
Layer: encoder.5.2.conv1
Total layer relevance: 6.130592509643981e+16
--------------------------------------------------
Layer: encoder.5.2.conv2
Total layer relevance: 4.804757580205261e+16
--------------------------------------------------
Layer: encoder.5.2.conv3
Total layer relevance: 1.0119659135172608e+16
--------------------------------------------------
Layer: encoder.5.3.conv1
Total layer relevance: 2604955647082496.0
--------------------------------------------------
Layer: encoder.5.3.conv2
Total layer relevance: 2364854627205120.0
--------------------------------------------------
Layer: encoder.5.3.conv3
Total layer relevance: 216945928437760.0
--------------------------------------------------
Layer: encoder.6.0.conv1
Total layer relevance: 20894894260224.0
--------------------------------------------------
Layer: encoder.6.0.conv2
Total layer relevance: 22155219697664.0
--------------------------------------------------
Layer: encoder.6.0.conv3
Total layer relevance: 1270308143104.0
--------------------------------------------------
Layer: encoder.6.0.downsample.0
Total layer relevance: 1277180641280.0
--------------------------------------------------
Layer: encoder.6.1.conv1
Total layer relevance: 39383678976.0
--------------------------------------------------
Layer: encoder.6.1.conv2
Total layer relevance: 46561751040.0
--------------------------------------------------
Layer: encoder.6.1.conv3
Total layer relevance: 7032752128.0
--------------------------------------------------
Layer: encoder.6.2.conv1
Total layer relevance: 1292954624.0
--------------------------------------------------
Layer: encoder.6.2.conv2
Total layer relevance: 1796007808.0
--------------------------------------------------
Layer: encoder.6.2.conv3
Total layer relevance: 311048000.0
--------------------------------------------------
Layer: encoder.6.3.conv1
Total layer relevance: 106934672.0
--------------------------------------------------
Layer: encoder.6.3.conv2
Total layer relevance: 169267600.0
--------------------------------------------------
Layer: encoder.6.3.conv3
Total layer relevance: 23797700.0
--------------------------------------------------
Layer: encoder.6.4.conv1
Total layer relevance: 8272737.0
--------------------------------------------------
Layer: encoder.6.4.conv2
Total layer relevance: 13344906.0
--------------------------------------------------
Layer: encoder.6.4.conv3
Total layer relevance: 1472338.75
--------------------------------------------------
Layer: encoder.6.5.conv1
Total layer relevance: 559946.875
--------------------------------------------------
Layer: encoder.6.5.conv2
Total layer relevance: 825752.25
--------------------------------------------------
Layer: encoder.6.5.conv3
Total layer relevance: 135349.84375
--------------------------------------------------
Layer: encoder.7.0.conv1
Total layer relevance: 52090.12109375
--------------------------------------------------
Layer: encoder.7.0.conv2
Total layer relevance: 180285.9375
--------------------------------------------------
Layer: encoder.7.0.conv3
Total layer relevance: 48937.1015625
--------------------------------------------------
Layer: encoder.7.0.downsample.0
Total layer relevance: 58986.20703125
--------------------------------------------------
Layer: encoder.7.1.conv1
Total layer relevance: 11219.072265625
--------------------------------------------------
Layer: encoder.7.1.conv2
Total layer relevance: 43396.90234375
--------------------------------------------------
Layer: encoder.7.1.conv3
Total layer relevance: 17765.205078125
--------------------------------------------------
Layer: encoder.7.2.conv1
Total layer relevance: 10395.2451171875
--------------------------------------------------
Layer: encoder.7.2.conv2
Total layer relevance: 26356.75390625
--------------------------------------------------
Layer: encoder.7.2.conv3
Total layer relevance: 6518.3837890625
--------------------------------------------------
Layer: conv1	   % of pruned neurons: 0.00%
Layer: encoder.4.0.conv1	   % of pruned neurons: 0.00%
Layer: encoder.4.0.conv2	   % of pruned neurons: 0.00%
Layer: encoder.4.0.conv3	   % of pruned neurons: 0.00%
Layer: encoder.4.0.downsample.0	   % of pruned neurons: 0.00%
Layer: encoder.4.1.conv1	   % of pruned neurons: 0.00%
Layer: encoder.4.1.conv2	   % of pruned neurons: 0.00%
Layer: encoder.4.1.conv3	   % of pruned neurons: 0.00%
Layer: encoder.4.2.conv1	   % of pruned neurons: 0.00%
Layer: encoder.4.2.conv2	   % of pruned neurons: 0.00%
Layer: encoder.4.2.conv3	   % of pruned neurons: 0.00%
Layer: encoder.5.0.conv1	   % of pruned neurons: 0.00%
Layer: encoder.5.0.conv2	   % of pruned neurons: 0.00%
Layer: encoder.5.0.conv3	   % of pruned neurons: 0.00%
Layer: encoder.5.0.downsample.0	   % of pruned neurons: 0.00%
Layer: encoder.5.1.conv1	   % of pruned neurons: 0.00%
Layer: encoder.5.1.conv2	   % of pruned neurons: 0.00%
Layer: encoder.5.1.conv3	   % of pruned neurons: 0.00%
Layer: encoder.5.2.conv1	   % of pruned neurons: 0.00%
Layer: encoder.5.2.conv2	   % of pruned neurons: 0.00%
Layer: encoder.5.2.conv3	   % of pruned neurons: 0.00%
Layer: encoder.5.3.conv1	   % of pruned neurons: 0.00%
Layer: encoder.5.3.conv2	   % of pruned neurons: 0.00%
Layer: encoder.5.3.conv3	   % of pruned neurons: 0.00%
Layer: encoder.6.0.conv1	   % of pruned neurons: 0.00%
Layer: encoder.6.0.conv2	   % of pruned neurons: 0.00%
Layer: encoder.6.0.conv3	   % of pruned neurons: 0.00%
Layer: encoder.6.0.downsample.0	   % of pruned neurons: 0.00%
Layer: encoder.6.1.conv1	   % of pruned neurons: 0.00%
Layer: encoder.6.1.conv2	   % of pruned neurons: 0.00%
Layer: encoder.6.1.conv3	   % of pruned neurons: 0.00%
Layer: encoder.6.2.conv1	   % of pruned neurons: 0.00%
Layer: encoder.6.2.conv2	   % of pruned neurons: 0.00%
Layer: encoder.6.2.conv3	   % of pruned neurons: 0.00%
Layer: encoder.6.3.conv1	   % of pruned neurons: 0.00%
Layer: encoder.6.3.conv2	   % of pruned neurons: 0.00%
Layer: encoder.6.3.conv3	   % of pruned neurons: 18.55%
Layer: encoder.6.4.conv1	   % of pruned neurons: 0.00%
Layer: encoder.6.4.conv2	   % of pruned neurons: 0.00%
Layer: encoder.6.4.conv3	   % of pruned neurons: 81.84%
Layer: encoder.6.5.conv1	   % of pruned neurons: 0.39%
Layer: encoder.6.5.conv2	   % of pruned neurons: 0.00%
Layer: encoder.6.5.conv3	   % of pruned neurons: 97.27%
Layer: encoder.7.0.conv1	   % of pruned neurons: 100.00%
Layer: encoder.7.0.conv2	   % of pruned neurons: 100.00%
Layer: encoder.7.0.conv3	   % of pruned neurons: 99.80%
Layer: encoder.7.0.downsample.0	   % of pruned neurons: 99.76%
Layer: encoder.7.1.conv1	   % of pruned neurons: 100.00%
Layer: encoder.7.1.conv2	   % of pruned neurons: 100.00%
Layer: encoder.7.1.conv3	   % of pruned neurons: 100.00%
Layer: encoder.7.2.conv1	   % of pruned neurons: 100.00%
Layer: encoder.7.2.conv2	   % of pruned neurons: 100.00%
Layer: encoder.7.2.conv3	   % of pruned neurons: 100.00%
Overall Percentage of pruned neurons across all layers: 65.81%
[INFO] Pruner and pruning mask received and stored.
[INFO] Pruner and pruning mask received and stored.
[INFO] Pruner and pruning mask received and stored.
Epoch 1/3
----------
--------------------------------------------------
Applying pruning mask...
--------------------------------------------------
--------------------------------------------------
Applying pruning mask...
--------------------------------------------------
--------------------------------------------------
Applying pruning mask...
--------------------------------------------------
--------------------------------------------------
Applying pruning mask...
--------------------------------------------------
Epoch 2/3
----------
--------------------------------------------------
Applying pruning mask...
--------------------------------------------------
--------------------------------------------------
Applying pruning mask...
--------------------------------------------------
--------------------------------------------------
Applying pruning mask...
--------------------------------------------------
--------------------------------------------------
Applying pruning mask...
--------------------------------------------------
Epoch 3/3
----------
--------------------------------------------------
Applying pruning mask...
--------------------------------------------------
--------------------------------------------------
Applying pruning mask...
--------------------------------------------------
--------------------------------------------------
Applying pruning mask...
--------------------------------------------------
--------------------------------------------------
Applying pruning mask...
--------------------------------------------------
Epoch 1/3
----------
--------------------------------------------------
Applying pruning mask...
--------------------------------------------------
--------------------------------------------------
Applying pruning mask...
--------------------------------------------------
--------------------------------------------------
Applying pruning mask...
--------------------------------------------------
--------------------------------------------------
Applying pruning mask...
--------------------------------------------------
Epoch 2/3
----------
--------------------------------------------------
Applying pruning mask...
--------------------------------------------------
--------------------------------------------------
Applying pruning mask...
--------------------------------------------------
--------------------------------------------------
Applying pruning mask...
--------------------------------------------------
--------------------------------------------------
Applying pruning mask...
--------------------------------------------------
Epoch 3/3
----------
--------------------------------------------------
Applying pruning mask...
--------------------------------------------------
--------------------------------------------------
Applying pruning mask...
--------------------------------------------------
--------------------------------------------------
Applying pruning mask...
--------------------------------------------------
--------------------------------------------------
Applying pruning mask...
--------------------------------------------------
Epoch 1/3
----------
--------------------------------------------------
Applying pruning mask...
--------------------------------------------------
--------------------------------------------------
Applying pruning mask...
--------------------------------------------------
--------------------------------------------------
Applying pruning mask...
--------------------------------------------------
--------------------------------------------------
Applying pruning mask...
--------------------------------------------------
Epoch 2/3
----------
--------------------------------------------------
Applying pruning mask...
--------------------------------------------------
--------------------------------------------------
Applying pruning mask...
--------------------------------------------------
--------------------------------------------------
Applying pruning mask...
--------------------------------------------------
--------------------------------------------------
Applying pruning mask...
--------------------------------------------------
Epoch 3/3
----------
--------------------------------------------------
Applying pruning mask...
--------------------------------------------------
--------------------------------------------------
Applying pruning mask...
--------------------------------------------------
--------------------------------------------------
Applying pruning mask...
--------------------------------------------------
--------------------------------------------------
Applying pruning mask...
--------------------------------------------------
micro     precision: 0.0020 | recall: 0.0016 | f1-score: 0.0018 | support: 1282 | mAP: 0.1993
macro     precision: 0.0001 | recall: 0.0526 | f1-score: 0.0002 | support: 1282 | mAP: 0.0787

==================================================
ROUND 9/20
==================================================
Epoch 1/3
----------
--------------------------------------------------
Applying pruning mask...
--------------------------------------------------
--------------------------------------------------
Applying pruning mask...
--------------------------------------------------
--------------------------------------------------
Applying pruning mask...
--------------------------------------------------
--------------------------------------------------
Applying pruning mask...
--------------------------------------------------
Epoch 2/3
----------
--------------------------------------------------
Applying pruning mask...
--------------------------------------------------
--------------------------------------------------
Applying pruning mask...
--------------------------------------------------
--------------------------------------------------
Applying pruning mask...
--------------------------------------------------
--------------------------------------------------
Applying pruning mask...
--------------------------------------------------
Epoch 3/3
----------
--------------------------------------------------
Applying pruning mask...
--------------------------------------------------
--------------------------------------------------
Applying pruning mask...
--------------------------------------------------
--------------------------------------------------
Applying pruning mask...
--------------------------------------------------
--------------------------------------------------
Applying pruning mask...
--------------------------------------------------
Epoch 1/3
----------
--------------------------------------------------
Applying pruning mask...
--------------------------------------------------
--------------------------------------------------
Applying pruning mask...
--------------------------------------------------
--------------------------------------------------
Applying pruning mask...
--------------------------------------------------
--------------------------------------------------
Applying pruning mask...
--------------------------------------------------
Epoch 2/3
----------
--------------------------------------------------
Applying pruning mask...
--------------------------------------------------
--------------------------------------------------
Applying pruning mask...
--------------------------------------------------
--------------------------------------------------
Applying pruning mask...
--------------------------------------------------
--------------------------------------------------
Applying pruning mask...
--------------------------------------------------
Epoch 3/3
----------
--------------------------------------------------
Applying pruning mask...
--------------------------------------------------
--------------------------------------------------
Applying pruning mask...
--------------------------------------------------
--------------------------------------------------
Applying pruning mask...
--------------------------------------------------
--------------------------------------------------
Applying pruning mask...
--------------------------------------------------
Epoch 1/3
----------
--------------------------------------------------
Applying pruning mask...
--------------------------------------------------
--------------------------------------------------
Applying pruning mask...
--------------------------------------------------
--------------------------------------------------
Applying pruning mask...
--------------------------------------------------
--------------------------------------------------
Applying pruning mask...
--------------------------------------------------
Epoch 2/3
----------
--------------------------------------------------
Applying pruning mask...
--------------------------------------------------
--------------------------------------------------
Applying pruning mask...
--------------------------------------------------
--------------------------------------------------
Applying pruning mask...
--------------------------------------------------
--------------------------------------------------
Applying pruning mask...
--------------------------------------------------
Epoch 3/3
----------
--------------------------------------------------
Applying pruning mask...
--------------------------------------------------
--------------------------------------------------
Applying pruning mask...
--------------------------------------------------
--------------------------------------------------
Applying pruning mask...
--------------------------------------------------
--------------------------------------------------
Applying pruning mask...
--------------------------------------------------
micro     precision: 0.0000 | recall: 0.0000 | f1-score: 0.0000 | support: 1282 | mAP: 0.2073
macro     precision: 0.0000 | recall: 0.0000 | f1-score: 0.0000 | support: 1282 | mAP: 0.1338

==================================================
ROUND 10/20
==================================================
Epoch 1/3
----------
--------------------------------------------------
Applying pruning mask...
--------------------------------------------------
--------------------------------------------------
Applying pruning mask...
--------------------------------------------------
--------------------------------------------------
Applying pruning mask...
--------------------------------------------------
--------------------------------------------------
Applying pruning mask...
--------------------------------------------------
Epoch 2/3
----------
--------------------------------------------------
Applying pruning mask...
--------------------------------------------------
--------------------------------------------------
Applying pruning mask...
--------------------------------------------------
--------------------------------------------------
Applying pruning mask...
--------------------------------------------------
--------------------------------------------------
Applying pruning mask...
--------------------------------------------------
Epoch 3/3
----------
--------------------------------------------------
Applying pruning mask...
--------------------------------------------------
--------------------------------------------------
Applying pruning mask...
--------------------------------------------------
--------------------------------------------------
Applying pruning mask...
--------------------------------------------------
--------------------------------------------------
Applying pruning mask...
--------------------------------------------------
Epoch 1/3
----------
--------------------------------------------------
Applying pruning mask...
--------------------------------------------------
--------------------------------------------------
Applying pruning mask...
--------------------------------------------------
--------------------------------------------------
Applying pruning mask...
--------------------------------------------------
--------------------------------------------------
Applying pruning mask...
--------------------------------------------------
Epoch 2/3
----------
--------------------------------------------------
Applying pruning mask...
--------------------------------------------------
--------------------------------------------------
Applying pruning mask...
--------------------------------------------------
--------------------------------------------------
Applying pruning mask...
--------------------------------------------------
--------------------------------------------------
Applying pruning mask...
--------------------------------------------------
Epoch 3/3
----------
--------------------------------------------------
Applying pruning mask...
--------------------------------------------------
--------------------------------------------------
Applying pruning mask...
--------------------------------------------------
--------------------------------------------------
Applying pruning mask...
--------------------------------------------------
--------------------------------------------------
Applying pruning mask...
--------------------------------------------------
Epoch 1/3
----------
--------------------------------------------------
Applying pruning mask...
--------------------------------------------------
--------------------------------------------------
Applying pruning mask...
--------------------------------------------------
--------------------------------------------------
Applying pruning mask...
--------------------------------------------------
--------------------------------------------------
Applying pruning mask...
--------------------------------------------------
Epoch 2/3
----------
--------------------------------------------------
Applying pruning mask...
--------------------------------------------------
--------------------------------------------------
Applying pruning mask...
--------------------------------------------------
--------------------------------------------------
Applying pruning mask...
--------------------------------------------------
--------------------------------------------------
Applying pruning mask...
--------------------------------------------------
Epoch 3/3
----------
--------------------------------------------------
Applying pruning mask...
--------------------------------------------------
--------------------------------------------------
Applying pruning mask...
--------------------------------------------------
--------------------------------------------------
Applying pruning mask...
--------------------------------------------------
--------------------------------------------------
Applying pruning mask...
--------------------------------------------------
micro     precision: 0.0000 | recall: 0.0000 | f1-score: 0.0000 | support: 1282 | mAP: 0.2019
macro     precision: 0.0000 | recall: 0.0000 | f1-score: 0.0000 | support: 1282 | mAP: 0.1051

==================================================
ROUND 11/20
==================================================
Epoch 1/3
----------
--------------------------------------------------
Applying pruning mask...
--------------------------------------------------
--------------------------------------------------
Applying pruning mask...
--------------------------------------------------
--------------------------------------------------
Applying pruning mask...
--------------------------------------------------
--------------------------------------------------
Applying pruning mask...
--------------------------------------------------
Epoch 2/3
----------
--------------------------------------------------
Applying pruning mask...
--------------------------------------------------
--------------------------------------------------
Applying pruning mask...
--------------------------------------------------
--------------------------------------------------
Applying pruning mask...
--------------------------------------------------
--------------------------------------------------
Applying pruning mask...
--------------------------------------------------
Epoch 3/3
----------
--------------------------------------------------
Applying pruning mask...
--------------------------------------------------
--------------------------------------------------
Applying pruning mask...
--------------------------------------------------
--------------------------------------------------
Applying pruning mask...
--------------------------------------------------
--------------------------------------------------
Applying pruning mask...
--------------------------------------------------
Epoch 1/3
----------
--------------------------------------------------
Applying pruning mask...
--------------------------------------------------
--------------------------------------------------
Applying pruning mask...
--------------------------------------------------
--------------------------------------------------
Applying pruning mask...
--------------------------------------------------
--------------------------------------------------
Applying pruning mask...
--------------------------------------------------
Epoch 2/3
----------
--------------------------------------------------
Applying pruning mask...
--------------------------------------------------
--------------------------------------------------
Applying pruning mask...
--------------------------------------------------
--------------------------------------------------
Applying pruning mask...
--------------------------------------------------
--------------------------------------------------
Applying pruning mask...
--------------------------------------------------
Epoch 3/3
----------
--------------------------------------------------
Applying pruning mask...
--------------------------------------------------
--------------------------------------------------
Applying pruning mask...
--------------------------------------------------
--------------------------------------------------
Applying pruning mask...
--------------------------------------------------
--------------------------------------------------
Applying pruning mask...
--------------------------------------------------
Epoch 1/3
----------
--------------------------------------------------
Applying pruning mask...
--------------------------------------------------
--------------------------------------------------
Applying pruning mask...
--------------------------------------------------
--------------------------------------------------
Applying pruning mask...
--------------------------------------------------
--------------------------------------------------
Applying pruning mask...
--------------------------------------------------
Epoch 2/3
----------
--------------------------------------------------
Applying pruning mask...
--------------------------------------------------
--------------------------------------------------
Applying pruning mask...
--------------------------------------------------
--------------------------------------------------
Applying pruning mask...
--------------------------------------------------
--------------------------------------------------
Applying pruning mask...
--------------------------------------------------
Epoch 3/3
----------
--------------------------------------------------
Applying pruning mask...
--------------------------------------------------
--------------------------------------------------
Applying pruning mask...
--------------------------------------------------
--------------------------------------------------
Applying pruning mask...
--------------------------------------------------
--------------------------------------------------
Applying pruning mask...
--------------------------------------------------
micro     precision: 0.0000 | recall: 0.0000 | f1-score: 0.0000 | support: 1282 | mAP: 0.1384
macro     precision: 0.0000 | recall: 0.0000 | f1-score: 0.0000 | support: 1282 | mAP: 0.1090

==================================================
ROUND 12/20
==================================================
Epoch 1/3
----------
--------------------------------------------------
Applying pruning mask...
--------------------------------------------------
--------------------------------------------------
Applying pruning mask...
--------------------------------------------------
--------------------------------------------------
Applying pruning mask...
--------------------------------------------------
--------------------------------------------------
Applying pruning mask...
--------------------------------------------------
Epoch 2/3
----------
--------------------------------------------------
Applying pruning mask...
--------------------------------------------------
--------------------------------------------------
Applying pruning mask...
--------------------------------------------------
--------------------------------------------------
Applying pruning mask...
--------------------------------------------------
--------------------------------------------------
Applying pruning mask...
--------------------------------------------------
Epoch 3/3
----------
--------------------------------------------------
Applying pruning mask...
--------------------------------------------------
--------------------------------------------------
Applying pruning mask...
--------------------------------------------------
--------------------------------------------------
Applying pruning mask...
--------------------------------------------------
--------------------------------------------------
Applying pruning mask...
--------------------------------------------------
Epoch 1/3
----------
--------------------------------------------------
Applying pruning mask...
--------------------------------------------------
--------------------------------------------------
Applying pruning mask...
--------------------------------------------------
--------------------------------------------------
Applying pruning mask...
--------------------------------------------------
--------------------------------------------------
Applying pruning mask...
--------------------------------------------------
Epoch 2/3
----------
--------------------------------------------------
Applying pruning mask...
--------------------------------------------------
--------------------------------------------------
Applying pruning mask...
--------------------------------------------------
--------------------------------------------------
Applying pruning mask...
--------------------------------------------------
--------------------------------------------------
Applying pruning mask...
--------------------------------------------------
Epoch 3/3
----------
--------------------------------------------------
Applying pruning mask...
--------------------------------------------------
--------------------------------------------------
Applying pruning mask...
--------------------------------------------------
--------------------------------------------------
Applying pruning mask...
--------------------------------------------------
--------------------------------------------------
Applying pruning mask...
--------------------------------------------------
Epoch 1/3
----------
--------------------------------------------------
Applying pruning mask...
--------------------------------------------------
--------------------------------------------------
Applying pruning mask...
--------------------------------------------------
--------------------------------------------------
Applying pruning mask...
--------------------------------------------------
--------------------------------------------------
Applying pruning mask...
--------------------------------------------------
Epoch 2/3
----------
--------------------------------------------------
Applying pruning mask...
--------------------------------------------------
--------------------------------------------------
Applying pruning mask...
--------------------------------------------------
--------------------------------------------------
Applying pruning mask...
--------------------------------------------------
--------------------------------------------------
Applying pruning mask...
--------------------------------------------------
Epoch 3/3
----------
--------------------------------------------------
Applying pruning mask...
--------------------------------------------------
--------------------------------------------------
Applying pruning mask...
--------------------------------------------------
--------------------------------------------------
Applying pruning mask...
--------------------------------------------------
--------------------------------------------------
Applying pruning mask...
--------------------------------------------------
micro     precision: 0.0000 | recall: 0.0000 | f1-score: 0.0000 | support: 1282 | mAP: 0.0815
macro     precision: 0.0000 | recall: 0.0000 | f1-score: 0.0000 | support: 1282 | mAP: 0.1054

==================================================
ROUND 13/20
==================================================
Epoch 1/3
----------
--------------------------------------------------
Applying pruning mask...
--------------------------------------------------
--------------------------------------------------
Applying pruning mask...
--------------------------------------------------
--------------------------------------------------
Applying pruning mask...
--------------------------------------------------
--------------------------------------------------
Applying pruning mask...
--------------------------------------------------
Epoch 2/3
----------
--------------------------------------------------
Applying pruning mask...
--------------------------------------------------
--------------------------------------------------
Applying pruning mask...
--------------------------------------------------
--------------------------------------------------
Applying pruning mask...
--------------------------------------------------
--------------------------------------------------
Applying pruning mask...
--------------------------------------------------
Epoch 3/3
----------
--------------------------------------------------
Applying pruning mask...
--------------------------------------------------
--------------------------------------------------
Applying pruning mask...
--------------------------------------------------
--------------------------------------------------
Applying pruning mask...
--------------------------------------------------
--------------------------------------------------
Applying pruning mask...
--------------------------------------------------
Epoch 1/3
----------
--------------------------------------------------
Applying pruning mask...
--------------------------------------------------
--------------------------------------------------
Applying pruning mask...
--------------------------------------------------
--------------------------------------------------
Applying pruning mask...
--------------------------------------------------
--------------------------------------------------
Applying pruning mask...
--------------------------------------------------
Epoch 2/3
----------
--------------------------------------------------
Applying pruning mask...
--------------------------------------------------
--------------------------------------------------
Applying pruning mask...
--------------------------------------------------
--------------------------------------------------
Applying pruning mask...
--------------------------------------------------
--------------------------------------------------
Applying pruning mask...
--------------------------------------------------
Epoch 3/3
----------
--------------------------------------------------
Applying pruning mask...
--------------------------------------------------
--------------------------------------------------
Applying pruning mask...
--------------------------------------------------
--------------------------------------------------
Applying pruning mask...
--------------------------------------------------
--------------------------------------------------
Applying pruning mask...
--------------------------------------------------
Epoch 1/3
----------
--------------------------------------------------
Applying pruning mask...
--------------------------------------------------
--------------------------------------------------
Applying pruning mask...
--------------------------------------------------
--------------------------------------------------
Applying pruning mask...
--------------------------------------------------
--------------------------------------------------
Applying pruning mask...
--------------------------------------------------
Epoch 2/3
----------
--------------------------------------------------
Applying pruning mask...
--------------------------------------------------
--------------------------------------------------
Applying pruning mask...
--------------------------------------------------
--------------------------------------------------
Applying pruning mask...
--------------------------------------------------
--------------------------------------------------
Applying pruning mask...
--------------------------------------------------
Epoch 3/3
----------
--------------------------------------------------
Applying pruning mask...
--------------------------------------------------
--------------------------------------------------
Applying pruning mask...
--------------------------------------------------
--------------------------------------------------
Applying pruning mask...
--------------------------------------------------
--------------------------------------------------
Applying pruning mask...
--------------------------------------------------
micro     precision: 0.0000 | recall: 0.0000 | f1-score: 0.0000 | support: 1282 | mAP: 0.0752
macro     precision: 0.0000 | recall: 0.0000 | f1-score: 0.0000 | support: 1282 | mAP: 0.1430

==================================================
ROUND 14/20
==================================================
Epoch 1/3
----------
--------------------------------------------------
Applying pruning mask...
--------------------------------------------------
--------------------------------------------------
Applying pruning mask...
--------------------------------------------------
--------------------------------------------------
Applying pruning mask...
--------------------------------------------------
--------------------------------------------------
Applying pruning mask...
--------------------------------------------------
Epoch 2/3
----------
--------------------------------------------------
Applying pruning mask...
--------------------------------------------------
--------------------------------------------------
Applying pruning mask...
--------------------------------------------------
--------------------------------------------------
Applying pruning mask...
--------------------------------------------------
--------------------------------------------------
Applying pruning mask...
--------------------------------------------------
Epoch 3/3
----------
--------------------------------------------------
Applying pruning mask...
--------------------------------------------------
--------------------------------------------------
Applying pruning mask...
--------------------------------------------------
--------------------------------------------------
Applying pruning mask...
--------------------------------------------------
--------------------------------------------------
Applying pruning mask...
--------------------------------------------------
Epoch 1/3
----------
--------------------------------------------------
Applying pruning mask...
--------------------------------------------------
--------------------------------------------------
Applying pruning mask...
--------------------------------------------------
--------------------------------------------------
Applying pruning mask...
--------------------------------------------------
--------------------------------------------------
Applying pruning mask...
--------------------------------------------------
Epoch 2/3
----------
--------------------------------------------------
Applying pruning mask...
--------------------------------------------------
--------------------------------------------------
Applying pruning mask...
--------------------------------------------------
--------------------------------------------------
Applying pruning mask...
--------------------------------------------------
--------------------------------------------------
Applying pruning mask...
--------------------------------------------------
Epoch 3/3
----------
--------------------------------------------------
Applying pruning mask...
--------------------------------------------------
--------------------------------------------------
Applying pruning mask...
--------------------------------------------------
--------------------------------------------------
Applying pruning mask...
--------------------------------------------------
--------------------------------------------------
Applying pruning mask...
--------------------------------------------------
Epoch 1/3
----------
--------------------------------------------------
Applying pruning mask...
--------------------------------------------------
--------------------------------------------------
Applying pruning mask...
--------------------------------------------------
--------------------------------------------------
Applying pruning mask...
--------------------------------------------------
--------------------------------------------------
Applying pruning mask...
--------------------------------------------------
Epoch 2/3
----------
--------------------------------------------------
Applying pruning mask...
--------------------------------------------------
--------------------------------------------------
Applying pruning mask...
--------------------------------------------------
--------------------------------------------------
Applying pruning mask...
--------------------------------------------------
--------------------------------------------------
Applying pruning mask...
--------------------------------------------------
Epoch 3/3
----------
--------------------------------------------------
Applying pruning mask...
--------------------------------------------------
--------------------------------------------------
Applying pruning mask...
--------------------------------------------------
--------------------------------------------------
Applying pruning mask...
--------------------------------------------------
--------------------------------------------------
Applying pruning mask...
--------------------------------------------------
micro     precision: 0.0000 | recall: 0.0000 | f1-score: 0.0000 | support: 1282 | mAP: 0.0757
macro     precision: 0.0000 | recall: 0.0000 | f1-score: 0.0000 | support: 1282 | mAP: 0.1462

==================================================
ROUND 15/20
==================================================
Epoch 1/3
----------
--------------------------------------------------
Applying pruning mask...
--------------------------------------------------
--------------------------------------------------
Applying pruning mask...
--------------------------------------------------
--------------------------------------------------
Applying pruning mask...
--------------------------------------------------
--------------------------------------------------
Applying pruning mask...
--------------------------------------------------
Epoch 2/3
----------
--------------------------------------------------
Applying pruning mask...
--------------------------------------------------
--------------------------------------------------
Applying pruning mask...
--------------------------------------------------
--------------------------------------------------
Applying pruning mask...
--------------------------------------------------
--------------------------------------------------
Applying pruning mask...
--------------------------------------------------
Epoch 3/3
----------
--------------------------------------------------
Applying pruning mask...
--------------------------------------------------
--------------------------------------------------
Applying pruning mask...
--------------------------------------------------
--------------------------------------------------
Applying pruning mask...
--------------------------------------------------
--------------------------------------------------
Applying pruning mask...
--------------------------------------------------
Epoch 1/3
----------
--------------------------------------------------
Applying pruning mask...
--------------------------------------------------
--------------------------------------------------
Applying pruning mask...
--------------------------------------------------
--------------------------------------------------
Applying pruning mask...
--------------------------------------------------
--------------------------------------------------
Applying pruning mask...
--------------------------------------------------
Epoch 2/3
----------
--------------------------------------------------
Applying pruning mask...
--------------------------------------------------
--------------------------------------------------
Applying pruning mask...
--------------------------------------------------
--------------------------------------------------
Applying pruning mask...
--------------------------------------------------
--------------------------------------------------
Applying pruning mask...
--------------------------------------------------
Epoch 3/3
----------
--------------------------------------------------
Applying pruning mask...
--------------------------------------------------
--------------------------------------------------
Applying pruning mask...
--------------------------------------------------
--------------------------------------------------
Applying pruning mask...
--------------------------------------------------
--------------------------------------------------
Applying pruning mask...
--------------------------------------------------
Epoch 1/3
----------
--------------------------------------------------
Applying pruning mask...
--------------------------------------------------
--------------------------------------------------
Applying pruning mask...
--------------------------------------------------
--------------------------------------------------
Applying pruning mask...
--------------------------------------------------
--------------------------------------------------
Applying pruning mask...
--------------------------------------------------
Epoch 2/3
----------
--------------------------------------------------
Applying pruning mask...
--------------------------------------------------
--------------------------------------------------
Applying pruning mask...
--------------------------------------------------
--------------------------------------------------
Applying pruning mask...
--------------------------------------------------
--------------------------------------------------
Applying pruning mask...
--------------------------------------------------
Epoch 3/3
----------
--------------------------------------------------
Applying pruning mask...
--------------------------------------------------
--------------------------------------------------
Applying pruning mask...
--------------------------------------------------
--------------------------------------------------
Applying pruning mask...
--------------------------------------------------
--------------------------------------------------
Applying pruning mask...
--------------------------------------------------
micro     precision: 0.0000 | recall: 0.0000 | f1-score: 0.0000 | support: 1282 | mAP: 0.0741
macro     precision: 0.0000 | recall: 0.0000 | f1-score: 0.0000 | support: 1282 | mAP: 0.1271

==================================================
ROUND 16/20
==================================================
Epoch 1/3
----------
--------------------------------------------------
Applying pruning mask...
--------------------------------------------------
--------------------------------------------------
Applying pruning mask...
--------------------------------------------------
--------------------------------------------------
Applying pruning mask...
--------------------------------------------------
--------------------------------------------------
Applying pruning mask...
--------------------------------------------------
Epoch 2/3
----------
--------------------------------------------------
Applying pruning mask...
--------------------------------------------------
--------------------------------------------------
Applying pruning mask...
--------------------------------------------------
--------------------------------------------------
Applying pruning mask...
--------------------------------------------------
--------------------------------------------------
Applying pruning mask...
--------------------------------------------------
Epoch 3/3
----------
--------------------------------------------------
Applying pruning mask...
--------------------------------------------------
--------------------------------------------------
Applying pruning mask...
--------------------------------------------------
--------------------------------------------------
Applying pruning mask...
--------------------------------------------------
--------------------------------------------------
Applying pruning mask...
--------------------------------------------------
Epoch 1/3
----------
--------------------------------------------------
Applying pruning mask...
--------------------------------------------------
--------------------------------------------------
Applying pruning mask...
--------------------------------------------------
--------------------------------------------------
Applying pruning mask...
--------------------------------------------------
--------------------------------------------------
Applying pruning mask...
--------------------------------------------------
Epoch 2/3
----------
--------------------------------------------------
Applying pruning mask...
--------------------------------------------------
--------------------------------------------------
Applying pruning mask...
--------------------------------------------------
--------------------------------------------------
Applying pruning mask...
--------------------------------------------------
--------------------------------------------------
Applying pruning mask...
--------------------------------------------------
Epoch 3/3
----------
--------------------------------------------------
Applying pruning mask...
--------------------------------------------------
--------------------------------------------------
Applying pruning mask...
--------------------------------------------------
--------------------------------------------------
Applying pruning mask...
--------------------------------------------------
--------------------------------------------------
Applying pruning mask...
--------------------------------------------------
Epoch 1/3
----------
--------------------------------------------------
Applying pruning mask...
--------------------------------------------------
--------------------------------------------------
Applying pruning mask...
--------------------------------------------------
--------------------------------------------------
Applying pruning mask...
--------------------------------------------------
--------------------------------------------------
Applying pruning mask...
--------------------------------------------------
Epoch 2/3
----------
--------------------------------------------------
Applying pruning mask...
--------------------------------------------------
--------------------------------------------------
Applying pruning mask...
--------------------------------------------------
--------------------------------------------------
Applying pruning mask...
--------------------------------------------------
--------------------------------------------------
Applying pruning mask...
--------------------------------------------------
Epoch 3/3
----------
--------------------------------------------------
Applying pruning mask...
--------------------------------------------------
--------------------------------------------------
Applying pruning mask...
--------------------------------------------------
--------------------------------------------------
Applying pruning mask...
--------------------------------------------------
--------------------------------------------------
Applying pruning mask...
--------------------------------------------------
micro     precision: 0.0000 | recall: 0.0000 | f1-score: 0.0000 | support: 1282 | mAP: 0.0779
macro     precision: 0.0000 | recall: 0.0000 | f1-score: 0.0000 | support: 1282 | mAP: 0.1376

==================================================
ROUND 17/20
==================================================
Epoch 1/3
----------
--------------------------------------------------
Applying pruning mask...
--------------------------------------------------
--------------------------------------------------
Applying pruning mask...
--------------------------------------------------
--------------------------------------------------
Applying pruning mask...
--------------------------------------------------
--------------------------------------------------
Applying pruning mask...
--------------------------------------------------
Epoch 2/3
----------
--------------------------------------------------
Applying pruning mask...
--------------------------------------------------
--------------------------------------------------
Applying pruning mask...
--------------------------------------------------
--------------------------------------------------
Applying pruning mask...
--------------------------------------------------
--------------------------------------------------
Applying pruning mask...
--------------------------------------------------
Epoch 3/3
----------
--------------------------------------------------
Applying pruning mask...
--------------------------------------------------
--------------------------------------------------
Applying pruning mask...
--------------------------------------------------
--------------------------------------------------
Applying pruning mask...
--------------------------------------------------
--------------------------------------------------
Applying pruning mask...
--------------------------------------------------
Epoch 1/3
----------
--------------------------------------------------
Applying pruning mask...
--------------------------------------------------
--------------------------------------------------
Applying pruning mask...
--------------------------------------------------
--------------------------------------------------
Applying pruning mask...
--------------------------------------------------
--------------------------------------------------
Applying pruning mask...
--------------------------------------------------
Epoch 2/3
----------
--------------------------------------------------
Applying pruning mask...
--------------------------------------------------
--------------------------------------------------
Applying pruning mask...
--------------------------------------------------
--------------------------------------------------
Applying pruning mask...
--------------------------------------------------
--------------------------------------------------
Applying pruning mask...
--------------------------------------------------
Epoch 3/3
----------
--------------------------------------------------
Applying pruning mask...
--------------------------------------------------
--------------------------------------------------
Applying pruning mask...
--------------------------------------------------
--------------------------------------------------
Applying pruning mask...
--------------------------------------------------
--------------------------------------------------
Applying pruning mask...
--------------------------------------------------
Epoch 1/3
----------
--------------------------------------------------
Applying pruning mask...
--------------------------------------------------
--------------------------------------------------
Applying pruning mask...
--------------------------------------------------
--------------------------------------------------
Applying pruning mask...
--------------------------------------------------
--------------------------------------------------
Applying pruning mask...
--------------------------------------------------
Epoch 2/3
----------
--------------------------------------------------
Applying pruning mask...
--------------------------------------------------
--------------------------------------------------
Applying pruning mask...
--------------------------------------------------
--------------------------------------------------
Applying pruning mask...
--------------------------------------------------
--------------------------------------------------
Applying pruning mask...
--------------------------------------------------
Epoch 3/3
----------
--------------------------------------------------
Applying pruning mask...
--------------------------------------------------
--------------------------------------------------
Applying pruning mask...
--------------------------------------------------
--------------------------------------------------
Applying pruning mask...
--------------------------------------------------
--------------------------------------------------
Applying pruning mask...
--------------------------------------------------
micro     precision: 0.0000 | recall: 0.0000 | f1-score: 0.0000 | support: 1282 | mAP: 0.0739
macro     precision: 0.0000 | recall: 0.0000 | f1-score: 0.0000 | support: 1282 | mAP: 0.1037

==================================================
ROUND 18/20
==================================================
Epoch 1/3
----------
--------------------------------------------------
Applying pruning mask...
--------------------------------------------------
--------------------------------------------------
Applying pruning mask...
--------------------------------------------------
--------------------------------------------------
Applying pruning mask...
--------------------------------------------------
--------------------------------------------------
Applying pruning mask...
--------------------------------------------------
Epoch 2/3
----------
--------------------------------------------------
Applying pruning mask...
--------------------------------------------------
--------------------------------------------------
Applying pruning mask...
--------------------------------------------------
--------------------------------------------------
Applying pruning mask...
--------------------------------------------------
--------------------------------------------------
Applying pruning mask...
--------------------------------------------------
Epoch 3/3
----------
--------------------------------------------------
Applying pruning mask...
--------------------------------------------------
--------------------------------------------------
Applying pruning mask...
--------------------------------------------------
--------------------------------------------------
Applying pruning mask...
--------------------------------------------------
--------------------------------------------------
Applying pruning mask...
--------------------------------------------------
Epoch 1/3
----------
--------------------------------------------------
Applying pruning mask...
--------------------------------------------------
--------------------------------------------------
Applying pruning mask...
--------------------------------------------------
--------------------------------------------------
Applying pruning mask...
--------------------------------------------------
--------------------------------------------------
Applying pruning mask...
--------------------------------------------------
Epoch 2/3
----------
--------------------------------------------------
Applying pruning mask...
--------------------------------------------------
--------------------------------------------------
Applying pruning mask...
--------------------------------------------------
--------------------------------------------------
Applying pruning mask...
--------------------------------------------------
--------------------------------------------------
Applying pruning mask...
--------------------------------------------------
Epoch 3/3
----------
--------------------------------------------------
Applying pruning mask...
--------------------------------------------------
--------------------------------------------------
Applying pruning mask...
--------------------------------------------------
--------------------------------------------------
Applying pruning mask...
--------------------------------------------------
--------------------------------------------------
Applying pruning mask...
--------------------------------------------------
Epoch 1/3
----------
--------------------------------------------------
Applying pruning mask...
--------------------------------------------------
--------------------------------------------------
Applying pruning mask...
--------------------------------------------------
--------------------------------------------------
Applying pruning mask...
--------------------------------------------------
--------------------------------------------------
Applying pruning mask...
--------------------------------------------------
Epoch 2/3
----------
--------------------------------------------------
Applying pruning mask...
--------------------------------------------------
--------------------------------------------------
Applying pruning mask...
--------------------------------------------------
--------------------------------------------------
Applying pruning mask...
--------------------------------------------------
--------------------------------------------------
Applying pruning mask...
--------------------------------------------------
Epoch 3/3
----------
--------------------------------------------------
Applying pruning mask...
--------------------------------------------------
--------------------------------------------------
Applying pruning mask...
--------------------------------------------------
--------------------------------------------------
Applying pruning mask...
--------------------------------------------------
--------------------------------------------------
Applying pruning mask...
--------------------------------------------------
micro     precision: 0.0000 | recall: 0.0000 | f1-score: 0.0000 | support: 1282 | mAP: 0.0786
macro     precision: 0.0000 | recall: 0.0000 | f1-score: 0.0000 | support: 1282 | mAP: 0.1463

==================================================
ROUND 19/20
==================================================
Epoch 1/3
----------
--------------------------------------------------
Applying pruning mask...
--------------------------------------------------
--------------------------------------------------
Applying pruning mask...
--------------------------------------------------
--------------------------------------------------
Applying pruning mask...
--------------------------------------------------
--------------------------------------------------
Applying pruning mask...
--------------------------------------------------
Epoch 2/3
----------
--------------------------------------------------
Applying pruning mask...
--------------------------------------------------
--------------------------------------------------
Applying pruning mask...
--------------------------------------------------
--------------------------------------------------
Applying pruning mask...
--------------------------------------------------
--------------------------------------------------
Applying pruning mask...
--------------------------------------------------
Epoch 3/3
----------
--------------------------------------------------
Applying pruning mask...
--------------------------------------------------
--------------------------------------------------
Applying pruning mask...
--------------------------------------------------
--------------------------------------------------
Applying pruning mask...
--------------------------------------------------
--------------------------------------------------
Applying pruning mask...
--------------------------------------------------
Epoch 1/3
----------
--------------------------------------------------
Applying pruning mask...
--------------------------------------------------
--------------------------------------------------
Applying pruning mask...
--------------------------------------------------
--------------------------------------------------
Applying pruning mask...
--------------------------------------------------
--------------------------------------------------
Applying pruning mask...
--------------------------------------------------
Epoch 2/3
----------
--------------------------------------------------
Applying pruning mask...
--------------------------------------------------
--------------------------------------------------
Applying pruning mask...
--------------------------------------------------
--------------------------------------------------
Applying pruning mask...
--------------------------------------------------
--------------------------------------------------
Applying pruning mask...
--------------------------------------------------
Epoch 3/3
----------
--------------------------------------------------
Applying pruning mask...
--------------------------------------------------
--------------------------------------------------
Applying pruning mask...
--------------------------------------------------
--------------------------------------------------
Applying pruning mask...
--------------------------------------------------
--------------------------------------------------
Applying pruning mask...
--------------------------------------------------
Epoch 1/3
----------
--------------------------------------------------
Applying pruning mask...
--------------------------------------------------
--------------------------------------------------
Applying pruning mask...
--------------------------------------------------
--------------------------------------------------
Applying pruning mask...
--------------------------------------------------
--------------------------------------------------
Applying pruning mask...
--------------------------------------------------
Epoch 2/3
----------
--------------------------------------------------
Applying pruning mask...
--------------------------------------------------
--------------------------------------------------
Applying pruning mask...
--------------------------------------------------
--------------------------------------------------
Applying pruning mask...
--------------------------------------------------
--------------------------------------------------
Applying pruning mask...
--------------------------------------------------
Epoch 3/3
----------
--------------------------------------------------
Applying pruning mask...
--------------------------------------------------
--------------------------------------------------
Applying pruning mask...
--------------------------------------------------
--------------------------------------------------
Applying pruning mask...
--------------------------------------------------
--------------------------------------------------
Applying pruning mask...
--------------------------------------------------
micro     precision: 0.0000 | recall: 0.0000 | f1-score: 0.0000 | support: 1282 | mAP: 0.0738
macro     precision: 0.0000 | recall: 0.0000 | f1-score: 0.0000 | support: 1282 | mAP: 0.0915

==================================================
ROUND 20/20
==================================================
Epoch 1/3
----------
--------------------------------------------------
Applying pruning mask...
--------------------------------------------------
--------------------------------------------------
Applying pruning mask...
--------------------------------------------------
--------------------------------------------------
Applying pruning mask...
--------------------------------------------------
--------------------------------------------------
Applying pruning mask...
--------------------------------------------------
Epoch 2/3
----------
--------------------------------------------------
Applying pruning mask...
--------------------------------------------------
--------------------------------------------------
Applying pruning mask...
--------------------------------------------------
--------------------------------------------------
Applying pruning mask...
--------------------------------------------------
--------------------------------------------------
Applying pruning mask...
--------------------------------------------------
Epoch 3/3
----------
--------------------------------------------------
Applying pruning mask...
--------------------------------------------------
--------------------------------------------------
Applying pruning mask...
--------------------------------------------------
--------------------------------------------------
Applying pruning mask...
--------------------------------------------------
--------------------------------------------------
Applying pruning mask...
--------------------------------------------------
Epoch 1/3
----------
--------------------------------------------------
Applying pruning mask...
--------------------------------------------------
--------------------------------------------------
Applying pruning mask...
--------------------------------------------------
--------------------------------------------------
Applying pruning mask...
--------------------------------------------------
--------------------------------------------------
Applying pruning mask...
--------------------------------------------------
Epoch 2/3
----------
--------------------------------------------------
Applying pruning mask...
--------------------------------------------------
--------------------------------------------------
Applying pruning mask...
--------------------------------------------------
--------------------------------------------------
Applying pruning mask...
--------------------------------------------------
--------------------------------------------------
Applying pruning mask...
--------------------------------------------------
Epoch 3/3
----------
--------------------------------------------------
Applying pruning mask...
--------------------------------------------------
--------------------------------------------------
Applying pruning mask...
--------------------------------------------------
--------------------------------------------------
Applying pruning mask...
--------------------------------------------------
--------------------------------------------------
Applying pruning mask...
--------------------------------------------------
Epoch 1/3
----------
--------------------------------------------------
Applying pruning mask...
--------------------------------------------------
--------------------------------------------------
Applying pruning mask...
--------------------------------------------------
--------------------------------------------------
Applying pruning mask...
--------------------------------------------------
--------------------------------------------------
Applying pruning mask...
--------------------------------------------------
Epoch 2/3
----------
--------------------------------------------------
Applying pruning mask...
--------------------------------------------------
--------------------------------------------------
Applying pruning mask...
--------------------------------------------------
--------------------------------------------------
Applying pruning mask...
--------------------------------------------------
--------------------------------------------------
Applying pruning mask...
--------------------------------------------------
Epoch 3/3
----------
--------------------------------------------------
Applying pruning mask...
--------------------------------------------------
--------------------------------------------------
Applying pruning mask...
--------------------------------------------------
--------------------------------------------------
Applying pruning mask...
--------------------------------------------------
--------------------------------------------------
Applying pruning mask...
--------------------------------------------------
micro     precision: 0.0000 | recall: 0.0000 | f1-score: 0.0000 | support: 1282 | mAP: 0.0792
macro     precision: 0.0000 | recall: 0.0000 | f1-score: 0.0000 | support: 1282 | mAP: 0.1562

[{'0': {'precision': [], 'recall': [], 'f1-score': [], 'support': []}, '1': {'precision': [], 'recall': [], 'f1-score': [], 'support': []}, '2': {'precision': [], 'recall': [], 'f1-score': [], 'support': []}, '3': {'precision': [], 'recall': [], 'f1-score': [], 'support': []}, '4': {'precision': [], 'recall': [], 'f1-score': [], 'support': []}, '5': {'precision': [], 'recall': [], 'f1-score': [], 'support': []}, '6': {'precision': [], 'recall': [], 'f1-score': [], 'support': []}, '7': {'precision': [], 'recall': [], 'f1-score': [], 'support': []}, '8': {'precision': [], 'recall': [], 'f1-score': [], 'support': []}, '9': {'precision': [], 'recall': [], 'f1-score': [], 'support': []}, '10': {'precision': [], 'recall': [], 'f1-score': [], 'support': []}, '11': {'precision': [], 'recall': [], 'f1-score': [], 'support': []}, '12': {'precision': [], 'recall': [], 'f1-score': [], 'support': []}, '13': {'precision': [], 'recall': [], 'f1-score': [], 'support': []}, '14': {'precision': [], 'recall': [], 'f1-score': [], 'support': []}, '15': {'precision': [], 'recall': [], 'f1-score': [], 'support': []}, '16': {'precision': [], 'recall': [], 'f1-score': [], 'support': []}, '17': {'precision': [], 'recall': [], 'f1-score': [], 'support': []}, '18': {'precision': [], 'recall': [], 'f1-score': [], 'support': []}, 'micro avg': {'precision': [], 'recall': [], 'f1-score': [], 'support': []}, 'macro avg': {'precision': [], 'recall': [], 'f1-score': [], 'support': []}, 'weighted avg': {'precision': [], 'recall': [], 'f1-score': [], 'support': []}, 'ap_mic': [], 'ap_mac': []}, {'0': {'precision': [], 'recall': [], 'f1-score': [], 'support': []}, '1': {'precision': [], 'recall': [], 'f1-score': [], 'support': []}, '2': {'precision': [], 'recall': [], 'f1-score': [], 'support': []}, '3': {'precision': [], 'recall': [], 'f1-score': [], 'support': []}, '4': {'precision': [], 'recall': [], 'f1-score': [], 'support': []}, '5': {'precision': [], 'recall': [], 'f1-score': [], 'support': []}, '6': {'precision': [], 'recall': [], 'f1-score': [], 'support': []}, '7': {'precision': [], 'recall': [], 'f1-score': [], 'support': []}, '8': {'precision': [], 'recall': [], 'f1-score': [], 'support': []}, '9': {'precision': [], 'recall': [], 'f1-score': [], 'support': []}, '10': {'precision': [], 'recall': [], 'f1-score': [], 'support': []}, '11': {'precision': [], 'recall': [], 'f1-score': [], 'support': []}, '12': {'precision': [], 'recall': [], 'f1-score': [], 'support': []}, '13': {'precision': [], 'recall': [], 'f1-score': [], 'support': []}, '14': {'precision': [], 'recall': [], 'f1-score': [], 'support': []}, '15': {'precision': [], 'recall': [], 'f1-score': [], 'support': []}, '16': {'precision': [], 'recall': [], 'f1-score': [], 'support': []}, '17': {'precision': [], 'recall': [], 'f1-score': [], 'support': []}, '18': {'precision': [], 'recall': [], 'f1-score': [], 'support': []}, 'micro avg': {'precision': [], 'recall': [], 'f1-score': [], 'support': []}, 'macro avg': {'precision': [], 'recall': [], 'f1-score': [], 'support': []}, 'weighted avg': {'precision': [], 'recall': [], 'f1-score': [], 'support': []}, 'ap_mic': [], 'ap_mac': []}, {'0': {'precision': [], 'recall': [], 'f1-score': [], 'support': []}, '1': {'precision': [], 'recall': [], 'f1-score': [], 'support': []}, '2': {'precision': [], 'recall': [], 'f1-score': [], 'support': []}, '3': {'precision': [], 'recall': [], 'f1-score': [], 'support': []}, '4': {'precision': [], 'recall': [], 'f1-score': [], 'support': []}, '5': {'precision': [], 'recall': [], 'f1-score': [], 'support': []}, '6': {'precision': [], 'recall': [], 'f1-score': [], 'support': []}, '7': {'precision': [], 'recall': [], 'f1-score': [], 'support': []}, '8': {'precision': [], 'recall': [], 'f1-score': [], 'support': []}, '9': {'precision': [], 'recall': [], 'f1-score': [], 'support': []}, '10': {'precision': [], 'recall': [], 'f1-score': [], 'support': []}, '11': {'precision': [], 'recall': [], 'f1-score': [], 'support': []}, '12': {'precision': [], 'recall': [], 'f1-score': [], 'support': []}, '13': {'precision': [], 'recall': [], 'f1-score': [], 'support': []}, '14': {'precision': [], 'recall': [], 'f1-score': [], 'support': []}, '15': {'precision': [], 'recall': [], 'f1-score': [], 'support': []}, '16': {'precision': [], 'recall': [], 'f1-score': [], 'support': []}, '17': {'precision': [], 'recall': [], 'f1-score': [], 'support': []}, '18': {'precision': [], 'recall': [], 'f1-score': [], 'support': []}, 'micro avg': {'precision': [], 'recall': [], 'f1-score': [], 'support': []}, 'macro avg': {'precision': [], 'recall': [], 'f1-score': [], 'support': []}, 'weighted avg': {'precision': [], 'recall': [], 'f1-score': [], 'support': []}, 'ap_mic': [], 'ap_mac': []}]
