Using device: cuda:0
Pre-filtered 30767 patches based on country and season (split ignored)
Loading BEN data for train...
    237871 patches indexed
    14805 filtered patches indexed
    1000 patches indexed considering max_len
Merged metadata with snow/cloud metadata
Loaded 549488 labels
Loaded 549488 keys
Loaded mapping created
Pre-filtered 30767 patches based on country and season (split ignored)
Loading BEN data for test...
    119825 patches indexed
    8209 filtered patches indexed
    1000 patches indexed considering max_len
Merged metadata with snow/cloud metadata
Loaded 549488 labels
Loaded 549488 keys
Loaded mapping created
Pre-filtered 15549 patches based on country and season (split ignored)
Loading BEN data for train...
    237871 patches indexed
    7150 filtered patches indexed
    1000 patches indexed considering max_len
Merged metadata with snow/cloud metadata
Loaded 549488 labels
Loaded 549488 keys
Loaded mapping created
Pre-filtered 15549 patches based on country and season (split ignored)
Loading BEN data for test...
    119825 patches indexed
    4263 filtered patches indexed
    1000 patches indexed considering max_len
Merged metadata with snow/cloud metadata
Loaded 549488 labels
Loaded 549488 keys
Loaded mapping created
Pre-filtered 13683 patches based on country and season (split ignored)
Loading BEN data for train...
    237871 patches indexed
    7180 filtered patches indexed
    1000 patches indexed considering max_len
Merged metadata with snow/cloud metadata
Loaded 549488 labels
Loaded 549488 keys
Loaded mapping created
Pre-filtered 13683 patches based on country and season (split ignored)
Loading BEN data for test...
    119825 patches indexed
    3248 filtered patches indexed
    1000 patches indexed considering max_len
Merged metadata with snow/cloud metadata
Loaded 549488 labels
Loaded 549488 keys
Loaded mapping created
Pre-filtered 59999 patches based on country and season (split ignored)
Loading BEN data for test...
    119825 patches indexed
    15720 filtered patches indexed
    1000 patches indexed considering max_len
Merged metadata with snow/cloud metadata
Loaded 549488 labels
Loaded 549488 keys
Loaded mapping created
Pre-filtered 59999 patches based on country and season (split ignored)
Loading BEN data for train...
    237871 patches indexed
    29135 filtered patches indexed
    1000 patches indexed considering max_len
Merged metadata with snow/cloud metadata
Loaded 549488 labels
Loaded 549488 keys
Loaded mapping created
Loading BEN data for train...
    237871 patches indexed
    237871 filtered patches indexed
    1000 patches indexed considering max_len
Merged metadata with snow/cloud metadata
Loaded 549488 labels
Loaded 549488 keys
Loaded mapping created
==================================================
ROUND 1/20
==================================================
Epoch 1/3
----------
Epoch 2/3
----------
Epoch 3/3
----------
Epoch 1/3
----------
Epoch 2/3
----------
Epoch 3/3
----------
Epoch 1/3
----------
Epoch 2/3
----------
Epoch 3/3
----------
micro     precision: 0.0000 | recall: 0.0000 | f1-score: 0.0000 | support: 1282 | mAP: 0.0381
macro     precision: 0.0000 | recall: 0.0000 | f1-score: 0.0000 | support: 1282 | mAP: 0.0790

==================================================
ROUND 2/20
==================================================
Epoch 1/3
----------
Epoch 2/3
----------
Epoch 3/3
----------
Epoch 1/3
----------
Epoch 2/3
----------
Epoch 3/3
----------
Epoch 1/3
----------
Epoch 2/3
----------
Epoch 3/3
----------
micro     precision: 0.0000 | recall: 0.0000 | f1-score: 0.0000 | support: 1282 | mAP: 0.0881
macro     precision: 0.0000 | recall: 0.0000 | f1-score: 0.0000 | support: 1282 | mAP: 0.1102

==================================================
ROUND 3/20
==================================================
Epoch 1/3
----------
Epoch 2/3
----------
Epoch 3/3
----------
Epoch 1/3
----------
Epoch 2/3
----------
Epoch 3/3
----------
Epoch 1/3
----------
Epoch 2/3
----------
Epoch 3/3
----------
micro     precision: 0.0000 | recall: 0.0000 | f1-score: 0.0000 | support: 1282 | mAP: 0.1023
macro     precision: 0.0000 | recall: 0.0000 | f1-score: 0.0000 | support: 1282 | mAP: 0.1261

==================================================
ROUND 4/20
==================================================
Epoch 1/3
----------
Epoch 2/3
----------
Epoch 3/3
----------
Epoch 1/3
----------
Epoch 2/3
----------
Epoch 3/3
----------
Epoch 1/3
----------
Epoch 2/3
----------
Epoch 3/3
----------
micro     precision: 0.0000 | recall: 0.0000 | f1-score: 0.0000 | support: 1282 | mAP: 0.0964
macro     precision: 0.0000 | recall: 0.0000 | f1-score: 0.0000 | support: 1282 | mAP: 0.1469

==================================================
ROUND 5/20
==================================================
Epoch 1/3
----------
Epoch 2/3
----------
Epoch 3/3
----------
Epoch 1/3
----------
Epoch 2/3
----------
Epoch 3/3
----------
Epoch 1/3
----------
Epoch 2/3
----------
Epoch 3/3
----------
micro     precision: 0.0332 | recall: 0.0749 | f1-score: 0.0460 | support: 1282 | mAP: 0.0532
macro     precision: 0.0054 | recall: 0.0316 | f1-score: 0.0092 | support: 1282 | mAP: 0.1064

==================================================
ROUND 6/20
==================================================
Epoch 1/3
----------
Epoch 2/3
----------
Epoch 3/3
----------
Epoch 1/3
----------
Epoch 2/3
----------
Epoch 3/3
----------
Epoch 1/3
----------
Epoch 2/3
----------
Epoch 3/3
----------
micro     precision: 0.0184 | recall: 0.0140 | f1-score: 0.0159 | support: 1282 | mAP: 0.0658
macro     precision: 0.0279 | recall: 0.0106 | f1-score: 0.0154 | support: 1282 | mAP: 0.1512

==================================================
ROUND 7/20
==================================================
Epoch 1/3
----------
Epoch 2/3
----------
Epoch 3/3
----------
Epoch 1/3
----------
Epoch 2/3
----------
Epoch 3/3
----------
Epoch 1/3
----------
Epoch 2/3
----------
Epoch 3/3
----------
micro     precision: 0.0562 | recall: 0.1256 | f1-score: 0.0776 | support: 1282 | mAP: 0.0601
macro     precision: 0.0258 | recall: 0.0589 | f1-score: 0.0246 | support: 1282 | mAP: 0.1396

==================================================
ROUND 8/20
==================================================
Created train_loader1 with 30 patches.
Starting relevance computation and pruning mask generation.
Type of components_relevances: <class 'collections.OrderedDict'>
Layer: conv1
Total layer relevance: 3.8737578161937803e+27
--------------------------------------------------
Layer: encoder.4.0.conv1
Total layer relevance: 2.656692407650115e+27
--------------------------------------------------
Layer: encoder.4.0.conv2
Total layer relevance: 1.952545063755905e+27
--------------------------------------------------
Layer: encoder.4.0.conv3
Total layer relevance: 5.163618504070881e+26
--------------------------------------------------
Layer: encoder.4.0.downsample.0
Total layer relevance: 5.090315201405656e+26
--------------------------------------------------
Layer: encoder.4.1.conv1
Total layer relevance: 3.828128051510145e+25
--------------------------------------------------
Layer: encoder.4.1.conv2
Total layer relevance: 2.484822543588861e+25
--------------------------------------------------
Layer: encoder.4.1.conv3
Total layer relevance: 4.3685758018192174e+24
--------------------------------------------------
Layer: encoder.4.2.conv1
Total layer relevance: 8.275174083245026e+23
--------------------------------------------------
Layer: encoder.4.2.conv2
Total layer relevance: 4.913594367079379e+23
--------------------------------------------------
Layer: encoder.4.2.conv3
Total layer relevance: 1.365252265878521e+23
--------------------------------------------------
Layer: encoder.5.0.conv1
Total layer relevance: 3.902935629949658e+22
--------------------------------------------------
Layer: encoder.5.0.conv2
Total layer relevance: 2.96840087703341e+22
--------------------------------------------------
Layer: encoder.5.0.conv3
Total layer relevance: 3.469522487430422e+21
--------------------------------------------------
Layer: encoder.5.0.downsample.0
Total layer relevance: 3.4946255517533853e+21
--------------------------------------------------
Layer: encoder.5.1.conv1
Total layer relevance: 1.5165783784239923e+20
--------------------------------------------------
Layer: encoder.5.1.conv2
Total layer relevance: 1.1974380036266603e+20
--------------------------------------------------
Layer: encoder.5.1.conv3
Total layer relevance: 1.239194134724477e+19
--------------------------------------------------
Layer: encoder.5.2.conv1
Total layer relevance: 7.883705903973663e+17
--------------------------------------------------
Layer: encoder.5.2.conv2
Total layer relevance: 6.342626970508984e+17
--------------------------------------------------
Layer: encoder.5.2.conv3
Total layer relevance: 9.796108296598323e+16
--------------------------------------------------
Layer: encoder.5.3.conv1
Total layer relevance: 1.4145806575599616e+16
--------------------------------------------------
Layer: encoder.5.3.conv2
Total layer relevance: 1.4185508179542016e+16
--------------------------------------------------
Layer: encoder.5.3.conv3
Total layer relevance: 5246187661688832.0
--------------------------------------------------
Layer: encoder.6.0.conv1
Total layer relevance: 1123986230476800.0
--------------------------------------------------
Layer: encoder.6.0.conv2
Total layer relevance: 1393651657736192.0
--------------------------------------------------
Layer: encoder.6.0.conv3
Total layer relevance: 96238011678720.0
--------------------------------------------------
Layer: encoder.6.0.downsample.0
Total layer relevance: 96209599463424.0
--------------------------------------------------
Layer: encoder.6.1.conv1
Total layer relevance: 464431415296.0
--------------------------------------------------
Layer: encoder.6.1.conv2
Total layer relevance: 590920417280.0
--------------------------------------------------
Layer: encoder.6.1.conv3
Total layer relevance: 45388963840.0
--------------------------------------------------
Layer: encoder.6.2.conv1
Total layer relevance: 3415771648.0
--------------------------------------------------
Layer: encoder.6.2.conv2
Total layer relevance: 4956084224.0
--------------------------------------------------
Layer: encoder.6.2.conv3
Total layer relevance: 736975616.0
--------------------------------------------------
Layer: encoder.6.3.conv1
Total layer relevance: 195690048.0
--------------------------------------------------
Layer: encoder.6.3.conv2
Total layer relevance: 296079808.0
--------------------------------------------------
Layer: encoder.6.3.conv3
Total layer relevance: 68674496.0
--------------------------------------------------
Layer: encoder.6.4.conv1
Total layer relevance: 46673016.0
--------------------------------------------------
Layer: encoder.6.4.conv2
Total layer relevance: 83528824.0
--------------------------------------------------
Layer: encoder.6.4.conv3
Total layer relevance: 7932103.5
--------------------------------------------------
Layer: encoder.6.5.conv1
Total layer relevance: 607441.125
--------------------------------------------------
Layer: encoder.6.5.conv2
Total layer relevance: 1095692.0
--------------------------------------------------
Layer: encoder.6.5.conv3
Total layer relevance: 190666.59375
--------------------------------------------------
Layer: encoder.7.0.conv1
Total layer relevance: 85714.96875
--------------------------------------------------
Layer: encoder.7.0.conv2
Total layer relevance: 265987.5625
--------------------------------------------------
Layer: encoder.7.0.conv3
Total layer relevance: 56785.69921875
--------------------------------------------------
Layer: encoder.7.0.downsample.0
Total layer relevance: 73396.46875
--------------------------------------------------
Layer: encoder.7.1.conv1
Total layer relevance: 16789.6171875
--------------------------------------------------
Layer: encoder.7.1.conv2
Total layer relevance: 61637.92578125
--------------------------------------------------
Layer: encoder.7.1.conv3
Total layer relevance: 28753.90234375
--------------------------------------------------
Layer: encoder.7.2.conv1
Total layer relevance: 22294.798828125
--------------------------------------------------
Layer: encoder.7.2.conv2
Total layer relevance: 49830.5
--------------------------------------------------
Layer: encoder.7.2.conv3
Total layer relevance: 11113.8466796875
--------------------------------------------------
Layer: conv1	   % of pruned neurons: 0.00%
Layer: encoder.4.0.conv1	   % of pruned neurons: 0.00%
Layer: encoder.4.0.conv2	   % of pruned neurons: 0.00%
Layer: encoder.4.0.conv3	   % of pruned neurons: 0.00%
Layer: encoder.4.0.downsample.0	   % of pruned neurons: 0.00%
Layer: encoder.4.1.conv1	   % of pruned neurons: 0.00%
Layer: encoder.4.1.conv2	   % of pruned neurons: 0.00%
Layer: encoder.4.1.conv3	   % of pruned neurons: 0.00%
Layer: encoder.4.2.conv1	   % of pruned neurons: 0.00%
Layer: encoder.4.2.conv2	   % of pruned neurons: 0.00%
Layer: encoder.4.2.conv3	   % of pruned neurons: 0.00%
Layer: encoder.5.0.conv1	   % of pruned neurons: 0.00%
Layer: encoder.5.0.conv2	   % of pruned neurons: 0.00%
Layer: encoder.5.0.conv3	   % of pruned neurons: 0.00%
Layer: encoder.5.0.downsample.0	   % of pruned neurons: 0.00%
Layer: encoder.5.1.conv1	   % of pruned neurons: 0.00%
Layer: encoder.5.1.conv2	   % of pruned neurons: 0.00%
Layer: encoder.5.1.conv3	   % of pruned neurons: 0.00%
Layer: encoder.5.2.conv1	   % of pruned neurons: 0.00%
Layer: encoder.5.2.conv2	   % of pruned neurons: 0.00%
Layer: encoder.5.2.conv3	   % of pruned neurons: 0.00%
Layer: encoder.5.3.conv1	   % of pruned neurons: 0.00%
Layer: encoder.5.3.conv2	   % of pruned neurons: 0.00%
Layer: encoder.5.3.conv3	   % of pruned neurons: 0.00%
Layer: encoder.6.0.conv1	   % of pruned neurons: 0.00%
Layer: encoder.6.0.conv2	   % of pruned neurons: 0.00%
Layer: encoder.6.0.conv3	   % of pruned neurons: 0.00%
Layer: encoder.6.0.downsample.0	   % of pruned neurons: 0.00%
Layer: encoder.6.1.conv1	   % of pruned neurons: 0.00%
Layer: encoder.6.1.conv2	   % of pruned neurons: 0.00%
Layer: encoder.6.1.conv3	   % of pruned neurons: 0.00%
Layer: encoder.6.2.conv1	   % of pruned neurons: 0.00%
Layer: encoder.6.2.conv2	   % of pruned neurons: 0.00%
Layer: encoder.6.2.conv3	   % of pruned neurons: 0.00%
Layer: encoder.6.3.conv1	   % of pruned neurons: 0.00%
Layer: encoder.6.3.conv2	   % of pruned neurons: 0.00%
Layer: encoder.6.3.conv3	   % of pruned neurons: 7.32%
Layer: encoder.6.4.conv1	   % of pruned neurons: 0.00%
Layer: encoder.6.4.conv2	   % of pruned neurons: 0.00%
Layer: encoder.6.4.conv3	   % of pruned neurons: 88.67%
Layer: encoder.6.5.conv1	   % of pruned neurons: 14.45%
Layer: encoder.6.5.conv2	   % of pruned neurons: 0.00%
Layer: encoder.6.5.conv3	   % of pruned neurons: 97.95%
Layer: encoder.7.0.conv1	   % of pruned neurons: 100.00%
Layer: encoder.7.0.conv2	   % of pruned neurons: 100.00%
Layer: encoder.7.0.conv3	   % of pruned neurons: 99.90%
Layer: encoder.7.0.downsample.0	   % of pruned neurons: 99.85%
Layer: encoder.7.1.conv1	   % of pruned neurons: 100.00%
Layer: encoder.7.1.conv2	   % of pruned neurons: 100.00%
Layer: encoder.7.1.conv3	   % of pruned neurons: 99.95%
Layer: encoder.7.2.conv1	   % of pruned neurons: 100.00%
Layer: encoder.7.2.conv2	   % of pruned neurons: 100.00%
Layer: encoder.7.2.conv3	   % of pruned neurons: 99.95%
Overall Percentage of pruned neurons across all layers: 65.93%
[INFO] Pruner and pruning mask received and stored.
[INFO] Pruner and pruning mask received and stored.
[INFO] Pruner and pruning mask received and stored.
Epoch 1/3
----------
--------------------------------------------------
Applying pruning mask...
--------------------------------------------------
--------------------------------------------------
Applying pruning mask...
--------------------------------------------------
--------------------------------------------------
Applying pruning mask...
--------------------------------------------------
--------------------------------------------------
Applying pruning mask...
--------------------------------------------------
Epoch 2/3
----------
--------------------------------------------------
Applying pruning mask...
--------------------------------------------------
--------------------------------------------------
Applying pruning mask...
--------------------------------------------------
--------------------------------------------------
Applying pruning mask...
--------------------------------------------------
--------------------------------------------------
Applying pruning mask...
--------------------------------------------------
Epoch 3/3
----------
--------------------------------------------------
Applying pruning mask...
--------------------------------------------------
--------------------------------------------------
Applying pruning mask...
--------------------------------------------------
--------------------------------------------------
Applying pruning mask...
--------------------------------------------------
--------------------------------------------------
Applying pruning mask...
--------------------------------------------------
Epoch 1/3
----------
--------------------------------------------------
Applying pruning mask...
--------------------------------------------------
--------------------------------------------------
Applying pruning mask...
--------------------------------------------------
--------------------------------------------------
Applying pruning mask...
--------------------------------------------------
--------------------------------------------------
Applying pruning mask...
--------------------------------------------------
Epoch 2/3
----------
--------------------------------------------------
Applying pruning mask...
--------------------------------------------------
--------------------------------------------------
Applying pruning mask...
--------------------------------------------------
--------------------------------------------------
Applying pruning mask...
--------------------------------------------------
--------------------------------------------------
Applying pruning mask...
--------------------------------------------------
Epoch 3/3
----------
--------------------------------------------------
Applying pruning mask...
--------------------------------------------------
--------------------------------------------------
Applying pruning mask...
--------------------------------------------------
--------------------------------------------------
Applying pruning mask...
--------------------------------------------------
--------------------------------------------------
Applying pruning mask...
--------------------------------------------------
Epoch 1/3
----------
--------------------------------------------------
Applying pruning mask...
--------------------------------------------------
--------------------------------------------------
Applying pruning mask...
--------------------------------------------------
--------------------------------------------------
Applying pruning mask...
--------------------------------------------------
--------------------------------------------------
Applying pruning mask...
--------------------------------------------------
Epoch 2/3
----------
--------------------------------------------------
Applying pruning mask...
--------------------------------------------------
--------------------------------------------------
Applying pruning mask...
--------------------------------------------------
--------------------------------------------------
Applying pruning mask...
--------------------------------------------------
--------------------------------------------------
Applying pruning mask...
--------------------------------------------------
Epoch 3/3
----------
--------------------------------------------------
Applying pruning mask...
--------------------------------------------------
--------------------------------------------------
Applying pruning mask...
--------------------------------------------------
--------------------------------------------------
Applying pruning mask...
--------------------------------------------------
--------------------------------------------------
Applying pruning mask...
--------------------------------------------------
micro     precision: 0.0020 | recall: 0.0016 | f1-score: 0.0018 | support: 1282 | mAP: 0.2191
macro     precision: 0.0001 | recall: 0.0526 | f1-score: 0.0002 | support: 1282 | mAP: 0.0625

==================================================
ROUND 9/20
==================================================
Epoch 1/3
----------
--------------------------------------------------
Applying pruning mask...
--------------------------------------------------
--------------------------------------------------
Applying pruning mask...
--------------------------------------------------
--------------------------------------------------
Applying pruning mask...
--------------------------------------------------
--------------------------------------------------
Applying pruning mask...
--------------------------------------------------
Epoch 2/3
----------
--------------------------------------------------
Applying pruning mask...
--------------------------------------------------
--------------------------------------------------
Applying pruning mask...
--------------------------------------------------
--------------------------------------------------
Applying pruning mask...
--------------------------------------------------
--------------------------------------------------
Applying pruning mask...
--------------------------------------------------
Epoch 3/3
----------
--------------------------------------------------
Applying pruning mask...
--------------------------------------------------
--------------------------------------------------
Applying pruning mask...
--------------------------------------------------
--------------------------------------------------
Applying pruning mask...
--------------------------------------------------
--------------------------------------------------
Applying pruning mask...
--------------------------------------------------
Epoch 1/3
----------
--------------------------------------------------
Applying pruning mask...
--------------------------------------------------
--------------------------------------------------
Applying pruning mask...
--------------------------------------------------
--------------------------------------------------
Applying pruning mask...
--------------------------------------------------
--------------------------------------------------
Applying pruning mask...
--------------------------------------------------
Epoch 2/3
----------
--------------------------------------------------
Applying pruning mask...
--------------------------------------------------
--------------------------------------------------
Applying pruning mask...
--------------------------------------------------
--------------------------------------------------
Applying pruning mask...
--------------------------------------------------
--------------------------------------------------
Applying pruning mask...
--------------------------------------------------
Epoch 3/3
----------
--------------------------------------------------
Applying pruning mask...
--------------------------------------------------
--------------------------------------------------
Applying pruning mask...
--------------------------------------------------
--------------------------------------------------
Applying pruning mask...
--------------------------------------------------
--------------------------------------------------
Applying pruning mask...
--------------------------------------------------
Epoch 1/3
----------
--------------------------------------------------
Applying pruning mask...
--------------------------------------------------
--------------------------------------------------
Applying pruning mask...
--------------------------------------------------
--------------------------------------------------
Applying pruning mask...
--------------------------------------------------
--------------------------------------------------
Applying pruning mask...
--------------------------------------------------
Epoch 2/3
----------
--------------------------------------------------
Applying pruning mask...
--------------------------------------------------
--------------------------------------------------
Applying pruning mask...
--------------------------------------------------
--------------------------------------------------
Applying pruning mask...
--------------------------------------------------
--------------------------------------------------
Applying pruning mask...
--------------------------------------------------
Epoch 3/3
----------
--------------------------------------------------
Applying pruning mask...
--------------------------------------------------
--------------------------------------------------
Applying pruning mask...
--------------------------------------------------
--------------------------------------------------
Applying pruning mask...
--------------------------------------------------
--------------------------------------------------
Applying pruning mask...
--------------------------------------------------
micro     precision: 0.0000 | recall: 0.0000 | f1-score: 0.0000 | support: 1282 | mAP: 0.2082
macro     precision: 0.0000 | recall: 0.0000 | f1-score: 0.0000 | support: 1282 | mAP: 0.1023

==================================================
ROUND 10/20
==================================================
Epoch 1/3
----------
--------------------------------------------------
Applying pruning mask...
--------------------------------------------------
--------------------------------------------------
Applying pruning mask...
--------------------------------------------------
--------------------------------------------------
Applying pruning mask...
--------------------------------------------------
--------------------------------------------------
Applying pruning mask...
--------------------------------------------------
Epoch 2/3
----------
--------------------------------------------------
Applying pruning mask...
--------------------------------------------------
--------------------------------------------------
Applying pruning mask...
--------------------------------------------------
--------------------------------------------------
Applying pruning mask...
--------------------------------------------------
--------------------------------------------------
Applying pruning mask...
--------------------------------------------------
Epoch 3/3
----------
--------------------------------------------------
Applying pruning mask...
--------------------------------------------------
--------------------------------------------------
Applying pruning mask...
--------------------------------------------------
--------------------------------------------------
Applying pruning mask...
--------------------------------------------------
--------------------------------------------------
Applying pruning mask...
--------------------------------------------------
Epoch 1/3
----------
--------------------------------------------------
Applying pruning mask...
--------------------------------------------------
--------------------------------------------------
Applying pruning mask...
--------------------------------------------------
--------------------------------------------------
Applying pruning mask...
--------------------------------------------------
--------------------------------------------------
Applying pruning mask...
--------------------------------------------------
Epoch 2/3
----------
--------------------------------------------------
Applying pruning mask...
--------------------------------------------------
--------------------------------------------------
Applying pruning mask...
--------------------------------------------------
--------------------------------------------------
Applying pruning mask...
--------------------------------------------------
--------------------------------------------------
Applying pruning mask...
--------------------------------------------------
Epoch 3/3
----------
--------------------------------------------------
Applying pruning mask...
--------------------------------------------------
--------------------------------------------------
Applying pruning mask...
--------------------------------------------------
--------------------------------------------------
Applying pruning mask...
--------------------------------------------------
--------------------------------------------------
Applying pruning mask...
--------------------------------------------------
Epoch 1/3
----------
--------------------------------------------------
Applying pruning mask...
--------------------------------------------------
--------------------------------------------------
Applying pruning mask...
--------------------------------------------------
--------------------------------------------------
Applying pruning mask...
--------------------------------------------------
--------------------------------------------------
Applying pruning mask...
--------------------------------------------------
Epoch 2/3
----------
--------------------------------------------------
Applying pruning mask...
--------------------------------------------------
--------------------------------------------------
Applying pruning mask...
--------------------------------------------------
--------------------------------------------------
Applying pruning mask...
--------------------------------------------------
--------------------------------------------------
Applying pruning mask...
--------------------------------------------------
Epoch 3/3
----------
--------------------------------------------------
Applying pruning mask...
--------------------------------------------------
--------------------------------------------------
Applying pruning mask...
--------------------------------------------------
--------------------------------------------------
Applying pruning mask...
--------------------------------------------------
--------------------------------------------------
Applying pruning mask...
--------------------------------------------------
micro     precision: 0.0000 | recall: 0.0000 | f1-score: 0.0000 | support: 1282 | mAP: 0.1627
macro     precision: 0.0000 | recall: 0.0000 | f1-score: 0.0000 | support: 1282 | mAP: 0.0635

==================================================
ROUND 11/20
==================================================
Epoch 1/3
----------
--------------------------------------------------
Applying pruning mask...
--------------------------------------------------
--------------------------------------------------
Applying pruning mask...
--------------------------------------------------
--------------------------------------------------
Applying pruning mask...
--------------------------------------------------
--------------------------------------------------
Applying pruning mask...
--------------------------------------------------
Epoch 2/3
----------
--------------------------------------------------
Applying pruning mask...
--------------------------------------------------
--------------------------------------------------
Applying pruning mask...
--------------------------------------------------
--------------------------------------------------
Applying pruning mask...
--------------------------------------------------
--------------------------------------------------
Applying pruning mask...
--------------------------------------------------
Epoch 3/3
----------
--------------------------------------------------
Applying pruning mask...
--------------------------------------------------
--------------------------------------------------
Applying pruning mask...
--------------------------------------------------
--------------------------------------------------
Applying pruning mask...
--------------------------------------------------
--------------------------------------------------
Applying pruning mask...
--------------------------------------------------
Epoch 1/3
----------
--------------------------------------------------
Applying pruning mask...
--------------------------------------------------
--------------------------------------------------
Applying pruning mask...
--------------------------------------------------
--------------------------------------------------
Applying pruning mask...
--------------------------------------------------
--------------------------------------------------
Applying pruning mask...
--------------------------------------------------
Epoch 2/3
----------
--------------------------------------------------
Applying pruning mask...
--------------------------------------------------
--------------------------------------------------
Applying pruning mask...
--------------------------------------------------
--------------------------------------------------
Applying pruning mask...
--------------------------------------------------
--------------------------------------------------
Applying pruning mask...
--------------------------------------------------
Epoch 3/3
----------
--------------------------------------------------
Applying pruning mask...
--------------------------------------------------
--------------------------------------------------
Applying pruning mask...
--------------------------------------------------
--------------------------------------------------
Applying pruning mask...
--------------------------------------------------
--------------------------------------------------
Applying pruning mask...
--------------------------------------------------
Epoch 1/3
----------
--------------------------------------------------
Applying pruning mask...
--------------------------------------------------
--------------------------------------------------
Applying pruning mask...
--------------------------------------------------
--------------------------------------------------
Applying pruning mask...
--------------------------------------------------
--------------------------------------------------
Applying pruning mask...
--------------------------------------------------
Epoch 2/3
----------
--------------------------------------------------
Applying pruning mask...
--------------------------------------------------
--------------------------------------------------
Applying pruning mask...
--------------------------------------------------
--------------------------------------------------
Applying pruning mask...
--------------------------------------------------
--------------------------------------------------
Applying pruning mask...
--------------------------------------------------
Epoch 3/3
----------
--------------------------------------------------
Applying pruning mask...
--------------------------------------------------
--------------------------------------------------
Applying pruning mask...
--------------------------------------------------
--------------------------------------------------
Applying pruning mask...
--------------------------------------------------
--------------------------------------------------
Applying pruning mask...
--------------------------------------------------
micro     precision: 0.0000 | recall: 0.0000 | f1-score: 0.0000 | support: 1282 | mAP: 0.1166
macro     precision: 0.0000 | recall: 0.0000 | f1-score: 0.0000 | support: 1282 | mAP: 0.0627

==================================================
ROUND 12/20
==================================================
Epoch 1/3
----------
--------------------------------------------------
Applying pruning mask...
--------------------------------------------------
--------------------------------------------------
Applying pruning mask...
--------------------------------------------------
--------------------------------------------------
Applying pruning mask...
--------------------------------------------------
--------------------------------------------------
Applying pruning mask...
--------------------------------------------------
Epoch 2/3
----------
--------------------------------------------------
Applying pruning mask...
--------------------------------------------------
--------------------------------------------------
Applying pruning mask...
--------------------------------------------------
--------------------------------------------------
Applying pruning mask...
--------------------------------------------------
--------------------------------------------------
Applying pruning mask...
--------------------------------------------------
Epoch 3/3
----------
--------------------------------------------------
Applying pruning mask...
--------------------------------------------------
--------------------------------------------------
Applying pruning mask...
--------------------------------------------------
--------------------------------------------------
Applying pruning mask...
--------------------------------------------------
--------------------------------------------------
Applying pruning mask...
--------------------------------------------------
Epoch 1/3
----------
--------------------------------------------------
Applying pruning mask...
--------------------------------------------------
--------------------------------------------------
Applying pruning mask...
--------------------------------------------------
--------------------------------------------------
Applying pruning mask...
--------------------------------------------------
--------------------------------------------------
Applying pruning mask...
--------------------------------------------------
Epoch 2/3
----------
--------------------------------------------------
Applying pruning mask...
--------------------------------------------------
--------------------------------------------------
Applying pruning mask...
--------------------------------------------------
--------------------------------------------------
Applying pruning mask...
--------------------------------------------------
--------------------------------------------------
Applying pruning mask...
--------------------------------------------------
Epoch 3/3
----------
--------------------------------------------------
Applying pruning mask...
--------------------------------------------------
--------------------------------------------------
Applying pruning mask...
--------------------------------------------------
--------------------------------------------------
Applying pruning mask...
--------------------------------------------------
--------------------------------------------------
Applying pruning mask...
--------------------------------------------------
Epoch 1/3
----------
--------------------------------------------------
Applying pruning mask...
--------------------------------------------------
--------------------------------------------------
Applying pruning mask...
--------------------------------------------------
--------------------------------------------------
Applying pruning mask...
--------------------------------------------------
--------------------------------------------------
Applying pruning mask...
--------------------------------------------------
Epoch 2/3
----------
--------------------------------------------------
Applying pruning mask...
--------------------------------------------------
--------------------------------------------------
Applying pruning mask...
--------------------------------------------------
--------------------------------------------------
Applying pruning mask...
--------------------------------------------------
--------------------------------------------------
Applying pruning mask...
--------------------------------------------------
Epoch 3/3
----------
--------------------------------------------------
Applying pruning mask...
--------------------------------------------------
--------------------------------------------------
Applying pruning mask...
--------------------------------------------------
--------------------------------------------------
Applying pruning mask...
--------------------------------------------------
--------------------------------------------------
Applying pruning mask...
--------------------------------------------------
micro     precision: 0.0000 | recall: 0.0000 | f1-score: 0.0000 | support: 1282 | mAP: 0.0723
macro     precision: 0.0000 | recall: 0.0000 | f1-score: 0.0000 | support: 1282 | mAP: 0.0671

==================================================
ROUND 13/20
==================================================
Epoch 1/3
----------
--------------------------------------------------
Applying pruning mask...
--------------------------------------------------
--------------------------------------------------
Applying pruning mask...
--------------------------------------------------
--------------------------------------------------
Applying pruning mask...
--------------------------------------------------
--------------------------------------------------
Applying pruning mask...
--------------------------------------------------
Epoch 2/3
----------
--------------------------------------------------
Applying pruning mask...
--------------------------------------------------
--------------------------------------------------
Applying pruning mask...
--------------------------------------------------
--------------------------------------------------
Applying pruning mask...
--------------------------------------------------
--------------------------------------------------
Applying pruning mask...
--------------------------------------------------
Epoch 3/3
----------
--------------------------------------------------
Applying pruning mask...
--------------------------------------------------
--------------------------------------------------
Applying pruning mask...
--------------------------------------------------
--------------------------------------------------
Applying pruning mask...
--------------------------------------------------
--------------------------------------------------
Applying pruning mask...
--------------------------------------------------
Epoch 1/3
----------
--------------------------------------------------
Applying pruning mask...
--------------------------------------------------
--------------------------------------------------
Applying pruning mask...
--------------------------------------------------
--------------------------------------------------
Applying pruning mask...
--------------------------------------------------
--------------------------------------------------
Applying pruning mask...
--------------------------------------------------
Epoch 2/3
----------
--------------------------------------------------
Applying pruning mask...
--------------------------------------------------
--------------------------------------------------
Applying pruning mask...
--------------------------------------------------
--------------------------------------------------
Applying pruning mask...
--------------------------------------------------
--------------------------------------------------
Applying pruning mask...
--------------------------------------------------
Epoch 3/3
----------
--------------------------------------------------
Applying pruning mask...
--------------------------------------------------
--------------------------------------------------
Applying pruning mask...
--------------------------------------------------
--------------------------------------------------
Applying pruning mask...
--------------------------------------------------
--------------------------------------------------
Applying pruning mask...
--------------------------------------------------
Epoch 1/3
----------
--------------------------------------------------
Applying pruning mask...
--------------------------------------------------
--------------------------------------------------
Applying pruning mask...
--------------------------------------------------
--------------------------------------------------
Applying pruning mask...
--------------------------------------------------
--------------------------------------------------
Applying pruning mask...
--------------------------------------------------
Epoch 2/3
----------
--------------------------------------------------
Applying pruning mask...
--------------------------------------------------
--------------------------------------------------
Applying pruning mask...
--------------------------------------------------
--------------------------------------------------
Applying pruning mask...
--------------------------------------------------
--------------------------------------------------
Applying pruning mask...
--------------------------------------------------
Epoch 3/3
----------
--------------------------------------------------
Applying pruning mask...
--------------------------------------------------
--------------------------------------------------
Applying pruning mask...
--------------------------------------------------
--------------------------------------------------
Applying pruning mask...
--------------------------------------------------
--------------------------------------------------
Applying pruning mask...
--------------------------------------------------
micro     precision: 0.0000 | recall: 0.0000 | f1-score: 0.0000 | support: 1282 | mAP: 0.0735
macro     precision: 0.0000 | recall: 0.0000 | f1-score: 0.0000 | support: 1282 | mAP: 0.0931

==================================================
ROUND 14/20
==================================================
Epoch 1/3
----------
--------------------------------------------------
Applying pruning mask...
--------------------------------------------------
--------------------------------------------------
Applying pruning mask...
--------------------------------------------------
--------------------------------------------------
Applying pruning mask...
--------------------------------------------------
--------------------------------------------------
Applying pruning mask...
--------------------------------------------------
Epoch 2/3
----------
--------------------------------------------------
Applying pruning mask...
--------------------------------------------------
--------------------------------------------------
Applying pruning mask...
--------------------------------------------------
--------------------------------------------------
Applying pruning mask...
--------------------------------------------------
--------------------------------------------------
Applying pruning mask...
--------------------------------------------------
Epoch 3/3
----------
--------------------------------------------------
Applying pruning mask...
--------------------------------------------------
--------------------------------------------------
Applying pruning mask...
--------------------------------------------------
--------------------------------------------------
Applying pruning mask...
--------------------------------------------------
--------------------------------------------------
Applying pruning mask...
--------------------------------------------------
Epoch 1/3
----------
--------------------------------------------------
Applying pruning mask...
--------------------------------------------------
--------------------------------------------------
Applying pruning mask...
--------------------------------------------------
--------------------------------------------------
Applying pruning mask...
--------------------------------------------------
--------------------------------------------------
Applying pruning mask...
--------------------------------------------------
Epoch 2/3
----------
--------------------------------------------------
Applying pruning mask...
--------------------------------------------------
--------------------------------------------------
Applying pruning mask...
--------------------------------------------------
--------------------------------------------------
Applying pruning mask...
--------------------------------------------------
--------------------------------------------------
Applying pruning mask...
--------------------------------------------------
Epoch 3/3
----------
--------------------------------------------------
Applying pruning mask...
--------------------------------------------------
--------------------------------------------------
Applying pruning mask...
--------------------------------------------------
--------------------------------------------------
Applying pruning mask...
--------------------------------------------------
--------------------------------------------------
Applying pruning mask...
--------------------------------------------------
Epoch 1/3
----------
--------------------------------------------------
Applying pruning mask...
--------------------------------------------------
--------------------------------------------------
Applying pruning mask...
--------------------------------------------------
--------------------------------------------------
Applying pruning mask...
--------------------------------------------------
--------------------------------------------------
Applying pruning mask...
--------------------------------------------------
Epoch 2/3
----------
--------------------------------------------------
Applying pruning mask...
--------------------------------------------------
--------------------------------------------------
Applying pruning mask...
--------------------------------------------------
--------------------------------------------------
Applying pruning mask...
--------------------------------------------------
--------------------------------------------------
Applying pruning mask...
--------------------------------------------------
Epoch 3/3
----------
--------------------------------------------------
Applying pruning mask...
--------------------------------------------------
--------------------------------------------------
Applying pruning mask...
--------------------------------------------------
--------------------------------------------------
Applying pruning mask...
--------------------------------------------------
--------------------------------------------------
Applying pruning mask...
--------------------------------------------------
micro     precision: 0.0000 | recall: 0.0000 | f1-score: 0.0000 | support: 1282 | mAP: 0.0752
macro     precision: 0.0000 | recall: 0.0000 | f1-score: 0.0000 | support: 1282 | mAP: 0.0930

==================================================
ROUND 15/20
==================================================
Epoch 1/3
----------
--------------------------------------------------
Applying pruning mask...
--------------------------------------------------
--------------------------------------------------
Applying pruning mask...
--------------------------------------------------
--------------------------------------------------
Applying pruning mask...
--------------------------------------------------
--------------------------------------------------
Applying pruning mask...
--------------------------------------------------
Epoch 2/3
----------
--------------------------------------------------
Applying pruning mask...
--------------------------------------------------
--------------------------------------------------
Applying pruning mask...
--------------------------------------------------
--------------------------------------------------
Applying pruning mask...
--------------------------------------------------
--------------------------------------------------
Applying pruning mask...
--------------------------------------------------
Epoch 3/3
----------
--------------------------------------------------
Applying pruning mask...
--------------------------------------------------
--------------------------------------------------
Applying pruning mask...
--------------------------------------------------
--------------------------------------------------
Applying pruning mask...
--------------------------------------------------
--------------------------------------------------
Applying pruning mask...
--------------------------------------------------
Epoch 1/3
----------
--------------------------------------------------
Applying pruning mask...
--------------------------------------------------
--------------------------------------------------
Applying pruning mask...
--------------------------------------------------
--------------------------------------------------
Applying pruning mask...
--------------------------------------------------
--------------------------------------------------
Applying pruning mask...
--------------------------------------------------
Epoch 2/3
----------
--------------------------------------------------
Applying pruning mask...
--------------------------------------------------
--------------------------------------------------
Applying pruning mask...
--------------------------------------------------
--------------------------------------------------
Applying pruning mask...
--------------------------------------------------
--------------------------------------------------
Applying pruning mask...
--------------------------------------------------
Epoch 3/3
----------
--------------------------------------------------
Applying pruning mask...
--------------------------------------------------
--------------------------------------------------
Applying pruning mask...
--------------------------------------------------
--------------------------------------------------
Applying pruning mask...
--------------------------------------------------
--------------------------------------------------
Applying pruning mask...
--------------------------------------------------
Epoch 1/3
----------
--------------------------------------------------
Applying pruning mask...
--------------------------------------------------
--------------------------------------------------
Applying pruning mask...
--------------------------------------------------
--------------------------------------------------
Applying pruning mask...
--------------------------------------------------
--------------------------------------------------
Applying pruning mask...
--------------------------------------------------
Epoch 2/3
----------
--------------------------------------------------
Applying pruning mask...
--------------------------------------------------
--------------------------------------------------
Applying pruning mask...
--------------------------------------------------
--------------------------------------------------
Applying pruning mask...
--------------------------------------------------
--------------------------------------------------
Applying pruning mask...
--------------------------------------------------
Epoch 3/3
----------
--------------------------------------------------
Applying pruning mask...
--------------------------------------------------
--------------------------------------------------
Applying pruning mask...
--------------------------------------------------
--------------------------------------------------
Applying pruning mask...
--------------------------------------------------
--------------------------------------------------
Applying pruning mask...
--------------------------------------------------
micro     precision: 0.0000 | recall: 0.0000 | f1-score: 0.0000 | support: 1282 | mAP: 0.0751
macro     precision: 0.0000 | recall: 0.0000 | f1-score: 0.0000 | support: 1282 | mAP: 0.0841

==================================================
ROUND 16/20
==================================================
Epoch 1/3
----------
--------------------------------------------------
Applying pruning mask...
--------------------------------------------------
--------------------------------------------------
Applying pruning mask...
--------------------------------------------------
--------------------------------------------------
Applying pruning mask...
--------------------------------------------------
--------------------------------------------------
Applying pruning mask...
--------------------------------------------------
Epoch 2/3
----------
--------------------------------------------------
Applying pruning mask...
--------------------------------------------------
--------------------------------------------------
Applying pruning mask...
--------------------------------------------------
--------------------------------------------------
Applying pruning mask...
--------------------------------------------------
--------------------------------------------------
Applying pruning mask...
--------------------------------------------------
Epoch 3/3
----------
--------------------------------------------------
Applying pruning mask...
--------------------------------------------------
--------------------------------------------------
Applying pruning mask...
--------------------------------------------------
--------------------------------------------------
Applying pruning mask...
--------------------------------------------------
--------------------------------------------------
Applying pruning mask...
--------------------------------------------------
Epoch 1/3
----------
--------------------------------------------------
Applying pruning mask...
--------------------------------------------------
--------------------------------------------------
Applying pruning mask...
--------------------------------------------------
--------------------------------------------------
Applying pruning mask...
--------------------------------------------------
--------------------------------------------------
Applying pruning mask...
--------------------------------------------------
Epoch 2/3
----------
--------------------------------------------------
Applying pruning mask...
--------------------------------------------------
--------------------------------------------------
Applying pruning mask...
--------------------------------------------------
--------------------------------------------------
Applying pruning mask...
--------------------------------------------------
--------------------------------------------------
Applying pruning mask...
--------------------------------------------------
Epoch 3/3
----------
--------------------------------------------------
Applying pruning mask...
--------------------------------------------------
--------------------------------------------------
Applying pruning mask...
--------------------------------------------------
--------------------------------------------------
Applying pruning mask...
--------------------------------------------------
--------------------------------------------------
Applying pruning mask...
--------------------------------------------------
Epoch 1/3
----------
--------------------------------------------------
Applying pruning mask...
--------------------------------------------------
--------------------------------------------------
Applying pruning mask...
--------------------------------------------------
--------------------------------------------------
Applying pruning mask...
--------------------------------------------------
--------------------------------------------------
Applying pruning mask...
--------------------------------------------------
Epoch 2/3
----------
--------------------------------------------------
Applying pruning mask...
--------------------------------------------------
--------------------------------------------------
Applying pruning mask...
--------------------------------------------------
--------------------------------------------------
Applying pruning mask...
--------------------------------------------------
--------------------------------------------------
Applying pruning mask...
--------------------------------------------------
Epoch 3/3
----------
--------------------------------------------------
Applying pruning mask...
--------------------------------------------------
--------------------------------------------------
Applying pruning mask...
--------------------------------------------------
--------------------------------------------------
Applying pruning mask...
--------------------------------------------------
--------------------------------------------------
Applying pruning mask...
--------------------------------------------------
micro     precision: 0.0000 | recall: 0.0000 | f1-score: 0.0000 | support: 1282 | mAP: 0.0740
macro     precision: 0.0000 | recall: 0.0000 | f1-score: 0.0000 | support: 1282 | mAP: 0.0608

==================================================
ROUND 17/20
==================================================
Epoch 1/3
----------
--------------------------------------------------
Applying pruning mask...
--------------------------------------------------
--------------------------------------------------
Applying pruning mask...
--------------------------------------------------
--------------------------------------------------
Applying pruning mask...
--------------------------------------------------
--------------------------------------------------
Applying pruning mask...
--------------------------------------------------
Epoch 2/3
----------
--------------------------------------------------
Applying pruning mask...
--------------------------------------------------
--------------------------------------------------
Applying pruning mask...
--------------------------------------------------
--------------------------------------------------
Applying pruning mask...
--------------------------------------------------
--------------------------------------------------
Applying pruning mask...
--------------------------------------------------
Epoch 3/3
----------
--------------------------------------------------
Applying pruning mask...
--------------------------------------------------
--------------------------------------------------
Applying pruning mask...
--------------------------------------------------
--------------------------------------------------
Applying pruning mask...
--------------------------------------------------
--------------------------------------------------
Applying pruning mask...
--------------------------------------------------
Epoch 1/3
----------
--------------------------------------------------
Applying pruning mask...
--------------------------------------------------
--------------------------------------------------
Applying pruning mask...
--------------------------------------------------
--------------------------------------------------
Applying pruning mask...
--------------------------------------------------
--------------------------------------------------
Applying pruning mask...
--------------------------------------------------
Epoch 2/3
----------
--------------------------------------------------
Applying pruning mask...
--------------------------------------------------
--------------------------------------------------
Applying pruning mask...
--------------------------------------------------
--------------------------------------------------
Applying pruning mask...
--------------------------------------------------
--------------------------------------------------
Applying pruning mask...
--------------------------------------------------
Epoch 3/3
----------
--------------------------------------------------
Applying pruning mask...
--------------------------------------------------
--------------------------------------------------
Applying pruning mask...
--------------------------------------------------
--------------------------------------------------
Applying pruning mask...
--------------------------------------------------
--------------------------------------------------
Applying pruning mask...
--------------------------------------------------
Epoch 1/3
----------
--------------------------------------------------
Applying pruning mask...
--------------------------------------------------
--------------------------------------------------
Applying pruning mask...
--------------------------------------------------
--------------------------------------------------
Applying pruning mask...
--------------------------------------------------
--------------------------------------------------
Applying pruning mask...
--------------------------------------------------
Epoch 2/3
----------
--------------------------------------------------
Applying pruning mask...
--------------------------------------------------
--------------------------------------------------
Applying pruning mask...
--------------------------------------------------
--------------------------------------------------
Applying pruning mask...
--------------------------------------------------
--------------------------------------------------
Applying pruning mask...
--------------------------------------------------
Epoch 3/3
----------
--------------------------------------------------
Applying pruning mask...
--------------------------------------------------
--------------------------------------------------
Applying pruning mask...
--------------------------------------------------
--------------------------------------------------
Applying pruning mask...
--------------------------------------------------
--------------------------------------------------
Applying pruning mask...
--------------------------------------------------
micro     precision: 0.0000 | recall: 0.0000 | f1-score: 0.0000 | support: 1282 | mAP: 0.0742
macro     precision: 0.0000 | recall: 0.0000 | f1-score: 0.0000 | support: 1282 | mAP: 0.0608

==================================================
ROUND 18/20
==================================================
Epoch 1/3
----------
--------------------------------------------------
Applying pruning mask...
--------------------------------------------------
--------------------------------------------------
Applying pruning mask...
--------------------------------------------------
--------------------------------------------------
Applying pruning mask...
--------------------------------------------------
--------------------------------------------------
Applying pruning mask...
--------------------------------------------------
Epoch 2/3
----------
--------------------------------------------------
Applying pruning mask...
--------------------------------------------------
--------------------------------------------------
Applying pruning mask...
--------------------------------------------------
--------------------------------------------------
Applying pruning mask...
--------------------------------------------------
--------------------------------------------------
Applying pruning mask...
--------------------------------------------------
Epoch 3/3
----------
--------------------------------------------------
Applying pruning mask...
--------------------------------------------------
--------------------------------------------------
Applying pruning mask...
--------------------------------------------------
--------------------------------------------------
Applying pruning mask...
--------------------------------------------------
--------------------------------------------------
Applying pruning mask...
--------------------------------------------------
Epoch 1/3
----------
--------------------------------------------------
Applying pruning mask...
--------------------------------------------------
--------------------------------------------------
Applying pruning mask...
--------------------------------------------------
--------------------------------------------------
Applying pruning mask...
--------------------------------------------------
--------------------------------------------------
Applying pruning mask...
--------------------------------------------------
Epoch 2/3
----------
--------------------------------------------------
Applying pruning mask...
--------------------------------------------------
--------------------------------------------------
Applying pruning mask...
--------------------------------------------------
--------------------------------------------------
Applying pruning mask...
--------------------------------------------------
--------------------------------------------------
Applying pruning mask...
--------------------------------------------------
Epoch 3/3
----------
--------------------------------------------------
Applying pruning mask...
--------------------------------------------------
--------------------------------------------------
Applying pruning mask...
--------------------------------------------------
--------------------------------------------------
Applying pruning mask...
--------------------------------------------------
--------------------------------------------------
Applying pruning mask...
--------------------------------------------------
Epoch 1/3
----------
--------------------------------------------------
Applying pruning mask...
--------------------------------------------------
--------------------------------------------------
Applying pruning mask...
--------------------------------------------------
--------------------------------------------------
Applying pruning mask...
--------------------------------------------------
--------------------------------------------------
Applying pruning mask...
--------------------------------------------------
Epoch 2/3
----------
--------------------------------------------------
Applying pruning mask...
--------------------------------------------------
--------------------------------------------------
Applying pruning mask...
--------------------------------------------------
--------------------------------------------------
Applying pruning mask...
--------------------------------------------------
--------------------------------------------------
Applying pruning mask...
--------------------------------------------------
Epoch 3/3
----------
--------------------------------------------------
Applying pruning mask...
--------------------------------------------------
--------------------------------------------------
Applying pruning mask...
--------------------------------------------------
--------------------------------------------------
Applying pruning mask...
--------------------------------------------------
--------------------------------------------------
Applying pruning mask...
--------------------------------------------------
micro     precision: 0.0000 | recall: 0.0000 | f1-score: 0.0000 | support: 1282 | mAP: 0.0740
macro     precision: 0.0000 | recall: 0.0000 | f1-score: 0.0000 | support: 1282 | mAP: 0.0609

==================================================
ROUND 19/20
==================================================
Epoch 1/3
----------
--------------------------------------------------
Applying pruning mask...
--------------------------------------------------
--------------------------------------------------
Applying pruning mask...
--------------------------------------------------
--------------------------------------------------
Applying pruning mask...
--------------------------------------------------
--------------------------------------------------
Applying pruning mask...
--------------------------------------------------
Epoch 2/3
----------
--------------------------------------------------
Applying pruning mask...
--------------------------------------------------
--------------------------------------------------
Applying pruning mask...
--------------------------------------------------
--------------------------------------------------
Applying pruning mask...
--------------------------------------------------
--------------------------------------------------
Applying pruning mask...
--------------------------------------------------
Epoch 3/3
----------
--------------------------------------------------
Applying pruning mask...
--------------------------------------------------
--------------------------------------------------
Applying pruning mask...
--------------------------------------------------
--------------------------------------------------
Applying pruning mask...
--------------------------------------------------
--------------------------------------------------
Applying pruning mask...
--------------------------------------------------
Epoch 1/3
----------
--------------------------------------------------
Applying pruning mask...
--------------------------------------------------
--------------------------------------------------
Applying pruning mask...
--------------------------------------------------
--------------------------------------------------
Applying pruning mask...
--------------------------------------------------
--------------------------------------------------
Applying pruning mask...
--------------------------------------------------
Epoch 2/3
----------
--------------------------------------------------
Applying pruning mask...
--------------------------------------------------
--------------------------------------------------
Applying pruning mask...
--------------------------------------------------
--------------------------------------------------
Applying pruning mask...
--------------------------------------------------
--------------------------------------------------
Applying pruning mask...
--------------------------------------------------
Epoch 3/3
----------
--------------------------------------------------
Applying pruning mask...
--------------------------------------------------
--------------------------------------------------
Applying pruning mask...
--------------------------------------------------
--------------------------------------------------
Applying pruning mask...
--------------------------------------------------
--------------------------------------------------
Applying pruning mask...
--------------------------------------------------
Epoch 1/3
----------
--------------------------------------------------
Applying pruning mask...
--------------------------------------------------
--------------------------------------------------
Applying pruning mask...
--------------------------------------------------
--------------------------------------------------
Applying pruning mask...
--------------------------------------------------
--------------------------------------------------
Applying pruning mask...
--------------------------------------------------
Epoch 2/3
----------
--------------------------------------------------
Applying pruning mask...
--------------------------------------------------
--------------------------------------------------
Applying pruning mask...
--------------------------------------------------
--------------------------------------------------
Applying pruning mask...
--------------------------------------------------
--------------------------------------------------
Applying pruning mask...
--------------------------------------------------
Epoch 3/3
----------
--------------------------------------------------
Applying pruning mask...
--------------------------------------------------
--------------------------------------------------
Applying pruning mask...
--------------------------------------------------
--------------------------------------------------
Applying pruning mask...
--------------------------------------------------
--------------------------------------------------
Applying pruning mask...
--------------------------------------------------
micro     precision: 0.0000 | recall: 0.0000 | f1-score: 0.0000 | support: 1282 | mAP: 0.0747
macro     precision: 0.0000 | recall: 0.0000 | f1-score: 0.0000 | support: 1282 | mAP: 0.0706

==================================================
ROUND 20/20
==================================================
Epoch 1/3
----------
--------------------------------------------------
Applying pruning mask...
--------------------------------------------------
--------------------------------------------------
Applying pruning mask...
--------------------------------------------------
--------------------------------------------------
Applying pruning mask...
--------------------------------------------------
--------------------------------------------------
Applying pruning mask...
--------------------------------------------------
Epoch 2/3
----------
--------------------------------------------------
Applying pruning mask...
--------------------------------------------------
--------------------------------------------------
Applying pruning mask...
--------------------------------------------------
--------------------------------------------------
Applying pruning mask...
--------------------------------------------------
--------------------------------------------------
Applying pruning mask...
--------------------------------------------------
Epoch 3/3
----------
--------------------------------------------------
Applying pruning mask...
--------------------------------------------------
--------------------------------------------------
Applying pruning mask...
--------------------------------------------------
--------------------------------------------------
Applying pruning mask...
--------------------------------------------------
--------------------------------------------------
Applying pruning mask...
--------------------------------------------------
Epoch 1/3
----------
--------------------------------------------------
Applying pruning mask...
--------------------------------------------------
--------------------------------------------------
Applying pruning mask...
--------------------------------------------------
--------------------------------------------------
Applying pruning mask...
--------------------------------------------------
--------------------------------------------------
Applying pruning mask...
--------------------------------------------------
Epoch 2/3
----------
--------------------------------------------------
Applying pruning mask...
--------------------------------------------------
--------------------------------------------------
Applying pruning mask...
--------------------------------------------------
--------------------------------------------------
Applying pruning mask...
--------------------------------------------------
--------------------------------------------------
Applying pruning mask...
--------------------------------------------------
Epoch 3/3
----------
--------------------------------------------------
Applying pruning mask...
--------------------------------------------------
--------------------------------------------------
Applying pruning mask...
--------------------------------------------------
--------------------------------------------------
Applying pruning mask...
--------------------------------------------------
--------------------------------------------------
Applying pruning mask...
--------------------------------------------------
Epoch 1/3
----------
--------------------------------------------------
Applying pruning mask...
--------------------------------------------------
--------------------------------------------------
Applying pruning mask...
--------------------------------------------------
--------------------------------------------------
Applying pruning mask...
--------------------------------------------------
--------------------------------------------------
Applying pruning mask...
--------------------------------------------------
Epoch 2/3
----------
--------------------------------------------------
Applying pruning mask...
--------------------------------------------------
--------------------------------------------------
Applying pruning mask...
--------------------------------------------------
--------------------------------------------------
Applying pruning mask...
--------------------------------------------------
--------------------------------------------------
Applying pruning mask...
--------------------------------------------------
Epoch 3/3
----------
--------------------------------------------------
Applying pruning mask...
--------------------------------------------------
--------------------------------------------------
Applying pruning mask...
--------------------------------------------------
--------------------------------------------------
Applying pruning mask...
--------------------------------------------------
--------------------------------------------------
Applying pruning mask...
--------------------------------------------------
micro     precision: 0.0000 | recall: 0.0000 | f1-score: 0.0000 | support: 1282 | mAP: 0.0745
macro     precision: 0.0000 | recall: 0.0000 | f1-score: 0.0000 | support: 1282 | mAP: 0.0678

[{'0': {'precision': [], 'recall': [], 'f1-score': [], 'support': []}, '1': {'precision': [], 'recall': [], 'f1-score': [], 'support': []}, '2': {'precision': [], 'recall': [], 'f1-score': [], 'support': []}, '3': {'precision': [], 'recall': [], 'f1-score': [], 'support': []}, '4': {'precision': [], 'recall': [], 'f1-score': [], 'support': []}, '5': {'precision': [], 'recall': [], 'f1-score': [], 'support': []}, '6': {'precision': [], 'recall': [], 'f1-score': [], 'support': []}, '7': {'precision': [], 'recall': [], 'f1-score': [], 'support': []}, '8': {'precision': [], 'recall': [], 'f1-score': [], 'support': []}, '9': {'precision': [], 'recall': [], 'f1-score': [], 'support': []}, '10': {'precision': [], 'recall': [], 'f1-score': [], 'support': []}, '11': {'precision': [], 'recall': [], 'f1-score': [], 'support': []}, '12': {'precision': [], 'recall': [], 'f1-score': [], 'support': []}, '13': {'precision': [], 'recall': [], 'f1-score': [], 'support': []}, '14': {'precision': [], 'recall': [], 'f1-score': [], 'support': []}, '15': {'precision': [], 'recall': [], 'f1-score': [], 'support': []}, '16': {'precision': [], 'recall': [], 'f1-score': [], 'support': []}, '17': {'precision': [], 'recall': [], 'f1-score': [], 'support': []}, '18': {'precision': [], 'recall': [], 'f1-score': [], 'support': []}, 'micro avg': {'precision': [], 'recall': [], 'f1-score': [], 'support': []}, 'macro avg': {'precision': [], 'recall': [], 'f1-score': [], 'support': []}, 'weighted avg': {'precision': [], 'recall': [], 'f1-score': [], 'support': []}, 'ap_mic': [], 'ap_mac': []}, {'0': {'precision': [], 'recall': [], 'f1-score': [], 'support': []}, '1': {'precision': [], 'recall': [], 'f1-score': [], 'support': []}, '2': {'precision': [], 'recall': [], 'f1-score': [], 'support': []}, '3': {'precision': [], 'recall': [], 'f1-score': [], 'support': []}, '4': {'precision': [], 'recall': [], 'f1-score': [], 'support': []}, '5': {'precision': [], 'recall': [], 'f1-score': [], 'support': []}, '6': {'precision': [], 'recall': [], 'f1-score': [], 'support': []}, '7': {'precision': [], 'recall': [], 'f1-score': [], 'support': []}, '8': {'precision': [], 'recall': [], 'f1-score': [], 'support': []}, '9': {'precision': [], 'recall': [], 'f1-score': [], 'support': []}, '10': {'precision': [], 'recall': [], 'f1-score': [], 'support': []}, '11': {'precision': [], 'recall': [], 'f1-score': [], 'support': []}, '12': {'precision': [], 'recall': [], 'f1-score': [], 'support': []}, '13': {'precision': [], 'recall': [], 'f1-score': [], 'support': []}, '14': {'precision': [], 'recall': [], 'f1-score': [], 'support': []}, '15': {'precision': [], 'recall': [], 'f1-score': [], 'support': []}, '16': {'precision': [], 'recall': [], 'f1-score': [], 'support': []}, '17': {'precision': [], 'recall': [], 'f1-score': [], 'support': []}, '18': {'precision': [], 'recall': [], 'f1-score': [], 'support': []}, 'micro avg': {'precision': [], 'recall': [], 'f1-score': [], 'support': []}, 'macro avg': {'precision': [], 'recall': [], 'f1-score': [], 'support': []}, 'weighted avg': {'precision': [], 'recall': [], 'f1-score': [], 'support': []}, 'ap_mic': [], 'ap_mac': []}, {'0': {'precision': [], 'recall': [], 'f1-score': [], 'support': []}, '1': {'precision': [], 'recall': [], 'f1-score': [], 'support': []}, '2': {'precision': [], 'recall': [], 'f1-score': [], 'support': []}, '3': {'precision': [], 'recall': [], 'f1-score': [], 'support': []}, '4': {'precision': [], 'recall': [], 'f1-score': [], 'support': []}, '5': {'precision': [], 'recall': [], 'f1-score': [], 'support': []}, '6': {'precision': [], 'recall': [], 'f1-score': [], 'support': []}, '7': {'precision': [], 'recall': [], 'f1-score': [], 'support': []}, '8': {'precision': [], 'recall': [], 'f1-score': [], 'support': []}, '9': {'precision': [], 'recall': [], 'f1-score': [], 'support': []}, '10': {'precision': [], 'recall': [], 'f1-score': [], 'support': []}, '11': {'precision': [], 'recall': [], 'f1-score': [], 'support': []}, '12': {'precision': [], 'recall': [], 'f1-score': [], 'support': []}, '13': {'precision': [], 'recall': [], 'f1-score': [], 'support': []}, '14': {'precision': [], 'recall': [], 'f1-score': [], 'support': []}, '15': {'precision': [], 'recall': [], 'f1-score': [], 'support': []}, '16': {'precision': [], 'recall': [], 'f1-score': [], 'support': []}, '17': {'precision': [], 'recall': [], 'f1-score': [], 'support': []}, '18': {'precision': [], 'recall': [], 'f1-score': [], 'support': []}, 'micro avg': {'precision': [], 'recall': [], 'f1-score': [], 'support': []}, 'macro avg': {'precision': [], 'recall': [], 'f1-score': [], 'support': []}, 'weighted avg': {'precision': [], 'recall': [], 'f1-score': [], 'support': []}, 'ap_mic': [], 'ap_mac': []}]
