Using device: cuda:0
Pre-filtered 30767 patches based on country and season (split ignored)
Loading BEN data for train...
    237871 patches indexed
    14805 filtered patches indexed
    14805 patches indexed considering max_len
Merged metadata with snow/cloud metadata
Loaded 549488 labels
Loaded 549488 keys
Loaded mapping created
Pre-filtered 30767 patches based on country and season (split ignored)
Loading BEN data for test...
    119825 patches indexed
    8209 filtered patches indexed
    8209 patches indexed considering max_len
Merged metadata with snow/cloud metadata
Loaded 549488 labels
Loaded 549488 keys
Loaded mapping created
Pre-filtered 15549 patches based on country and season (split ignored)
Loading BEN data for train...
    237871 patches indexed
    7150 filtered patches indexed
    7150 patches indexed considering max_len
Merged metadata with snow/cloud metadata
Loaded 549488 labels
Loaded 549488 keys
Loaded mapping created
Pre-filtered 15549 patches based on country and season (split ignored)
Loading BEN data for test...
    119825 patches indexed
    4263 filtered patches indexed
    4263 patches indexed considering max_len
Merged metadata with snow/cloud metadata
Loaded 549488 labels
Loaded 549488 keys
Loaded mapping created
Pre-filtered 13683 patches based on country and season (split ignored)
Loading BEN data for train...
    237871 patches indexed
    7180 filtered patches indexed
    7180 patches indexed considering max_len
Merged metadata with snow/cloud metadata
Loaded 549488 labels
Loaded 549488 keys
Loaded mapping created
Pre-filtered 13683 patches based on country and season (split ignored)
Loading BEN data for test...
    119825 patches indexed
    3248 filtered patches indexed
    3248 patches indexed considering max_len
Merged metadata with snow/cloud metadata
Loaded 549488 labels
Loaded 549488 keys
Loaded mapping created
Pre-filtered 10372 patches based on country and season (split ignored)
Loading BEN data for train...
    237871 patches indexed
    5941 filtered patches indexed
    5941 patches indexed considering max_len
Merged metadata with snow/cloud metadata
Loaded 549488 labels
Loaded 549488 keys
Loaded mapping created
Pre-filtered 10372 patches based on country and season (split ignored)
Loading BEN data for test...
    119825 patches indexed
    1871 filtered patches indexed
    1871 patches indexed considering max_len
Merged metadata with snow/cloud metadata
Loaded 549488 labels
Loaded 549488 keys
Loaded mapping created
Pre-filtered 1939 patches based on country and season (split ignored)
Loading BEN data for train...
    237871 patches indexed
    1323 filtered patches indexed
    1323 patches indexed considering max_len
Merged metadata with snow/cloud metadata
Loaded 549488 labels
Loaded 549488 keys
Loaded mapping created
Pre-filtered 1939 patches based on country and season (split ignored)
Loading BEN data for test...
    119825 patches indexed
    32 filtered patches indexed
    32 patches indexed considering max_len
Merged metadata with snow/cloud metadata
Loaded 549488 labels
Loaded 549488 keys
Loaded mapping created
Pre-filtered 8775 patches based on country and season (split ignored)
Loading BEN data for train...
    237871 patches indexed
    4206 filtered patches indexed
    4206 patches indexed considering max_len
Merged metadata with snow/cloud metadata
Loaded 549488 labels
Loaded 549488 keys
Loaded mapping created
Pre-filtered 8775 patches based on country and season (split ignored)
Loading BEN data for test...
    119825 patches indexed
    2151 filtered patches indexed
    2151 patches indexed considering max_len
Merged metadata with snow/cloud metadata
Loaded 549488 labels
Loaded 549488 keys
Loaded mapping created
Pre-filtered 16438 patches based on country and season (split ignored)
Loading BEN data for train...
    237871 patches indexed
    8037 filtered patches indexed
    8037 patches indexed considering max_len
Merged metadata with snow/cloud metadata
Loaded 549488 labels
Loaded 549488 keys
Loaded mapping created
Pre-filtered 16438 patches based on country and season (split ignored)
Loading BEN data for test...
    119825 patches indexed
    4220 filtered patches indexed
    4220 patches indexed considering max_len
Merged metadata with snow/cloud metadata
Loaded 549488 labels
Loaded 549488 keys
Loaded mapping created
Pre-filtered 4874 patches based on country and season (split ignored)
Loading BEN data for train...
    237871 patches indexed
    1692 filtered patches indexed
    1692 patches indexed considering max_len
Merged metadata with snow/cloud metadata
Loaded 549488 labels
Loaded 549488 keys
Loaded mapping created
Pre-filtered 4874 patches based on country and season (split ignored)
Loading BEN data for test...
    119825 patches indexed
    2039 filtered patches indexed
    2039 patches indexed considering max_len
Merged metadata with snow/cloud metadata
Loaded 549488 labels
Loaded 549488 keys
Loaded mapping created
Pre-filtered 59999 patches based on country and season (split ignored)
Loading BEN data for test...
    119825 patches indexed
    15720 filtered patches indexed
    15720 patches indexed considering max_len
Merged metadata with snow/cloud metadata
Loaded 549488 labels
Loaded 549488 keys
Loaded mapping created
Pre-filtered 59999 patches based on country and season (split ignored)
Loading BEN data for train...
    237871 patches indexed
    29135 filtered patches indexed
    29135 patches indexed considering max_len
Merged metadata with snow/cloud metadata
Loaded 549488 labels
Loaded 549488 keys
Loaded mapping created
Loading BEN data for train...
    237871 patches indexed
    237871 filtered patches indexed
    237871 patches indexed considering max_len
Merged metadata with snow/cloud metadata
Loaded 549488 labels
Loaded 549488 keys
Loaded mapping created
==================================================
ROUND 1/20
==================================================
Epoch 1/3
----------
Epoch 2/3
----------
Epoch 3/3
----------
Epoch 1/3
----------
Epoch 2/3
----------
Epoch 3/3
----------
Epoch 1/3
----------
Epoch 2/3
----------
Epoch 3/3
----------
Epoch 1/3
----------
Epoch 2/3
----------
Epoch 3/3
----------
Epoch 1/3
----------
Epoch 2/3
----------
Epoch 3/3
----------
Epoch 1/3
----------
Epoch 2/3
----------
Epoch 3/3
----------
Epoch 1/3
----------
Epoch 2/3
----------
Epoch 3/3
----------
Epoch 1/3
----------
Epoch 2/3
----------
Epoch 3/3
----------
micro     precision: 0.0000 | recall: 0.0000 | f1-score: 0.0000 | support: 40183 | mAP: 0.3637
macro     precision: 0.0000 | recall: 0.0000 | f1-score: 0.0000 | support: 40183 | mAP: 0.2799

==================================================
ROUND 2/20
==================================================
Epoch 1/3
----------
Epoch 2/3
----------
Epoch 3/3
----------
Epoch 1/3
----------
Epoch 2/3
----------
Epoch 3/3
----------
Epoch 1/3
----------
Epoch 2/3
----------
Epoch 3/3
----------
Epoch 1/3
----------
Epoch 2/3
----------
Epoch 3/3
----------
Epoch 1/3
----------
Epoch 2/3
----------
Epoch 3/3
----------
Epoch 1/3
----------
Epoch 2/3
----------
Epoch 3/3
----------
Epoch 1/3
----------
Epoch 2/3
----------
Epoch 3/3
----------
Epoch 1/3
----------
Epoch 2/3
----------
Epoch 3/3
----------
micro     precision: 0.5033 | recall: 0.2236 | f1-score: 0.3096 | support: 40183 | mAP: 0.4175
macro     precision: 0.1409 | recall: 0.0982 | f1-score: 0.0858 | support: 40183 | mAP: 0.3099

==================================================
ROUND 3/20
==================================================
Epoch 1/3
----------
Epoch 2/3
----------
Epoch 3/3
----------
Epoch 1/3
----------
Epoch 2/3
----------
Epoch 3/3
----------
Epoch 1/3
----------
Epoch 2/3
----------
Epoch 3/3
----------
Epoch 1/3
----------
Epoch 2/3
----------
Epoch 3/3
----------
Epoch 1/3
----------
Epoch 2/3
----------
Epoch 3/3
----------
Epoch 1/3
----------
Epoch 2/3
----------
Epoch 3/3
----------
Epoch 1/3
----------
Epoch 2/3
----------
Epoch 3/3
----------
Epoch 1/3
----------
Epoch 2/3
----------
Epoch 3/3
----------
micro     precision: 0.6656 | recall: 0.4555 | f1-score: 0.5409 | support: 40183 | mAP: 0.6003
macro     precision: 0.2386 | recall: 0.2070 | f1-score: 0.2132 | support: 40183 | mAP: 0.3466

==================================================
ROUND 4/20
==================================================
Finale Anzahl der Pruning-Patches: 17
Anzahl eindeutiger Klassen: 18
Klassenverteilung in den Pruning-Patches (Häufigkeiten): {'Marine waters': 9, 'Transitional woodland, shrub': 7, 'Mixed forest': 7, 'Coniferous forest': 6, 'Land principally occupied by agriculture, with significant areas of natural vegetation': 2, 'Inland waters': 1, 'Broad-leaved forest': 2, 'Arable land': 4, 'Urban fabric': 1, 'Industrial or commercial units': 1, 'Coastal wetlands': 2, 'Inland wetlands': 2, 'Pastures': 4, 'Complex cultivation patterns': 1, 'Moors, heathland and sclerophyllous vegetation': 1, 'Natural grassland and sparsely vegetated areas': 1, 'Beaches, dunes, sands': 1, 'Permanent crops': 1}
[INFO] Erstelle Prune Loader...
[INFO] 12 Patches nach Filterung übrig.
[SUCCESS] Prune Loader erfolgreich erstellt.
Starting relevance computation and pruning mask generation.
Type of components_relevances: <class 'collections.OrderedDict'>
Layer: conv1
Total layer relevance: 2.4379251420351693e+20
--------------------------------------------------
Layer: encoder.4.0.conv1
Total layer relevance: 1.4071084498956373e+20
--------------------------------------------------
Layer: encoder.4.0.conv2
Total layer relevance: 1.0021295541615539e+20
--------------------------------------------------
Layer: encoder.4.0.conv3
Total layer relevance: 3.949879414357387e+19
--------------------------------------------------
Layer: encoder.4.0.downsample.0
Total layer relevance: 3.974289012298665e+19
--------------------------------------------------
Layer: encoder.4.1.conv1
Total layer relevance: 2.0410455623120978e+18
--------------------------------------------------
Layer: encoder.4.1.conv2
Total layer relevance: 1.5992753967280947e+18
--------------------------------------------------
Layer: encoder.4.1.conv3
Total layer relevance: 6.434729623593943e+17
--------------------------------------------------
Layer: encoder.4.2.conv1
Total layer relevance: 1.0296247789289472e+17
--------------------------------------------------
Layer: encoder.4.2.conv2
Total layer relevance: 8.368949934686208e+16
--------------------------------------------------
Layer: encoder.4.2.conv3
Total layer relevance: 1.319002710212608e+16
--------------------------------------------------
Layer: encoder.5.0.conv1
Total layer relevance: 927709312057344.0
--------------------------------------------------
Layer: encoder.5.0.conv2
Total layer relevance: 903609311035392.0
--------------------------------------------------
Layer: encoder.5.0.conv3
Total layer relevance: 269867391385600.0
--------------------------------------------------
Layer: encoder.5.0.downsample.0
Total layer relevance: 275303662354432.0
--------------------------------------------------
Layer: encoder.5.1.conv1
Total layer relevance: 18673305649152.0
--------------------------------------------------
Layer: encoder.5.1.conv2
Total layer relevance: 17714609389568.0
--------------------------------------------------
Layer: encoder.5.1.conv3
Total layer relevance: 4896405848064.0
--------------------------------------------------
Layer: encoder.5.2.conv1
Total layer relevance: 799089098752.0
--------------------------------------------------
Layer: encoder.5.2.conv2
Total layer relevance: 754583339008.0
--------------------------------------------------
Layer: encoder.5.2.conv3
Total layer relevance: 210984910848.0
--------------------------------------------------
Layer: encoder.5.3.conv1
Total layer relevance: 33523568640.0
--------------------------------------------------
Layer: encoder.5.3.conv2
Total layer relevance: 38759481344.0
--------------------------------------------------
Layer: encoder.5.3.conv3
Total layer relevance: 5980007424.0
--------------------------------------------------
Layer: encoder.6.0.conv1
Total layer relevance: 568383744.0
--------------------------------------------------
Layer: encoder.6.0.conv2
Total layer relevance: 764680576.0
--------------------------------------------------
Layer: encoder.6.0.conv3
Total layer relevance: 191121728.0
--------------------------------------------------
Layer: encoder.6.0.downsample.0
Total layer relevance: 194069072.0
--------------------------------------------------
Layer: encoder.6.1.conv1
Total layer relevance: 21026164.0
--------------------------------------------------
Layer: encoder.6.1.conv2
Total layer relevance: 32144560.0
--------------------------------------------------
Layer: encoder.6.1.conv3
Total layer relevance: 7087970.0
--------------------------------------------------
Layer: encoder.6.2.conv1
Total layer relevance: 2038748.0
--------------------------------------------------
Layer: encoder.6.2.conv2
Total layer relevance: 3767060.5
--------------------------------------------------
Layer: encoder.6.2.conv3
Total layer relevance: 888956.6875
--------------------------------------------------
Layer: encoder.6.3.conv1
Total layer relevance: 402911.21875
--------------------------------------------------
Layer: encoder.6.3.conv2
Total layer relevance: 1049986.0
--------------------------------------------------
Layer: encoder.6.3.conv3
Total layer relevance: 116119.296875
--------------------------------------------------
Layer: encoder.6.4.conv1
Total layer relevance: 28525.05859375
--------------------------------------------------
Layer: encoder.6.4.conv2
Total layer relevance: 66898.59375
--------------------------------------------------
Layer: encoder.6.4.conv3
Total layer relevance: 18192.1640625
--------------------------------------------------
Layer: encoder.6.5.conv1
Total layer relevance: 8015.3505859375
--------------------------------------------------
Layer: encoder.6.5.conv2
Total layer relevance: 22234.583984375
--------------------------------------------------
Layer: encoder.6.5.conv3
Total layer relevance: 6451.423828125
--------------------------------------------------
Layer: encoder.7.0.conv1
Total layer relevance: 2014.43505859375
--------------------------------------------------
Layer: encoder.7.0.conv2
Total layer relevance: 10319.55078125
--------------------------------------------------
Layer: encoder.7.0.conv3
Total layer relevance: 4492.24462890625
--------------------------------------------------
Layer: encoder.7.0.downsample.0
Total layer relevance: 6892.0859375
--------------------------------------------------
Layer: encoder.7.1.conv1
Total layer relevance: 1441.17822265625
--------------------------------------------------
Layer: encoder.7.1.conv2
Total layer relevance: 5664.005859375
--------------------------------------------------
Layer: encoder.7.1.conv3
Total layer relevance: 3686.796875
--------------------------------------------------
Layer: encoder.7.2.conv1
Total layer relevance: 2564.849609375
--------------------------------------------------
Layer: encoder.7.2.conv2
Total layer relevance: 4682.873046875
--------------------------------------------------
Layer: encoder.7.2.conv3
Total layer relevance: 2478.71630859375
--------------------------------------------------
--------------------------------------------------
Global Pruning Mask
Pruning-rate: 0.6
Layer: conv1		% of pruned neurons: 0.00%
Layer: encoder.4.0.conv1		% of pruned neurons: 0.00%
Layer: encoder.4.0.conv2		% of pruned neurons: 0.00%
Layer: encoder.4.0.conv3		% of pruned neurons: 0.00%
Layer: encoder.4.0.downsample.0		% of pruned neurons: 0.00%
Layer: encoder.4.1.conv1		% of pruned neurons: 0.00%
Layer: encoder.4.1.conv2		% of pruned neurons: 0.00%
Layer: encoder.4.1.conv3		% of pruned neurons: 0.00%
Layer: encoder.4.2.conv1		% of pruned neurons: 0.00%
Layer: encoder.4.2.conv2		% of pruned neurons: 0.00%
Layer: encoder.4.2.conv3		% of pruned neurons: 0.00%
Layer: encoder.5.0.conv1		% of pruned neurons: 0.00%
Layer: encoder.5.0.conv2		% of pruned neurons: 0.00%
Layer: encoder.5.0.conv3		% of pruned neurons: 0.00%
Layer: encoder.5.0.downsample.0		% of pruned neurons: 0.00%
Layer: encoder.5.1.conv1		% of pruned neurons: 0.00%
Layer: encoder.5.1.conv2		% of pruned neurons: 0.00%
Layer: encoder.5.1.conv3		% of pruned neurons: 0.00%
Layer: encoder.5.2.conv1		% of pruned neurons: 0.00%
Layer: encoder.5.2.conv2		% of pruned neurons: 0.00%
Layer: encoder.5.2.conv3		% of pruned neurons: 0.00%
Layer: encoder.5.3.conv1		% of pruned neurons: 0.00%
Layer: encoder.5.3.conv2		% of pruned neurons: 0.00%
Layer: encoder.5.3.conv3		% of pruned neurons: 0.00%
Layer: encoder.6.0.conv1		% of pruned neurons: 0.00%
Layer: encoder.6.0.conv2		% of pruned neurons: 0.00%
Layer: encoder.6.0.conv3		% of pruned neurons: 0.00%
Layer: encoder.6.0.downsample.0		% of pruned neurons: 0.00%
Layer: encoder.6.1.conv1		% of pruned neurons: 0.00%
Layer: encoder.6.1.conv2		% of pruned neurons: 0.00%
Layer: encoder.6.1.conv3		% of pruned neurons: 1.86%
Layer: encoder.6.2.conv1		% of pruned neurons: 0.00%
Layer: encoder.6.2.conv2		% of pruned neurons: 0.00%
Layer: encoder.6.2.conv3		% of pruned neurons: 62.11%
Layer: encoder.6.3.conv1		% of pruned neurons: 0.00%
Layer: encoder.6.3.conv2		% of pruned neurons: 0.00%
Layer: encoder.6.3.conv3		% of pruned neurons: 96.09%
Layer: encoder.6.4.conv1		% of pruned neurons: 100.00%
Layer: encoder.6.4.conv2		% of pruned neurons: 87.89%
Layer: encoder.6.4.conv3		% of pruned neurons: 99.32%
Layer: encoder.6.5.conv1		% of pruned neurons: 100.00%
Layer: encoder.6.5.conv2		% of pruned neurons: 100.00%
Layer: encoder.6.5.conv3		% of pruned neurons: 99.90%
Layer: encoder.7.0.conv1		% of pruned neurons: 100.00%
Layer: encoder.7.0.conv2		% of pruned neurons: 100.00%
Layer: encoder.7.0.conv3		% of pruned neurons: 100.00%
Layer: encoder.7.0.downsample.0		% of pruned neurons: 100.00%
Layer: encoder.7.1.conv1		% of pruned neurons: 100.00%
Layer: encoder.7.1.conv2		% of pruned neurons: 100.00%
Layer: encoder.7.1.conv3		% of pruned neurons: 100.00%
Layer: encoder.7.2.conv1		% of pruned neurons: 100.00%
Layer: encoder.7.2.conv2		% of pruned neurons: 100.00%
Layer: encoder.7.2.conv3		% of pruned neurons: 100.00%
Sendeing pruning mask to clients...
[INFO] Pruner and pruning mask received and stored.
[INFO] Pruner and pruning mask received and stored.
[INFO] Pruner and pruning mask received and stored.
[INFO] Pruner and pruning mask received and stored.
[INFO] Pruner and pruning mask received and stored.
[INFO] Pruner and pruning mask received and stored.
[INFO] Pruner and pruning mask received and stored.
[INFO] Pruner and pruning mask received and stored.
Epoch 1/3
----------
Epoch 2/3
----------
Epoch 3/3
----------
Prune before sending to global...
Epoch 1/3
----------
Epoch 2/3
----------
Epoch 3/3
----------
Prune before sending to global...
Epoch 1/3
----------
Epoch 2/3
----------
Epoch 3/3
----------
Prune before sending to global...
Epoch 1/3
----------
Epoch 2/3
----------
Epoch 3/3
----------
Prune before sending to global...
Epoch 1/3
----------
Epoch 2/3
----------
Epoch 3/3
----------
Prune before sending to global...
Epoch 1/3
----------
Epoch 2/3
----------
Epoch 3/3
----------
Prune before sending to global...
Epoch 1/3
----------
Epoch 2/3
----------
Epoch 3/3
----------
Prune before sending to global...
Epoch 1/3
----------
Epoch 2/3
----------
Epoch 3/3
----------
Prune before sending to global...
micro     precision: 0.0000 | recall: 0.0000 | f1-score: 0.0000 | support: 40183 | mAP: 0.2905
macro     precision: 0.0000 | recall: 0.0000 | f1-score: 0.0000 | support: 40183 | mAP: 0.1345

==================================================
ROUND 5/20
==================================================
Epoch 1/3
----------
Epoch 2/3
----------
Epoch 3/3
----------
Prune before sending to global...
Epoch 1/3
----------
Epoch 2/3
----------
Epoch 3/3
----------
Prune before sending to global...
Epoch 1/3
----------
Epoch 2/3
----------
Epoch 3/3
----------
Prune before sending to global...
Epoch 1/3
----------
Epoch 2/3
----------
Epoch 3/3
----------
Prune before sending to global...
Epoch 1/3
----------
Epoch 2/3
----------
Epoch 3/3
----------
Prune before sending to global...
Epoch 1/3
----------
Epoch 2/3
----------
Epoch 3/3
----------
Prune before sending to global...
Epoch 1/3
----------
Epoch 2/3
----------
Epoch 3/3
----------
Prune before sending to global...
Epoch 1/3
----------
Epoch 2/3
----------
Epoch 3/3
----------
Prune before sending to global...
micro     precision: 0.0000 | recall: 0.0000 | f1-score: 0.0000 | support: 40183 | mAP: 0.2757
macro     precision: 0.0000 | recall: 0.0000 | f1-score: 0.0000 | support: 40183 | mAP: 0.1345

==================================================
ROUND 6/20
==================================================
Epoch 1/3
----------
Epoch 2/3
----------
Epoch 3/3
----------
Prune before sending to global...
Epoch 1/3
----------
Epoch 2/3
----------
Epoch 3/3
----------
Prune before sending to global...
Epoch 1/3
----------
Epoch 2/3
----------
Epoch 3/3
----------
Prune before sending to global...
Epoch 1/3
----------
Epoch 2/3
----------
Epoch 3/3
----------
Prune before sending to global...
Epoch 1/3
----------
Epoch 2/3
----------
Epoch 3/3
----------
Prune before sending to global...
Epoch 1/3
----------
Epoch 2/3
----------
Epoch 3/3
----------
Prune before sending to global...
Epoch 1/3
----------
Epoch 2/3
----------
Epoch 3/3
----------
Prune before sending to global...
Epoch 1/3
----------
Epoch 2/3
----------
Epoch 3/3
----------
Prune before sending to global...
micro     precision: 0.0000 | recall: 0.0000 | f1-score: 0.0000 | support: 40183 | mAP: 0.2757
macro     precision: 0.0000 | recall: 0.0000 | f1-score: 0.0000 | support: 40183 | mAP: 0.1345

==================================================
ROUND 7/20
==================================================
Epoch 1/3
----------
Epoch 2/3
----------
Epoch 3/3
----------
Prune before sending to global...
Epoch 1/3
----------
Epoch 2/3
----------
Epoch 3/3
----------
Prune before sending to global...
Epoch 1/3
----------
Epoch 2/3
----------
Epoch 3/3
----------
Prune before sending to global...
Epoch 1/3
----------
Epoch 2/3
----------
Epoch 3/3
----------
Prune before sending to global...
Epoch 1/3
----------
Epoch 2/3
----------
Epoch 3/3
----------
Prune before sending to global...
Epoch 1/3
----------
Epoch 2/3
----------
Epoch 3/3
----------
Prune before sending to global...
Epoch 1/3
----------
Epoch 2/3
----------
Epoch 3/3
----------
Prune before sending to global...
Epoch 1/3
----------
Epoch 2/3
----------
Epoch 3/3
----------
Prune before sending to global...
micro     precision: 0.0000 | recall: 0.0000 | f1-score: 0.0000 | support: 40183 | mAP: 0.2805
macro     precision: 0.0000 | recall: 0.0000 | f1-score: 0.0000 | support: 40183 | mAP: 0.1345

==================================================
ROUND 8/20
==================================================
Epoch 1/3
----------
Epoch 2/3
----------
Epoch 3/3
----------
Prune before sending to global...
Epoch 1/3
----------
Epoch 2/3
----------
Epoch 3/3
----------
Prune before sending to global...
Epoch 1/3
----------
Epoch 2/3
----------
Epoch 3/3
----------
Prune before sending to global...
Epoch 1/3
----------
Epoch 2/3
----------
Epoch 3/3
----------
Prune before sending to global...
Epoch 1/3
----------
Epoch 2/3
----------
Epoch 3/3
----------
Prune before sending to global...
Epoch 1/3
----------
Epoch 2/3
----------
Epoch 3/3
----------
Prune before sending to global...
Epoch 1/3
----------
Epoch 2/3
----------
Epoch 3/3
----------
Prune before sending to global...
Epoch 1/3
----------
Epoch 2/3
----------
Epoch 3/3
----------
Prune before sending to global...
micro     precision: 0.0000 | recall: 0.0000 | f1-score: 0.0000 | support: 40183 | mAP: 0.2805
macro     precision: 0.0000 | recall: 0.0000 | f1-score: 0.0000 | support: 40183 | mAP: 0.1345

==================================================
ROUND 9/20
==================================================
Epoch 1/3
----------
Epoch 2/3
----------
Epoch 3/3
----------
Prune before sending to global...
Epoch 1/3
----------
Epoch 2/3
----------
Epoch 3/3
----------
Prune before sending to global...
Epoch 1/3
----------
Epoch 2/3
----------
Epoch 3/3
----------
Prune before sending to global...
Epoch 1/3
----------
Epoch 2/3
----------
Epoch 3/3
----------
Prune before sending to global...
Epoch 1/3
----------
Epoch 2/3
----------
Epoch 3/3
----------
Prune before sending to global...
Epoch 1/3
----------
Epoch 2/3
----------
Epoch 3/3
----------
Prune before sending to global...
Epoch 1/3
----------
Epoch 2/3
----------
Epoch 3/3
----------
Prune before sending to global...
Epoch 1/3
----------
Epoch 2/3
----------
Epoch 3/3
----------
Prune before sending to global...
micro     precision: 0.0000 | recall: 0.0000 | f1-score: 0.0000 | support: 40183 | mAP: 0.2757
macro     precision: 0.0000 | recall: 0.0000 | f1-score: 0.0000 | support: 40183 | mAP: 0.1345

==================================================
ROUND 10/20
==================================================
Epoch 1/3
----------
Epoch 2/3
----------
Epoch 3/3
----------
Prune before sending to global...
Epoch 1/3
----------
Epoch 2/3
----------
Epoch 3/3
----------
Prune before sending to global...
Epoch 1/3
----------
Epoch 2/3
----------
Epoch 3/3
----------
Prune before sending to global...
Epoch 1/3
----------
Epoch 2/3
----------
Epoch 3/3
----------
Prune before sending to global...
Epoch 1/3
----------
Epoch 2/3
----------
Epoch 3/3
----------
Prune before sending to global...
Epoch 1/3
----------
Epoch 2/3
----------
Epoch 3/3
----------
Prune before sending to global...
Epoch 1/3
----------
Epoch 2/3
----------
Epoch 3/3
----------
Prune before sending to global...
Epoch 1/3
----------
Epoch 2/3
----------
Epoch 3/3
----------
Prune before sending to global...
micro     precision: 0.0000 | recall: 0.0000 | f1-score: 0.0000 | support: 40183 | mAP: 0.2805
macro     precision: 0.0000 | recall: 0.0000 | f1-score: 0.0000 | support: 40183 | mAP: 0.1345

==================================================
ROUND 11/20
==================================================
Epoch 1/3
----------
Epoch 2/3
----------
Epoch 3/3
----------
Prune before sending to global...
Epoch 1/3
----------
Epoch 2/3
----------
Epoch 3/3
----------
Prune before sending to global...
Epoch 1/3
----------
Epoch 2/3
----------
Epoch 3/3
----------
Prune before sending to global...
Epoch 1/3
----------
Epoch 2/3
----------
Epoch 3/3
----------
Prune before sending to global...
Epoch 1/3
----------
Epoch 2/3
----------
Epoch 3/3
----------
Prune before sending to global...
Epoch 1/3
----------
Epoch 2/3
----------
Epoch 3/3
----------
Prune before sending to global...
Epoch 1/3
----------
Epoch 2/3
----------
Epoch 3/3
----------
Prune before sending to global...
Epoch 1/3
----------
Epoch 2/3
----------
Epoch 3/3
----------
Prune before sending to global...
micro     precision: 0.0000 | recall: 0.0000 | f1-score: 0.0000 | support: 40183 | mAP: 0.2805
macro     precision: 0.0000 | recall: 0.0000 | f1-score: 0.0000 | support: 40183 | mAP: 0.1345

==================================================
ROUND 12/20
==================================================
Epoch 1/3
----------
Epoch 2/3
----------
Epoch 3/3
----------
Prune before sending to global...
Epoch 1/3
----------
Epoch 2/3
----------
Epoch 3/3
----------
Prune before sending to global...
Epoch 1/3
----------
Epoch 2/3
----------
Epoch 3/3
----------
Prune before sending to global...
Epoch 1/3
----------
Epoch 2/3
----------
Epoch 3/3
----------
Prune before sending to global...
Epoch 1/3
----------
Epoch 2/3
----------
Epoch 3/3
----------
Prune before sending to global...
Epoch 1/3
----------
Epoch 2/3
----------
Epoch 3/3
----------
Prune before sending to global...
Epoch 1/3
----------
Epoch 2/3
----------
Epoch 3/3
----------
Prune before sending to global...
Epoch 1/3
----------
Epoch 2/3
----------
Epoch 3/3
----------
Prune before sending to global...
micro     precision: 0.0000 | recall: 0.0000 | f1-score: 0.0000 | support: 40183 | mAP: 0.2805
macro     precision: 0.0000 | recall: 0.0000 | f1-score: 0.0000 | support: 40183 | mAP: 0.1345

==================================================
ROUND 13/20
==================================================
Epoch 1/3
----------
Epoch 2/3
----------
Epoch 3/3
----------
Prune before sending to global...
Epoch 1/3
----------
Epoch 2/3
----------
Epoch 3/3
----------
Prune before sending to global...
Epoch 1/3
----------
Epoch 2/3
----------
Epoch 3/3
----------
Prune before sending to global...
Epoch 1/3
----------
Epoch 2/3
----------
Epoch 3/3
----------
Prune before sending to global...
Epoch 1/3
----------
Epoch 2/3
----------
Epoch 3/3
----------
Prune before sending to global...
Epoch 1/3
----------
Epoch 2/3
----------
Epoch 3/3
----------
Prune before sending to global...
Epoch 1/3
----------
Epoch 2/3
----------
Epoch 3/3
----------
Prune before sending to global...
Epoch 1/3
----------
Epoch 2/3
----------
Epoch 3/3
----------
Prune before sending to global...
micro     precision: 0.0000 | recall: 0.0000 | f1-score: 0.0000 | support: 40183 | mAP: 0.2757
macro     precision: 0.0000 | recall: 0.0000 | f1-score: 0.0000 | support: 40183 | mAP: 0.1345

==================================================
ROUND 14/20
==================================================
Epoch 1/3
----------
Epoch 2/3
----------
Epoch 3/3
----------
Prune before sending to global...
Epoch 1/3
----------
Epoch 2/3
----------
Epoch 3/3
----------
Prune before sending to global...
Epoch 1/3
----------
Epoch 2/3
----------
Epoch 3/3
----------
Prune before sending to global...
Epoch 1/3
----------
Epoch 2/3
----------
Epoch 3/3
----------
Prune before sending to global...
Epoch 1/3
----------
Epoch 2/3
----------
Epoch 3/3
----------
Prune before sending to global...
Epoch 1/3
----------
Epoch 2/3
----------
Epoch 3/3
----------
Prune before sending to global...
Epoch 1/3
----------
Epoch 2/3
----------
Epoch 3/3
----------
Prune before sending to global...
Epoch 1/3
----------
Epoch 2/3
----------
Epoch 3/3
----------
Prune before sending to global...
micro     precision: 0.0000 | recall: 0.0000 | f1-score: 0.0000 | support: 40183 | mAP: 0.2757
macro     precision: 0.0000 | recall: 0.0000 | f1-score: 0.0000 | support: 40183 | mAP: 0.1345

==================================================
ROUND 15/20
==================================================
Epoch 1/3
----------
Epoch 2/3
----------
Epoch 3/3
----------
Prune before sending to global...
Epoch 1/3
----------
Epoch 2/3
----------
Epoch 3/3
----------
Prune before sending to global...
Epoch 1/3
----------
Epoch 2/3
----------
Epoch 3/3
----------
Prune before sending to global...
Epoch 1/3
----------
Epoch 2/3
----------
Epoch 3/3
----------
Prune before sending to global...
Epoch 1/3
----------
Epoch 2/3
----------
Epoch 3/3
----------
Prune before sending to global...
Epoch 1/3
----------
Epoch 2/3
----------
Epoch 3/3
----------
Prune before sending to global...
Epoch 1/3
----------
Epoch 2/3
----------
Epoch 3/3
----------
Prune before sending to global...
Epoch 1/3
----------
Epoch 2/3
----------
Epoch 3/3
----------
Prune before sending to global...
micro     precision: 0.0000 | recall: 0.0000 | f1-score: 0.0000 | support: 40183 | mAP: 0.2760
macro     precision: 0.0000 | recall: 0.0000 | f1-score: 0.0000 | support: 40183 | mAP: 0.1345

==================================================
ROUND 16/20
==================================================
Epoch 1/3
----------
Epoch 2/3
----------
Epoch 3/3
----------
Prune before sending to global...
Epoch 1/3
----------
Epoch 2/3
----------
Epoch 3/3
----------
Prune before sending to global...
Epoch 1/3
----------
Epoch 2/3
----------
Epoch 3/3
----------
Prune before sending to global...
Epoch 1/3
----------
Epoch 2/3
----------
Epoch 3/3
----------
Prune before sending to global...
Epoch 1/3
----------
Epoch 2/3
----------
Epoch 3/3
----------
Prune before sending to global...
Epoch 1/3
----------
Epoch 2/3
----------
Epoch 3/3
----------
Prune before sending to global...
Epoch 1/3
----------
Epoch 2/3
----------
Epoch 3/3
----------
Prune before sending to global...
Epoch 1/3
----------
Epoch 2/3
----------
Epoch 3/3
----------
Prune before sending to global...
micro     precision: 0.0000 | recall: 0.0000 | f1-score: 0.0000 | support: 40183 | mAP: 0.2740
macro     precision: 0.0000 | recall: 0.0000 | f1-score: 0.0000 | support: 40183 | mAP: 0.1345

==================================================
ROUND 17/20
==================================================
Epoch 1/3
----------
Epoch 2/3
----------
Epoch 3/3
----------
Prune before sending to global...
Epoch 1/3
----------
Epoch 2/3
----------
Epoch 3/3
----------
Prune before sending to global...
Epoch 1/3
----------
Epoch 2/3
----------
Epoch 3/3
----------
Prune before sending to global...
Epoch 1/3
----------
Epoch 2/3
----------
Epoch 3/3
----------
Prune before sending to global...
Epoch 1/3
----------
Epoch 2/3
----------
Epoch 3/3
----------
Prune before sending to global...
Epoch 1/3
----------
Epoch 2/3
----------
Epoch 3/3
----------
Prune before sending to global...
Epoch 1/3
----------
Epoch 2/3
----------
Epoch 3/3
----------
Prune before sending to global...
Epoch 1/3
----------
Epoch 2/3
----------
Epoch 3/3
----------
Prune before sending to global...
micro     precision: 0.0000 | recall: 0.0000 | f1-score: 0.0000 | support: 40183 | mAP: 0.2740
macro     precision: 0.0000 | recall: 0.0000 | f1-score: 0.0000 | support: 40183 | mAP: 0.1345

==================================================
ROUND 18/20
==================================================
Epoch 1/3
----------
Epoch 2/3
----------
Epoch 3/3
----------
Prune before sending to global...
Epoch 1/3
----------
Epoch 2/3
----------
Epoch 3/3
----------
Prune before sending to global...
Epoch 1/3
----------
Epoch 2/3
----------
Epoch 3/3
----------
Prune before sending to global...
Epoch 1/3
----------
Epoch 2/3
----------
Epoch 3/3
----------
Prune before sending to global...
Epoch 1/3
----------
Epoch 2/3
----------
Epoch 3/3
----------
Prune before sending to global...
Epoch 1/3
----------
Epoch 2/3
----------
Epoch 3/3
----------
Prune before sending to global...
Epoch 1/3
----------
Epoch 2/3
----------
Epoch 3/3
----------
Prune before sending to global...
Epoch 1/3
----------
Epoch 2/3
----------
Epoch 3/3
----------
Prune before sending to global...
micro     precision: 0.0000 | recall: 0.0000 | f1-score: 0.0000 | support: 40183 | mAP: 0.2843
macro     precision: 0.0000 | recall: 0.0000 | f1-score: 0.0000 | support: 40183 | mAP: 0.1345

==================================================
ROUND 19/20
==================================================
Epoch 1/3
----------
Epoch 2/3
----------
Epoch 3/3
----------
Prune before sending to global...
Epoch 1/3
----------
Epoch 2/3
----------
Epoch 3/3
----------
Prune before sending to global...
Epoch 1/3
----------
Epoch 2/3
----------
Epoch 3/3
----------
Prune before sending to global...
Epoch 1/3
----------
Epoch 2/3
----------
Epoch 3/3
----------
Prune before sending to global...
Epoch 1/3
----------
Epoch 2/3
----------
Epoch 3/3
----------
Prune before sending to global...
Epoch 1/3
----------
Epoch 2/3
----------
Epoch 3/3
----------
Prune before sending to global...
Epoch 1/3
----------
Epoch 2/3
----------
Epoch 3/3
----------
Prune before sending to global...
Epoch 1/3
----------
Epoch 2/3
----------
Epoch 3/3
----------
Prune before sending to global...
micro     precision: 0.0000 | recall: 0.0000 | f1-score: 0.0000 | support: 40183 | mAP: 0.2740
macro     precision: 0.0000 | recall: 0.0000 | f1-score: 0.0000 | support: 40183 | mAP: 0.1345

==================================================
ROUND 20/20
==================================================
Epoch 1/3
----------
Epoch 2/3
----------
Epoch 3/3
----------
Prune before sending to global...
Epoch 1/3
----------
Epoch 2/3
----------
Epoch 3/3
----------
Prune before sending to global...
Epoch 1/3
----------
Epoch 2/3
----------
Epoch 3/3
----------
Prune before sending to global...
Epoch 1/3
----------
Epoch 2/3
----------
Epoch 3/3
----------
Prune before sending to global...
Epoch 1/3
----------
Epoch 2/3
----------
Epoch 3/3
----------
Prune before sending to global...
Epoch 1/3
----------
Epoch 2/3
----------
Epoch 3/3
----------
Prune before sending to global...
Epoch 1/3
----------
Epoch 2/3
----------
Epoch 3/3
----------
Prune before sending to global...
Epoch 1/3
----------
Epoch 2/3
----------
Epoch 3/3
----------
Prune before sending to global...
micro     precision: 0.0000 | recall: 0.0000 | f1-score: 0.0000 | support: 40183 | mAP: 0.2740
macro     precision: 0.0000 | recall: 0.0000 | f1-score: 0.0000 | support: 40183 | mAP: 0.1345

[{'0': {'precision': [], 'recall': [], 'f1-score': [], 'support': []}, '1': {'precision': [], 'recall': [], 'f1-score': [], 'support': []}, '2': {'precision': [], 'recall': [], 'f1-score': [], 'support': []}, '3': {'precision': [], 'recall': [], 'f1-score': [], 'support': []}, '4': {'precision': [], 'recall': [], 'f1-score': [], 'support': []}, '5': {'precision': [], 'recall': [], 'f1-score': [], 'support': []}, '6': {'precision': [], 'recall': [], 'f1-score': [], 'support': []}, '7': {'precision': [], 'recall': [], 'f1-score': [], 'support': []}, '8': {'precision': [], 'recall': [], 'f1-score': [], 'support': []}, '9': {'precision': [], 'recall': [], 'f1-score': [], 'support': []}, '10': {'precision': [], 'recall': [], 'f1-score': [], 'support': []}, '11': {'precision': [], 'recall': [], 'f1-score': [], 'support': []}, '12': {'precision': [], 'recall': [], 'f1-score': [], 'support': []}, '13': {'precision': [], 'recall': [], 'f1-score': [], 'support': []}, '14': {'precision': [], 'recall': [], 'f1-score': [], 'support': []}, '15': {'precision': [], 'recall': [], 'f1-score': [], 'support': []}, '16': {'precision': [], 'recall': [], 'f1-score': [], 'support': []}, '17': {'precision': [], 'recall': [], 'f1-score': [], 'support': []}, '18': {'precision': [], 'recall': [], 'f1-score': [], 'support': []}, 'micro avg': {'precision': [], 'recall': [], 'f1-score': [], 'support': []}, 'macro avg': {'precision': [], 'recall': [], 'f1-score': [], 'support': []}, 'weighted avg': {'precision': [], 'recall': [], 'f1-score': [], 'support': []}, 'ap_mic': [], 'ap_mac': []}, {'0': {'precision': [], 'recall': [], 'f1-score': [], 'support': []}, '1': {'precision': [], 'recall': [], 'f1-score': [], 'support': []}, '2': {'precision': [], 'recall': [], 'f1-score': [], 'support': []}, '3': {'precision': [], 'recall': [], 'f1-score': [], 'support': []}, '4': {'precision': [], 'recall': [], 'f1-score': [], 'support': []}, '5': {'precision': [], 'recall': [], 'f1-score': [], 'support': []}, '6': {'precision': [], 'recall': [], 'f1-score': [], 'support': []}, '7': {'precision': [], 'recall': [], 'f1-score': [], 'support': []}, '8': {'precision': [], 'recall': [], 'f1-score': [], 'support': []}, '9': {'precision': [], 'recall': [], 'f1-score': [], 'support': []}, '10': {'precision': [], 'recall': [], 'f1-score': [], 'support': []}, '11': {'precision': [], 'recall': [], 'f1-score': [], 'support': []}, '12': {'precision': [], 'recall': [], 'f1-score': [], 'support': []}, '13': {'precision': [], 'recall': [], 'f1-score': [], 'support': []}, '14': {'precision': [], 'recall': [], 'f1-score': [], 'support': []}, '15': {'precision': [], 'recall': [], 'f1-score': [], 'support': []}, '16': {'precision': [], 'recall': [], 'f1-score': [], 'support': []}, '17': {'precision': [], 'recall': [], 'f1-score': [], 'support': []}, '18': {'precision': [], 'recall': [], 'f1-score': [], 'support': []}, 'micro avg': {'precision': [], 'recall': [], 'f1-score': [], 'support': []}, 'macro avg': {'precision': [], 'recall': [], 'f1-score': [], 'support': []}, 'weighted avg': {'precision': [], 'recall': [], 'f1-score': [], 'support': []}, 'ap_mic': [], 'ap_mac': []}, {'0': {'precision': [], 'recall': [], 'f1-score': [], 'support': []}, '1': {'precision': [], 'recall': [], 'f1-score': [], 'support': []}, '2': {'precision': [], 'recall': [], 'f1-score': [], 'support': []}, '3': {'precision': [], 'recall': [], 'f1-score': [], 'support': []}, '4': {'precision': [], 'recall': [], 'f1-score': [], 'support': []}, '5': {'precision': [], 'recall': [], 'f1-score': [], 'support': []}, '6': {'precision': [], 'recall': [], 'f1-score': [], 'support': []}, '7': {'precision': [], 'recall': [], 'f1-score': [], 'support': []}, '8': {'precision': [], 'recall': [], 'f1-score': [], 'support': []}, '9': {'precision': [], 'recall': [], 'f1-score': [], 'support': []}, '10': {'precision': [], 'recall': [], 'f1-score': [], 'support': []}, '11': {'precision': [], 'recall': [], 'f1-score': [], 'support': []}, '12': {'precision': [], 'recall': [], 'f1-score': [], 'support': []}, '13': {'precision': [], 'recall': [], 'f1-score': [], 'support': []}, '14': {'precision': [], 'recall': [], 'f1-score': [], 'support': []}, '15': {'precision': [], 'recall': [], 'f1-score': [], 'support': []}, '16': {'precision': [], 'recall': [], 'f1-score': [], 'support': []}, '17': {'precision': [], 'recall': [], 'f1-score': [], 'support': []}, '18': {'precision': [], 'recall': [], 'f1-score': [], 'support': []}, 'micro avg': {'precision': [], 'recall': [], 'f1-score': [], 'support': []}, 'macro avg': {'precision': [], 'recall': [], 'f1-score': [], 'support': []}, 'weighted avg': {'precision': [], 'recall': [], 'f1-score': [], 'support': []}, 'ap_mic': [], 'ap_mac': []}, {'0': {'precision': [], 'recall': [], 'f1-score': [], 'support': []}, '1': {'precision': [], 'recall': [], 'f1-score': [], 'support': []}, '2': {'precision': [], 'recall': [], 'f1-score': [], 'support': []}, '3': {'precision': [], 'recall': [], 'f1-score': [], 'support': []}, '4': {'precision': [], 'recall': [], 'f1-score': [], 'support': []}, '5': {'precision': [], 'recall': [], 'f1-score': [], 'support': []}, '6': {'precision': [], 'recall': [], 'f1-score': [], 'support': []}, '7': {'precision': [], 'recall': [], 'f1-score': [], 'support': []}, '8': {'precision': [], 'recall': [], 'f1-score': [], 'support': []}, '9': {'precision': [], 'recall': [], 'f1-score': [], 'support': []}, '10': {'precision': [], 'recall': [], 'f1-score': [], 'support': []}, '11': {'precision': [], 'recall': [], 'f1-score': [], 'support': []}, '12': {'precision': [], 'recall': [], 'f1-score': [], 'support': []}, '13': {'precision': [], 'recall': [], 'f1-score': [], 'support': []}, '14': {'precision': [], 'recall': [], 'f1-score': [], 'support': []}, '15': {'precision': [], 'recall': [], 'f1-score': [], 'support': []}, '16': {'precision': [], 'recall': [], 'f1-score': [], 'support': []}, '17': {'precision': [], 'recall': [], 'f1-score': [], 'support': []}, '18': {'precision': [], 'recall': [], 'f1-score': [], 'support': []}, 'micro avg': {'precision': [], 'recall': [], 'f1-score': [], 'support': []}, 'macro avg': {'precision': [], 'recall': [], 'f1-score': [], 'support': []}, 'weighted avg': {'precision': [], 'recall': [], 'f1-score': [], 'support': []}, 'ap_mic': [], 'ap_mac': []}, {'0': {'precision': [], 'recall': [], 'f1-score': [], 'support': []}, '1': {'precision': [], 'recall': [], 'f1-score': [], 'support': []}, '2': {'precision': [], 'recall': [], 'f1-score': [], 'support': []}, '3': {'precision': [], 'recall': [], 'f1-score': [], 'support': []}, '4': {'precision': [], 'recall': [], 'f1-score': [], 'support': []}, '5': {'precision': [], 'recall': [], 'f1-score': [], 'support': []}, '6': {'precision': [], 'recall': [], 'f1-score': [], 'support': []}, '7': {'precision': [], 'recall': [], 'f1-score': [], 'support': []}, '8': {'precision': [], 'recall': [], 'f1-score': [], 'support': []}, '9': {'precision': [], 'recall': [], 'f1-score': [], 'support': []}, '10': {'precision': [], 'recall': [], 'f1-score': [], 'support': []}, '11': {'precision': [], 'recall': [], 'f1-score': [], 'support': []}, '12': {'precision': [], 'recall': [], 'f1-score': [], 'support': []}, '13': {'precision': [], 'recall': [], 'f1-score': [], 'support': []}, '14': {'precision': [], 'recall': [], 'f1-score': [], 'support': []}, '15': {'precision': [], 'recall': [], 'f1-score': [], 'support': []}, '16': {'precision': [], 'recall': [], 'f1-score': [], 'support': []}, '17': {'precision': [], 'recall': [], 'f1-score': [], 'support': []}, '18': {'precision': [], 'recall': [], 'f1-score': [], 'support': []}, 'micro avg': {'precision': [], 'recall': [], 'f1-score': [], 'support': []}, 'macro avg': {'precision': [], 'recall': [], 'f1-score': [], 'support': []}, 'weighted avg': {'precision': [], 'recall': [], 'f1-score': [], 'support': []}, 'ap_mic': [], 'ap_mac': []}, {'0': {'precision': [], 'recall': [], 'f1-score': [], 'support': []}, '1': {'precision': [], 'recall': [], 'f1-score': [], 'support': []}, '2': {'precision': [], 'recall': [], 'f1-score': [], 'support': []}, '3': {'precision': [], 'recall': [], 'f1-score': [], 'support': []}, '4': {'precision': [], 'recall': [], 'f1-score': [], 'support': []}, '5': {'precision': [], 'recall': [], 'f1-score': [], 'support': []}, '6': {'precision': [], 'recall': [], 'f1-score': [], 'support': []}, '7': {'precision': [], 'recall': [], 'f1-score': [], 'support': []}, '8': {'precision': [], 'recall': [], 'f1-score': [], 'support': []}, '9': {'precision': [], 'recall': [], 'f1-score': [], 'support': []}, '10': {'precision': [], 'recall': [], 'f1-score': [], 'support': []}, '11': {'precision': [], 'recall': [], 'f1-score': [], 'support': []}, '12': {'precision': [], 'recall': [], 'f1-score': [], 'support': []}, '13': {'precision': [], 'recall': [], 'f1-score': [], 'support': []}, '14': {'precision': [], 'recall': [], 'f1-score': [], 'support': []}, '15': {'precision': [], 'recall': [], 'f1-score': [], 'support': []}, '16': {'precision': [], 'recall': [], 'f1-score': [], 'support': []}, '17': {'precision': [], 'recall': [], 'f1-score': [], 'support': []}, '18': {'precision': [], 'recall': [], 'f1-score': [], 'support': []}, 'micro avg': {'precision': [], 'recall': [], 'f1-score': [], 'support': []}, 'macro avg': {'precision': [], 'recall': [], 'f1-score': [], 'support': []}, 'weighted avg': {'precision': [], 'recall': [], 'f1-score': [], 'support': []}, 'ap_mic': [], 'ap_mac': []}, {'0': {'precision': [], 'recall': [], 'f1-score': [], 'support': []}, '1': {'precision': [], 'recall': [], 'f1-score': [], 'support': []}, '2': {'precision': [], 'recall': [], 'f1-score': [], 'support': []}, '3': {'precision': [], 'recall': [], 'f1-score': [], 'support': []}, '4': {'precision': [], 'recall': [], 'f1-score': [], 'support': []}, '5': {'precision': [], 'recall': [], 'f1-score': [], 'support': []}, '6': {'precision': [], 'recall': [], 'f1-score': [], 'support': []}, '7': {'precision': [], 'recall': [], 'f1-score': [], 'support': []}, '8': {'precision': [], 'recall': [], 'f1-score': [], 'support': []}, '9': {'precision': [], 'recall': [], 'f1-score': [], 'support': []}, '10': {'precision': [], 'recall': [], 'f1-score': [], 'support': []}, '11': {'precision': [], 'recall': [], 'f1-score': [], 'support': []}, '12': {'precision': [], 'recall': [], 'f1-score': [], 'support': []}, '13': {'precision': [], 'recall': [], 'f1-score': [], 'support': []}, '14': {'precision': [], 'recall': [], 'f1-score': [], 'support': []}, '15': {'precision': [], 'recall': [], 'f1-score': [], 'support': []}, '16': {'precision': [], 'recall': [], 'f1-score': [], 'support': []}, '17': {'precision': [], 'recall': [], 'f1-score': [], 'support': []}, '18': {'precision': [], 'recall': [], 'f1-score': [], 'support': []}, 'micro avg': {'precision': [], 'recall': [], 'f1-score': [], 'support': []}, 'macro avg': {'precision': [], 'recall': [], 'f1-score': [], 'support': []}, 'weighted avg': {'precision': [], 'recall': [], 'f1-score': [], 'support': []}, 'ap_mic': [], 'ap_mac': []}, {'0': {'precision': [], 'recall': [], 'f1-score': [], 'support': []}, '1': {'precision': [], 'recall': [], 'f1-score': [], 'support': []}, '2': {'precision': [], 'recall': [], 'f1-score': [], 'support': []}, '3': {'precision': [], 'recall': [], 'f1-score': [], 'support': []}, '4': {'precision': [], 'recall': [], 'f1-score': [], 'support': []}, '5': {'precision': [], 'recall': [], 'f1-score': [], 'support': []}, '6': {'precision': [], 'recall': [], 'f1-score': [], 'support': []}, '7': {'precision': [], 'recall': [], 'f1-score': [], 'support': []}, '8': {'precision': [], 'recall': [], 'f1-score': [], 'support': []}, '9': {'precision': [], 'recall': [], 'f1-score': [], 'support': []}, '10': {'precision': [], 'recall': [], 'f1-score': [], 'support': []}, '11': {'precision': [], 'recall': [], 'f1-score': [], 'support': []}, '12': {'precision': [], 'recall': [], 'f1-score': [], 'support': []}, '13': {'precision': [], 'recall': [], 'f1-score': [], 'support': []}, '14': {'precision': [], 'recall': [], 'f1-score': [], 'support': []}, '15': {'precision': [], 'recall': [], 'f1-score': [], 'support': []}, '16': {'precision': [], 'recall': [], 'f1-score': [], 'support': []}, '17': {'precision': [], 'recall': [], 'f1-score': [], 'support': []}, '18': {'precision': [], 'recall': [], 'f1-score': [], 'support': []}, 'micro avg': {'precision': [], 'recall': [], 'f1-score': [], 'support': []}, 'macro avg': {'precision': [], 'recall': [], 'f1-score': [], 'support': []}, 'weighted avg': {'precision': [], 'recall': [], 'f1-score': [], 'support': []}, 'ap_mic': [], 'ap_mac': []}]
