Using device: cuda:0
Pre-filtered 30767 patches based on country and season (split ignored)
Loading BEN data for train...
    237871 patches indexed
    14805 filtered patches indexed
    14805 patches indexed considering max_len
Merged metadata with snow/cloud metadata
Loaded 549488 labels
Loaded 549488 keys
Loaded mapping created
Pre-filtered 30767 patches based on country and season (split ignored)
Loading BEN data for test...
    119825 patches indexed
    8209 filtered patches indexed
    8209 patches indexed considering max_len
Merged metadata with snow/cloud metadata
Loaded 549488 labels
Loaded 549488 keys
Loaded mapping created
Pre-filtered 15549 patches based on country and season (split ignored)
Loading BEN data for train...
    237871 patches indexed
    7150 filtered patches indexed
    7150 patches indexed considering max_len
Merged metadata with snow/cloud metadata
Loaded 549488 labels
Loaded 549488 keys
Loaded mapping created
Pre-filtered 15549 patches based on country and season (split ignored)
Loading BEN data for test...
    119825 patches indexed
    4263 filtered patches indexed
    4263 patches indexed considering max_len
Merged metadata with snow/cloud metadata
Loaded 549488 labels
Loaded 549488 keys
Loaded mapping created
Pre-filtered 13683 patches based on country and season (split ignored)
Loading BEN data for train...
    237871 patches indexed
    7180 filtered patches indexed
    7180 patches indexed considering max_len
Merged metadata with snow/cloud metadata
Loaded 549488 labels
Loaded 549488 keys
Loaded mapping created
Pre-filtered 13683 patches based on country and season (split ignored)
Loading BEN data for test...
    119825 patches indexed
    3248 filtered patches indexed
    3248 patches indexed considering max_len
Merged metadata with snow/cloud metadata
Loaded 549488 labels
Loaded 549488 keys
Loaded mapping created
Pre-filtered 10372 patches based on country and season (split ignored)
Loading BEN data for train...
    237871 patches indexed
    5941 filtered patches indexed
    5941 patches indexed considering max_len
Merged metadata with snow/cloud metadata
Loaded 549488 labels
Loaded 549488 keys
Loaded mapping created
Pre-filtered 10372 patches based on country and season (split ignored)
Loading BEN data for test...
    119825 patches indexed
    1871 filtered patches indexed
    1871 patches indexed considering max_len
Merged metadata with snow/cloud metadata
Loaded 549488 labels
Loaded 549488 keys
Loaded mapping created
Pre-filtered 1939 patches based on country and season (split ignored)
Loading BEN data for train...
    237871 patches indexed
    1323 filtered patches indexed
    1323 patches indexed considering max_len
Merged metadata with snow/cloud metadata
Loaded 549488 labels
Loaded 549488 keys
Loaded mapping created
Pre-filtered 1939 patches based on country and season (split ignored)
Loading BEN data for test...
    119825 patches indexed
    32 filtered patches indexed
    32 patches indexed considering max_len
Merged metadata with snow/cloud metadata
Loaded 549488 labels
Loaded 549488 keys
Loaded mapping created
Pre-filtered 8775 patches based on country and season (split ignored)
Loading BEN data for train...
    237871 patches indexed
    4206 filtered patches indexed
    4206 patches indexed considering max_len
Merged metadata with snow/cloud metadata
Loaded 549488 labels
Loaded 549488 keys
Loaded mapping created
Pre-filtered 8775 patches based on country and season (split ignored)
Loading BEN data for test...
    119825 patches indexed
    2151 filtered patches indexed
    2151 patches indexed considering max_len
Merged metadata with snow/cloud metadata
Loaded 549488 labels
Loaded 549488 keys
Loaded mapping created
Pre-filtered 16438 patches based on country and season (split ignored)
Loading BEN data for train...
    237871 patches indexed
    8037 filtered patches indexed
    8037 patches indexed considering max_len
Merged metadata with snow/cloud metadata
Loaded 549488 labels
Loaded 549488 keys
Loaded mapping created
Pre-filtered 16438 patches based on country and season (split ignored)
Loading BEN data for test...
    119825 patches indexed
    4220 filtered patches indexed
    4220 patches indexed considering max_len
Merged metadata with snow/cloud metadata
Loaded 549488 labels
Loaded 549488 keys
Loaded mapping created
Pre-filtered 4874 patches based on country and season (split ignored)
Loading BEN data for train...
    237871 patches indexed
    1692 filtered patches indexed
    1692 patches indexed considering max_len
Merged metadata with snow/cloud metadata
Loaded 549488 labels
Loaded 549488 keys
Loaded mapping created
Pre-filtered 4874 patches based on country and season (split ignored)
Loading BEN data for test...
    119825 patches indexed
    2039 filtered patches indexed
    2039 patches indexed considering max_len
Merged metadata with snow/cloud metadata
Loaded 549488 labels
Loaded 549488 keys
Loaded mapping created
Pre-filtered 59999 patches based on country and season (split ignored)
Loading BEN data for test...
    119825 patches indexed
    15720 filtered patches indexed
    15720 patches indexed considering max_len
Merged metadata with snow/cloud metadata
Loaded 549488 labels
Loaded 549488 keys
Loaded mapping created
Pre-filtered 59999 patches based on country and season (split ignored)
Loading BEN data for train...
    237871 patches indexed
    29135 filtered patches indexed
    29135 patches indexed considering max_len
Merged metadata with snow/cloud metadata
Loaded 549488 labels
Loaded 549488 keys
Loaded mapping created
Loading BEN data for train...
    237871 patches indexed
    237871 filtered patches indexed
    237871 patches indexed considering max_len
Merged metadata with snow/cloud metadata
Loaded 549488 labels
Loaded 549488 keys
Loaded mapping created
==================================================
ROUND 1/20
==================================================
Epoch 1/3
----------
Epoch 2/3
----------
Epoch 3/3
----------
Epoch 1/3
----------
Epoch 2/3
----------
Epoch 3/3
----------
Epoch 1/3
----------
Epoch 2/3
----------
Epoch 3/3
----------
Epoch 1/3
----------
Epoch 2/3
----------
Epoch 3/3
----------
Epoch 1/3
----------
Epoch 2/3
----------
Epoch 3/3
----------
Epoch 1/3
----------
Epoch 2/3
----------
Epoch 3/3
----------
Epoch 1/3
----------
Epoch 2/3
----------
Epoch 3/3
----------
Epoch 1/3
----------
Epoch 2/3
----------
Epoch 3/3
----------
micro     precision: 0.0000 | recall: 0.0000 | f1-score: 0.0000 | support: 40183 | mAP: 0.3121
macro     precision: 0.0000 | recall: 0.0000 | f1-score: 0.0000 | support: 40183 | mAP: 0.2963

==================================================
ROUND 2/20
==================================================
Epoch 1/3
----------
Epoch 2/3
----------
Epoch 3/3
----------
Epoch 1/3
----------
Epoch 2/3
----------
Epoch 3/3
----------
Epoch 1/3
----------
Epoch 2/3
----------
Epoch 3/3
----------
Epoch 1/3
----------
Epoch 2/3
----------
Epoch 3/3
----------
Epoch 1/3
----------
Epoch 2/3
----------
Epoch 3/3
----------
Epoch 1/3
----------
Epoch 2/3
----------
Epoch 3/3
----------
Epoch 1/3
----------
Epoch 2/3
----------
Epoch 3/3
----------
Epoch 1/3
----------
Epoch 2/3
----------
Epoch 3/3
----------
micro     precision: 0.3683 | recall: 0.3508 | f1-score: 0.3593 | support: 40183 | mAP: 0.4253
macro     precision: 0.1418 | recall: 0.1598 | f1-score: 0.1027 | support: 40183 | mAP: 0.3384

==================================================
ROUND 3/20
==================================================
Epoch 1/3
----------
Epoch 2/3
----------
Epoch 3/3
----------
Epoch 1/3
----------
Epoch 2/3
----------
Epoch 3/3
----------
Epoch 1/3
----------
Epoch 2/3
----------
Epoch 3/3
----------
Epoch 1/3
----------
Epoch 2/3
----------
Epoch 3/3
----------
Epoch 1/3
----------
Epoch 2/3
----------
Epoch 3/3
----------
Epoch 1/3
----------
Epoch 2/3
----------
Epoch 3/3
----------
Epoch 1/3
----------
Epoch 2/3
----------
Epoch 3/3
----------
Epoch 1/3
----------
Epoch 2/3
----------
Epoch 3/3
----------
micro     precision: 0.5499 | recall: 0.3196 | f1-score: 0.4043 | support: 40183 | mAP: 0.4598
macro     precision: 0.2748 | recall: 0.1421 | f1-score: 0.1464 | support: 40183 | mAP: 0.3094

==================================================
ROUND 4/20
==================================================
Finale Anzahl der Pruning-Patches: 17
Anzahl eindeutiger Klassen: 18
Klassenverteilung in den Pruning-Patches (Häufigkeiten): {'Marine waters': 9, 'Transitional woodland, shrub': 7, 'Mixed forest': 7, 'Coniferous forest': 6, 'Land principally occupied by agriculture, with significant areas of natural vegetation': 2, 'Inland waters': 1, 'Broad-leaved forest': 2, 'Arable land': 4, 'Urban fabric': 1, 'Industrial or commercial units': 1, 'Coastal wetlands': 2, 'Inland wetlands': 2, 'Pastures': 4, 'Complex cultivation patterns': 1, 'Moors, heathland and sclerophyllous vegetation': 1, 'Natural grassland and sparsely vegetated areas': 1, 'Beaches, dunes, sands': 1, 'Permanent crops': 1}
[INFO] Erstelle Prune Loader...
[INFO] 12 Patches nach Filterung übrig.
[SUCCESS] Prune Loader erfolgreich erstellt.
Starting relevance computation and pruning mask generation.
Type of components_relevances: <class 'collections.OrderedDict'>
Layer: conv1
Total layer relevance: 3.492376228919495e+22
--------------------------------------------------
Layer: encoder.4.0.conv1
Total layer relevance: 2.1643813420382848e+22
--------------------------------------------------
Layer: encoder.4.0.conv2
Total layer relevance: 1.299394777447594e+22
--------------------------------------------------
Layer: encoder.4.0.conv3
Total layer relevance: 2.9230478273459383e+21
--------------------------------------------------
Layer: encoder.4.0.downsample.0
Total layer relevance: 2.936643068721063e+21
--------------------------------------------------
Layer: encoder.4.1.conv1
Total layer relevance: 6.762409927194444e+19
--------------------------------------------------
Layer: encoder.4.1.conv2
Total layer relevance: 4.826968635927324e+19
--------------------------------------------------
Layer: encoder.4.1.conv3
Total layer relevance: 1.6935589586145378e+19
--------------------------------------------------
Layer: encoder.4.2.conv1
Total layer relevance: 1.9351069297811128e+18
--------------------------------------------------
Layer: encoder.4.2.conv2
Total layer relevance: 1.4776831545914163e+18
--------------------------------------------------
Layer: encoder.4.2.conv3
Total layer relevance: 2.4962183279620915e+17
--------------------------------------------------
Layer: encoder.5.0.conv1
Total layer relevance: 1.811478478009139e+16
--------------------------------------------------
Layer: encoder.5.0.conv2
Total layer relevance: 1.6802816152567808e+16
--------------------------------------------------
Layer: encoder.5.0.conv3
Total layer relevance: 3601338130759680.0
--------------------------------------------------
Layer: encoder.5.0.downsample.0
Total layer relevance: 3619533759709184.0
--------------------------------------------------
Layer: encoder.5.1.conv1
Total layer relevance: 169080682184704.0
--------------------------------------------------
Layer: encoder.5.1.conv2
Total layer relevance: 155759203581952.0
--------------------------------------------------
Layer: encoder.5.1.conv3
Total layer relevance: 24379576549376.0
--------------------------------------------------
Layer: encoder.5.2.conv1
Total layer relevance: 1439299010560.0
--------------------------------------------------
Layer: encoder.5.2.conv2
Total layer relevance: 1526242738176.0
--------------------------------------------------
Layer: encoder.5.2.conv3
Total layer relevance: 334991622144.0
--------------------------------------------------
Layer: encoder.5.3.conv1
Total layer relevance: 50022293504.0
--------------------------------------------------
Layer: encoder.5.3.conv2
Total layer relevance: 51940122624.0
--------------------------------------------------
Layer: encoder.5.3.conv3
Total layer relevance: 12735022080.0
--------------------------------------------------
Layer: encoder.6.0.conv1
Total layer relevance: 2058489088.0
--------------------------------------------------
Layer: encoder.6.0.conv2
Total layer relevance: 3154979072.0
--------------------------------------------------
Layer: encoder.6.0.conv3
Total layer relevance: 527315904.0
--------------------------------------------------
Layer: encoder.6.0.downsample.0
Total layer relevance: 534794560.0
--------------------------------------------------
Layer: encoder.6.1.conv1
Total layer relevance: 44197672.0
--------------------------------------------------
Layer: encoder.6.1.conv2
Total layer relevance: 61680676.0
--------------------------------------------------
Layer: encoder.6.1.conv3
Total layer relevance: 18375314.0
--------------------------------------------------
Layer: encoder.6.2.conv1
Total layer relevance: 6674172.0
--------------------------------------------------
Layer: encoder.6.2.conv2
Total layer relevance: 10476650.0
--------------------------------------------------
Layer: encoder.6.2.conv3
Total layer relevance: 1766357.75
--------------------------------------------------
Layer: encoder.6.3.conv1
Total layer relevance: 463885.0625
--------------------------------------------------
Layer: encoder.6.3.conv2
Total layer relevance: 883680.375
--------------------------------------------------
Layer: encoder.6.3.conv3
Total layer relevance: 292895.03125
--------------------------------------------------
Layer: encoder.6.4.conv1
Total layer relevance: 192092.5625
--------------------------------------------------
Layer: encoder.6.4.conv2
Total layer relevance: 431463.78125
--------------------------------------------------
Layer: encoder.6.4.conv3
Total layer relevance: 54145.359375
--------------------------------------------------
Layer: encoder.6.5.conv1
Total layer relevance: 14114.2265625
--------------------------------------------------
Layer: encoder.6.5.conv2
Total layer relevance: 33314.640625
--------------------------------------------------
Layer: encoder.6.5.conv3
Total layer relevance: 7509.57421875
--------------------------------------------------
Layer: encoder.7.0.conv1
Total layer relevance: 2802.834716796875
--------------------------------------------------
Layer: encoder.7.0.conv2
Total layer relevance: 8585.767578125
--------------------------------------------------
Layer: encoder.7.0.conv3
Total layer relevance: 3788.123046875
--------------------------------------------------
Layer: encoder.7.0.downsample.0
Total layer relevance: 5658.6240234375
--------------------------------------------------
Layer: encoder.7.1.conv1
Total layer relevance: 1189.94287109375
--------------------------------------------------
Layer: encoder.7.1.conv2
Total layer relevance: 5082.525390625
--------------------------------------------------
Layer: encoder.7.1.conv3
Total layer relevance: 3250.6279296875
--------------------------------------------------
Layer: encoder.7.2.conv1
Total layer relevance: 2313.8671875
--------------------------------------------------
Layer: encoder.7.2.conv2
Total layer relevance: 3904.5458984375
--------------------------------------------------
Layer: encoder.7.2.conv3
Total layer relevance: 2473.979248046875
--------------------------------------------------
--------------------------------------------------
Global Pruning Mask
Pruning-rate: 0.5
Layer: conv1		% of pruned neurons: 0.00%
Layer: encoder.4.0.conv1		% of pruned neurons: 0.00%
Layer: encoder.4.0.conv2		% of pruned neurons: 0.00%
Layer: encoder.4.0.conv3		% of pruned neurons: 0.00%
Layer: encoder.4.0.downsample.0		% of pruned neurons: 0.00%
Layer: encoder.4.1.conv1		% of pruned neurons: 0.00%
Layer: encoder.4.1.conv2		% of pruned neurons: 0.00%
Layer: encoder.4.1.conv3		% of pruned neurons: 0.00%
Layer: encoder.4.2.conv1		% of pruned neurons: 0.00%
Layer: encoder.4.2.conv2		% of pruned neurons: 0.00%
Layer: encoder.4.2.conv3		% of pruned neurons: 0.00%
Layer: encoder.5.0.conv1		% of pruned neurons: 0.00%
Layer: encoder.5.0.conv2		% of pruned neurons: 0.00%
Layer: encoder.5.0.conv3		% of pruned neurons: 0.00%
Layer: encoder.5.0.downsample.0		% of pruned neurons: 0.00%
Layer: encoder.5.1.conv1		% of pruned neurons: 0.00%
Layer: encoder.5.1.conv2		% of pruned neurons: 0.00%
Layer: encoder.5.1.conv3		% of pruned neurons: 0.00%
Layer: encoder.5.2.conv1		% of pruned neurons: 0.00%
Layer: encoder.5.2.conv2		% of pruned neurons: 0.00%
Layer: encoder.5.2.conv3		% of pruned neurons: 0.00%
Layer: encoder.5.3.conv1		% of pruned neurons: 0.00%
Layer: encoder.5.3.conv2		% of pruned neurons: 0.00%
Layer: encoder.5.3.conv3		% of pruned neurons: 0.00%
Layer: encoder.6.0.conv1		% of pruned neurons: 0.00%
Layer: encoder.6.0.conv2		% of pruned neurons: 0.00%
Layer: encoder.6.0.conv3		% of pruned neurons: 0.00%
Layer: encoder.6.0.downsample.0		% of pruned neurons: 0.00%
Layer: encoder.6.1.conv1		% of pruned neurons: 0.00%
Layer: encoder.6.1.conv2		% of pruned neurons: 0.00%
Layer: encoder.6.1.conv3		% of pruned neurons: 0.00%
Layer: encoder.6.2.conv1		% of pruned neurons: 0.00%
Layer: encoder.6.2.conv2		% of pruned neurons: 0.00%
Layer: encoder.6.2.conv3		% of pruned neurons: 1.86%
Layer: encoder.6.3.conv1		% of pruned neurons: 0.00%
Layer: encoder.6.3.conv2		% of pruned neurons: 0.00%
Layer: encoder.6.3.conv3		% of pruned neurons: 26.37%
Layer: encoder.6.4.conv1		% of pruned neurons: 0.00%
Layer: encoder.6.4.conv2		% of pruned neurons: 0.00%
Layer: encoder.6.4.conv3		% of pruned neurons: 87.50%
Layer: encoder.6.5.conv1		% of pruned neurons: 3.12%
Layer: encoder.6.5.conv2		% of pruned neurons: 0.00%
Layer: encoder.6.5.conv3		% of pruned neurons: 95.90%
Layer: encoder.7.0.conv1		% of pruned neurons: 100.00%
Layer: encoder.7.0.conv2		% of pruned neurons: 83.79%
Layer: encoder.7.0.conv3		% of pruned neurons: 99.07%
Layer: encoder.7.0.downsample.0		% of pruned neurons: 98.97%
Layer: encoder.7.1.conv1		% of pruned neurons: 100.00%
Layer: encoder.7.1.conv2		% of pruned neurons: 99.22%
Layer: encoder.7.1.conv3		% of pruned neurons: 99.07%
Layer: encoder.7.2.conv1		% of pruned neurons: 100.00%
Layer: encoder.7.2.conv2		% of pruned neurons: 100.00%
Layer: encoder.7.2.conv3		% of pruned neurons: 99.37%
Sendeing pruning mask to clients...
[INFO] Pruner and pruning mask received and stored.
[INFO] Pruner and pruning mask received and stored.
[INFO] Pruner and pruning mask received and stored.
[INFO] Pruner and pruning mask received and stored.
[INFO] Pruner and pruning mask received and stored.
[INFO] Pruner and pruning mask received and stored.
[INFO] Pruner and pruning mask received and stored.
[INFO] Pruner and pruning mask received and stored.
Epoch 1/3
----------
Epoch 2/3
----------
Epoch 3/3
----------
Prune before sending to global...
Epoch 1/3
----------
Epoch 2/3
----------
Epoch 3/3
----------
Prune before sending to global...
Epoch 1/3
----------
Epoch 2/3
----------
Epoch 3/3
----------
Prune before sending to global...
Epoch 1/3
----------
Epoch 2/3
----------
Epoch 3/3
----------
Prune before sending to global...
Epoch 1/3
----------
Epoch 2/3
----------
Epoch 3/3
----------
Prune before sending to global...
Epoch 1/3
----------
Epoch 2/3
----------
Epoch 3/3
----------
Prune before sending to global...
Epoch 1/3
----------
Epoch 2/3
----------
Epoch 3/3
----------
Prune before sending to global...
Epoch 1/3
----------
Epoch 2/3
----------
Epoch 3/3
----------
Prune before sending to global...
micro     precision: 0.0000 | recall: 0.0000 | f1-score: 0.0000 | support: 40183 | mAP: 0.2963
macro     precision: 0.0000 | recall: 0.0000 | f1-score: 0.0000 | support: 40183 | mAP: 0.2702

==================================================
ROUND 5/20
==================================================
Epoch 1/3
----------
Epoch 2/3
----------
Epoch 3/3
----------
Prune before sending to global...
Epoch 1/3
----------
Epoch 2/3
----------
Epoch 3/3
----------
Prune before sending to global...
Epoch 1/3
----------
Epoch 2/3
----------
Epoch 3/3
----------
Prune before sending to global...
Epoch 1/3
----------
Epoch 2/3
----------
Epoch 3/3
----------
Prune before sending to global...
Epoch 1/3
----------
Epoch 2/3
----------
Epoch 3/3
----------
Prune before sending to global...
Epoch 1/3
----------
Epoch 2/3
----------
Epoch 3/3
----------
Prune before sending to global...
Epoch 1/3
----------
Epoch 2/3
----------
Epoch 3/3
----------
Prune before sending to global...
Epoch 1/3
----------
Epoch 2/3
----------
Epoch 3/3
----------
Prune before sending to global...
micro     precision: 0.9033 | recall: 0.0886 | f1-score: 0.1614 | support: 40183 | mAP: 0.4722
macro     precision: 0.0475 | recall: 0.0318 | f1-score: 0.0381 | support: 40183 | mAP: 0.3031

==================================================
ROUND 6/20
==================================================
Epoch 1/3
----------
Epoch 2/3
----------
Epoch 3/3
----------
Prune before sending to global...
Epoch 1/3
----------
Epoch 2/3
----------
Epoch 3/3
----------
Prune before sending to global...
Epoch 1/3
----------
Epoch 2/3
----------
Epoch 3/3
----------
Prune before sending to global...
Epoch 1/3
----------
Epoch 2/3
----------
Epoch 3/3
----------
Prune before sending to global...
Epoch 1/3
----------
Epoch 2/3
----------
Epoch 3/3
----------
Prune before sending to global...
Epoch 1/3
----------
Epoch 2/3
----------
Epoch 3/3
----------
Prune before sending to global...
Epoch 1/3
----------
Epoch 2/3
----------
Epoch 3/3
----------
Prune before sending to global...
Epoch 1/3
----------
Epoch 2/3
----------
Epoch 3/3
----------
Prune before sending to global...
micro     precision: 0.8145 | recall: 0.2662 | f1-score: 0.4013 | support: 40183 | mAP: 0.5657
macro     precision: 0.1274 | recall: 0.0985 | f1-score: 0.1106 | support: 40183 | mAP: 0.3152

==================================================
ROUND 7/20
==================================================
Epoch 1/3
----------
Epoch 2/3
----------
Epoch 3/3
----------
Prune before sending to global...
Epoch 1/3
----------
Epoch 2/3
----------
Epoch 3/3
----------
Prune before sending to global...
Epoch 1/3
----------
Epoch 2/3
----------
Epoch 3/3
----------
Prune before sending to global...
Epoch 1/3
----------
Epoch 2/3
----------
Epoch 3/3
----------
Prune before sending to global...
Epoch 1/3
----------
Epoch 2/3
----------
Epoch 3/3
----------
Prune before sending to global...
Epoch 1/3
----------
Epoch 2/3
----------
Epoch 3/3
----------
Prune before sending to global...
Epoch 1/3
----------
Epoch 2/3
----------
Epoch 3/3
----------
Prune before sending to global...
Epoch 1/3
----------
Epoch 2/3
----------
Epoch 3/3
----------
Prune before sending to global...
micro     precision: 0.6861 | recall: 0.3681 | f1-score: 0.4791 | support: 40183 | mAP: 0.5304
macro     precision: 0.2245 | recall: 0.1516 | f1-score: 0.1541 | support: 40183 | mAP: 0.3092

==================================================
ROUND 8/20
==================================================
Epoch 1/3
----------
Epoch 2/3
----------
Epoch 3/3
----------
Prune before sending to global...
Epoch 1/3
----------
Epoch 2/3
----------
Epoch 3/3
----------
Prune before sending to global...
Epoch 1/3
----------
Epoch 2/3
----------
Epoch 3/3
----------
Prune before sending to global...
Epoch 1/3
----------
Epoch 2/3
----------
Epoch 3/3
----------
Prune before sending to global...
Epoch 1/3
----------
Epoch 2/3
----------
Epoch 3/3
----------
Prune before sending to global...
Epoch 1/3
----------
Epoch 2/3
----------
Epoch 3/3
----------
Prune before sending to global...
Epoch 1/3
----------
Epoch 2/3
----------
Epoch 3/3
----------
Prune before sending to global...
Epoch 1/3
----------
Epoch 2/3
----------
Epoch 3/3
----------
Prune before sending to global...
micro     precision: 0.7579 | recall: 0.3974 | f1-score: 0.5214 | support: 40183 | mAP: 0.6328
macro     precision: 0.2778 | recall: 0.1687 | f1-score: 0.1865 | support: 40183 | mAP: 0.3715

==================================================
ROUND 9/20
==================================================
Epoch 1/3
----------
Epoch 2/3
----------
Epoch 3/3
----------
Prune before sending to global...
Epoch 1/3
----------
Epoch 2/3
----------
Epoch 3/3
----------
Prune before sending to global...
Epoch 1/3
----------
Epoch 2/3
----------
Epoch 3/3
----------
Prune before sending to global...
Epoch 1/3
----------
Epoch 2/3
----------
Epoch 3/3
----------
Prune before sending to global...
Epoch 1/3
----------
Epoch 2/3
----------
Epoch 3/3
----------
Prune before sending to global...
Epoch 1/3
----------
Epoch 2/3
----------
Epoch 3/3
----------
Prune before sending to global...
Epoch 1/3
----------
Epoch 2/3
----------
Epoch 3/3
----------
Prune before sending to global...
Epoch 1/3
----------
Epoch 2/3
----------
Epoch 3/3
----------
Prune before sending to global...
micro     precision: 0.6870 | recall: 0.4468 | f1-score: 0.5415 | support: 40183 | mAP: 0.5951
macro     precision: 0.2963 | recall: 0.1948 | f1-score: 0.1973 | support: 40183 | mAP: 0.3448

==================================================
ROUND 10/20
==================================================
Epoch 1/3
----------
Epoch 2/3
----------
Epoch 3/3
----------
Prune before sending to global...
Epoch 1/3
----------
Epoch 2/3
----------
Epoch 3/3
----------
Prune before sending to global...
Epoch 1/3
----------
Epoch 2/3
----------
Epoch 3/3
----------
Prune before sending to global...
Epoch 1/3
----------
Epoch 2/3
----------
Epoch 3/3
----------
Prune before sending to global...
Epoch 1/3
----------
Epoch 2/3
----------
Epoch 3/3
----------
Prune before sending to global...
Epoch 1/3
----------
Epoch 2/3
----------
Epoch 3/3
----------
Prune before sending to global...
Epoch 1/3
----------
Epoch 2/3
----------
Epoch 3/3
----------
Prune before sending to global...
Epoch 1/3
----------
Epoch 2/3
----------
Epoch 3/3
----------
Prune before sending to global...
micro     precision: 0.7076 | recall: 0.4871 | f1-score: 0.5770 | support: 40183 | mAP: 0.6393
macro     precision: 0.3906 | recall: 0.2375 | f1-score: 0.2503 | support: 40183 | mAP: 0.3790

==================================================
ROUND 11/20
==================================================
Epoch 1/3
----------
Epoch 2/3
----------
Epoch 3/3
----------
Prune before sending to global...
Epoch 1/3
----------
Epoch 2/3
----------
Epoch 3/3
----------
Prune before sending to global...
Epoch 1/3
----------
Epoch 2/3
----------
Epoch 3/3
----------
Prune before sending to global...
Epoch 1/3
----------
Epoch 2/3
----------
Epoch 3/3
----------
Prune before sending to global...
Epoch 1/3
----------
Epoch 2/3
----------
Epoch 3/3
----------
Prune before sending to global...
Epoch 1/3
----------
Epoch 2/3
----------
Epoch 3/3
----------
Prune before sending to global...
Epoch 1/3
----------
Epoch 2/3
----------
Epoch 3/3
----------
Prune before sending to global...
Epoch 1/3
----------
Epoch 2/3
----------
Epoch 3/3
----------
Prune before sending to global...
micro     precision: 0.6895 | recall: 0.2530 | f1-score: 0.3701 | support: 40183 | mAP: 0.5432
macro     precision: 0.2936 | recall: 0.1134 | f1-score: 0.1312 | support: 40183 | mAP: 0.3593

==================================================
ROUND 12/20
==================================================
Epoch 1/3
----------
Epoch 2/3
----------
Epoch 3/3
----------
Prune before sending to global...
Epoch 1/3
----------
Epoch 2/3
----------
Epoch 3/3
----------
Prune before sending to global...
Epoch 1/3
----------
Epoch 2/3
----------
Epoch 3/3
----------
Prune before sending to global...
Epoch 1/3
----------
Epoch 2/3
----------
Epoch 3/3
----------
Prune before sending to global...
Epoch 1/3
----------
Epoch 2/3
----------
Epoch 3/3
----------
Prune before sending to global...
Epoch 1/3
----------
Epoch 2/3
----------
Epoch 3/3
----------
Prune before sending to global...
Epoch 1/3
----------
Epoch 2/3
----------
Epoch 3/3
----------
Prune before sending to global...
Epoch 1/3
----------
Epoch 2/3
----------
Epoch 3/3
----------
Prune before sending to global...
micro     precision: 0.7777 | recall: 0.2157 | f1-score: 0.3377 | support: 40183 | mAP: 0.5857
macro     precision: 0.3293 | recall: 0.1054 | f1-score: 0.1358 | support: 40183 | mAP: 0.3923

==================================================
ROUND 13/20
==================================================
Epoch 1/3
----------
Epoch 2/3
----------
Epoch 3/3
----------
Prune before sending to global...
Epoch 1/3
----------
Epoch 2/3
----------
Epoch 3/3
----------
Prune before sending to global...
Epoch 1/3
----------
Epoch 2/3
----------
Epoch 3/3
----------
Prune before sending to global...
Epoch 1/3
----------
Epoch 2/3
----------
Epoch 3/3
----------
Prune before sending to global...
Epoch 1/3
----------
Epoch 2/3
----------
Epoch 3/3
----------
Prune before sending to global...
Epoch 1/3
----------
Epoch 2/3
----------
Epoch 3/3
----------
Prune before sending to global...
Epoch 1/3
----------
Epoch 2/3
----------
Epoch 3/3
----------
Prune before sending to global...
Epoch 1/3
----------
Epoch 2/3
----------
Epoch 3/3
----------
Prune before sending to global...
micro     precision: 0.6921 | recall: 0.5145 | f1-score: 0.5902 | support: 40183 | mAP: 0.6466
macro     precision: 0.4216 | recall: 0.2383 | f1-score: 0.2468 | support: 40183 | mAP: 0.3942

==================================================
ROUND 14/20
==================================================
Epoch 1/3
----------
Epoch 2/3
----------
Epoch 3/3
----------
Prune before sending to global...
Epoch 1/3
----------
Epoch 2/3
----------
Epoch 3/3
----------
Prune before sending to global...
Epoch 1/3
----------
Epoch 2/3
----------
Epoch 3/3
----------
Prune before sending to global...
Epoch 1/3
----------
Epoch 2/3
----------
Epoch 3/3
----------
Prune before sending to global...
Epoch 1/3
----------
Epoch 2/3
----------
Epoch 3/3
----------
Prune before sending to global...
Epoch 1/3
----------
Epoch 2/3
----------
Epoch 3/3
----------
Prune before sending to global...
Epoch 1/3
----------
Epoch 2/3
----------
Epoch 3/3
----------
Prune before sending to global...
Epoch 1/3
----------
Epoch 2/3
----------
Epoch 3/3
----------
Prune before sending to global...
micro     precision: 0.7032 | recall: 0.6106 | f1-score: 0.6536 | support: 40183 | mAP: 0.7157
macro     precision: 0.4388 | recall: 0.3103 | f1-score: 0.3153 | support: 40183 | mAP: 0.4335

==================================================
ROUND 15/20
==================================================
Epoch 1/3
----------
Epoch 2/3
----------
Epoch 3/3
----------
Prune before sending to global...
Epoch 1/3
----------
Epoch 2/3
----------
Epoch 3/3
----------
Prune before sending to global...
Epoch 1/3
----------
Epoch 2/3
----------
Epoch 3/3
----------
Prune before sending to global...
Epoch 1/3
----------
Epoch 2/3
----------
Epoch 3/3
----------
Prune before sending to global...
Epoch 1/3
----------
Epoch 2/3
----------
Epoch 3/3
----------
Prune before sending to global...
Epoch 1/3
----------
Epoch 2/3
----------
Epoch 3/3
----------
Prune before sending to global...
Epoch 1/3
----------
Epoch 2/3
----------
Epoch 3/3
----------
Prune before sending to global...
Epoch 1/3
----------
Epoch 2/3
----------
Epoch 3/3
----------
Prune before sending to global...
micro     precision: 0.6829 | recall: 0.5543 | f1-score: 0.6119 | support: 40183 | mAP: 0.6738
macro     precision: 0.3681 | recall: 0.2699 | f1-score: 0.2781 | support: 40183 | mAP: 0.4091

==================================================
ROUND 16/20
==================================================
Epoch 1/3
----------
Epoch 2/3
----------
Epoch 3/3
----------
Prune before sending to global...
Epoch 1/3
----------
Epoch 2/3
----------
Epoch 3/3
----------
Prune before sending to global...
Epoch 1/3
----------
Epoch 2/3
----------
Epoch 3/3
----------
Prune before sending to global...
Epoch 1/3
----------
Epoch 2/3
----------
Epoch 3/3
----------
Prune before sending to global...
Epoch 1/3
----------
Epoch 2/3
----------
Epoch 3/3
----------
Prune before sending to global...
Epoch 1/3
----------
Epoch 2/3
----------
Epoch 3/3
----------
Prune before sending to global...
Epoch 1/3
----------
Epoch 2/3
----------
Epoch 3/3
----------
Prune before sending to global...
Epoch 1/3
----------
Epoch 2/3
----------
Epoch 3/3
----------
Prune before sending to global...
micro     precision: 0.7388 | recall: 0.6273 | f1-score: 0.6785 | support: 40183 | mAP: 0.7379
macro     precision: 0.4622 | recall: 0.3190 | f1-score: 0.3278 | support: 40183 | mAP: 0.4343

==================================================
ROUND 17/20
==================================================
Epoch 1/3
----------
Epoch 2/3
----------
Epoch 3/3
----------
Prune before sending to global...
Epoch 1/3
----------
Epoch 2/3
----------
Epoch 3/3
----------
Prune before sending to global...
Epoch 1/3
----------
Epoch 2/3
----------
Epoch 3/3
----------
Prune before sending to global...
Epoch 1/3
----------
Epoch 2/3
----------
Epoch 3/3
----------
Prune before sending to global...
Epoch 1/3
----------
Epoch 2/3
----------
Epoch 3/3
----------
Prune before sending to global...
Epoch 1/3
----------
Epoch 2/3
----------
Epoch 3/3
----------
Prune before sending to global...
Epoch 1/3
----------
Epoch 2/3
----------
Epoch 3/3
----------
Prune before sending to global...
Epoch 1/3
----------
Epoch 2/3
----------
Epoch 3/3
----------
Prune before sending to global...
micro     precision: 0.7238 | recall: 0.5512 | f1-score: 0.6258 | support: 40183 | mAP: 0.6880
macro     precision: 0.4381 | recall: 0.2640 | f1-score: 0.2815 | support: 40183 | mAP: 0.4216

==================================================
ROUND 18/20
==================================================
Epoch 1/3
----------
Epoch 2/3
----------
Epoch 3/3
----------
Prune before sending to global...
Epoch 1/3
----------
Epoch 2/3
----------
Epoch 3/3
----------
Prune before sending to global...
Epoch 1/3
----------
Epoch 2/3
----------
Epoch 3/3
----------
Prune before sending to global...
Epoch 1/3
----------
Epoch 2/3
----------
Epoch 3/3
----------
Prune before sending to global...
Epoch 1/3
----------
Epoch 2/3
----------
Epoch 3/3
----------
Prune before sending to global...
Epoch 1/3
----------
Epoch 2/3
----------
Epoch 3/3
----------
Prune before sending to global...
Epoch 1/3
----------
Epoch 2/3
----------
Epoch 3/3
----------
Prune before sending to global...
Epoch 1/3
----------
Epoch 2/3
----------
Epoch 3/3
----------
Prune before sending to global...
micro     precision: 0.7324 | recall: 0.6372 | f1-score: 0.6815 | support: 40183 | mAP: 0.7494
macro     precision: 0.4585 | recall: 0.3217 | f1-score: 0.3302 | support: 40183 | mAP: 0.4546

==================================================
ROUND 19/20
==================================================
Epoch 1/3
----------
Epoch 2/3
----------
Epoch 3/3
----------
Prune before sending to global...
Epoch 1/3
----------
Epoch 2/3
----------
Epoch 3/3
----------
Prune before sending to global...
Epoch 1/3
----------
Epoch 2/3
----------
Epoch 3/3
----------
Prune before sending to global...
Epoch 1/3
----------
Epoch 2/3
----------
Epoch 3/3
----------
Prune before sending to global...
Epoch 1/3
----------
Epoch 2/3
----------
Epoch 3/3
----------
Prune before sending to global...
Epoch 1/3
----------
Epoch 2/3
----------
Epoch 3/3
----------
Prune before sending to global...
Epoch 1/3
----------
Epoch 2/3
----------
Epoch 3/3
----------
Prune before sending to global...
Epoch 1/3
----------
Epoch 2/3
----------
Epoch 3/3
----------
Prune before sending to global...
micro     precision: 0.7401 | recall: 0.5792 | f1-score: 0.6499 | support: 40183 | mAP: 0.7237
macro     precision: 0.4696 | recall: 0.2815 | f1-score: 0.2998 | support: 40183 | mAP: 0.4401

==================================================
ROUND 20/20
==================================================
Epoch 1/3
----------
Epoch 2/3
----------
Epoch 3/3
----------
Prune before sending to global...
Epoch 1/3
----------
Epoch 2/3
----------
Epoch 3/3
----------
Prune before sending to global...
Epoch 1/3
----------
Epoch 2/3
----------
Epoch 3/3
----------
Prune before sending to global...
Epoch 1/3
----------
Epoch 2/3
----------
Epoch 3/3
----------
Prune before sending to global...
Epoch 1/3
----------
Epoch 2/3
----------
Epoch 3/3
----------
Prune before sending to global...
Epoch 1/3
----------
Epoch 2/3
----------
Epoch 3/3
----------
Prune before sending to global...
Epoch 1/3
----------
Epoch 2/3
----------
Epoch 3/3
----------
Prune before sending to global...
Epoch 1/3
----------
Epoch 2/3
----------
Epoch 3/3
----------
Prune before sending to global...
micro     precision: 0.7306 | recall: 0.6537 | f1-score: 0.6900 | support: 40183 | mAP: 0.7522
macro     precision: 0.4977 | recall: 0.3501 | f1-score: 0.3603 | support: 40183 | mAP: 0.4659

[{'0': {'precision': [], 'recall': [], 'f1-score': [], 'support': []}, '1': {'precision': [], 'recall': [], 'f1-score': [], 'support': []}, '2': {'precision': [], 'recall': [], 'f1-score': [], 'support': []}, '3': {'precision': [], 'recall': [], 'f1-score': [], 'support': []}, '4': {'precision': [], 'recall': [], 'f1-score': [], 'support': []}, '5': {'precision': [], 'recall': [], 'f1-score': [], 'support': []}, '6': {'precision': [], 'recall': [], 'f1-score': [], 'support': []}, '7': {'precision': [], 'recall': [], 'f1-score': [], 'support': []}, '8': {'precision': [], 'recall': [], 'f1-score': [], 'support': []}, '9': {'precision': [], 'recall': [], 'f1-score': [], 'support': []}, '10': {'precision': [], 'recall': [], 'f1-score': [], 'support': []}, '11': {'precision': [], 'recall': [], 'f1-score': [], 'support': []}, '12': {'precision': [], 'recall': [], 'f1-score': [], 'support': []}, '13': {'precision': [], 'recall': [], 'f1-score': [], 'support': []}, '14': {'precision': [], 'recall': [], 'f1-score': [], 'support': []}, '15': {'precision': [], 'recall': [], 'f1-score': [], 'support': []}, '16': {'precision': [], 'recall': [], 'f1-score': [], 'support': []}, '17': {'precision': [], 'recall': [], 'f1-score': [], 'support': []}, '18': {'precision': [], 'recall': [], 'f1-score': [], 'support': []}, 'micro avg': {'precision': [], 'recall': [], 'f1-score': [], 'support': []}, 'macro avg': {'precision': [], 'recall': [], 'f1-score': [], 'support': []}, 'weighted avg': {'precision': [], 'recall': [], 'f1-score': [], 'support': []}, 'ap_mic': [], 'ap_mac': []}, {'0': {'precision': [], 'recall': [], 'f1-score': [], 'support': []}, '1': {'precision': [], 'recall': [], 'f1-score': [], 'support': []}, '2': {'precision': [], 'recall': [], 'f1-score': [], 'support': []}, '3': {'precision': [], 'recall': [], 'f1-score': [], 'support': []}, '4': {'precision': [], 'recall': [], 'f1-score': [], 'support': []}, '5': {'precision': [], 'recall': [], 'f1-score': [], 'support': []}, '6': {'precision': [], 'recall': [], 'f1-score': [], 'support': []}, '7': {'precision': [], 'recall': [], 'f1-score': [], 'support': []}, '8': {'precision': [], 'recall': [], 'f1-score': [], 'support': []}, '9': {'precision': [], 'recall': [], 'f1-score': [], 'support': []}, '10': {'precision': [], 'recall': [], 'f1-score': [], 'support': []}, '11': {'precision': [], 'recall': [], 'f1-score': [], 'support': []}, '12': {'precision': [], 'recall': [], 'f1-score': [], 'support': []}, '13': {'precision': [], 'recall': [], 'f1-score': [], 'support': []}, '14': {'precision': [], 'recall': [], 'f1-score': [], 'support': []}, '15': {'precision': [], 'recall': [], 'f1-score': [], 'support': []}, '16': {'precision': [], 'recall': [], 'f1-score': [], 'support': []}, '17': {'precision': [], 'recall': [], 'f1-score': [], 'support': []}, '18': {'precision': [], 'recall': [], 'f1-score': [], 'support': []}, 'micro avg': {'precision': [], 'recall': [], 'f1-score': [], 'support': []}, 'macro avg': {'precision': [], 'recall': [], 'f1-score': [], 'support': []}, 'weighted avg': {'precision': [], 'recall': [], 'f1-score': [], 'support': []}, 'ap_mic': [], 'ap_mac': []}, {'0': {'precision': [], 'recall': [], 'f1-score': [], 'support': []}, '1': {'precision': [], 'recall': [], 'f1-score': [], 'support': []}, '2': {'precision': [], 'recall': [], 'f1-score': [], 'support': []}, '3': {'precision': [], 'recall': [], 'f1-score': [], 'support': []}, '4': {'precision': [], 'recall': [], 'f1-score': [], 'support': []}, '5': {'precision': [], 'recall': [], 'f1-score': [], 'support': []}, '6': {'precision': [], 'recall': [], 'f1-score': [], 'support': []}, '7': {'precision': [], 'recall': [], 'f1-score': [], 'support': []}, '8': {'precision': [], 'recall': [], 'f1-score': [], 'support': []}, '9': {'precision': [], 'recall': [], 'f1-score': [], 'support': []}, '10': {'precision': [], 'recall': [], 'f1-score': [], 'support': []}, '11': {'precision': [], 'recall': [], 'f1-score': [], 'support': []}, '12': {'precision': [], 'recall': [], 'f1-score': [], 'support': []}, '13': {'precision': [], 'recall': [], 'f1-score': [], 'support': []}, '14': {'precision': [], 'recall': [], 'f1-score': [], 'support': []}, '15': {'precision': [], 'recall': [], 'f1-score': [], 'support': []}, '16': {'precision': [], 'recall': [], 'f1-score': [], 'support': []}, '17': {'precision': [], 'recall': [], 'f1-score': [], 'support': []}, '18': {'precision': [], 'recall': [], 'f1-score': [], 'support': []}, 'micro avg': {'precision': [], 'recall': [], 'f1-score': [], 'support': []}, 'macro avg': {'precision': [], 'recall': [], 'f1-score': [], 'support': []}, 'weighted avg': {'precision': [], 'recall': [], 'f1-score': [], 'support': []}, 'ap_mic': [], 'ap_mac': []}, {'0': {'precision': [], 'recall': [], 'f1-score': [], 'support': []}, '1': {'precision': [], 'recall': [], 'f1-score': [], 'support': []}, '2': {'precision': [], 'recall': [], 'f1-score': [], 'support': []}, '3': {'precision': [], 'recall': [], 'f1-score': [], 'support': []}, '4': {'precision': [], 'recall': [], 'f1-score': [], 'support': []}, '5': {'precision': [], 'recall': [], 'f1-score': [], 'support': []}, '6': {'precision': [], 'recall': [], 'f1-score': [], 'support': []}, '7': {'precision': [], 'recall': [], 'f1-score': [], 'support': []}, '8': {'precision': [], 'recall': [], 'f1-score': [], 'support': []}, '9': {'precision': [], 'recall': [], 'f1-score': [], 'support': []}, '10': {'precision': [], 'recall': [], 'f1-score': [], 'support': []}, '11': {'precision': [], 'recall': [], 'f1-score': [], 'support': []}, '12': {'precision': [], 'recall': [], 'f1-score': [], 'support': []}, '13': {'precision': [], 'recall': [], 'f1-score': [], 'support': []}, '14': {'precision': [], 'recall': [], 'f1-score': [], 'support': []}, '15': {'precision': [], 'recall': [], 'f1-score': [], 'support': []}, '16': {'precision': [], 'recall': [], 'f1-score': [], 'support': []}, '17': {'precision': [], 'recall': [], 'f1-score': [], 'support': []}, '18': {'precision': [], 'recall': [], 'f1-score': [], 'support': []}, 'micro avg': {'precision': [], 'recall': [], 'f1-score': [], 'support': []}, 'macro avg': {'precision': [], 'recall': [], 'f1-score': [], 'support': []}, 'weighted avg': {'precision': [], 'recall': [], 'f1-score': [], 'support': []}, 'ap_mic': [], 'ap_mac': []}, {'0': {'precision': [], 'recall': [], 'f1-score': [], 'support': []}, '1': {'precision': [], 'recall': [], 'f1-score': [], 'support': []}, '2': {'precision': [], 'recall': [], 'f1-score': [], 'support': []}, '3': {'precision': [], 'recall': [], 'f1-score': [], 'support': []}, '4': {'precision': [], 'recall': [], 'f1-score': [], 'support': []}, '5': {'precision': [], 'recall': [], 'f1-score': [], 'support': []}, '6': {'precision': [], 'recall': [], 'f1-score': [], 'support': []}, '7': {'precision': [], 'recall': [], 'f1-score': [], 'support': []}, '8': {'precision': [], 'recall': [], 'f1-score': [], 'support': []}, '9': {'precision': [], 'recall': [], 'f1-score': [], 'support': []}, '10': {'precision': [], 'recall': [], 'f1-score': [], 'support': []}, '11': {'precision': [], 'recall': [], 'f1-score': [], 'support': []}, '12': {'precision': [], 'recall': [], 'f1-score': [], 'support': []}, '13': {'precision': [], 'recall': [], 'f1-score': [], 'support': []}, '14': {'precision': [], 'recall': [], 'f1-score': [], 'support': []}, '15': {'precision': [], 'recall': [], 'f1-score': [], 'support': []}, '16': {'precision': [], 'recall': [], 'f1-score': [], 'support': []}, '17': {'precision': [], 'recall': [], 'f1-score': [], 'support': []}, '18': {'precision': [], 'recall': [], 'f1-score': [], 'support': []}, 'micro avg': {'precision': [], 'recall': [], 'f1-score': [], 'support': []}, 'macro avg': {'precision': [], 'recall': [], 'f1-score': [], 'support': []}, 'weighted avg': {'precision': [], 'recall': [], 'f1-score': [], 'support': []}, 'ap_mic': [], 'ap_mac': []}, {'0': {'precision': [], 'recall': [], 'f1-score': [], 'support': []}, '1': {'precision': [], 'recall': [], 'f1-score': [], 'support': []}, '2': {'precision': [], 'recall': [], 'f1-score': [], 'support': []}, '3': {'precision': [], 'recall': [], 'f1-score': [], 'support': []}, '4': {'precision': [], 'recall': [], 'f1-score': [], 'support': []}, '5': {'precision': [], 'recall': [], 'f1-score': [], 'support': []}, '6': {'precision': [], 'recall': [], 'f1-score': [], 'support': []}, '7': {'precision': [], 'recall': [], 'f1-score': [], 'support': []}, '8': {'precision': [], 'recall': [], 'f1-score': [], 'support': []}, '9': {'precision': [], 'recall': [], 'f1-score': [], 'support': []}, '10': {'precision': [], 'recall': [], 'f1-score': [], 'support': []}, '11': {'precision': [], 'recall': [], 'f1-score': [], 'support': []}, '12': {'precision': [], 'recall': [], 'f1-score': [], 'support': []}, '13': {'precision': [], 'recall': [], 'f1-score': [], 'support': []}, '14': {'precision': [], 'recall': [], 'f1-score': [], 'support': []}, '15': {'precision': [], 'recall': [], 'f1-score': [], 'support': []}, '16': {'precision': [], 'recall': [], 'f1-score': [], 'support': []}, '17': {'precision': [], 'recall': [], 'f1-score': [], 'support': []}, '18': {'precision': [], 'recall': [], 'f1-score': [], 'support': []}, 'micro avg': {'precision': [], 'recall': [], 'f1-score': [], 'support': []}, 'macro avg': {'precision': [], 'recall': [], 'f1-score': [], 'support': []}, 'weighted avg': {'precision': [], 'recall': [], 'f1-score': [], 'support': []}, 'ap_mic': [], 'ap_mac': []}, {'0': {'precision': [], 'recall': [], 'f1-score': [], 'support': []}, '1': {'precision': [], 'recall': [], 'f1-score': [], 'support': []}, '2': {'precision': [], 'recall': [], 'f1-score': [], 'support': []}, '3': {'precision': [], 'recall': [], 'f1-score': [], 'support': []}, '4': {'precision': [], 'recall': [], 'f1-score': [], 'support': []}, '5': {'precision': [], 'recall': [], 'f1-score': [], 'support': []}, '6': {'precision': [], 'recall': [], 'f1-score': [], 'support': []}, '7': {'precision': [], 'recall': [], 'f1-score': [], 'support': []}, '8': {'precision': [], 'recall': [], 'f1-score': [], 'support': []}, '9': {'precision': [], 'recall': [], 'f1-score': [], 'support': []}, '10': {'precision': [], 'recall': [], 'f1-score': [], 'support': []}, '11': {'precision': [], 'recall': [], 'f1-score': [], 'support': []}, '12': {'precision': [], 'recall': [], 'f1-score': [], 'support': []}, '13': {'precision': [], 'recall': [], 'f1-score': [], 'support': []}, '14': {'precision': [], 'recall': [], 'f1-score': [], 'support': []}, '15': {'precision': [], 'recall': [], 'f1-score': [], 'support': []}, '16': {'precision': [], 'recall': [], 'f1-score': [], 'support': []}, '17': {'precision': [], 'recall': [], 'f1-score': [], 'support': []}, '18': {'precision': [], 'recall': [], 'f1-score': [], 'support': []}, 'micro avg': {'precision': [], 'recall': [], 'f1-score': [], 'support': []}, 'macro avg': {'precision': [], 'recall': [], 'f1-score': [], 'support': []}, 'weighted avg': {'precision': [], 'recall': [], 'f1-score': [], 'support': []}, 'ap_mic': [], 'ap_mac': []}, {'0': {'precision': [], 'recall': [], 'f1-score': [], 'support': []}, '1': {'precision': [], 'recall': [], 'f1-score': [], 'support': []}, '2': {'precision': [], 'recall': [], 'f1-score': [], 'support': []}, '3': {'precision': [], 'recall': [], 'f1-score': [], 'support': []}, '4': {'precision': [], 'recall': [], 'f1-score': [], 'support': []}, '5': {'precision': [], 'recall': [], 'f1-score': [], 'support': []}, '6': {'precision': [], 'recall': [], 'f1-score': [], 'support': []}, '7': {'precision': [], 'recall': [], 'f1-score': [], 'support': []}, '8': {'precision': [], 'recall': [], 'f1-score': [], 'support': []}, '9': {'precision': [], 'recall': [], 'f1-score': [], 'support': []}, '10': {'precision': [], 'recall': [], 'f1-score': [], 'support': []}, '11': {'precision': [], 'recall': [], 'f1-score': [], 'support': []}, '12': {'precision': [], 'recall': [], 'f1-score': [], 'support': []}, '13': {'precision': [], 'recall': [], 'f1-score': [], 'support': []}, '14': {'precision': [], 'recall': [], 'f1-score': [], 'support': []}, '15': {'precision': [], 'recall': [], 'f1-score': [], 'support': []}, '16': {'precision': [], 'recall': [], 'f1-score': [], 'support': []}, '17': {'precision': [], 'recall': [], 'f1-score': [], 'support': []}, '18': {'precision': [], 'recall': [], 'f1-score': [], 'support': []}, 'micro avg': {'precision': [], 'recall': [], 'f1-score': [], 'support': []}, 'macro avg': {'precision': [], 'recall': [], 'f1-score': [], 'support': []}, 'weighted avg': {'precision': [], 'recall': [], 'f1-score': [], 'support': []}, 'ap_mic': [], 'ap_mac': []}]
