Using device: cuda:0
Pre-filtered 30767 patches based on country and season (split ignored)
Loading BEN data for train...
    237871 patches indexed
    14805 filtered patches indexed
    14805 patches indexed considering max_len
Merged metadata with snow/cloud metadata
Loaded 549488 labels
Loaded 549488 keys
Loaded mapping created
Pre-filtered 30767 patches based on country and season (split ignored)
Loading BEN data for test...
    119825 patches indexed
    8209 filtered patches indexed
    8209 patches indexed considering max_len
Merged metadata with snow/cloud metadata
Loaded 549488 labels
Loaded 549488 keys
Loaded mapping created
Pre-filtered 15549 patches based on country and season (split ignored)
Loading BEN data for train...
    237871 patches indexed
    7150 filtered patches indexed
    7150 patches indexed considering max_len
Merged metadata with snow/cloud metadata
Loaded 549488 labels
Loaded 549488 keys
Loaded mapping created
Pre-filtered 15549 patches based on country and season (split ignored)
Loading BEN data for test...
    119825 patches indexed
    4263 filtered patches indexed
    4263 patches indexed considering max_len
Merged metadata with snow/cloud metadata
Loaded 549488 labels
Loaded 549488 keys
Loaded mapping created
Pre-filtered 13683 patches based on country and season (split ignored)
Loading BEN data for train...
    237871 patches indexed
    7180 filtered patches indexed
    7180 patches indexed considering max_len
Merged metadata with snow/cloud metadata
Loaded 549488 labels
Loaded 549488 keys
Loaded mapping created
Pre-filtered 13683 patches based on country and season (split ignored)
Loading BEN data for test...
    119825 patches indexed
    3248 filtered patches indexed
    3248 patches indexed considering max_len
Merged metadata with snow/cloud metadata
Loaded 549488 labels
Loaded 549488 keys
Loaded mapping created
Pre-filtered 10372 patches based on country and season (split ignored)
Loading BEN data for train...
    237871 patches indexed
    5941 filtered patches indexed
    5941 patches indexed considering max_len
Merged metadata with snow/cloud metadata
Loaded 549488 labels
Loaded 549488 keys
Loaded mapping created
Pre-filtered 10372 patches based on country and season (split ignored)
Loading BEN data for test...
    119825 patches indexed
    1871 filtered patches indexed
    1871 patches indexed considering max_len
Merged metadata with snow/cloud metadata
Loaded 549488 labels
Loaded 549488 keys
Loaded mapping created
Pre-filtered 1939 patches based on country and season (split ignored)
Loading BEN data for train...
    237871 patches indexed
    1323 filtered patches indexed
    1323 patches indexed considering max_len
Merged metadata with snow/cloud metadata
Loaded 549488 labels
Loaded 549488 keys
Loaded mapping created
Pre-filtered 1939 patches based on country and season (split ignored)
Loading BEN data for test...
    119825 patches indexed
    32 filtered patches indexed
    32 patches indexed considering max_len
Merged metadata with snow/cloud metadata
Loaded 549488 labels
Loaded 549488 keys
Loaded mapping created
Pre-filtered 8775 patches based on country and season (split ignored)
Loading BEN data for train...
    237871 patches indexed
    4206 filtered patches indexed
    4206 patches indexed considering max_len
Merged metadata with snow/cloud metadata
Loaded 549488 labels
Loaded 549488 keys
Loaded mapping created
Pre-filtered 8775 patches based on country and season (split ignored)
Loading BEN data for test...
    119825 patches indexed
    2151 filtered patches indexed
    2151 patches indexed considering max_len
Merged metadata with snow/cloud metadata
Loaded 549488 labels
Loaded 549488 keys
Loaded mapping created
Pre-filtered 16438 patches based on country and season (split ignored)
Loading BEN data for train...
    237871 patches indexed
    8037 filtered patches indexed
    8037 patches indexed considering max_len
Merged metadata with snow/cloud metadata
Loaded 549488 labels
Loaded 549488 keys
Loaded mapping created
Pre-filtered 16438 patches based on country and season (split ignored)
Loading BEN data for test...
    119825 patches indexed
    4220 filtered patches indexed
    4220 patches indexed considering max_len
Merged metadata with snow/cloud metadata
Loaded 549488 labels
Loaded 549488 keys
Loaded mapping created
Pre-filtered 4874 patches based on country and season (split ignored)
Loading BEN data for train...
    237871 patches indexed
    1692 filtered patches indexed
    1692 patches indexed considering max_len
Merged metadata with snow/cloud metadata
Loaded 549488 labels
Loaded 549488 keys
Loaded mapping created
Pre-filtered 4874 patches based on country and season (split ignored)
Loading BEN data for test...
    119825 patches indexed
    2039 filtered patches indexed
    2039 patches indexed considering max_len
Merged metadata with snow/cloud metadata
Loaded 549488 labels
Loaded 549488 keys
Loaded mapping created
Pre-filtered 59999 patches based on country and season (split ignored)
Loading BEN data for test...
    119825 patches indexed
    15720 filtered patches indexed
    15720 patches indexed considering max_len
Merged metadata with snow/cloud metadata
Loaded 549488 labels
Loaded 549488 keys
Loaded mapping created
Pre-filtered 59999 patches based on country and season (split ignored)
Loading BEN data for train...
    237871 patches indexed
    29135 filtered patches indexed
    29135 patches indexed considering max_len
Merged metadata with snow/cloud metadata
Loaded 549488 labels
Loaded 549488 keys
Loaded mapping created
Loading BEN data for train...
    237871 patches indexed
    237871 filtered patches indexed
    237871 patches indexed considering max_len
Merged metadata with snow/cloud metadata
Loaded 549488 labels
Loaded 549488 keys
Loaded mapping created
==================================================
ROUND 1/25
==================================================
Epoch 1/3
----------
Epoch 2/3
----------
Epoch 3/3
----------
Epoch 1/3
----------
Epoch 2/3
----------
Epoch 3/3
----------
Epoch 1/3
----------
Epoch 2/3
----------
Epoch 3/3
----------
Epoch 1/3
----------
Epoch 2/3
----------
Epoch 3/3
----------
Epoch 1/3
----------
Epoch 2/3
----------
Epoch 3/3
----------
Epoch 1/3
----------
Epoch 2/3
----------
Epoch 3/3
----------
Epoch 1/3
----------
Epoch 2/3
----------
Epoch 3/3
----------
Epoch 1/3
----------
Epoch 2/3
----------
Epoch 3/3
----------
micro     precision: 0.3141 | recall: 0.0236 | f1-score: 0.0439 | support: 40183 | mAP: 0.3211
macro     precision: 0.0692 | recall: 0.0189 | f1-score: 0.0177 | support: 40183 | mAP: 0.2774

==================================================
ROUND 2/25
==================================================
Epoch 1/3
----------
Epoch 2/3
----------
Epoch 3/3
----------
Epoch 1/3
----------
Epoch 2/3
----------
Epoch 3/3
----------
Epoch 1/3
----------
Epoch 2/3
----------
Epoch 3/3
----------
Epoch 1/3
----------
Epoch 2/3
----------
Epoch 3/3
----------
Epoch 1/3
----------
Epoch 2/3
----------
Epoch 3/3
----------
Epoch 1/3
----------
Epoch 2/3
----------
Epoch 3/3
----------
Epoch 1/3
----------
Epoch 2/3
----------
Epoch 3/3
----------
Epoch 1/3
----------
Epoch 2/3
----------
Epoch 3/3
----------
micro     precision: 0.5406 | recall: 0.3012 | f1-score: 0.3869 | support: 40183 | mAP: 0.3559
macro     precision: 0.1268 | recall: 0.1470 | f1-score: 0.1285 | support: 40183 | mAP: 0.2845

==================================================
ROUND 3/25
==================================================
Epoch 1/3
----------
Epoch 2/3
----------
Epoch 3/3
----------
Epoch 1/3
----------
Epoch 2/3
----------
Epoch 3/3
----------
Epoch 1/3
----------
Epoch 2/3
----------
Epoch 3/3
----------
Epoch 1/3
----------
Epoch 2/3
----------
Epoch 3/3
----------
Epoch 1/3
----------
Epoch 2/3
----------
Epoch 3/3
----------
Epoch 1/3
----------
Epoch 2/3
----------
Epoch 3/3
----------
Epoch 1/3
----------
Epoch 2/3
----------
Epoch 3/3
----------
Epoch 1/3
----------
Epoch 2/3
----------
Epoch 3/3
----------
micro     precision: 0.6005 | recall: 0.4757 | f1-score: 0.5308 | support: 40183 | mAP: 0.5284
macro     precision: 0.2338 | recall: 0.2107 | f1-score: 0.1977 | support: 40183 | mAP: 0.3395

==================================================
ROUND 4/25
==================================================
Epoch 1/3
----------
Epoch 2/3
----------
Epoch 3/3
----------
Epoch 1/3
----------
Epoch 2/3
----------
Epoch 3/3
----------
Epoch 1/3
----------
Epoch 2/3
----------
Epoch 3/3
----------
Epoch 1/3
----------
Epoch 2/3
----------
Epoch 3/3
----------
Epoch 1/3
----------
Epoch 2/3
----------
Epoch 3/3
----------
Epoch 1/3
----------
Epoch 2/3
----------
Epoch 3/3
----------
Epoch 1/3
----------
Epoch 2/3
----------
Epoch 3/3
----------
Epoch 1/3
----------
Epoch 2/3
----------
Epoch 3/3
----------
micro     precision: 0.5252 | recall: 0.4744 | f1-score: 0.4985 | support: 40183 | mAP: 0.4775
macro     precision: 0.3094 | recall: 0.2177 | f1-score: 0.1836 | support: 40183 | mAP: 0.3487

==================================================
ROUND 5/25
==================================================
Epoch 1/3
----------
Epoch 2/3
----------
Epoch 3/3
----------
Epoch 1/3
----------
Epoch 2/3
----------
Epoch 3/3
----------
Epoch 1/3
----------
Epoch 2/3
----------
Epoch 3/3
----------
Epoch 1/3
----------
Epoch 2/3
----------
Epoch 3/3
----------
Epoch 1/3
----------
Epoch 2/3
----------
Epoch 3/3
----------
Epoch 1/3
----------
Epoch 2/3
----------
Epoch 3/3
----------
Epoch 1/3
----------
Epoch 2/3
----------
Epoch 3/3
----------
Epoch 1/3
----------
Epoch 2/3
----------
Epoch 3/3
----------
micro     precision: 0.6003 | recall: 0.5994 | f1-score: 0.5999 | support: 40183 | mAP: 0.6066
macro     precision: 0.2689 | recall: 0.2706 | f1-score: 0.2283 | support: 40183 | mAP: 0.3652

==================================================
ROUND 6/25
==================================================
Epoch 1/3
----------
Epoch 2/3
----------
Epoch 3/3
----------
Epoch 1/3
----------
Epoch 2/3
----------
Epoch 3/3
----------
Epoch 1/3
----------
Epoch 2/3
----------
Epoch 3/3
----------
Epoch 1/3
----------
Epoch 2/3
----------
Epoch 3/3
----------
Epoch 1/3
----------
Epoch 2/3
----------
Epoch 3/3
----------
Epoch 1/3
----------
Epoch 2/3
----------
Epoch 3/3
----------
Epoch 1/3
----------
Epoch 2/3
----------
Epoch 3/3
----------
Epoch 1/3
----------
Epoch 2/3
----------
Epoch 3/3
----------
micro     precision: 0.5777 | recall: 0.5846 | f1-score: 0.5811 | support: 40183 | mAP: 0.5580
macro     precision: 0.3744 | recall: 0.2875 | f1-score: 0.2634 | support: 40183 | mAP: 0.4042

==================================================
ROUND 7/25
==================================================
Epoch 1/3
----------
Epoch 2/3
----------
Epoch 3/3
----------
Epoch 1/3
----------
Epoch 2/3
----------
Epoch 3/3
----------
Epoch 1/3
----------
Epoch 2/3
----------
Epoch 3/3
----------
Epoch 1/3
----------
Epoch 2/3
----------
Epoch 3/3
----------
Epoch 1/3
----------
Epoch 2/3
----------
Epoch 3/3
----------
Epoch 1/3
----------
Epoch 2/3
----------
Epoch 3/3
----------
Epoch 1/3
----------
Epoch 2/3
----------
Epoch 3/3
----------
Epoch 1/3
----------
Epoch 2/3
----------
Epoch 3/3
----------
micro     precision: 0.6267 | recall: 0.6109 | f1-score: 0.6187 | support: 40183 | mAP: 0.6531
macro     precision: 0.3935 | recall: 0.2803 | f1-score: 0.2487 | support: 40183 | mAP: 0.4165

==================================================
ROUND 8/25
==================================================
Finale Anzahl der Pruning-Patches: 17
Anzahl eindeutiger Klassen: 18
Klassenverteilung in den Pruning-Patches (Häufigkeiten): {'Marine waters': 9, 'Transitional woodland, shrub': 7, 'Mixed forest': 7, 'Coniferous forest': 6, 'Land principally occupied by agriculture, with significant areas of natural vegetation': 2, 'Inland waters': 1, 'Broad-leaved forest': 2, 'Arable land': 4, 'Urban fabric': 1, 'Industrial or commercial units': 1, 'Coastal wetlands': 2, 'Inland wetlands': 2, 'Pastures': 4, 'Complex cultivation patterns': 1, 'Moors, heathland and sclerophyllous vegetation': 1, 'Natural grassland and sparsely vegetated areas': 1, 'Beaches, dunes, sands': 1, 'Permanent crops': 1}
[INFO] Erstelle Prune Loader...
[INFO] 12 Patches nach Filterung übrig.
[SUCCESS] Prune Loader erfolgreich erstellt.
Starting relevance computation and pruning mask generation.
Type of components_relevances: <class 'collections.OrderedDict'>
Layer: conv1
Total layer relevance: 6.812808021774487e+19
--------------------------------------------------
Layer: encoder.4.0.conv1
Total layer relevance: 4.446385440307544e+19
--------------------------------------------------
Layer: encoder.4.0.conv2
Total layer relevance: 3.021852457900494e+19
--------------------------------------------------
Layer: encoder.4.0.conv3
Total layer relevance: 6.279060217577603e+18
--------------------------------------------------
Layer: encoder.4.0.downsample.0
Total layer relevance: 6.268851801869517e+18
--------------------------------------------------
Layer: encoder.4.1.conv1
Total layer relevance: 3.0249578360786125e+17
--------------------------------------------------
Layer: encoder.4.1.conv2
Total layer relevance: 2.3009088133450957e+17
--------------------------------------------------
Layer: encoder.4.1.conv3
Total layer relevance: 6.347118990904525e+16
--------------------------------------------------
Layer: encoder.4.2.conv1
Total layer relevance: 1.4159816758919168e+16
--------------------------------------------------
Layer: encoder.4.2.conv2
Total layer relevance: 1.0935530048978944e+16
--------------------------------------------------
Layer: encoder.4.2.conv3
Total layer relevance: 2757748034895872.0
--------------------------------------------------
Layer: encoder.5.0.conv1
Total layer relevance: 673909896642560.0
--------------------------------------------------
Layer: encoder.5.0.conv2
Total layer relevance: 626000073326592.0
--------------------------------------------------
Layer: encoder.5.0.conv3
Total layer relevance: 145203298041856.0
--------------------------------------------------
Layer: encoder.5.0.downsample.0
Total layer relevance: 154741212446720.0
--------------------------------------------------
Layer: encoder.5.1.conv1
Total layer relevance: 30982990200832.0
--------------------------------------------------
Layer: encoder.5.1.conv2
Total layer relevance: 28637558472704.0
--------------------------------------------------
Layer: encoder.5.1.conv3
Total layer relevance: 2421263695872.0
--------------------------------------------------
Layer: encoder.5.2.conv1
Total layer relevance: 87289823232.0
--------------------------------------------------
Layer: encoder.5.2.conv2
Total layer relevance: 94987698176.0
--------------------------------------------------
Layer: encoder.5.2.conv3
Total layer relevance: 21458335744.0
--------------------------------------------------
Layer: encoder.5.3.conv1
Total layer relevance: 4650744320.0
--------------------------------------------------
Layer: encoder.5.3.conv2
Total layer relevance: 5248272384.0
--------------------------------------------------
Layer: encoder.5.3.conv3
Total layer relevance: 1307607296.0
--------------------------------------------------
Layer: encoder.6.0.conv1
Total layer relevance: 214888208.0
--------------------------------------------------
Layer: encoder.6.0.conv2
Total layer relevance: 260394656.0
--------------------------------------------------
Layer: encoder.6.0.conv3
Total layer relevance: 85230152.0
--------------------------------------------------
Layer: encoder.6.0.downsample.0
Total layer relevance: 85976176.0
--------------------------------------------------
Layer: encoder.6.1.conv1
Total layer relevance: 11279672.0
--------------------------------------------------
Layer: encoder.6.1.conv2
Total layer relevance: 16259640.0
--------------------------------------------------
Layer: encoder.6.1.conv3
Total layer relevance: 4990709.0
--------------------------------------------------
Layer: encoder.6.2.conv1
Total layer relevance: 1551815.5
--------------------------------------------------
Layer: encoder.6.2.conv2
Total layer relevance: 2855526.5
--------------------------------------------------
Layer: encoder.6.2.conv3
Total layer relevance: 1524462.125
--------------------------------------------------
Layer: encoder.6.3.conv1
Total layer relevance: 576067.75
--------------------------------------------------
Layer: encoder.6.3.conv2
Total layer relevance: 1167954.875
--------------------------------------------------
Layer: encoder.6.3.conv3
Total layer relevance: 638671.25
--------------------------------------------------
Layer: encoder.6.4.conv1
Total layer relevance: 631132.0
--------------------------------------------------
Layer: encoder.6.4.conv2
Total layer relevance: 1386792.125
--------------------------------------------------
Layer: encoder.6.4.conv3
Total layer relevance: 196388.125
--------------------------------------------------
Layer: encoder.6.5.conv1
Total layer relevance: 67777.8828125
--------------------------------------------------
Layer: encoder.6.5.conv2
Total layer relevance: 167927.765625
--------------------------------------------------
Layer: encoder.6.5.conv3
Total layer relevance: 41678.109375
--------------------------------------------------
Layer: encoder.7.0.conv1
Total layer relevance: 11040.8720703125
--------------------------------------------------
Layer: encoder.7.0.conv2
Total layer relevance: 58985.375
--------------------------------------------------
Layer: encoder.7.0.conv3
Total layer relevance: 31717.8359375
--------------------------------------------------
Layer: encoder.7.0.downsample.0
Total layer relevance: 37685.5859375
--------------------------------------------------
Layer: encoder.7.1.conv1
Total layer relevance: 3099.66796875
--------------------------------------------------
Layer: encoder.7.1.conv2
Total layer relevance: 9169.75390625
--------------------------------------------------
Layer: encoder.7.1.conv3
Total layer relevance: 3979.569580078125
--------------------------------------------------
Layer: encoder.7.2.conv1
Total layer relevance: 564.953369140625
--------------------------------------------------
Layer: encoder.7.2.conv2
Total layer relevance: 2135.3486328125
--------------------------------------------------
Layer: encoder.7.2.conv3
Total layer relevance: 1441.3541259765625
--------------------------------------------------
--------------------------------------------------
Global Pruning Mask
Pruning-rate: 0.0
Layer: conv1		% of pruned neurons: 0.00%
Layer: encoder.4.0.conv1		% of pruned neurons: 0.00%
Layer: encoder.4.0.conv2		% of pruned neurons: 0.00%
Layer: encoder.4.0.conv3		% of pruned neurons: 0.00%
Layer: encoder.4.0.downsample.0		% of pruned neurons: 0.00%
Layer: encoder.4.1.conv1		% of pruned neurons: 0.00%
Layer: encoder.4.1.conv2		% of pruned neurons: 0.00%
Layer: encoder.4.1.conv3		% of pruned neurons: 0.00%
Layer: encoder.4.2.conv1		% of pruned neurons: 0.00%
Layer: encoder.4.2.conv2		% of pruned neurons: 0.00%
Layer: encoder.4.2.conv3		% of pruned neurons: 0.00%
Layer: encoder.5.0.conv1		% of pruned neurons: 0.00%
Layer: encoder.5.0.conv2		% of pruned neurons: 0.00%
Layer: encoder.5.0.conv3		% of pruned neurons: 0.00%
Layer: encoder.5.0.downsample.0		% of pruned neurons: 0.00%
Layer: encoder.5.1.conv1		% of pruned neurons: 0.00%
Layer: encoder.5.1.conv2		% of pruned neurons: 0.00%
Layer: encoder.5.1.conv3		% of pruned neurons: 0.00%
Layer: encoder.5.2.conv1		% of pruned neurons: 0.00%
Layer: encoder.5.2.conv2		% of pruned neurons: 0.00%
Layer: encoder.5.2.conv3		% of pruned neurons: 0.00%
Layer: encoder.5.3.conv1		% of pruned neurons: 0.00%
Layer: encoder.5.3.conv2		% of pruned neurons: 0.00%
Layer: encoder.5.3.conv3		% of pruned neurons: 0.00%
Layer: encoder.6.0.conv1		% of pruned neurons: 0.00%
Layer: encoder.6.0.conv2		% of pruned neurons: 0.00%
Layer: encoder.6.0.conv3		% of pruned neurons: 0.00%
Layer: encoder.6.0.downsample.0		% of pruned neurons: 0.00%
Layer: encoder.6.1.conv1		% of pruned neurons: 0.00%
Layer: encoder.6.1.conv2		% of pruned neurons: 0.00%
Layer: encoder.6.1.conv3		% of pruned neurons: 0.00%
Layer: encoder.6.2.conv1		% of pruned neurons: 0.00%
Layer: encoder.6.2.conv2		% of pruned neurons: 0.00%
Layer: encoder.6.2.conv3		% of pruned neurons: 0.00%
Layer: encoder.6.3.conv1		% of pruned neurons: 0.00%
Layer: encoder.6.3.conv2		% of pruned neurons: 0.00%
Layer: encoder.6.3.conv3		% of pruned neurons: 0.00%
Layer: encoder.6.4.conv1		% of pruned neurons: 0.00%
Layer: encoder.6.4.conv2		% of pruned neurons: 0.00%
Layer: encoder.6.4.conv3		% of pruned neurons: 0.00%
Layer: encoder.6.5.conv1		% of pruned neurons: 0.00%
Layer: encoder.6.5.conv2		% of pruned neurons: 0.00%
Layer: encoder.6.5.conv3		% of pruned neurons: 0.00%
Layer: encoder.7.0.conv1		% of pruned neurons: 0.00%
Layer: encoder.7.0.conv2		% of pruned neurons: 0.00%
Layer: encoder.7.0.conv3		% of pruned neurons: 0.00%
Layer: encoder.7.0.downsample.0		% of pruned neurons: 0.00%
Layer: encoder.7.1.conv1		% of pruned neurons: 0.00%
Layer: encoder.7.1.conv2		% of pruned neurons: 0.00%
Layer: encoder.7.1.conv3		% of pruned neurons: 0.00%
Layer: encoder.7.2.conv1		% of pruned neurons: 0.00%
Layer: encoder.7.2.conv2		% of pruned neurons: 0.00%
Layer: encoder.7.2.conv3		% of pruned neurons: 0.00%
Sendeing pruning mask to clients...
[INFO] Pruner and pruning mask received and stored.
[INFO] Pruner and pruning mask received and stored.
[INFO] Pruner and pruning mask received and stored.
[INFO] Pruner and pruning mask received and stored.
[INFO] Pruner and pruning mask received and stored.
[INFO] Pruner and pruning mask received and stored.
[INFO] Pruner and pruning mask received and stored.
[INFO] Pruner and pruning mask received and stored.
Epoch 1/3
----------
Epoch 2/3
----------
Epoch 3/3
----------
Epoch 1/3
----------
Epoch 2/3
----------
Epoch 3/3
----------
Epoch 1/3
----------
Epoch 2/3
----------
Epoch 3/3
----------
Epoch 1/3
----------
Epoch 2/3
----------
Epoch 3/3
----------
Epoch 1/3
----------
Epoch 2/3
----------
Epoch 3/3
----------
Epoch 1/3
----------
Epoch 2/3
----------
Epoch 3/3
----------
Epoch 1/3
----------
Epoch 2/3
----------
Epoch 3/3
----------
Epoch 1/3
----------
Epoch 2/3
----------
Epoch 3/3
----------
micro     precision: 0.5996 | recall: 0.5990 | f1-score: 0.5993 | support: 40183 | mAP: 0.6575
macro     precision: 0.3546 | recall: 0.2944 | f1-score: 0.2716 | support: 40183 | mAP: 0.4382

==================================================
ROUND 9/25
==================================================
Epoch 1/3
----------
Epoch 2/3
----------
Epoch 3/3
----------
Epoch 1/3
----------
Epoch 2/3
----------
Epoch 3/3
----------
Epoch 1/3
----------
Epoch 2/3
----------
Epoch 3/3
----------
Epoch 1/3
----------
Epoch 2/3
----------
Epoch 3/3
----------
Epoch 1/3
----------
Epoch 2/3
----------
Epoch 3/3
----------
Epoch 1/3
----------
Epoch 2/3
----------
Epoch 3/3
----------
Epoch 1/3
----------
Epoch 2/3
----------
Epoch 3/3
----------
Epoch 1/3
----------
Epoch 2/3
----------
Epoch 3/3
----------
micro     precision: 0.6926 | recall: 0.5889 | f1-score: 0.6366 | support: 40183 | mAP: 0.7034
macro     precision: 0.4166 | recall: 0.2868 | f1-score: 0.2917 | support: 40183 | mAP: 0.4302

==================================================
ROUND 10/25
==================================================
Epoch 1/3
----------
Epoch 2/3
----------
Epoch 3/3
----------
Epoch 1/3
----------
Epoch 2/3
----------
Epoch 3/3
----------
Epoch 1/3
----------
Epoch 2/3
----------
Epoch 3/3
----------
Epoch 1/3
----------
Epoch 2/3
----------
Epoch 3/3
----------
Epoch 1/3
----------
Epoch 2/3
----------
Epoch 3/3
----------
Epoch 1/3
----------
Epoch 2/3
----------
Epoch 3/3
----------
Epoch 1/3
----------
Epoch 2/3
----------
Epoch 3/3
----------
Epoch 1/3
----------
Epoch 2/3
----------
Epoch 3/3
----------
micro     precision: 0.6077 | recall: 0.5656 | f1-score: 0.5859 | support: 40183 | mAP: 0.6380
macro     precision: 0.4423 | recall: 0.2723 | f1-score: 0.2541 | support: 40183 | mAP: 0.4319

==================================================
ROUND 11/25
==================================================
Epoch 1/3
----------
Epoch 2/3
----------
