Using device: cuda:0
Pre-filtered 30767 patches based on country and season (split ignored)
Loading BEN data for train...
    237871 patches indexed
    14805 filtered patches indexed
    14805 patches indexed considering max_len
Merged metadata with snow/cloud metadata
Loaded 549488 labels
Loaded 549488 keys
Loaded mapping created
Pre-filtered 30767 patches based on country and season (split ignored)
Loading BEN data for test...
    119825 patches indexed
    8209 filtered patches indexed
    8209 patches indexed considering max_len
Merged metadata with snow/cloud metadata
Loaded 549488 labels
Loaded 549488 keys
Loaded mapping created
Pre-filtered 15549 patches based on country and season (split ignored)
Loading BEN data for train...
    237871 patches indexed
    7150 filtered patches indexed
    7150 patches indexed considering max_len
Merged metadata with snow/cloud metadata
Loaded 549488 labels
Loaded 549488 keys
Loaded mapping created
Pre-filtered 15549 patches based on country and season (split ignored)
Loading BEN data for test...
    119825 patches indexed
    4263 filtered patches indexed
    4263 patches indexed considering max_len
Merged metadata with snow/cloud metadata
Loaded 549488 labels
Loaded 549488 keys
Loaded mapping created
Pre-filtered 13683 patches based on country and season (split ignored)
Loading BEN data for train...
    237871 patches indexed
    7180 filtered patches indexed
    7180 patches indexed considering max_len
Merged metadata with snow/cloud metadata
Loaded 549488 labels
Loaded 549488 keys
Loaded mapping created
Pre-filtered 13683 patches based on country and season (split ignored)
Loading BEN data for test...
    119825 patches indexed
    3248 filtered patches indexed
    3248 patches indexed considering max_len
Merged metadata with snow/cloud metadata
Loaded 549488 labels
Loaded 549488 keys
Loaded mapping created
Pre-filtered 10372 patches based on country and season (split ignored)
Loading BEN data for train...
    237871 patches indexed
    5941 filtered patches indexed
    5941 patches indexed considering max_len
Merged metadata with snow/cloud metadata
Loaded 549488 labels
Loaded 549488 keys
Loaded mapping created
Pre-filtered 10372 patches based on country and season (split ignored)
Loading BEN data for test...
    119825 patches indexed
    1871 filtered patches indexed
    1871 patches indexed considering max_len
Merged metadata with snow/cloud metadata
Loaded 549488 labels
Loaded 549488 keys
Loaded mapping created
Pre-filtered 1939 patches based on country and season (split ignored)
Loading BEN data for train...
    237871 patches indexed
    1323 filtered patches indexed
    1323 patches indexed considering max_len
Merged metadata with snow/cloud metadata
Loaded 549488 labels
Loaded 549488 keys
Loaded mapping created
Pre-filtered 1939 patches based on country and season (split ignored)
Loading BEN data for test...
    119825 patches indexed
    32 filtered patches indexed
    32 patches indexed considering max_len
Merged metadata with snow/cloud metadata
Loaded 549488 labels
Loaded 549488 keys
Loaded mapping created
Pre-filtered 8775 patches based on country and season (split ignored)
Loading BEN data for train...
    237871 patches indexed
    4206 filtered patches indexed
    4206 patches indexed considering max_len
Merged metadata with snow/cloud metadata
Loaded 549488 labels
Loaded 549488 keys
Loaded mapping created
Pre-filtered 8775 patches based on country and season (split ignored)
Loading BEN data for test...
    119825 patches indexed
    2151 filtered patches indexed
    2151 patches indexed considering max_len
Merged metadata with snow/cloud metadata
Loaded 549488 labels
Loaded 549488 keys
Loaded mapping created
Pre-filtered 16438 patches based on country and season (split ignored)
Loading BEN data for train...
    237871 patches indexed
    8037 filtered patches indexed
    8037 patches indexed considering max_len
Merged metadata with snow/cloud metadata
Loaded 549488 labels
Loaded 549488 keys
Loaded mapping created
Pre-filtered 16438 patches based on country and season (split ignored)
Loading BEN data for test...
    119825 patches indexed
    4220 filtered patches indexed
    4220 patches indexed considering max_len
Merged metadata with snow/cloud metadata
Loaded 549488 labels
Loaded 549488 keys
Loaded mapping created
Pre-filtered 4874 patches based on country and season (split ignored)
Loading BEN data for train...
    237871 patches indexed
    1692 filtered patches indexed
    1692 patches indexed considering max_len
Merged metadata with snow/cloud metadata
Loaded 549488 labels
Loaded 549488 keys
Loaded mapping created
Pre-filtered 4874 patches based on country and season (split ignored)
Loading BEN data for test...
    119825 patches indexed
    2039 filtered patches indexed
    2039 patches indexed considering max_len
Merged metadata with snow/cloud metadata
Loaded 549488 labels
Loaded 549488 keys
Loaded mapping created
Pre-filtered 59999 patches based on country and season (split ignored)
Loading BEN data for test...
    119825 patches indexed
    15720 filtered patches indexed
    15720 patches indexed considering max_len
Merged metadata with snow/cloud metadata
Loaded 549488 labels
Loaded 549488 keys
Loaded mapping created
Round 1/40
----------
Epoch 1/3
----------
Epoch 2/3
----------
Epoch 3/3
----------
Epoch 1/3
----------
Epoch 2/3
----------
Epoch 3/3
----------
Epoch 1/3
----------
Epoch 2/3
----------
Epoch 3/3
----------
Epoch 1/3
----------
Epoch 2/3
----------
Epoch 3/3
----------
Epoch 1/3
----------
Epoch 2/3
----------
Epoch 3/3
----------
Epoch 1/3
----------
Epoch 2/3
----------
Epoch 3/3
----------
Epoch 1/3
----------
Epoch 2/3
----------
Epoch 3/3
----------
Epoch 1/3
----------
Epoch 2/3
----------
Epoch 3/3
----------
micro     precision: 0.0000 | recall: 0.0000 | f1-score: 0.0000 | support: 40183 | mAP: 0.3931
macro     precision: 0.0000 | recall: 0.0000 | f1-score: 0.0000 | support: 40183 | mAP: 0.2584

Round 2/40
----------
Epoch 1/3
----------
Epoch 2/3
----------
Epoch 3/3
----------
Epoch 1/3
----------
Epoch 2/3
----------
Epoch 3/3
----------
Epoch 1/3
----------
Epoch 2/3
----------
Epoch 3/3
----------
Epoch 1/3
----------
Epoch 2/3
----------
Epoch 3/3
----------
Epoch 1/3
----------
Epoch 2/3
----------
Epoch 3/3
----------
Epoch 1/3
----------
Epoch 2/3
----------
Epoch 3/3
----------
Epoch 1/3
----------
Epoch 2/3
----------
Epoch 3/3
----------
Epoch 1/3
----------
Epoch 2/3
----------
Epoch 3/3
----------
micro     precision: 0.7173 | recall: 0.2222 | f1-score: 0.3393 | support: 40183 | mAP: 0.4797
macro     precision: 0.1215 | recall: 0.0892 | f1-score: 0.0946 | support: 40183 | mAP: 0.3311

Round 3/40
----------
Epoch 1/3
----------
Epoch 2/3
----------
Epoch 3/3
----------
Epoch 1/3
----------
Epoch 2/3
----------
Epoch 3/3
----------
Epoch 1/3
----------
Epoch 2/3
----------
Epoch 3/3
----------
Epoch 1/3
----------
Epoch 2/3
----------
Epoch 3/3
----------
Epoch 1/3
----------
Epoch 2/3
----------
Epoch 3/3
----------
Epoch 1/3
----------
Epoch 2/3
----------
Epoch 3/3
----------
Epoch 1/3
----------
Epoch 2/3
----------
Epoch 3/3
----------
Epoch 1/3
----------
Epoch 2/3
----------
Epoch 3/3
----------
micro     precision: 0.4930 | recall: 0.2833 | f1-score: 0.3598 | support: 40183 | mAP: 0.4710
macro     precision: 0.1653 | recall: 0.1299 | f1-score: 0.1141 | support: 40183 | mAP: 0.3519

Round 4/40
----------
Epoch 1/3
----------
Epoch 2/3
----------
Epoch 3/3
----------
Epoch 1/3
----------
Epoch 2/3
----------
Epoch 3/3
----------
Epoch 1/3
----------
Epoch 2/3
----------
Epoch 3/3
----------
Epoch 1/3
----------
Epoch 2/3
----------
Epoch 3/3
----------
Epoch 1/3
----------
Epoch 2/3
----------
Epoch 3/3
----------
Epoch 1/3
----------
Epoch 2/3
----------
Epoch 3/3
----------
Epoch 1/3
----------
Epoch 2/3
----------
Epoch 3/3
----------
Epoch 1/3
----------
Epoch 2/3
----------
Epoch 3/3
----------
micro     precision: 0.4900 | recall: 0.2759 | f1-score: 0.3530 | support: 40183 | mAP: 0.4442
macro     precision: 0.2001 | recall: 0.1228 | f1-score: 0.1212 | support: 40183 | mAP: 0.2967

Round 5/40
----------
Epoch 1/3
----------
Epoch 2/3
----------
Epoch 3/3
----------
Epoch 1/3
----------
Epoch 2/3
----------
Epoch 3/3
----------
Epoch 1/3
----------
Epoch 2/3
----------
Epoch 3/3
----------
Epoch 1/3
----------
Epoch 2/3
----------
Epoch 3/3
----------
Epoch 1/3
----------
Epoch 2/3
----------
Epoch 3/3
----------
Epoch 1/3
----------
Epoch 2/3
----------
Epoch 3/3
----------
Epoch 1/3
----------
Epoch 2/3
----------
Epoch 3/3
----------
Epoch 1/3
----------
Epoch 2/3
----------
Epoch 3/3
----------
micro     precision: 0.6070 | recall: 0.6052 | f1-score: 0.6061 | support: 40183 | mAP: 0.5889
macro     precision: 0.3356 | recall: 0.3043 | f1-score: 0.2882 | support: 40183 | mAP: 0.3884

Round 6/40
----------
Epoch 1/3
----------
Epoch 2/3
----------
Epoch 3/3
----------
Epoch 1/3
----------
Epoch 2/3
----------
Epoch 3/3
----------
Epoch 1/3
----------
Epoch 2/3
----------
Epoch 3/3
----------
Epoch 1/3
----------
Epoch 2/3
----------
Epoch 3/3
----------
Epoch 1/3
----------
Epoch 2/3
----------
Epoch 3/3
----------
Epoch 1/3
----------
Epoch 2/3
----------
Epoch 3/3
----------
Epoch 1/3
----------
Epoch 2/3
----------
Epoch 3/3
----------
Epoch 1/3
----------
Epoch 2/3
----------
Epoch 3/3
----------
micro     precision: 0.6242 | recall: 0.5624 | f1-score: 0.5917 | support: 40183 | mAP: 0.6081
macro     precision: 0.3323 | recall: 0.2497 | f1-score: 0.2310 | support: 40183 | mAP: 0.4082

Round 7/40
----------
Epoch 1/3
----------
Epoch 2/3
----------
Epoch 3/3
----------
Epoch 1/3
----------
Epoch 2/3
----------
Epoch 3/3
----------
Epoch 1/3
----------
Epoch 2/3
----------
Epoch 3/3
----------
Epoch 1/3
----------
Epoch 2/3
----------
Epoch 3/3
----------
Epoch 1/3
----------
Epoch 2/3
----------
Epoch 3/3
----------
Epoch 1/3
----------
Epoch 2/3
----------
Epoch 3/3
----------
Epoch 1/3
----------
Epoch 2/3
----------
Epoch 3/3
----------
Epoch 1/3
----------
Epoch 2/3
----------
Epoch 3/3
----------
micro     precision: 0.6597 | recall: 0.4941 | f1-score: 0.5650 | support: 40183 | mAP: 0.6217
macro     precision: 0.3944 | recall: 0.2491 | f1-score: 0.2517 | support: 40183 | mAP: 0.3956

Round 8/40
----------
Epoch 1/3
----------
Epoch 2/3
----------
Epoch 3/3
----------
Epoch 1/3
----------
Epoch 2/3
----------
Epoch 3/3
----------
Epoch 1/3
----------
Epoch 2/3
----------
Epoch 3/3
----------
Epoch 1/3
----------
Epoch 2/3
----------
Epoch 3/3
----------
Epoch 1/3
----------
Epoch 2/3
----------
Epoch 3/3
----------
Epoch 1/3
----------
Epoch 2/3
----------
Epoch 3/3
----------
Epoch 1/3
----------
Epoch 2/3
----------
Epoch 3/3
----------
Epoch 1/3
----------
Epoch 2/3
----------
Epoch 3/3
----------
micro     precision: 0.5067 | recall: 0.5692 | f1-score: 0.5362 | support: 40183 | mAP: 0.4759
macro     precision: 0.3123 | recall: 0.2700 | f1-score: 0.2280 | support: 40183 | mAP: 0.3351

Round 9/40
----------
Epoch 1/3
----------
Epoch 2/3
----------
Epoch 3/3
----------
Epoch 1/3
----------
Epoch 2/3
----------
Epoch 3/3
----------
Epoch 1/3
----------
Epoch 2/3
----------
Epoch 3/3
----------
Epoch 1/3
----------
Epoch 2/3
----------
Epoch 3/3
----------
Epoch 1/3
----------
Epoch 2/3
----------
Epoch 3/3
----------
Epoch 1/3
----------
Epoch 2/3
----------
Epoch 3/3
----------
Epoch 1/3
----------
Epoch 2/3
----------
Epoch 3/3
----------
Epoch 1/3
----------
Epoch 2/3
----------
Epoch 3/3
----------
micro     precision: 0.6988 | recall: 0.5660 | f1-score: 0.6254 | support: 40183 | mAP: 0.6748
macro     precision: 0.4564 | recall: 0.2827 | f1-score: 0.2846 | support: 40183 | mAP: 0.3948

Round 10/40
----------
Epoch 1/3
----------
Epoch 2/3
----------
Epoch 3/3
----------
Epoch 1/3
----------
Epoch 2/3
----------
Epoch 3/3
----------
Epoch 1/3
----------
Epoch 2/3
----------
Epoch 3/3
----------
Epoch 1/3
----------
Epoch 2/3
----------
Epoch 3/3
----------
Epoch 1/3
----------
Epoch 2/3
----------
Epoch 3/3
----------
Epoch 1/3
----------
Epoch 2/3
----------
Epoch 3/3
----------
Epoch 1/3
----------
Epoch 2/3
----------
Epoch 3/3
----------
Epoch 1/3
----------
Epoch 2/3
----------
Epoch 3/3
----------
micro     precision: 0.5298 | recall: 0.5538 | f1-score: 0.5416 | support: 40183 | mAP: 0.5588
macro     precision: 0.3681 | recall: 0.2625 | f1-score: 0.2265 | support: 40183 | mAP: 0.3659

Round 11/40
----------
Epoch 1/3
----------
Epoch 2/3
----------
Epoch 3/3
----------
Epoch 1/3
----------
Epoch 2/3
----------
Epoch 3/3
----------
Epoch 1/3
----------
Epoch 2/3
----------
Epoch 3/3
----------
Epoch 1/3
----------
Epoch 2/3
----------
Epoch 3/3
----------
Epoch 1/3
----------
Epoch 2/3
----------
Epoch 3/3
----------
Epoch 1/3
----------
Epoch 2/3
----------
Epoch 3/3
----------
Epoch 1/3
----------
Epoch 2/3
----------
Epoch 3/3
----------
Epoch 1/3
----------
Epoch 2/3
----------
Epoch 3/3
----------
micro     precision: 0.7177 | recall: 0.5759 | f1-score: 0.6390 | support: 40183 | mAP: 0.7234
macro     precision: 0.5075 | recall: 0.3005 | f1-score: 0.3134 | support: 40183 | mAP: 0.4473

Round 12/40
----------
Epoch 1/3
----------
Epoch 2/3
----------
Epoch 3/3
----------
Epoch 1/3
----------
Epoch 2/3
----------
Epoch 3/3
----------
Epoch 1/3
----------
Epoch 2/3
----------
Epoch 3/3
----------
Epoch 1/3
----------
Epoch 2/3
----------
Epoch 3/3
----------
Epoch 1/3
----------
Epoch 2/3
----------
Epoch 3/3
----------
Epoch 1/3
----------
Epoch 2/3
----------
Epoch 3/3
----------
Epoch 1/3
----------
Epoch 2/3
----------
Epoch 3/3
----------
Epoch 1/3
----------
Epoch 2/3
----------
Epoch 3/3
----------
micro     precision: 0.6543 | recall: 0.5010 | f1-score: 0.5675 | support: 40183 | mAP: 0.6597
macro     precision: 0.4502 | recall: 0.2477 | f1-score: 0.2549 | support: 40183 | mAP: 0.4119

Round 13/40
----------
Epoch 1/3
----------
Epoch 2/3
----------
Epoch 3/3
----------
Epoch 1/3
----------
Epoch 2/3
----------
Epoch 3/3
----------
Epoch 1/3
----------
Epoch 2/3
----------
Epoch 3/3
----------
Epoch 1/3
----------
Epoch 2/3
----------
Epoch 3/3
----------
Epoch 1/3
----------
Epoch 2/3
----------
Epoch 3/3
----------
Epoch 1/3
----------
Epoch 2/3
----------
Epoch 3/3
----------
Epoch 1/3
----------
Epoch 2/3
----------
Epoch 3/3
----------
Epoch 1/3
----------
Epoch 2/3
----------
Epoch 3/3
----------
micro     precision: 0.8003 | recall: 0.5319 | f1-score: 0.6391 | support: 40183 | mAP: 0.7303
macro     precision: 0.3650 | recall: 0.2514 | f1-score: 0.2675 | support: 40183 | mAP: 0.4059

Round 14/40
----------
Epoch 1/3
----------
Epoch 2/3
----------
Epoch 3/3
----------
Epoch 1/3
----------
Epoch 2/3
----------
Epoch 3/3
----------
Epoch 1/3
----------
Epoch 2/3
----------
Epoch 3/3
----------
Epoch 1/3
----------
Epoch 2/3
----------
Epoch 3/3
----------
Epoch 1/3
----------
Epoch 2/3
----------
Epoch 3/3
----------
Epoch 1/3
----------
Epoch 2/3
----------
Epoch 3/3
----------
Epoch 1/3
----------
Epoch 2/3
----------
Epoch 3/3
----------
Epoch 1/3
----------
Epoch 2/3
----------
Epoch 3/3
----------
micro     precision: 0.7367 | recall: 0.5143 | f1-score: 0.6058 | support: 40183 | mAP: 0.6990
macro     precision: 0.5149 | recall: 0.2383 | f1-score: 0.2590 | support: 40183 | mAP: 0.4175

Round 15/40
----------
Epoch 1/3
----------
Epoch 2/3
----------
Epoch 3/3
----------
Epoch 1/3
----------
Epoch 2/3
----------
Epoch 3/3
----------
Epoch 1/3
----------
Epoch 2/3
----------
Epoch 3/3
----------
Epoch 1/3
----------
Epoch 2/3
----------
Epoch 3/3
----------
Epoch 1/3
----------
Epoch 2/3
----------
Epoch 3/3
----------
Epoch 1/3
----------
Epoch 2/3
----------
Epoch 3/3
----------
Epoch 1/3
----------
Epoch 2/3
----------
Epoch 3/3
----------
Epoch 1/3
----------
Epoch 2/3
----------
Epoch 3/3
----------
micro     precision: 0.8075 | recall: 0.5727 | f1-score: 0.6701 | support: 40183 | mAP: 0.7579
macro     precision: 0.5072 | recall: 0.2847 | f1-score: 0.3130 | support: 40183 | mAP: 0.4320

Round 16/40
----------
Epoch 1/3
----------
Epoch 2/3
----------
Epoch 3/3
----------
Epoch 1/3
----------
Epoch 2/3
----------
Epoch 3/3
----------
Epoch 1/3
----------
Epoch 2/3
----------
Epoch 3/3
----------
Epoch 1/3
----------
Epoch 2/3
----------
Epoch 3/3
----------
Epoch 1/3
----------
Epoch 2/3
----------
Epoch 3/3
----------
Epoch 1/3
----------
Epoch 2/3
----------
Epoch 3/3
----------
Epoch 1/3
----------
Epoch 2/3
----------
Epoch 3/3
----------
Epoch 1/3
----------
Epoch 2/3
----------
Epoch 3/3
----------
micro     precision: 0.7729 | recall: 0.5548 | f1-score: 0.6459 | support: 40183 | mAP: 0.7312
macro     precision: 0.5124 | recall: 0.2794 | f1-score: 0.3127 | support: 40183 | mAP: 0.4592

Round 17/40
----------
Epoch 1/3
----------
Epoch 2/3
----------
Epoch 3/3
----------
Epoch 1/3
----------
Epoch 2/3
----------
Epoch 3/3
----------
Epoch 1/3
----------
Epoch 2/3
----------
Epoch 3/3
----------
Epoch 1/3
----------
Epoch 2/3
----------
Epoch 3/3
----------
Epoch 1/3
----------
Epoch 2/3
----------
Epoch 3/3
----------
Epoch 1/3
----------
Epoch 2/3
----------
Epoch 3/3
----------
Epoch 1/3
----------
Epoch 2/3
----------
Epoch 3/3
----------
Epoch 1/3
----------
Epoch 2/3
----------
Epoch 3/3
----------
micro     precision: 0.7405 | recall: 0.4669 | f1-score: 0.5727 | support: 40183 | mAP: 0.6359
macro     precision: 0.4889 | recall: 0.2175 | f1-score: 0.2401 | support: 40183 | mAP: 0.4048

Round 18/40
----------
Epoch 1/3
----------
Epoch 2/3
----------
Epoch 3/3
----------
Epoch 1/3
----------
Epoch 2/3
----------
Epoch 3/3
----------
Epoch 1/3
----------
Epoch 2/3
----------
Epoch 3/3
----------
Epoch 1/3
----------
Epoch 2/3
----------
Epoch 3/3
----------
Epoch 1/3
----------
Epoch 2/3
----------
Epoch 3/3
----------
Epoch 1/3
----------
Epoch 2/3
----------
Epoch 3/3
----------
Epoch 1/3
----------
Epoch 2/3
----------
Epoch 3/3
----------
Epoch 1/3
----------
Epoch 2/3
----------
Epoch 3/3
----------
micro     precision: 0.7800 | recall: 0.5101 | f1-score: 0.6168 | support: 40183 | mAP: 0.7189
macro     precision: 0.5135 | recall: 0.2472 | f1-score: 0.2813 | support: 40183 | mAP: 0.4221

Round 19/40
----------
Epoch 1/3
----------
Epoch 2/3
----------
Epoch 3/3
----------
Epoch 1/3
----------
Epoch 2/3
----------
Epoch 3/3
----------
Epoch 1/3
----------
Epoch 2/3
----------
Epoch 3/3
----------
Epoch 1/3
----------
Epoch 2/3
----------
Epoch 3/3
----------
Epoch 1/3
----------
Epoch 2/3
----------
Epoch 3/3
----------
Epoch 1/3
----------
Epoch 2/3
----------
Epoch 3/3
----------
Epoch 1/3
----------
Epoch 2/3
----------
Epoch 3/3
----------
Epoch 1/3
----------
Epoch 2/3
----------
Epoch 3/3
----------
micro     precision: 0.7486 | recall: 0.4188 | f1-score: 0.5371 | support: 40183 | mAP: 0.6419
macro     precision: 0.5528 | recall: 0.2118 | f1-score: 0.2439 | support: 40183 | mAP: 0.4118

Round 20/40
----------
Epoch 1/3
----------
Epoch 2/3
----------
Epoch 3/3
----------
Epoch 1/3
----------
Epoch 2/3
----------
Epoch 3/3
----------
Epoch 1/3
----------
Epoch 2/3
----------
Epoch 3/3
----------
Epoch 1/3
----------
Epoch 2/3
----------
Epoch 3/3
----------
Epoch 1/3
----------
Epoch 2/3
----------
Epoch 3/3
----------
Epoch 1/3
----------
Epoch 2/3
----------
Epoch 3/3
----------
Epoch 1/3
----------
Epoch 2/3
----------
Epoch 3/3
----------
Epoch 1/3
----------
Epoch 2/3
----------
Epoch 3/3
----------
micro     precision: 0.7985 | recall: 0.5204 | f1-score: 0.6301 | support: 40183 | mAP: 0.7209
macro     precision: 0.5504 | recall: 0.2542 | f1-score: 0.2789 | support: 40183 | mAP: 0.4181

Round 21/40
----------
Epoch 1/3
----------
Epoch 2/3
----------
Epoch 3/3
----------
Epoch 1/3
----------
Epoch 2/3
----------
Epoch 3/3
----------
Epoch 1/3
----------
Epoch 2/3
----------
Epoch 3/3
----------
Epoch 1/3
----------
Epoch 2/3
----------
Epoch 3/3
----------
Epoch 1/3
----------
Epoch 2/3
----------
Epoch 3/3
----------
Epoch 1/3
----------
Epoch 2/3
----------
Epoch 3/3
----------
Epoch 1/3
----------
Epoch 2/3
----------
Epoch 3/3
----------
Epoch 1/3
----------
Epoch 2/3
----------
Epoch 3/3
----------
micro     precision: 0.7506 | recall: 0.5037 | f1-score: 0.6028 | support: 40183 | mAP: 0.5987
macro     precision: 0.4975 | recall: 0.2678 | f1-score: 0.3023 | support: 40183 | mAP: 0.4003

Round 22/40
----------
Epoch 1/3
----------
Epoch 2/3
----------
Epoch 3/3
----------
Epoch 1/3
----------
Epoch 2/3
----------
Epoch 3/3
----------
Epoch 1/3
----------
Epoch 2/3
----------
Epoch 3/3
----------
Epoch 1/3
----------
Epoch 2/3
----------
Epoch 3/3
----------
Epoch 1/3
----------
Epoch 2/3
----------
Epoch 3/3
----------
Epoch 1/3
----------
Epoch 2/3
----------
Epoch 3/3
----------
Epoch 1/3
----------
Epoch 2/3
----------
Epoch 3/3
----------
Epoch 1/3
----------
Epoch 2/3
----------
Epoch 3/3
----------
micro     precision: 0.7741 | recall: 0.5415 | f1-score: 0.6373 | support: 40183 | mAP: 0.7164
macro     precision: 0.5457 | recall: 0.2762 | f1-score: 0.2974 | support: 40183 | mAP: 0.4313

Round 23/40
----------
Epoch 1/3
----------
Epoch 2/3
----------
Epoch 3/3
----------
Epoch 1/3
----------
Epoch 2/3
----------
Epoch 3/3
----------
Epoch 1/3
----------
Epoch 2/3
----------
Epoch 3/3
----------
Epoch 1/3
----------
Epoch 2/3
----------
Epoch 3/3
----------
Epoch 1/3
----------
Epoch 2/3
----------
Epoch 3/3
----------
Epoch 1/3
----------
Epoch 2/3
----------
Epoch 3/3
----------
Epoch 1/3
----------
Epoch 2/3
----------
Epoch 3/3
----------
Epoch 1/3
----------
Epoch 2/3
----------
Epoch 3/3
----------
micro     precision: 0.7671 | recall: 0.5090 | f1-score: 0.6119 | support: 40183 | mAP: 0.7134
macro     precision: 0.5507 | recall: 0.2627 | f1-score: 0.3002 | support: 40183 | mAP: 0.4392

Round 24/40
----------
Epoch 1/3
----------
Epoch 2/3
----------
Epoch 3/3
----------
Epoch 1/3
----------
Epoch 2/3
----------
Epoch 3/3
----------
Epoch 1/3
----------
Epoch 2/3
----------
Epoch 3/3
----------
Epoch 1/3
----------
Epoch 2/3
----------
Epoch 3/3
----------
Epoch 1/3
----------
Epoch 2/3
----------
Epoch 3/3
----------
Epoch 1/3
----------
Epoch 2/3
----------
Epoch 3/3
----------
Epoch 1/3
----------
Epoch 2/3
----------
Epoch 3/3
----------
Epoch 1/3
----------
Epoch 2/3
----------
Epoch 3/3
----------
micro     precision: 0.7815 | recall: 0.5875 | f1-score: 0.6708 | support: 40183 | mAP: 0.7647
macro     precision: 0.6013 | recall: 0.2974 | f1-score: 0.3362 | support: 40183 | mAP: 0.4594

Round 25/40
----------
Epoch 1/3
----------
Epoch 2/3
----------
Epoch 3/3
----------
Epoch 1/3
----------
Epoch 2/3
----------
Epoch 3/3
----------
Epoch 1/3
----------
Epoch 2/3
----------
Epoch 3/3
----------
Epoch 1/3
----------
Epoch 2/3
----------
Epoch 3/3
----------
Epoch 1/3
----------
Epoch 2/3
----------
Epoch 3/3
----------
Epoch 1/3
----------
Epoch 2/3
----------
Epoch 3/3
----------
Epoch 1/3
----------
Epoch 2/3
----------
Epoch 3/3
----------
Epoch 1/3
----------
Epoch 2/3
----------
Epoch 3/3
----------
micro     precision: 0.7029 | recall: 0.5560 | f1-score: 0.6209 | support: 40183 | mAP: 0.5853
macro     precision: 0.4884 | recall: 0.3145 | f1-score: 0.3298 | support: 40183 | mAP: 0.3952

Round 26/40
----------
Epoch 1/3
----------
Epoch 2/3
----------
Epoch 3/3
----------
Epoch 1/3
----------
Epoch 2/3
----------
Epoch 3/3
----------
Epoch 1/3
----------
Epoch 2/3
----------
Epoch 3/3
----------
Epoch 1/3
----------
Epoch 2/3
----------
Epoch 3/3
----------
Epoch 1/3
----------
Epoch 2/3
----------
Epoch 3/3
----------
Epoch 1/3
----------
Epoch 2/3
----------
Epoch 3/3
----------
Epoch 1/3
----------
Epoch 2/3
----------
Epoch 3/3
----------
Epoch 1/3
----------
Epoch 2/3
----------
Epoch 3/3
----------
micro     precision: 0.8160 | recall: 0.5320 | f1-score: 0.6441 | support: 40183 | mAP: 0.7458
macro     precision: 0.5672 | recall: 0.2643 | f1-score: 0.2957 | support: 40183 | mAP: 0.4291

Round 27/40
----------
Epoch 1/3
----------
Epoch 2/3
----------
Epoch 3/3
----------
Epoch 1/3
----------
Epoch 2/3
----------
Epoch 3/3
----------
Epoch 1/3
----------
Epoch 2/3
----------
Epoch 3/3
----------
Epoch 1/3
----------
Epoch 2/3
----------
Epoch 3/3
----------
Epoch 1/3
----------
Epoch 2/3
----------
Epoch 3/3
----------
Epoch 1/3
----------
Epoch 2/3
----------
Epoch 3/3
----------
Epoch 1/3
----------
Epoch 2/3
----------
Epoch 3/3
----------
Epoch 1/3
----------
Epoch 2/3
----------
Epoch 3/3
----------
micro     precision: 0.7477 | recall: 0.4026 | f1-score: 0.5234 | support: 40183 | mAP: 0.6585
macro     precision: 0.5624 | recall: 0.1957 | f1-score: 0.2333 | support: 40183 | mAP: 0.3954

Round 28/40
----------
Epoch 1/3
----------
Epoch 2/3
----------
Epoch 3/3
----------
Epoch 1/3
----------
Epoch 2/3
----------
Epoch 3/3
----------
Epoch 1/3
----------
Epoch 2/3
----------
Epoch 3/3
----------
Epoch 1/3
----------
Epoch 2/3
----------
Epoch 3/3
----------
Epoch 1/3
----------
Epoch 2/3
----------
Epoch 3/3
----------
Epoch 1/3
----------
Epoch 2/3
----------
Epoch 3/3
----------
Epoch 1/3
----------
Epoch 2/3
----------
Epoch 3/3
----------
Epoch 1/3
----------
Epoch 2/3
----------
Epoch 3/3
----------
micro     precision: 0.8154 | recall: 0.5492 | f1-score: 0.6564 | support: 40183 | mAP: 0.7536
macro     precision: 0.5694 | recall: 0.3062 | f1-score: 0.3488 | support: 40183 | mAP: 0.4561

Round 29/40
----------
Epoch 1/3
----------
Epoch 2/3
----------
Epoch 3/3
----------
Epoch 1/3
----------
Epoch 2/3
----------
Epoch 3/3
----------
Epoch 1/3
----------
Epoch 2/3
----------
Epoch 3/3
----------
Epoch 1/3
----------
Epoch 2/3
----------
Epoch 3/3
----------
Epoch 1/3
----------
Epoch 2/3
----------
Epoch 3/3
----------
Epoch 1/3
----------
Epoch 2/3
----------
Epoch 3/3
----------
Epoch 1/3
----------
Epoch 2/3
----------
Epoch 3/3
----------
Epoch 1/3
----------
Epoch 2/3
----------
Epoch 3/3
----------
micro     precision: 0.7054 | recall: 0.4495 | f1-score: 0.5491 | support: 40183 | mAP: 0.5947
macro     precision: 0.5052 | recall: 0.2470 | f1-score: 0.2793 | support: 40183 | mAP: 0.3955

Round 30/40
----------
Epoch 1/3
----------
Epoch 2/3
----------
Epoch 3/3
----------
Epoch 1/3
----------
Epoch 2/3
----------
Epoch 3/3
----------
Epoch 1/3
----------
Epoch 2/3
----------
Epoch 3/3
----------
Epoch 1/3
----------
Epoch 2/3
----------
Epoch 3/3
----------
Epoch 1/3
----------
Epoch 2/3
----------
Epoch 3/3
----------
Epoch 1/3
----------
Epoch 2/3
----------
Epoch 3/3
----------
Epoch 1/3
----------
Epoch 2/3
----------
Epoch 3/3
----------
Epoch 1/3
----------
Epoch 2/3
----------
Epoch 3/3
----------
micro     precision: 0.7803 | recall: 0.4756 | f1-score: 0.5910 | support: 40183 | mAP: 0.7219
macro     precision: 0.5625 | recall: 0.2688 | f1-score: 0.3101 | support: 40183 | mAP: 0.4374

Round 31/40
----------
Epoch 1/3
----------
Epoch 2/3
----------
Epoch 3/3
----------
Epoch 1/3
----------
Epoch 2/3
----------
Epoch 3/3
----------
Epoch 1/3
----------
Epoch 2/3
----------
Epoch 3/3
----------
Epoch 1/3
----------
Epoch 2/3
----------
Epoch 3/3
----------
Epoch 1/3
----------
Epoch 2/3
----------
Epoch 3/3
----------
Epoch 1/3
----------
Epoch 2/3
----------
Epoch 3/3
----------
Epoch 1/3
----------
Epoch 2/3
----------
Epoch 3/3
----------
Epoch 1/3
----------
Epoch 2/3
----------
Epoch 3/3
----------
micro     precision: 0.7162 | recall: 0.5284 | f1-score: 0.6082 | support: 40183 | mAP: 0.6139
macro     precision: 0.5154 | recall: 0.2934 | f1-score: 0.3155 | support: 40183 | mAP: 0.4171

Round 32/40
----------
Epoch 1/3
----------
Epoch 2/3
----------
Epoch 3/3
----------
Epoch 1/3
----------
Epoch 2/3
----------
Epoch 3/3
----------
Epoch 1/3
----------
Epoch 2/3
----------
Epoch 3/3
----------
Epoch 1/3
----------
Epoch 2/3
----------
Epoch 3/3
----------
Epoch 1/3
----------
Epoch 2/3
----------
Epoch 3/3
----------
Epoch 1/3
----------
Epoch 2/3
----------
Epoch 3/3
----------
Epoch 1/3
----------
Epoch 2/3
----------
Epoch 3/3
----------
Epoch 1/3
----------
Epoch 2/3
----------
Epoch 3/3
----------
micro     precision: 0.7781 | recall: 0.5713 | f1-score: 0.6589 | support: 40183 | mAP: 0.7420
macro     precision: 0.5359 | recall: 0.3194 | f1-score: 0.3596 | support: 40183 | mAP: 0.4420

Round 33/40
----------
Epoch 1/3
----------
Epoch 2/3
----------
Epoch 3/3
----------
Epoch 1/3
----------
Epoch 2/3
----------
Epoch 3/3
----------
Epoch 1/3
----------
Epoch 2/3
----------
Epoch 3/3
----------
Epoch 1/3
----------
Epoch 2/3
----------
Epoch 3/3
----------
Epoch 1/3
----------
Epoch 2/3
----------
Epoch 3/3
----------
Epoch 1/3
----------
Epoch 2/3
----------
Epoch 3/3
----------
Epoch 1/3
----------
Epoch 2/3
----------
Epoch 3/3
----------
Epoch 1/3
----------
Epoch 2/3
----------
Epoch 3/3
----------
micro     precision: 0.7433 | recall: 0.5431 | f1-score: 0.6276 | support: 40183 | mAP: 0.6583
macro     precision: 0.5289 | recall: 0.3063 | f1-score: 0.3382 | support: 40183 | mAP: 0.4386

Round 34/40
----------
Epoch 1/3
----------
Epoch 2/3
----------
Epoch 3/3
----------
Epoch 1/3
----------
Epoch 2/3
----------
Epoch 3/3
----------
Epoch 1/3
----------
Epoch 2/3
----------
Epoch 3/3
----------
Epoch 1/3
----------
Epoch 2/3
----------
Epoch 3/3
----------
Epoch 1/3
----------
Epoch 2/3
----------
Epoch 3/3
----------
Epoch 1/3
----------
Epoch 2/3
----------
Epoch 3/3
----------
Epoch 1/3
----------
Epoch 2/3
----------
Epoch 3/3
----------
Epoch 1/3
----------
Epoch 2/3
----------
Epoch 3/3
----------
micro     precision: 0.6982 | recall: 0.5303 | f1-score: 0.6028 | support: 40183 | mAP: 0.6625
macro     precision: 0.4985 | recall: 0.3014 | f1-score: 0.3290 | support: 40183 | mAP: 0.4314

Round 35/40
----------
Epoch 1/3
----------
Epoch 2/3
----------
Epoch 3/3
----------
Epoch 1/3
----------
Epoch 2/3
----------
Epoch 3/3
----------
Epoch 1/3
----------
Epoch 2/3
----------
Epoch 3/3
----------
Epoch 1/3
----------
