Using device: cuda:0
Pre-filtered 30767 patches based on country and season (split ignored)
Loading BEN data for train...
    237871 patches indexed
    14805 filtered patches indexed
    14805 patches indexed considering max_len
Merged metadata with snow/cloud metadata
Loaded 549488 labels
Loaded 549488 keys
Loaded mapping created
Pre-filtered 30767 patches based on country and season (split ignored)
Loading BEN data for test...
    119825 patches indexed
    8209 filtered patches indexed
    8209 patches indexed considering max_len
Merged metadata with snow/cloud metadata
Loaded 549488 labels
Loaded 549488 keys
Loaded mapping created
Pre-filtered 15549 patches based on country and season (split ignored)
Loading BEN data for train...
    237871 patches indexed
    7150 filtered patches indexed
    7150 patches indexed considering max_len
Merged metadata with snow/cloud metadata
Loaded 549488 labels
Loaded 549488 keys
Loaded mapping created
Pre-filtered 15549 patches based on country and season (split ignored)
Loading BEN data for test...
    119825 patches indexed
    4263 filtered patches indexed
    4263 patches indexed considering max_len
Merged metadata with snow/cloud metadata
Loaded 549488 labels
Loaded 549488 keys
Loaded mapping created
Pre-filtered 13683 patches based on country and season (split ignored)
Loading BEN data for train...
    237871 patches indexed
    7180 filtered patches indexed
    7180 patches indexed considering max_len
Merged metadata with snow/cloud metadata
Loaded 549488 labels
Loaded 549488 keys
Loaded mapping created
Pre-filtered 13683 patches based on country and season (split ignored)
Loading BEN data for test...
    119825 patches indexed
    3248 filtered patches indexed
    3248 patches indexed considering max_len
Merged metadata with snow/cloud metadata
Loaded 549488 labels
Loaded 549488 keys
Loaded mapping created
Pre-filtered 59999 patches based on country and season (split ignored)
Loading BEN data for test...
    119825 patches indexed
    15720 filtered patches indexed
    15720 patches indexed considering max_len
Merged metadata with snow/cloud metadata
Loaded 549488 labels
Loaded 549488 keys
Loaded mapping created
Round 1/40
----------
Epoch 1/1
----------
Epoch 1/1
----------
Epoch 1/1
----------
micro     precision: 0.8521 | recall: 0.0587 | f1-score: 0.1098 | support: 40183 | mAP: 0.3488
macro     precision: 0.0448 | recall: 0.0474 | f1-score: 0.0461 | support: 40183 | mAP: 0.2118

Round 2/40
----------
Epoch 1/1
----------
Epoch 1/1
----------
Epoch 1/1
----------
micro     precision: 0.5012 | recall: 0.1668 | f1-score: 0.2503 | support: 40183 | mAP: 0.3544
macro     precision: 0.0669 | recall: 0.0663 | f1-score: 0.0634 | support: 40183 | mAP: 0.2208

Round 3/40
----------
Epoch 1/1
----------
Epoch 1/1
----------
Epoch 1/1
----------
micro     precision: 0.5393 | recall: 0.0766 | f1-score: 0.1341 | support: 40183 | mAP: 0.3207
macro     precision: 0.1254 | recall: 0.0613 | f1-score: 0.0570 | support: 40183 | mAP: 0.2625

Round 4/40
----------
Epoch 1/1
----------
Epoch 1/1
----------
Epoch 1/1
----------
micro     precision: 0.4936 | recall: 0.2772 | f1-score: 0.3550 | support: 40183 | mAP: 0.4836
macro     precision: 0.2364 | recall: 0.1501 | f1-score: 0.1475 | support: 40183 | mAP: 0.3333

Round 5/40
----------
Epoch 1/1
----------
Epoch 1/1
----------
Epoch 1/1
----------
micro     precision: 0.4928 | recall: 0.2297 | f1-score: 0.3133 | support: 40183 | mAP: 0.3958
macro     precision: 0.2983 | recall: 0.1028 | f1-score: 0.1145 | support: 40183 | mAP: 0.3358

Round 6/40
----------
Epoch 1/1
----------
Epoch 1/1
----------
Epoch 1/1
----------
micro     precision: 0.5407 | recall: 0.3337 | f1-score: 0.4127 | support: 40183 | mAP: 0.4609
macro     precision: 0.3248 | recall: 0.1667 | f1-score: 0.1520 | support: 40183 | mAP: 0.3261

Round 7/40
----------
Epoch 1/1
----------
Epoch 1/1
----------
Epoch 1/1
----------
micro     precision: 0.2519 | recall: 0.0921 | f1-score: 0.1349 | support: 40183 | mAP: 0.2978
macro     precision: 0.2341 | recall: 0.0789 | f1-score: 0.0792 | support: 40183 | mAP: 0.2601

Round 8/40
----------
Epoch 1/1
----------
Epoch 1/1
----------
Epoch 1/1
----------
micro     precision: 0.5063 | recall: 0.2737 | f1-score: 0.3553 | support: 40183 | mAP: 0.3976
macro     precision: 0.3488 | recall: 0.1358 | f1-score: 0.1407 | support: 40183 | mAP: 0.3091

Round 9/40
----------
Epoch 1/1
----------
Epoch 1/1
----------
Epoch 1/1
----------
micro     precision: 0.4016 | recall: 0.2668 | f1-score: 0.3206 | support: 40183 | mAP: 0.3210
macro     precision: 0.2357 | recall: 0.1594 | f1-score: 0.1463 | support: 40183 | mAP: 0.2736

Round 10/40
----------
Epoch 1/1
----------
Epoch 1/1
----------
Epoch 1/1
----------
micro     precision: 0.5672 | recall: 0.3898 | f1-score: 0.4621 | support: 40183 | mAP: 0.4380
macro     precision: 0.4484 | recall: 0.1909 | f1-score: 0.1907 | support: 40183 | mAP: 0.3323

Round 11/40
----------
Epoch 1/1
----------
Epoch 1/1
----------
Epoch 1/1
----------
micro     precision: 0.4609 | recall: 0.2398 | f1-score: 0.3155 | support: 40183 | mAP: 0.4148
macro     precision: 0.2861 | recall: 0.1358 | f1-score: 0.1533 | support: 40183 | mAP: 0.3137

Round 12/40
----------
Epoch 1/1
----------
Epoch 1/1
----------
Epoch 1/1
----------
micro     precision: 0.4610 | recall: 0.2647 | f1-score: 0.3363 | support: 40183 | mAP: 0.3595
macro     precision: 0.3022 | recall: 0.1333 | f1-score: 0.1180 | support: 40183 | mAP: 0.2937

Round 13/40
----------
Epoch 1/1
----------
Epoch 1/1
----------
Epoch 1/1
----------
micro     precision: 0.3426 | recall: 0.1632 | f1-score: 0.2211 | support: 40183 | mAP: 0.3601
macro     precision: 0.2867 | recall: 0.1119 | f1-score: 0.1109 | support: 40183 | mAP: 0.2873

Round 14/40
----------
Epoch 1/1
----------
Epoch 1/1
----------
Epoch 1/1
----------
micro     precision: 0.5404 | recall: 0.4133 | f1-score: 0.4684 | support: 40183 | mAP: 0.4406
macro     precision: 0.3785 | recall: 0.2038 | f1-score: 0.1994 | support: 40183 | mAP: 0.3134

Round 15/40
----------
Epoch 1/1
----------
Epoch 1/1
----------
Epoch 1/1
----------
micro     precision: 0.4289 | recall: 0.4105 | f1-score: 0.4195 | support: 40183 | mAP: 0.4457
macro     precision: 0.2939 | recall: 0.2212 | f1-score: 0.1857 | support: 40183 | mAP: 0.3231

Round 16/40
----------
Epoch 1/1
----------
Epoch 1/1
----------
Epoch 1/1
----------
micro     precision: 0.4730 | recall: 0.4835 | f1-score: 0.4782 | support: 40183 | mAP: 0.5241
macro     precision: 0.3997 | recall: 0.2425 | f1-score: 0.2242 | support: 40183 | mAP: 0.3724

Round 17/40
----------
Epoch 1/1
----------
Epoch 1/1
----------
Epoch 1/1
----------
micro     precision: 0.5741 | recall: 0.4286 | f1-score: 0.4908 | support: 40183 | mAP: 0.5942
macro     precision: 0.4543 | recall: 0.2398 | f1-score: 0.2553 | support: 40183 | mAP: 0.3871

Round 18/40
----------
Epoch 1/1
----------
Epoch 1/1
----------
Epoch 1/1
----------
micro     precision: 0.4220 | recall: 0.3282 | f1-score: 0.3692 | support: 40183 | mAP: 0.3904
macro     precision: 0.3770 | recall: 0.1700 | f1-score: 0.1664 | support: 40183 | mAP: 0.3614

Round 19/40
----------
Epoch 1/1
----------
Epoch 1/1
----------
Epoch 1/1
----------
micro     precision: 0.5837 | recall: 0.4082 | f1-score: 0.4804 | support: 40183 | mAP: 0.5108
macro     precision: 0.4478 | recall: 0.1946 | f1-score: 0.2003 | support: 40183 | mAP: 0.3422

Round 20/40
----------
Epoch 1/1
----------
Epoch 1/1
----------
Epoch 1/1
----------
micro     precision: 0.3756 | recall: 0.3016 | f1-score: 0.3346 | support: 40183 | mAP: 0.3453
macro     precision: 0.3417 | recall: 0.1514 | f1-score: 0.1378 | support: 40183 | mAP: 0.3040

Round 21/40
----------
Epoch 1/1
----------
Epoch 1/1
----------
Epoch 1/1
----------
micro     precision: 0.5702 | recall: 0.3492 | f1-score: 0.4332 | support: 40183 | mAP: 0.5046
macro     precision: 0.4148 | recall: 0.1782 | f1-score: 0.1893 | support: 40183 | mAP: 0.3473

Round 22/40
----------
Epoch 1/1
----------
Epoch 1/1
----------
Epoch 1/1
----------
micro     precision: 0.5275 | recall: 0.3799 | f1-score: 0.4417 | support: 40183 | mAP: 0.4521
macro     precision: 0.4175 | recall: 0.2170 | f1-score: 0.2236 | support: 40183 | mAP: 0.3349

Round 23/40
----------
Epoch 1/1
----------
Epoch 1/1
----------
Epoch 1/1
----------
micro     precision: 0.5402 | recall: 0.3555 | f1-score: 0.4288 | support: 40183 | mAP: 0.5207
macro     precision: 0.5011 | recall: 0.1802 | f1-score: 0.1842 | support: 40183 | mAP: 0.3740

Round 24/40
----------
Epoch 1/1
----------
Epoch 1/1
----------
Epoch 1/1
----------
micro     precision: 0.5451 | recall: 0.2888 | f1-score: 0.3776 | support: 40183 | mAP: 0.4918
macro     precision: 0.3539 | recall: 0.1372 | f1-score: 0.1560 | support: 40183 | mAP: 0.3645

Round 25/40
----------
Epoch 1/1
----------
Epoch 1/1
----------
Epoch 1/1
----------
micro     precision: 0.4744 | recall: 0.3257 | f1-score: 0.3862 | support: 40183 | mAP: 0.4099
macro     precision: 0.4156 | recall: 0.1681 | f1-score: 0.1738 | support: 40183 | mAP: 0.3500

Round 26/40
----------
Epoch 1/1
----------
Epoch 1/1
----------
Epoch 1/1
----------
micro     precision: 0.3822 | recall: 0.3979 | f1-score: 0.3899 | support: 40183 | mAP: 0.3944
macro     precision: 0.3260 | recall: 0.2457 | f1-score: 0.2009 | support: 40183 | mAP: 0.3143

Round 27/40
----------
Epoch 1/1
----------
Epoch 1/1
----------
Epoch 1/1
----------
micro     precision: 0.6063 | recall: 0.3470 | f1-score: 0.4414 | support: 40183 | mAP: 0.5477
macro     precision: 0.4563 | recall: 0.1770 | f1-score: 0.2054 | support: 40183 | mAP: 0.3861

Round 28/40
----------
Epoch 1/1
----------
Epoch 1/1
----------
Epoch 1/1
----------
micro     precision: 0.6064 | recall: 0.4654 | f1-score: 0.5266 | support: 40183 | mAP: 0.5561
macro     precision: 0.3581 | recall: 0.2316 | f1-score: 0.2358 | support: 40183 | mAP: 0.3659

Round 29/40
----------
Epoch 1/1
----------
Epoch 1/1
----------
Epoch 1/1
----------
micro     precision: 0.7109 | recall: 0.3733 | f1-score: 0.4895 | support: 40183 | mAP: 0.6481
macro     precision: 0.4375 | recall: 0.1842 | f1-score: 0.2129 | support: 40183 | mAP: 0.3809

Round 30/40
----------
Epoch 1/1
----------
Epoch 1/1
----------
Epoch 1/1
----------
micro     precision: 0.5483 | recall: 0.3695 | f1-score: 0.4415 | support: 40183 | mAP: 0.5038
macro     precision: 0.3868 | recall: 0.1823 | f1-score: 0.2052 | support: 40183 | mAP: 0.3585

Round 31/40
----------
Epoch 1/1
----------
Epoch 1/1
----------
Epoch 1/1
----------
micro     precision: 0.6554 | recall: 0.3645 | f1-score: 0.4685 | support: 40183 | mAP: 0.6100
macro     precision: 0.4488 | recall: 0.1796 | f1-score: 0.2153 | support: 40183 | mAP: 0.4031

Round 32/40
----------
Epoch 1/1
----------
Epoch 1/1
----------
Epoch 1/1
----------
micro     precision: 0.5206 | recall: 0.4362 | f1-score: 0.4746 | support: 40183 | mAP: 0.4581
macro     precision: 0.4130 | recall: 0.2233 | f1-score: 0.2052 | support: 40183 | mAP: 0.3302

Round 33/40
----------
Epoch 1/1
----------
Epoch 1/1
----------
Epoch 1/1
----------
micro     precision: 0.7499 | recall: 0.3271 | f1-score: 0.4555 | support: 40183 | mAP: 0.6218
macro     precision: 0.4742 | recall: 0.1627 | f1-score: 0.1949 | support: 40183 | mAP: 0.3755

Round 34/40
----------
Epoch 1/1
----------
Epoch 1/1
----------
Epoch 1/1
----------
micro     precision: 0.5117 | recall: 0.3533 | f1-score: 0.4180 | support: 40183 | mAP: 0.4371
macro     precision: 0.4239 | recall: 0.1770 | f1-score: 0.1868 | support: 40183 | mAP: 0.3113

Round 35/40
----------
Epoch 1/1
----------
Epoch 1/1
----------
Epoch 1/1
----------
micro     precision: 0.5496 | recall: 0.3034 | f1-score: 0.3910 | support: 40183 | mAP: 0.4653
macro     precision: 0.4606 | recall: 0.1860 | f1-score: 0.2027 | support: 40183 | mAP: 0.3835

Round 36/40
----------
Epoch 1/1
----------
Epoch 1/1
----------
Epoch 1/1
----------
micro     precision: 0.6672 | recall: 0.3487 | f1-score: 0.4580 | support: 40183 | mAP: 0.5939
macro     precision: 0.4151 | recall: 0.1830 | f1-score: 0.2151 | support: 40183 | mAP: 0.3621

Round 37/40
----------
Epoch 1/1
----------
Epoch 1/1
----------
Epoch 1/1
----------
micro     precision: 0.6610 | recall: 0.4146 | f1-score: 0.5096 | support: 40183 | mAP: 0.6022
macro     precision: 0.5005 | recall: 0.2186 | f1-score: 0.2499 | support: 40183 | mAP: 0.3925

Round 38/40
----------
Epoch 1/1
----------
Epoch 1/1
----------
Epoch 1/1
----------
micro     precision: 0.6161 | recall: 0.3730 | f1-score: 0.4646 | support: 40183 | mAP: 0.5469
macro     precision: 0.5155 | recall: 0.1896 | f1-score: 0.2158 | support: 40183 | mAP: 0.3778

Round 39/40
----------
Epoch 1/1
----------
Epoch 1/1
----------
Epoch 1/1
----------
micro     precision: 0.6142 | recall: 0.4174 | f1-score: 0.4971 | support: 40183 | mAP: 0.5581
macro     precision: 0.4830 | recall: 0.2200 | f1-score: 0.2429 | support: 40183 | mAP: 0.3711

Round 40/40
----------
Epoch 1/1
----------
Epoch 1/1
----------
Epoch 1/1
----------
micro     precision: 0.6302 | recall: 0.4228 | f1-score: 0.5061 | support: 40183 | mAP: 0.5922
macro     precision: 0.4586 | recall: 0.2256 | f1-score: 0.2522 | support: 40183 | mAP: 0.3969

[{'0': {'precision': [], 'recall': [], 'f1-score': [], 'support': []}, '1': {'precision': [], 'recall': [], 'f1-score': [], 'support': []}, '2': {'precision': [], 'recall': [], 'f1-score': [], 'support': []}, '3': {'precision': [], 'recall': [], 'f1-score': [], 'support': []}, '4': {'precision': [], 'recall': [], 'f1-score': [], 'support': []}, '5': {'precision': [], 'recall': [], 'f1-score': [], 'support': []}, '6': {'precision': [], 'recall': [], 'f1-score': [], 'support': []}, '7': {'precision': [], 'recall': [], 'f1-score': [], 'support': []}, '8': {'precision': [], 'recall': [], 'f1-score': [], 'support': []}, '9': {'precision': [], 'recall': [], 'f1-score': [], 'support': []}, '10': {'precision': [], 'recall': [], 'f1-score': [], 'support': []}, '11': {'precision': [], 'recall': [], 'f1-score': [], 'support': []}, '12': {'precision': [], 'recall': [], 'f1-score': [], 'support': []}, '13': {'precision': [], 'recall': [], 'f1-score': [], 'support': []}, '14': {'precision': [], 'recall': [], 'f1-score': [], 'support': []}, '15': {'precision': [], 'recall': [], 'f1-score': [], 'support': []}, '16': {'precision': [], 'recall': [], 'f1-score': [], 'support': []}, '17': {'precision': [], 'recall': [], 'f1-score': [], 'support': []}, '18': {'precision': [], 'recall': [], 'f1-score': [], 'support': []}, 'micro avg': {'precision': [], 'recall': [], 'f1-score': [], 'support': []}, 'macro avg': {'precision': [], 'recall': [], 'f1-score': [], 'support': []}, 'weighted avg': {'precision': [], 'recall': [], 'f1-score': [], 'support': []}, 'ap_mic': [], 'ap_mac': []}, {'0': {'precision': [], 'recall': [], 'f1-score': [], 'support': []}, '1': {'precision': [], 'recall': [], 'f1-score': [], 'support': []}, '2': {'precision': [], 'recall': [], 'f1-score': [], 'support': []}, '3': {'precision': [], 'recall': [], 'f1-score': [], 'support': []}, '4': {'precision': [], 'recall': [], 'f1-score': [], 'support': []}, '5': {'precision': [], 'recall': [], 'f1-score': [], 'support': []}, '6': {'precision': [], 'recall': [], 'f1-score': [], 'support': []}, '7': {'precision': [], 'recall': [], 'f1-score': [], 'support': []}, '8': {'precision': [], 'recall': [], 'f1-score': [], 'support': []}, '9': {'precision': [], 'recall': [], 'f1-score': [], 'support': []}, '10': {'precision': [], 'recall': [], 'f1-score': [], 'support': []}, '11': {'precision': [], 'recall': [], 'f1-score': [], 'support': []}, '12': {'precision': [], 'recall': [], 'f1-score': [], 'support': []}, '13': {'precision': [], 'recall': [], 'f1-score': [], 'support': []}, '14': {'precision': [], 'recall': [], 'f1-score': [], 'support': []}, '15': {'precision': [], 'recall': [], 'f1-score': [], 'support': []}, '16': {'precision': [], 'recall': [], 'f1-score': [], 'support': []}, '17': {'precision': [], 'recall': [], 'f1-score': [], 'support': []}, '18': {'precision': [], 'recall': [], 'f1-score': [], 'support': []}, 'micro avg': {'precision': [], 'recall': [], 'f1-score': [], 'support': []}, 'macro avg': {'precision': [], 'recall': [], 'f1-score': [], 'support': []}, 'weighted avg': {'precision': [], 'recall': [], 'f1-score': [], 'support': []}, 'ap_mic': [], 'ap_mac': []}, {'0': {'precision': [], 'recall': [], 'f1-score': [], 'support': []}, '1': {'precision': [], 'recall': [], 'f1-score': [], 'support': []}, '2': {'precision': [], 'recall': [], 'f1-score': [], 'support': []}, '3': {'precision': [], 'recall': [], 'f1-score': [], 'support': []}, '4': {'precision': [], 'recall': [], 'f1-score': [], 'support': []}, '5': {'precision': [], 'recall': [], 'f1-score': [], 'support': []}, '6': {'precision': [], 'recall': [], 'f1-score': [], 'support': []}, '7': {'precision': [], 'recall': [], 'f1-score': [], 'support': []}, '8': {'precision': [], 'recall': [], 'f1-score': [], 'support': []}, '9': {'precision': [], 'recall': [], 'f1-score': [], 'support': []}, '10': {'precision': [], 'recall': [], 'f1-score': [], 'support': []}, '11': {'precision': [], 'recall': [], 'f1-score': [], 'support': []}, '12': {'precision': [], 'recall': [], 'f1-score': [], 'support': []}, '13': {'precision': [], 'recall': [], 'f1-score': [], 'support': []}, '14': {'precision': [], 'recall': [], 'f1-score': [], 'support': []}, '15': {'precision': [], 'recall': [], 'f1-score': [], 'support': []}, '16': {'precision': [], 'recall': [], 'f1-score': [], 'support': []}, '17': {'precision': [], 'recall': [], 'f1-score': [], 'support': []}, '18': {'precision': [], 'recall': [], 'f1-score': [], 'support': []}, 'micro avg': {'precision': [], 'recall': [], 'f1-score': [], 'support': []}, 'macro avg': {'precision': [], 'recall': [], 'f1-score': [], 'support': []}, 'weighted avg': {'precision': [], 'recall': [], 'f1-score': [], 'support': []}, 'ap_mic': [], 'ap_mac': []}]
