Using device: cuda:0
Pre-filtered 30767 patches based on country and season (split ignored)
Loading BEN data for train...
    237871 patches indexed
    14805 filtered patches indexed
    14805 patches indexed considering max_len
Merged metadata with snow/cloud metadata
Loaded 549488 labels
Loaded 549488 keys
Loaded mapping created
Pre-filtered 30767 patches based on country and season (split ignored)
Loading BEN data for test...
    119825 patches indexed
    8209 filtered patches indexed
    8209 patches indexed considering max_len
Merged metadata with snow/cloud metadata
Loaded 549488 labels
Loaded 549488 keys
Loaded mapping created
Pre-filtered 15549 patches based on country and season (split ignored)
Loading BEN data for train...
    237871 patches indexed
    7150 filtered patches indexed
    7150 patches indexed considering max_len
Merged metadata with snow/cloud metadata
Loaded 549488 labels
Loaded 549488 keys
Loaded mapping created
Pre-filtered 15549 patches based on country and season (split ignored)
Loading BEN data for test...
    119825 patches indexed
    4263 filtered patches indexed
    4263 patches indexed considering max_len
Merged metadata with snow/cloud metadata
Loaded 549488 labels
Loaded 549488 keys
Loaded mapping created
Pre-filtered 13683 patches based on country and season (split ignored)
Loading BEN data for train...
    237871 patches indexed
    7180 filtered patches indexed
    7180 patches indexed considering max_len
Merged metadata with snow/cloud metadata
Loaded 549488 labels
Loaded 549488 keys
Loaded mapping created
Pre-filtered 13683 patches based on country and season (split ignored)
Loading BEN data for test...
    119825 patches indexed
    3248 filtered patches indexed
    3248 patches indexed considering max_len
Merged metadata with snow/cloud metadata
Loaded 549488 labels
Loaded 549488 keys
Loaded mapping created
Pre-filtered 59999 patches based on country and season (split ignored)
Loading BEN data for test...
    119825 patches indexed
    15720 filtered patches indexed
    15720 patches indexed considering max_len
Merged metadata with snow/cloud metadata
Loaded 549488 labels
Loaded 549488 keys
Loaded mapping created
Round 1/40
----------
Epoch 1/1
----------
Epoch 1/1
----------
Epoch 1/1
----------
micro     precision: 0.1312 | recall: 0.0036 | f1-score: 0.0070 | support: 40183 | mAP: 0.2227
macro     precision: 0.0069 | recall: 0.0029 | f1-score: 0.0041 | support: 40183 | mAP: 0.1481

Round 2/40
----------
Epoch 1/1
----------
Epoch 1/1
----------
Epoch 1/1
----------
micro     precision: 1.0000 | recall: 0.0001 | f1-score: 0.0001 | support: 40183 | mAP: 0.3013
macro     precision: 0.1579 | recall: 0.0003 | f1-score: 0.0006 | support: 40183 | mAP: 0.2484

Round 3/40
----------
Epoch 1/1
----------
Epoch 1/1
----------
Epoch 1/1
----------
micro     precision: 0.4225 | recall: 0.0808 | f1-score: 0.1356 | support: 40183 | mAP: 0.3183
macro     precision: 0.1228 | recall: 0.0646 | f1-score: 0.0619 | support: 40183 | mAP: 0.2038

Round 4/40
----------
Epoch 1/1
----------
Epoch 1/1
----------
Epoch 1/1
----------
micro     precision: 0.5717 | recall: 0.2263 | f1-score: 0.3243 | support: 40183 | mAP: 0.4692
macro     precision: 0.2628 | recall: 0.1193 | f1-score: 0.1192 | support: 40183 | mAP: 0.3027

Round 5/40
----------
Epoch 1/1
----------
Epoch 1/1
----------
Epoch 1/1
----------
micro     precision: 0.4731 | recall: 0.2156 | f1-score: 0.2962 | support: 40183 | mAP: 0.4751
macro     precision: 0.1789 | recall: 0.1088 | f1-score: 0.0943 | support: 40183 | mAP: 0.3505

Round 6/40
----------
Epoch 1/1
----------
Epoch 1/1
----------
Epoch 1/1
----------
micro     precision: 0.3906 | recall: 0.3323 | f1-score: 0.3591 | support: 40183 | mAP: 0.3774
macro     precision: 0.2004 | recall: 0.1540 | f1-score: 0.1338 | support: 40183 | mAP: 0.2608

Round 7/40
----------
Epoch 1/1
----------
Epoch 1/1
----------
Epoch 1/1
----------
micro     precision: 0.6798 | recall: 0.1465 | f1-score: 0.2410 | support: 40183 | mAP: 0.4713
macro     precision: 0.3129 | recall: 0.0832 | f1-score: 0.0913 | support: 40183 | mAP: 0.3070

Round 8/40
----------
Epoch 1/1
----------
Epoch 1/1
----------
Epoch 1/1
----------
micro     precision: 0.5827 | recall: 0.3037 | f1-score: 0.3993 | support: 40183 | mAP: 0.5069
macro     precision: 0.3787 | recall: 0.1586 | f1-score: 0.1541 | support: 40183 | mAP: 0.3165

Round 9/40
----------
Epoch 1/1
----------
Epoch 1/1
----------
Epoch 1/1
----------
micro     precision: 0.6654 | recall: 0.4146 | f1-score: 0.5109 | support: 40183 | mAP: 0.6245
macro     precision: 0.3758 | recall: 0.2057 | f1-score: 0.2165 | support: 40183 | mAP: 0.3641

Round 10/40
----------
Epoch 1/1
----------
Epoch 1/1
----------
Epoch 1/1
----------
micro     precision: 0.5899 | recall: 0.3350 | f1-score: 0.4273 | support: 40183 | mAP: 0.5482
macro     precision: 0.4850 | recall: 0.1716 | f1-score: 0.1831 | support: 40183 | mAP: 0.3433

Round 11/40
----------
Epoch 1/1
----------
Epoch 1/1
----------
Epoch 1/1
----------
micro     precision: 0.6376 | recall: 0.5140 | f1-score: 0.5692 | support: 40183 | mAP: 0.6330
macro     precision: 0.4615 | recall: 0.2667 | f1-score: 0.2836 | support: 40183 | mAP: 0.3959

Round 12/40
----------
Epoch 1/1
----------
Epoch 1/1
----------
Epoch 1/1
----------
micro     precision: 0.5662 | recall: 0.2308 | f1-score: 0.3279 | support: 40183 | mAP: 0.4895
macro     precision: 0.3258 | recall: 0.1287 | f1-score: 0.1453 | support: 40183 | mAP: 0.3176

Round 13/40
----------
Epoch 1/1
----------
Epoch 1/1
----------
Epoch 1/1
----------
micro     precision: 0.7082 | recall: 0.3936 | f1-score: 0.5060 | support: 40183 | mAP: 0.5966
macro     precision: 0.4204 | recall: 0.2142 | f1-score: 0.2197 | support: 40183 | mAP: 0.3589

Round 14/40
----------
Epoch 1/1
----------
Epoch 1/1
----------
Epoch 1/1
----------
micro     precision: 0.4489 | recall: 0.3351 | f1-score: 0.3837 | support: 40183 | mAP: 0.4264
macro     precision: 0.3926 | recall: 0.1782 | f1-score: 0.1545 | support: 40183 | mAP: 0.3059

Round 15/40
----------
Epoch 1/1
----------
Epoch 1/1
----------
Epoch 1/1
----------
