Using device: cuda:0
Pre-filtered 30767 patches based on country and season (split ignored)
Loading BEN data for train...
    237871 patches indexed
    14805 filtered patches indexed
    14805 patches indexed considering max_len
Merged metadata with snow/cloud metadata
Loaded 549488 labels
Loaded 549488 keys
Loaded mapping created
Pre-filtered 30767 patches based on country and season (split ignored)
Loading BEN data for test...
    119825 patches indexed
    8209 filtered patches indexed
    8209 patches indexed considering max_len
Merged metadata with snow/cloud metadata
Loaded 549488 labels
Loaded 549488 keys
Loaded mapping created
Pre-filtered 15549 patches based on country and season (split ignored)
Loading BEN data for train...
    237871 patches indexed
    7150 filtered patches indexed
    7150 patches indexed considering max_len
Merged metadata with snow/cloud metadata
Loaded 549488 labels
Loaded 549488 keys
Loaded mapping created
Pre-filtered 15549 patches based on country and season (split ignored)
Loading BEN data for test...
    119825 patches indexed
    4263 filtered patches indexed
    4263 patches indexed considering max_len
Merged metadata with snow/cloud metadata
Loaded 549488 labels
Loaded 549488 keys
Loaded mapping created
Pre-filtered 13683 patches based on country and season (split ignored)
Loading BEN data for train...
    237871 patches indexed
    7180 filtered patches indexed
    7180 patches indexed considering max_len
Merged metadata with snow/cloud metadata
Loaded 549488 labels
Loaded 549488 keys
Loaded mapping created
Pre-filtered 13683 patches based on country and season (split ignored)
Loading BEN data for test...
    119825 patches indexed
    3248 filtered patches indexed
    3248 patches indexed considering max_len
Merged metadata with snow/cloud metadata
Loaded 549488 labels
Loaded 549488 keys
Loaded mapping created
Pre-filtered 59999 patches based on country and season (split ignored)
Loading BEN data for test...
    119825 patches indexed
    15720 filtered patches indexed
    15720 patches indexed considering max_len
Merged metadata with snow/cloud metadata
Loaded 549488 labels
Loaded 549488 keys
Loaded mapping created
Round 1/40
----------
Epoch 1/1
----------
Epoch 1/1
----------
Epoch 1/1
----------
micro     precision: 0.9810 | recall: 0.0231 | f1-score: 0.0451 | support: 40183 | mAP: 0.3386
macro     precision: 0.0516 | recall: 0.0186 | f1-score: 0.0274 | support: 40183 | mAP: 0.2292

Round 2/40
----------
Epoch 1/1
----------
Epoch 1/1
----------
Epoch 1/1
----------
micro     precision: 0.7410 | recall: 0.0907 | f1-score: 0.1616 | support: 40183 | mAP: 0.4048
macro     precision: 0.0424 | recall: 0.0334 | f1-score: 0.0361 | support: 40183 | mAP: 0.2912

Round 3/40
----------
Epoch 1/1
----------
Epoch 1/1
----------
Epoch 1/1
----------
micro     precision: 0.4960 | recall: 0.0726 | f1-score: 0.1266 | support: 40183 | mAP: 0.3907
macro     precision: 0.1505 | recall: 0.0545 | f1-score: 0.0544 | support: 40183 | mAP: 0.2722

Round 4/40
----------
Epoch 1/1
----------
Epoch 1/1
----------
Epoch 1/1
----------
micro     precision: 0.3445 | recall: 0.1618 | f1-score: 0.2202 | support: 40183 | mAP: 0.3011
macro     precision: 0.1249 | recall: 0.0754 | f1-score: 0.0731 | support: 40183 | mAP: 0.2346

Round 5/40
----------
Epoch 1/1
----------
Epoch 1/1
----------
Epoch 1/1
----------
micro     precision: 0.3858 | recall: 0.2607 | f1-score: 0.3111 | support: 40183 | mAP: 0.4091
macro     precision: 0.2558 | recall: 0.1373 | f1-score: 0.1137 | support: 40183 | mAP: 0.2968

Round 6/40
----------
Epoch 1/1
----------
Epoch 1/1
----------
Epoch 1/1
----------
micro     precision: 0.3945 | recall: 0.2892 | f1-score: 0.3337 | support: 40183 | mAP: 0.3560
macro     precision: 0.2906 | recall: 0.1516 | f1-score: 0.1199 | support: 40183 | mAP: 0.3185

Round 7/40
----------
Epoch 1/1
----------
Epoch 1/1
----------
Epoch 1/1
----------
micro     precision: 0.5750 | recall: 0.4635 | f1-score: 0.5132 | support: 40183 | mAP: 0.5917
macro     precision: 0.4165 | recall: 0.2279 | f1-score: 0.2185 | support: 40183 | mAP: 0.3929

Round 8/40
----------
Epoch 1/1
----------
Epoch 1/1
----------
Epoch 1/1
----------
micro     precision: 0.3715 | recall: 0.3744 | f1-score: 0.3729 | support: 40183 | mAP: 0.3431
macro     precision: 0.2712 | recall: 0.1544 | f1-score: 0.0896 | support: 40183 | mAP: 0.3137

Round 9/40
----------
Epoch 1/1
----------
Epoch 1/1
----------
Epoch 1/1
----------
micro     precision: 0.4803 | recall: 0.4108 | f1-score: 0.4429 | support: 40183 | mAP: 0.5269
macro     precision: 0.3799 | recall: 0.2044 | f1-score: 0.1893 | support: 40183 | mAP: 0.3506

Round 10/40
----------
Epoch 1/1
----------
Epoch 1/1
----------
Epoch 1/1
----------
micro     precision: 0.3493 | recall: 0.3634 | f1-score: 0.3562 | support: 40183 | mAP: 0.3186
macro     precision: 0.3177 | recall: 0.1798 | f1-score: 0.1284 | support: 40183 | mAP: 0.2694

Round 11/40
----------
Epoch 1/1
----------
Epoch 1/1
----------
Epoch 1/1
----------
micro     precision: 0.6482 | recall: 0.4123 | f1-score: 0.5041 | support: 40183 | mAP: 0.5897
macro     precision: 0.4696 | recall: 0.1999 | f1-score: 0.2075 | support: 40183 | mAP: 0.3661

Round 12/40
----------
Epoch 1/1
----------
Epoch 1/1
----------
Epoch 1/1
----------
micro     precision: 0.3155 | recall: 0.2579 | f1-score: 0.2838 | support: 40183 | mAP: 0.3059
macro     precision: 0.2554 | recall: 0.1565 | f1-score: 0.1585 | support: 40183 | mAP: 0.2642

Round 13/40
----------
Epoch 1/1
----------
Epoch 1/1
----------
Epoch 1/1
----------
micro     precision: 0.7022 | recall: 0.2725 | f1-score: 0.3927 | support: 40183 | mAP: 0.5518
macro     precision: 0.4415 | recall: 0.1348 | f1-score: 0.1449 | support: 40183 | mAP: 0.3338

Round 14/40
----------
Epoch 1/1
----------
Epoch 1/1
----------
Epoch 1/1
----------
micro     precision: 0.3913 | recall: 0.2956 | f1-score: 0.3368 | support: 40183 | mAP: 0.3770
macro     precision: 0.3453 | recall: 0.1419 | f1-score: 0.1417 | support: 40183 | mAP: 0.3075

Round 15/40
----------
Epoch 1/1
----------
Epoch 1/1
----------
Epoch 1/1
----------
micro     precision: 0.5287 | recall: 0.4134 | f1-score: 0.4640 | support: 40183 | mAP: 0.5459
macro     precision: 0.3680 | recall: 0.2017 | f1-score: 0.1906 | support: 40183 | mAP: 0.3430

Round 16/40
----------
Epoch 1/1
----------
Epoch 1/1
----------
Epoch 1/1
----------
micro     precision: 0.6284 | recall: 0.4171 | f1-score: 0.5014 | support: 40183 | mAP: 0.6219
macro     precision: 0.4804 | recall: 0.2198 | f1-score: 0.2410 | support: 40183 | mAP: 0.4036

Round 17/40
----------
Epoch 1/1
----------
Epoch 1/1
----------
Epoch 1/1
----------
micro     precision: 0.4918 | recall: 0.3479 | f1-score: 0.4075 | support: 40183 | mAP: 0.4935
macro     precision: 0.3547 | recall: 0.2057 | f1-score: 0.2033 | support: 40183 | mAP: 0.3375

Round 18/40
----------
Epoch 1/1
----------
Epoch 1/1
----------
Epoch 1/1
----------
