/faststorage/paul/mamba/envs/pytorch_env/lib/python3.10/site-packages/pandas/core/computation/expressions.py:21: UserWarning: Pandas requires version '2.8.4' or newer of 'numexpr' (version '2.7.3' currently installed).
  from pandas.core.computation.check import NUMEXPR_INSTALLED
/faststorage/paul/mamba/envs/pytorch_env/lib/python3.10/site-packages/torchvision/models/_utils.py:208: UserWarning: The parameter 'pretrained' is deprecated since 0.13 and may be removed in the future, please use 'weights' instead.
  warnings.warn(
/faststorage/paul/mamba/envs/pytorch_env/lib/python3.10/site-packages/torchvision/models/_utils.py:223: UserWarning: Arguments other than a weight enum or `None` for 'weights' are deprecated since 0.13 and may be removed in the future. The current behavior is equivalent to passing `weights=None`.
  warnings.warn(msg)
Traceback (most recent call last):
  File "/home/paul/projects/CV4RS-main/train.py", line 47, in <module>
    train()
  File "/home/paul/projects/CV4RS-main/train.py", line 39, in train
    global_model, global_results = global_client.train(
  File "/home/paul/projects/CV4RS-main/utils/clients.py", line 561, in train
    self.communication_round(epochs)
  File "/home/paul/projects/CV4RS-main/utils/clients.py", line 688, in communication_round
    model_updates = [client.train_one_round(epochs) for client in self.clients]
  File "/home/paul/projects/CV4RS-main/utils/clients.py", line 688, in <listcomp>
    model_updates = [client.train_one_round(epochs) for client in self.clients]
  File "/home/paul/projects/CV4RS-main/utils/clients.py", line 237, in train_one_round
    self.criterion = self.criterion_constructor(**self.criterion_kwargs)
  File "/faststorage/paul/mamba/envs/pytorch_env/lib/python3.10/site-packages/torch/nn/modules/module.py", line 1736, in _wrapped_call_impl
    return self._call_impl(*args, **kwargs)
  File "/faststorage/paul/mamba/envs/pytorch_env/lib/python3.10/site-packages/torch/nn/modules/module.py", line 1747, in _call_impl
    return forward_call(*args, **kwargs)
TypeError: BCEWithLogitsLoss.forward() got an unexpected keyword argument 'reduction'
