Lines that potentially need to be canonized 309
Using device: cuda:0
Pre-filtered 30767 patches based on country and season (split ignored)
Loading BEN data for train...
    237871 patches indexed
    14805 filtered patches indexed
    14805 patches indexed considering max_len
Merged metadata with snow/cloud metadata
Loaded 549488 labels
Loaded 549488 keys
Loaded mapping created
Pre-filtered 30767 patches based on country and season (split ignored)
Loading BEN data for test...
    119825 patches indexed
    8209 filtered patches indexed
    8209 patches indexed considering max_len
Merged metadata with snow/cloud metadata
Loaded 549488 labels
Loaded 549488 keys
Loaded mapping created
Pre-filtered 59999 patches based on country and season (split ignored)
Loading BEN data for test...
    119825 patches indexed
    15720 filtered patches indexed
    15720 patches indexed considering max_len
Merged metadata with snow/cloud metadata
Loaded 549488 labels
Loaded 549488 keys
Loaded mapping created
Initializing LRP Pruning...
LRP initialized successfully.
=== Round 1/5 ===
----------
Training and communication for Round 1...
Epoch 1/1
----------
Bug fix for empty classification report.
micro     precision: 0.0000 | recall: 0.0000 | f1-score: 0.0000 | support: 0 | mAP: 0.4931
macro     precision: 0.0000 | recall: 0.0000 | f1-score: 0.0000 | support: 0 | mAP: 0.2723

Führe LRP-Pruning in Runde 1 durch...
Berechne LRP-Pruning-Maske für Land: Finland
Erstelle DataLoader für Land: Finland
Pre-filtered 30767 patches based on country and season (split ignored)
Loading BEN data for train...
    237871 patches indexed
    14805 filtered patches indexed
    14805 patches indexed considering max_len
Merged metadata with snow/cloud metadata
Loaded 549488 labels
Loaded 549488 keys
Loaded mapping created
Batch Struktur: [tensor([ 9042, 13451,  1171, 14171,  7249, 11650, 13263,  6751,  3527,  5005,
        14625,  6575,  4851,   922, 12238,  2359]), tensor([[[[1596., 1626., 1460.,  ...,  199.,  229.,  203.],
          [1378., 1230., 1034.,  ...,  197.,  225.,  226.],
          [ 871.,  782.,  669.,  ...,  224.,  229.,  236.],
          ...,
          [ 298.,  308.,  306.,  ...,  149.,  180.,  400.],
          [ 303.,  340.,  302.,  ...,  141.,  137.,  315.],
          [ 261.,  350.,  338.,  ...,  146.,  135.,  149.]],

         [[1952., 1914., 1820.,  ...,  376.,  378.,  305.],
          [1644., 1538., 1354.,  ...,  369.,  416.,  403.],
          [1192., 1082.,  959.,  ...,  376.,  414.,  408.],
          ...,
          [ 579.,  591.,  573.,  ...,  158.,  291.,  505.],
          [ 568.,  614.,  585.,  ...,  111.,  126.,  263.],
          [ 521.,  617.,  617.,  ...,  113.,  123.,  141.]],

         [[2154., 2158., 1994.,  ...,  186.,  227.,  192.],
          [1818., 1610., 1340.,  ...,  199.,  206.,  221.],
          [1130.,  956.,  860.,  ...,  207.,  200.,  214.],
          ...,
          [ 351.,  351.,  330.,  ...,  150.,  204.,  390.],
          [ 346.,  392.,  368.,  ...,  102.,  125.,  357.],
          [ 312.,  407.,  419.,  ...,  107.,  115.,  123.]],

         ...,

         [[3047., 3047., 3100.,  ..., 2729., 2743., 2743.],
          [3047., 3047., 3100.,  ..., 2729., 2743., 2743.],
          [3600., 3600., 3797.,  ..., 3459., 3125., 3125.],
          ...,
          [3891., 3891., 3865.,  ...,  918., 1966., 1966.],
          [3700., 3700., 4089.,  ...,  339.,  683.,  683.],
          [3700., 3700., 4089.,  ...,  339.,  683.,  683.]],

         [[2928., 2928., 2701.,  ..., 1089., 1058., 1058.],
          [2928., 2928., 2701.,  ..., 1089., 1058., 1058.],
          [2501., 2501., 2313.,  ..., 1187., 1039., 1039.],
          ...,
          [1971., 1971., 1815.,  ...,  518.,  899.,  899.],
          [1883., 1883., 1981.,  ...,  223.,  442.,  442.],
          [1883., 1883., 1981.,  ...,  223.,  442.,  442.]],

         [[2544., 2544., 2267.,  ...,  506.,  486.,  486.],
          [2544., 2544., 2267.,  ...,  506.,  486.,  486.],
          [1840., 1840., 1486.,  ...,  514.,  478.,  478.],
          ...,
          [ 958.,  958.,  862.,  ...,  273.,  537.,  537.],
          [ 939.,  939.,  976.,  ...,  124.,  279.,  279.],
          [ 939.,  939.,  976.,  ...,  124.,  279.,  279.]]],


        [[[ 274.,  293.,  276.,  ...,   75.,   92.,   88.],
          [ 297.,  325.,  305.,  ...,   77.,   91.,   88.],
          [ 310.,  314.,  279.,  ...,   85.,   90.,  106.],
          ...,
          [ 142.,  106.,  129.,  ...,  122.,  104.,  125.],
          [ 132.,  158.,  150.,  ...,  153.,  165.,  119.],
          [ 142.,  162.,  130.,  ...,  169.,  157.,  105.]],

         [[ 534.,  549.,  554.,  ...,  142.,  147.,  182.],
          [ 559.,  581.,  574.,  ...,  152.,  187.,  196.],
          [ 585.,  592.,  570.,  ...,  173.,  182.,  218.],
          ...,
          [ 254.,  253.,  232.,  ...,  257.,  264.,  262.],
          [ 274.,  295.,  288.,  ...,  291.,  291.,  253.],
          [ 304.,  297.,  267.,  ...,  334.,  315.,  260.]],

         [[ 454.,  466.,  444.,  ...,   83.,   94.,  105.],
          [ 499.,  525.,  487.,  ...,   89.,   98.,  109.],
          [ 550.,  553.,  507.,  ...,   99.,   95.,  110.],
          ...,
          [ 145.,  137.,  132.,  ...,  128.,  119.,  129.],
          [ 154.,  172.,  145.,  ...,  154.,  148.,  136.],
          [ 178.,  199.,  149.,  ...,  160.,  155.,  133.]],

         ...,

         [[3335., 3335., 3217.,  ..., 1430., 1542., 1542.],
          [3335., 3335., 3217.,  ..., 1430., 1542., 1542.],
          [3553., 3553., 3374.,  ..., 1507., 1571., 1571.],
          ...,
          [1978., 1978., 1924.,  ..., 2978., 2867., 2867.],
          [2150., 2150., 2004.,  ..., 3287., 2753., 2753.],
          [2150., 2150., 2004.,  ..., 3287., 2753., 2753.]],

         [[1943., 1943., 1937.,  ...,  503.,  574.,  574.],
          [1943., 1943., 1937.,  ...,  503.,  574.,  574.],
          [2000., 2000., 1971.,  ...,  519.,  588.,  588.],
          ...,
          [ 857.,  857.,  806.,  ..., 1151., 1151., 1151.],
          [ 969.,  969.,  854.,  ..., 1146., 1127., 1127.],
          [ 969.,  969.,  854.,  ..., 1146., 1127., 1127.]],

         [[ 981.,  981.,  969.,  ...,  228.,  256.,  256.],
          [ 981.,  981.,  969.,  ...,  228.,  256.,  256.],
          [1019., 1019.,  996.,  ...,  231.,  256.,  256.],
          ...,
          [ 387.,  387.,  374.,  ...,  479.,  470.,  470.],
          [ 445.,  445.,  389.,  ...,  488.,  451.,  451.],
          [ 445.,  445.,  389.,  ...,  488.,  451.,  451.]]],


        [[[ 314.,  280.,  297.,  ...,   76.,  104.,  201.],
          [ 287.,  297.,  292.,  ...,  109.,  121.,  144.],
          [ 266.,  258.,  271.,  ...,   82.,  109.,  120.],
          ...,
          [ 306.,  307.,  302.,  ...,  157.,  149.,  115.],
          [ 339.,  319.,  321.,  ...,  171.,  140.,  110.],
          [ 336.,  314.,  318.,  ...,  130.,  125.,  129.]],

         [[ 501.,  490.,  474.,  ...,  259.,  268.,  386.],
          [ 528.,  533.,  497.,  ...,  292.,  273.,  392.],
          [ 513.,  539.,  539.,  ...,  231.,  298.,  325.],
          ...,
          [ 513.,  506.,  468.,  ...,  342.,  358.,  342.],
          [ 545.,  527.,  490.,  ...,  351.,  346.,  333.],
          [ 497.,  493.,  484.,  ...,  338.,  352.,  326.]],

         [[ 442.,  435.,  426.,  ...,  122.,  116.,  286.],
          [ 440.,  433.,  442.,  ...,  161.,  180.,  245.],
          [ 401.,  390.,  411.,  ...,  160.,  190.,  209.],
          ...,
          [ 437.,  436.,  421.,  ...,  242.,  258.,  234.],
          [ 487.,  469.,  441.,  ...,  243.,  252.,  234.],
          [ 464.,  450.,  462.,  ...,  225.,  238.,  211.]],

         ...,

         [[1815., 1815., 1756.,  ..., 1878., 1822., 1822.],
          [1815., 1815., 1756.,  ..., 1878., 1822., 1822.],
          [1839., 1839., 2000.,  ..., 2297., 1815., 1815.],
          ...,
          [1668., 1668., 1968.,  ..., 1934., 1913., 1913.],
          [1403., 1403., 1453.,  ..., 1914., 1823., 1823.],
          [1403., 1403., 1453.,  ..., 1914., 1823., 1823.]],

         [[1202., 1202., 1191.,  ...,  848.,  906.,  906.],
          [1202., 1202., 1191.,  ...,  848.,  906.,  906.],
          [1235., 1235., 1230.,  ..., 1037.,  849.,  849.],
          ...,
          [1089., 1089., 1197.,  ..., 1041.,  959.,  959.],
          [1050., 1050., 1053.,  ...,  954.,  884.,  884.],
          [1050., 1050., 1053.,  ...,  954.,  884.,  884.]],

         [[ 746.,  746.,  738.,  ...,  405.,  525.,  525.],
          [ 746.,  746.,  738.,  ...,  405.,  525.,  525.],
          [ 748.,  748.,  752.,  ...,  554.,  432.,  432.],
          ...,
          [ 695.,  695.,  711.,  ...,  548.,  501.,  501.],
          [ 706.,  706.,  694.,  ...,  499.,  463.,  463.],
          [ 706.,  706.,  694.,  ...,  499.,  463.,  463.]]],


        ...,


        [[[ 250.,  348.,  316.,  ...,  142.,  158.,  127.],
          [ 286.,  383.,  444.,  ...,  137.,  153.,  153.],
          [ 383.,  376.,  311.,  ...,  153.,  167.,  147.],
          ...,
          [ 143.,  148.,  147.,  ...,  187.,  196.,  117.],
          [ 148.,  158.,  194.,  ...,  152.,  170.,  170.],
          [ 169.,  186.,  197.,  ...,  140.,  160.,  160.]],

         [[ 562.,  672.,  656.,  ...,  283.,  340.,  331.],
          [ 626.,  719.,  805.,  ...,  310.,  367.,  296.],
          [ 705.,  608.,  604.,  ...,  345.,  360.,  303.],
          ...,
          [ 461.,  358.,  358.,  ...,  442.,  431.,  347.],
          [ 445.,  410.,  390.,  ...,  470.,  434.,  446.],
          [ 441.,  458.,  430.,  ...,  454.,  428.,  419.]],

         [[ 319.,  482.,  463.,  ...,  212.,  211.,  212.],
          [ 339.,  600.,  681.,  ...,  217.,  207.,  186.],
          [ 497.,  575.,  456.,  ...,  248.,  238.,  205.],
          ...,
          [ 243.,  212.,  205.,  ...,  227.,  202.,  156.],
          [ 231.,  243.,  212.,  ...,  225.,  219.,  220.],
          [ 216.,  229.,  235.,  ...,  199.,  208.,  206.]],

         ...,

         [[3343., 3343., 2985.,  ..., 1860., 1763., 1763.],
          [3343., 3343., 2985.,  ..., 1860., 1763., 1763.],
          [2663., 2663., 2847.,  ..., 1857., 1804., 1804.],
          ...,
          [2297., 2297., 2200.,  ..., 2335., 2025., 2025.],
          [2496., 2496., 2301.,  ..., 2471., 2258., 2258.],
          [2496., 2496., 2301.,  ..., 2471., 2258., 2258.]],

         [[1832., 1832., 1706.,  ...,  909.,  860.,  860.],
          [1832., 1832., 1706.,  ...,  909.,  860.,  860.],
          [1828., 1828., 1508.,  ...,  917.,  872.,  872.],
          ...,
          [1050., 1050.,  994.,  ...,  895.,  879.,  879.],
          [1065., 1065., 1055.,  ...,  980.,  985.,  985.],
          [1065., 1065., 1055.,  ...,  980.,  985.,  985.]],

         [[1019., 1019.,  924.,  ...,  465.,  440.,  440.],
          [1019., 1019.,  924.,  ...,  465.,  440.,  440.],
          [1089., 1089.,  816.,  ...,  477.,  453.,  453.],
          ...,
          [ 517.,  517.,  477.,  ...,  478.,  460.,  460.],
          [ 531.,  531.,  515.,  ...,  438.,  469.,  469.],
          [ 531.,  531.,  515.,  ...,  438.,  469.,  469.]]],


        [[[ 178.,  169.,  179.,  ...,  292.,  310.,  355.],
          [ 157.,  159.,  175.,  ...,  262.,  273.,  257.],
          [ 164.,  190.,  173.,  ...,  503.,  361.,  241.],
          ...,
          [ 183.,  181.,  174.,  ...,  423.,  417.,  399.],
          [ 188.,  189.,  161.,  ...,  393.,  428.,  410.],
          [ 192.,  183.,  161.,  ...,  393.,  428.,  414.]],

         [[ 357.,  339.,  331.,  ...,  627.,  642.,  645.],
          [ 313.,  279.,  342.,  ...,  593.,  556.,  559.],
          [ 320.,  323.,  372.,  ...,  741.,  588.,  523.],
          ...,
          [ 381.,  361.,  354.,  ...,  897.,  930.,  909.],
          [ 370.,  364.,  370.,  ...,  916.,  951.,  906.],
          [ 370.,  372.,  351.,  ...,  916.,  955.,  930.]],

         [[ 172.,  148.,  151.,  ...,  390.,  423.,  473.],
          [ 143.,  132.,  160.,  ...,  349.,  393.,  370.],
          [ 156.,  154.,  180.,  ...,  551.,  382.,  321.],
          ...,
          [ 172.,  175.,  170.,  ...,  542.,  544.,  531.],
          [ 180.,  172.,  186.,  ...,  559.,  566.,  512.],
          [ 183.,  164.,  176.,  ...,  576.,  599.,  546.]],

         ...,

         [[3042., 3042., 3199.,  ..., 4034., 3761., 3761.],
          [3042., 3042., 3199.,  ..., 4034., 3761., 3761.],
          [3261., 3261., 3312.,  ..., 3653., 3442., 3442.],
          ...,
          [3545., 3545., 3580.,  ..., 4605., 4636., 4636.],
          [3404., 3404., 3488.,  ..., 4570., 4618., 4618.],
          [3404., 3404., 3488.,  ..., 4570., 4618., 4618.]],

         [[1193., 1193., 1240.,  ..., 1925., 2014., 2014.],
          [1193., 1193., 1240.,  ..., 1925., 2014., 2014.],
          [1236., 1236., 1267.,  ..., 1795., 1891., 1891.],
          ...,
          [1320., 1320., 1420.,  ..., 1538., 1526., 1526.],
          [1342., 1342., 1446.,  ..., 1537., 1533., 1533.],
          [1342., 1342., 1446.,  ..., 1537., 1533., 1533.]],

         [[ 522.,  522.,  539.,  ..., 1018., 1116., 1116.],
          [ 522.,  522.,  539.,  ..., 1018., 1116., 1116.],
          [ 541.,  541.,  535.,  ...,  954.,  985.,  985.],
          ...,
          [ 597.,  597.,  613.,  ...,  836.,  818.,  818.],
          [ 580.,  580.,  638.,  ...,  823.,  826.,  826.],
          [ 580.,  580.,  638.,  ...,  823.,  826.,  826.]]],


        [[[ 159.,  150.,  137.,  ...,  243.,  229.,  239.],
          [  90.,  115.,  132.,  ...,  255.,  231.,  236.],
          [ 145.,  154.,  332.,  ...,  262.,  308.,  252.],
          ...,
          [ 415.,  410.,  419.,  ...,  134.,  148.,  160.],
          [ 432.,  458.,  438.,  ...,  155.,  146.,  128.],
          [ 458.,  449.,  416.,  ...,  169.,  148.,  134.]],

         [[ 318.,  284.,  262.,  ...,  422.,  394.,  332.],
          [ 295.,  299.,  333.,  ...,  408.,  466.,  353.],
          [ 325.,  417.,  587.,  ...,  447.,  505.,  414.],
          ...,
          [ 760.,  780.,  809.,  ...,  342.,  324.,  331.],
          [ 807.,  833.,  846.,  ...,  347.,  332.,  317.],
          [ 816.,  833.,  827.,  ...,  337.,  308.,  328.]],

         [[ 306.,  278.,  254.,  ...,  438.,  446.,  427.],
          [ 292.,  277.,  250.,  ...,  460.,  472.,  467.],
          [ 292.,  337.,  449.,  ...,  499.,  523.,  481.],
          ...,
          [ 951.,  933.,  905.,  ...,  256.,  333.,  354.],
          [ 996.,  987.,  934.,  ...,  269.,  310.,  289.],
          [ 984.,  987.,  916.,  ...,  266.,  288.,  284.]],

         ...,

         [[1893., 1893., 2493.,  ..., 1967., 1835., 1835.],
          [1893., 1893., 2493.,  ..., 1967., 1835., 1835.],
          [2336., 2336., 2802.,  ..., 1969., 1973., 1973.],
          ...,
          [3550., 3550., 3585.,  ..., 2018., 1949., 1949.],
          [3561., 3561., 3402.,  ..., 2085., 1913., 1913.],
          [3561., 3561., 3402.,  ..., 2085., 1913., 1913.]],

         [[1218., 1218., 1409.,  ..., 2227., 2326., 2326.],
          [1218., 1218., 1409.,  ..., 2227., 2326., 2326.],
          [1646., 1646., 1867.,  ..., 2148., 2145., 2145.],
          ...,
          [1633., 1633., 1630.,  ..., 1241., 1219., 1219.],
          [1742., 1742., 1750.,  ..., 1290., 1171., 1171.],
          [1742., 1742., 1750.,  ..., 1290., 1171., 1171.]],

         [[ 638.,  638.,  743.,  ..., 1267., 1376., 1376.],
          [ 638.,  638.,  743.,  ..., 1267., 1376., 1376.],
          [1025., 1025., 1173.,  ..., 1235., 1245., 1245.],
          ...,
          [1008., 1008.,  989.,  ...,  619.,  644.,  644.],
          [1066., 1066., 1089.,  ...,  660.,  612.,  612.],
          [1066., 1066., 1089.,  ...,  660.,  612.,  612.]]]]), ['', '', '', '', '', '', '', '', '', '', '', '', '', '', '', ''], ['S2B_MSIL2A_20170709T094029_N9999_R036_T35VNL_81_48', 'S2B_MSIL2A_20170817T101019_N9999_R022_T34WFS_86_80', 'S2A_MSIL2A_20170613T101031_N9999_R022_T34VER_51_81', 'S2B_MSIL2A_20170830T102019_N9999_R065_T34VDR_76_78', 'S2B_MSIL2A_20170709T094029_N9999_R036_T35VNL_17_03', 'S2B_MSIL2A_20170817T101019_N9999_R022_T34WFS_39_82', 'S2B_MSIL2A_20170817T101019_N9999_R022_T34WFS_84_74', 'S2B_MSIL2A_20170709T094029_N9999_R036_T35VNL_07_57', 'S2A_MSIL2A_20170701T093031_N9999_R136_T35VPK_06_24', 'S2A_MSIL2A_20170701T093031_N9999_R136_T35VPK_59_03', 'S2B_MSIL2A_20170830T102019_N9999_R065_T34VDR_87_60', 'S2B_MSIL2A_20170709T094029_N9999_R036_T35VNL_05_21', 'S2A_MSIL2A_20170701T093031_N9999_R136_T35VPK_51_02', 'S2A_MSIL2A_20170613T101031_N9999_R022_T34VER_34_87', 'S2B_MSIL2A_20170817T101019_N9999_R022_T34WFS_62_07', 'S2A_MSIL2A_20170613T101031_N9999_R022_T34VER_83_58'], tensor([[0., 1., 0., 0., 0., 0., 1., 0., 1., 0., 1., 0., 1., 0., 0., 0., 0., 0.,
         0.],
        [0., 0., 0., 0., 0., 0., 1., 0., 0., 1., 0., 0., 1., 0., 0., 0., 0., 1.,
         0.],
        [0., 1., 0., 0., 0., 0., 1., 0., 0., 0., 1., 0., 0., 0., 0., 0., 0., 0.,
         1.],
        [0., 0., 0., 0., 0., 0., 0., 0., 0., 0., 0., 1., 0., 0., 0., 0., 0., 0.,
         0.],
        [0., 0., 0., 0., 0., 0., 1., 0., 0., 0., 0., 0., 0., 0., 0., 0., 0., 1.,
         0.],
        [0., 0., 0., 0., 0., 0., 1., 0., 0., 0., 0., 0., 0., 0., 0., 0., 0., 1.,
         0.],
        [0., 0., 0., 1., 0., 0., 0., 0., 0., 0., 0., 0., 1., 0., 0., 0., 0., 0.,
         0.],
        [0., 1., 0., 0., 0., 0., 0., 0., 0., 0., 0., 0., 1., 0., 0., 0., 0., 1.,
         0.],
        [0., 0., 0., 0., 0., 0., 1., 0., 0., 0., 0., 0., 0., 0., 0., 0., 0., 1.,
         0.],
        [0., 0., 0., 0., 0., 0., 1., 0., 0., 0., 0., 0., 1., 0., 0., 0., 0., 1.,
         0.],
        [0., 0., 0., 0., 0., 0., 0., 0., 0., 0., 0., 1., 0., 0., 0., 0., 0., 1.,
         0.],
        [0., 1., 0., 0., 0., 0., 1., 0., 1., 0., 1., 0., 1., 0., 0., 0., 0., 1.,
         0.],
        [0., 0., 0., 0., 0., 0., 1., 0., 0., 0., 0., 0., 1., 0., 0., 0., 0., 1.,
         0.],
        [0., 1., 0., 0., 0., 0., 0., 0., 0., 0., 0., 0., 1., 0., 0., 0., 0., 0.,
         0.],
        [0., 1., 0., 1., 0., 0., 1., 0., 0., 0., 1., 0., 0., 0., 0., 0., 0., 0.,
         0.],
        [0., 0., 0., 0., 0., 0., 1., 0., 0., 1., 0., 0., 1., 0., 0., 0., 0., 0.,
         0.]], dtype=torch.float64)]
