Using device: cuda:0
Pre-filtered 30767 patches based on country and season (split ignored)
Loading BEN data for train...
    237871 patches indexed
    14805 filtered patches indexed
    14805 patches indexed considering max_len
Merged metadata with snow/cloud metadata
Loaded 549488 labels
Loaded 549488 keys
Loaded mapping created
Pre-filtered 30767 patches based on country and season (split ignored)
Loading BEN data for test...
    119825 patches indexed
    8209 filtered patches indexed
    8209 patches indexed considering max_len
Merged metadata with snow/cloud metadata
Loaded 549488 labels
Loaded 549488 keys
Loaded mapping created
Pre-filtered 15549 patches based on country and season (split ignored)
Loading BEN data for train...
    237871 patches indexed
    7150 filtered patches indexed
    7150 patches indexed considering max_len
Merged metadata with snow/cloud metadata
Loaded 549488 labels
Loaded 549488 keys
Loaded mapping created
Pre-filtered 15549 patches based on country and season (split ignored)
Loading BEN data for test...
    119825 patches indexed
    4263 filtered patches indexed
    4263 patches indexed considering max_len
Merged metadata with snow/cloud metadata
Loaded 549488 labels
Loaded 549488 keys
Loaded mapping created
Pre-filtered 13683 patches based on country and season (split ignored)
Loading BEN data for train...
    237871 patches indexed
    7180 filtered patches indexed
    7180 patches indexed considering max_len
Merged metadata with snow/cloud metadata
Loaded 549488 labels
Loaded 549488 keys
Loaded mapping created
Pre-filtered 13683 patches based on country and season (split ignored)
Loading BEN data for test...
    119825 patches indexed
    3248 filtered patches indexed
    3248 patches indexed considering max_len
Merged metadata with snow/cloud metadata
Loaded 549488 labels
Loaded 549488 keys
Loaded mapping created
Pre-filtered 10372 patches based on country and season (split ignored)
Loading BEN data for train...
    237871 patches indexed
    5941 filtered patches indexed
    5941 patches indexed considering max_len
Merged metadata with snow/cloud metadata
Loaded 549488 labels
Loaded 549488 keys
Loaded mapping created
Pre-filtered 10372 patches based on country and season (split ignored)
Loading BEN data for test...
    119825 patches indexed
    1871 filtered patches indexed
    1871 patches indexed considering max_len
Merged metadata with snow/cloud metadata
Loaded 549488 labels
Loaded 549488 keys
Loaded mapping created
Pre-filtered 1939 patches based on country and season (split ignored)
Loading BEN data for train...
    237871 patches indexed
    1323 filtered patches indexed
    1323 patches indexed considering max_len
Merged metadata with snow/cloud metadata
Loaded 549488 labels
Loaded 549488 keys
Loaded mapping created
Pre-filtered 1939 patches based on country and season (split ignored)
Loading BEN data for test...
    119825 patches indexed
    32 filtered patches indexed
    32 patches indexed considering max_len
Merged metadata with snow/cloud metadata
Loaded 549488 labels
Loaded 549488 keys
Loaded mapping created
Pre-filtered 8775 patches based on country and season (split ignored)
Loading BEN data for train...
    237871 patches indexed
    4206 filtered patches indexed
    4206 patches indexed considering max_len
Merged metadata with snow/cloud metadata
Loaded 549488 labels
Loaded 549488 keys
Loaded mapping created
Pre-filtered 8775 patches based on country and season (split ignored)
Loading BEN data for test...
    119825 patches indexed
    2151 filtered patches indexed
    2151 patches indexed considering max_len
Merged metadata with snow/cloud metadata
Loaded 549488 labels
Loaded 549488 keys
Loaded mapping created
Pre-filtered 16438 patches based on country and season (split ignored)
Loading BEN data for train...
    237871 patches indexed
    8037 filtered patches indexed
    8037 patches indexed considering max_len
Merged metadata with snow/cloud metadata
Loaded 549488 labels
Loaded 549488 keys
Loaded mapping created
Pre-filtered 16438 patches based on country and season (split ignored)
Loading BEN data for test...
    119825 patches indexed
    4220 filtered patches indexed
    4220 patches indexed considering max_len
Merged metadata with snow/cloud metadata
Loaded 549488 labels
Loaded 549488 keys
Loaded mapping created
Pre-filtered 4874 patches based on country and season (split ignored)
Loading BEN data for train...
    237871 patches indexed
    1692 filtered patches indexed
    1692 patches indexed considering max_len
Merged metadata with snow/cloud metadata
Loaded 549488 labels
Loaded 549488 keys
Loaded mapping created
Pre-filtered 4874 patches based on country and season (split ignored)
Loading BEN data for test...
    119825 patches indexed
    2039 filtered patches indexed
    2039 patches indexed considering max_len
Merged metadata with snow/cloud metadata
Loaded 549488 labels
Loaded 549488 keys
Loaded mapping created
Pre-filtered 59999 patches based on country and season (split ignored)
Loading BEN data for test...
    119825 patches indexed
    15720 filtered patches indexed
    15720 patches indexed considering max_len
Merged metadata with snow/cloud metadata
Loaded 549488 labels
Loaded 549488 keys
Loaded mapping created
Round 1/40
----------
Epoch 1/3
----------
Epoch 2/3
----------
Epoch 3/3
----------
Epoch 1/3
----------
Epoch 2/3
----------
Epoch 3/3
----------
Epoch 1/3
----------
Epoch 2/3
----------
Epoch 3/3
----------
Epoch 1/3
----------
Epoch 2/3
----------
Epoch 3/3
----------
Epoch 1/3
----------
Epoch 2/3
----------
Epoch 3/3
----------
Epoch 1/3
----------
Epoch 2/3
----------
Epoch 3/3
----------
Epoch 1/3
----------
Epoch 2/3
----------
Epoch 3/3
----------
Epoch 1/3
----------
Epoch 2/3
----------
Epoch 3/3
----------
micro     precision: 0.0000 | recall: 0.0000 | f1-score: 0.0000 | support: 40183 | mAP: 0.3046
macro     precision: 0.0000 | recall: 0.0000 | f1-score: 0.0000 | support: 40183 | mAP: 0.2300

Round 2/40
----------
Epoch 1/3
----------
Epoch 2/3
----------
Epoch 3/3
----------
Epoch 1/3
----------
Epoch 2/3
----------
Epoch 3/3
----------
Epoch 1/3
----------
Epoch 2/3
----------
Epoch 3/3
----------
Epoch 1/3
----------
Epoch 2/3
----------
Epoch 3/3
----------
Epoch 1/3
----------
Epoch 2/3
----------
Epoch 3/3
----------
Epoch 1/3
----------
Epoch 2/3
----------
Epoch 3/3
----------
Epoch 1/3
----------
Epoch 2/3
----------
Epoch 3/3
----------
Epoch 1/3
----------
Epoch 2/3
----------
Epoch 3/3
----------
micro     precision: 0.5751 | recall: 0.1491 | f1-score: 0.2368 | support: 40183 | mAP: 0.4135
macro     precision: 0.1002 | recall: 0.0662 | f1-score: 0.0630 | support: 40183 | mAP: 0.2994

Round 3/40
----------
Epoch 1/3
----------
Epoch 2/3
----------
Epoch 3/3
----------
Epoch 1/3
----------
Epoch 2/3
----------
Epoch 3/3
----------
Epoch 1/3
----------
Epoch 2/3
----------
Epoch 3/3
----------
Epoch 1/3
----------
Epoch 2/3
----------
Epoch 3/3
----------
Epoch 1/3
----------
Epoch 2/3
----------
Epoch 3/3
----------
Epoch 1/3
----------
Epoch 2/3
----------
Epoch 3/3
----------
Epoch 1/3
----------
Epoch 2/3
----------
Epoch 3/3
----------
Epoch 1/3
----------
Epoch 2/3
----------
Epoch 3/3
----------
micro     precision: 0.4802 | recall: 0.2136 | f1-score: 0.2956 | support: 40183 | mAP: 0.3707
macro     precision: 0.1514 | recall: 0.1104 | f1-score: 0.0968 | support: 40183 | mAP: 0.2858

Round 4/40
----------
Epoch 1/3
----------
Epoch 2/3
----------
Epoch 3/3
----------
Epoch 1/3
----------
Epoch 2/3
----------
Epoch 3/3
----------
Epoch 1/3
----------
Epoch 2/3
----------
Epoch 3/3
----------
Epoch 1/3
----------
Epoch 2/3
----------
Epoch 3/3
----------
Epoch 1/3
----------
Epoch 2/3
----------
Epoch 3/3
----------
Epoch 1/3
----------
Epoch 2/3
----------
Epoch 3/3
----------
Epoch 1/3
----------
Epoch 2/3
----------
Epoch 3/3
----------
Epoch 1/3
----------
Epoch 2/3
----------
Epoch 3/3
----------
micro     precision: 0.4313 | recall: 0.4437 | f1-score: 0.4374 | support: 40183 | mAP: 0.3890
macro     precision: 0.2346 | recall: 0.2161 | f1-score: 0.1600 | support: 40183 | mAP: 0.3128

Round 5/40
----------
Epoch 1/3
----------
Epoch 2/3
----------
Epoch 3/3
----------
Epoch 1/3
----------
Epoch 2/3
----------
Epoch 3/3
----------
Epoch 1/3
----------
Epoch 2/3
----------
Epoch 3/3
----------
Epoch 1/3
----------
Epoch 2/3
----------
Epoch 3/3
----------
Epoch 1/3
----------
Epoch 2/3
----------
Epoch 3/3
----------
Epoch 1/3
----------
Epoch 2/3
----------
Epoch 3/3
----------
Epoch 1/3
----------
Epoch 2/3
----------
Epoch 3/3
----------
Epoch 1/3
----------
Epoch 2/3
----------
Epoch 3/3
----------
micro     precision: 0.5548 | recall: 0.5272 | f1-score: 0.5406 | support: 40183 | mAP: 0.5587
macro     precision: 0.3088 | recall: 0.2695 | f1-score: 0.2295 | support: 40183 | mAP: 0.3751

Round 6/40
----------
Epoch 1/3
----------
Epoch 2/3
----------
Epoch 3/3
----------
Epoch 1/3
----------
Epoch 2/3
----------
Epoch 3/3
----------
Epoch 1/3
----------
Epoch 2/3
----------
Epoch 3/3
----------
Epoch 1/3
----------
Epoch 2/3
----------
Epoch 3/3
----------
Epoch 1/3
----------
Epoch 2/3
----------
Epoch 3/3
----------
Epoch 1/3
----------
Epoch 2/3
----------
Epoch 3/3
----------
Epoch 1/3
----------
Epoch 2/3
----------
Epoch 3/3
----------
Epoch 1/3
----------
Epoch 2/3
----------
Epoch 3/3
----------
micro     precision: 0.5203 | recall: 0.5100 | f1-score: 0.5151 | support: 40183 | mAP: 0.4359
macro     precision: 0.3580 | recall: 0.2607 | f1-score: 0.2292 | support: 40183 | mAP: 0.3445

Round 7/40
----------
Epoch 1/3
----------
Epoch 2/3
----------
Epoch 3/3
----------
Epoch 1/3
----------
Epoch 2/3
----------
Epoch 3/3
----------
Epoch 1/3
----------
Epoch 2/3
----------
Epoch 3/3
----------
Epoch 1/3
----------
Epoch 2/3
----------
Epoch 3/3
----------
Epoch 1/3
----------
Epoch 2/3
----------
Epoch 3/3
----------
Epoch 1/3
----------
Epoch 2/3
----------
Epoch 3/3
----------
Epoch 1/3
----------
Epoch 2/3
----------
Epoch 3/3
----------
Epoch 1/3
----------
Epoch 2/3
----------
Epoch 3/3
----------
micro     precision: 0.5675 | recall: 0.5974 | f1-score: 0.5820 | support: 40183 | mAP: 0.6014
macro     precision: 0.3944 | recall: 0.3033 | f1-score: 0.2737 | support: 40183 | mAP: 0.3901

Round 8/40
----------
Epoch 1/3
----------
Epoch 2/3
----------
Epoch 3/3
----------
Epoch 1/3
----------
Epoch 2/3
----------
Epoch 3/3
----------
Epoch 1/3
----------
Epoch 2/3
----------
Epoch 3/3
----------
Epoch 1/3
----------
Epoch 2/3
----------
Epoch 3/3
----------
Epoch 1/3
----------
Epoch 2/3
----------
Epoch 3/3
----------
Epoch 1/3
----------
Epoch 2/3
----------
Epoch 3/3
----------
Epoch 1/3
----------
Epoch 2/3
----------
Epoch 3/3
----------
Epoch 1/3
----------
Epoch 2/3
----------
Epoch 3/3
----------
micro     precision: 0.4941 | recall: 0.4777 | f1-score: 0.4857 | support: 40183 | mAP: 0.4988
macro     precision: 0.3382 | recall: 0.2536 | f1-score: 0.2222 | support: 40183 | mAP: 0.3676

Round 9/40
----------
Epoch 1/3
----------
Epoch 2/3
----------
Epoch 3/3
----------
Epoch 1/3
----------
Epoch 2/3
----------
Epoch 3/3
----------
Epoch 1/3
----------
Epoch 2/3
----------
Epoch 3/3
----------
Epoch 1/3
----------
Epoch 2/3
----------
Epoch 3/3
----------
Epoch 1/3
----------
Epoch 2/3
----------
Epoch 3/3
----------
Epoch 1/3
----------
Epoch 2/3
----------
Epoch 3/3
----------
Epoch 1/3
----------
Epoch 2/3
----------
Epoch 3/3
----------
Epoch 1/3
----------
Epoch 2/3
----------
Epoch 3/3
----------
micro     precision: 0.6286 | recall: 0.4902 | f1-score: 0.5508 | support: 40183 | mAP: 0.6164
macro     precision: 0.3982 | recall: 0.2331 | f1-score: 0.2235 | support: 40183 | mAP: 0.3947

Round 10/40
----------
Epoch 1/3
----------
Epoch 2/3
----------
Epoch 3/3
----------
Epoch 1/3
----------
Epoch 2/3
----------
Epoch 3/3
----------
Epoch 1/3
----------
Epoch 2/3
----------
Epoch 3/3
----------
Epoch 1/3
----------
Epoch 2/3
----------
Epoch 3/3
----------
Epoch 1/3
----------
Epoch 2/3
----------
Epoch 3/3
----------
Epoch 1/3
----------
Epoch 2/3
----------
Epoch 3/3
----------
Epoch 1/3
----------
Epoch 2/3
----------
Epoch 3/3
----------
Epoch 1/3
----------
Epoch 2/3
----------
Epoch 3/3
----------
micro     precision: 0.6031 | recall: 0.4545 | f1-score: 0.5184 | support: 40183 | mAP: 0.5823
macro     precision: 0.3746 | recall: 0.2255 | f1-score: 0.2138 | support: 40183 | mAP: 0.3987

Round 11/40
----------
Epoch 1/3
----------
Epoch 2/3
----------
Epoch 3/3
----------
Epoch 1/3
----------
Epoch 2/3
----------
Epoch 3/3
----------
Epoch 1/3
----------
Epoch 2/3
----------
Epoch 3/3
----------
Epoch 1/3
----------
Epoch 2/3
----------
Epoch 3/3
----------
Epoch 1/3
----------
Epoch 2/3
----------
Epoch 3/3
----------
Epoch 1/3
----------
Epoch 2/3
----------
Epoch 3/3
----------
Epoch 1/3
----------
Epoch 2/3
----------
Epoch 3/3
----------
Epoch 1/3
----------
Epoch 2/3
----------
Epoch 3/3
----------
micro     precision: 0.6053 | recall: 0.4937 | f1-score: 0.5439 | support: 40183 | mAP: 0.6299
macro     precision: 0.4544 | recall: 0.2715 | f1-score: 0.2673 | support: 40183 | mAP: 0.3910

Round 12/40
----------
Epoch 1/3
----------
Epoch 2/3
----------
Epoch 3/3
----------
Epoch 1/3
----------
Epoch 2/3
----------
Epoch 3/3
----------
Epoch 1/3
----------
Epoch 2/3
----------
Epoch 3/3
----------
Epoch 1/3
----------
Epoch 2/3
----------
Epoch 3/3
----------
Epoch 1/3
----------
Epoch 2/3
----------
Epoch 3/3
----------
Epoch 1/3
----------
Epoch 2/3
----------
Epoch 3/3
----------
Epoch 1/3
----------
Epoch 2/3
----------
Epoch 3/3
----------
Epoch 1/3
----------
Epoch 2/3
----------
Epoch 3/3
----------
micro     precision: 0.5091 | recall: 0.5080 | f1-score: 0.5085 | support: 40183 | mAP: 0.4649
macro     precision: 0.3722 | recall: 0.2477 | f1-score: 0.2221 | support: 40183 | mAP: 0.3668

Round 13/40
----------
Epoch 1/3
----------
Epoch 2/3
----------
Epoch 3/3
----------
Epoch 1/3
----------
Epoch 2/3
----------
Epoch 3/3
----------
Epoch 1/3
----------
Epoch 2/3
----------
Epoch 3/3
----------
Epoch 1/3
----------
Epoch 2/3
----------
Epoch 3/3
----------
Epoch 1/3
----------
Epoch 2/3
----------
Epoch 3/3
----------
Epoch 1/3
----------
Epoch 2/3
----------
Epoch 3/3
----------
Epoch 1/3
----------
Epoch 2/3
----------
Epoch 3/3
----------
Epoch 1/3
----------
Epoch 2/3
----------
Epoch 3/3
----------
micro     precision: 0.7392 | recall: 0.4812 | f1-score: 0.5829 | support: 40183 | mAP: 0.6683
macro     precision: 0.4877 | recall: 0.2570 | f1-score: 0.2853 | support: 40183 | mAP: 0.4155

Round 14/40
----------
Epoch 1/3
----------
Epoch 2/3
----------
Epoch 3/3
----------
Epoch 1/3
----------
Epoch 2/3
----------
Epoch 3/3
----------
Epoch 1/3
----------
Epoch 2/3
----------
Epoch 3/3
----------
Epoch 1/3
----------
Epoch 2/3
----------
Epoch 3/3
----------
Epoch 1/3
----------
Epoch 2/3
----------
Epoch 3/3
----------
Epoch 1/3
----------
Epoch 2/3
----------
Epoch 3/3
----------
Epoch 1/3
----------
Epoch 2/3
----------
Epoch 3/3
----------
Epoch 1/3
----------
Epoch 2/3
----------
Epoch 3/3
----------
micro     precision: 0.6421 | recall: 0.4398 | f1-score: 0.5221 | support: 40183 | mAP: 0.5656
macro     precision: 0.3826 | recall: 0.2162 | f1-score: 0.2266 | support: 40183 | mAP: 0.3892

Round 15/40
----------
Epoch 1/3
----------
Epoch 2/3
----------
Epoch 3/3
----------
Epoch 1/3
----------
Epoch 2/3
----------
Epoch 3/3
----------
Epoch 1/3
----------
Epoch 2/3
----------
Epoch 3/3
----------
Epoch 1/3
----------
Epoch 2/3
----------
Epoch 3/3
----------
Epoch 1/3
----------
Epoch 2/3
----------
Epoch 3/3
----------
Epoch 1/3
----------
Epoch 2/3
----------
Epoch 3/3
----------
Epoch 1/3
----------
Epoch 2/3
----------
Epoch 3/3
----------
Epoch 1/3
----------
Epoch 2/3
----------
Epoch 3/3
----------
micro     precision: 0.7870 | recall: 0.4949 | f1-score: 0.6077 | support: 40183 | mAP: 0.7179
macro     precision: 0.5449 | recall: 0.2704 | f1-score: 0.3142 | support: 40183 | mAP: 0.4536

Round 16/40
----------
Epoch 1/3
----------
Epoch 2/3
----------
Epoch 3/3
----------
Epoch 1/3
----------
Epoch 2/3
----------
Epoch 3/3
----------
Epoch 1/3
----------
Epoch 2/3
----------
Epoch 3/3
----------
Epoch 1/3
----------
Epoch 2/3
----------
Epoch 3/3
----------
Epoch 1/3
----------
Epoch 2/3
----------
Epoch 3/3
----------
Epoch 1/3
----------
Epoch 2/3
----------
Epoch 3/3
----------
Epoch 1/3
----------
Epoch 2/3
----------
Epoch 3/3
----------
Epoch 1/3
----------
Epoch 2/3
----------
Epoch 3/3
----------
micro     precision: 0.6781 | recall: 0.5349 | f1-score: 0.5981 | support: 40183 | mAP: 0.6794
macro     precision: 0.4952 | recall: 0.3084 | f1-score: 0.3363 | support: 40183 | mAP: 0.4422

Round 17/40
----------
Epoch 1/3
----------
Epoch 2/3
----------
Epoch 3/3
----------
Epoch 1/3
----------
Epoch 2/3
----------
Epoch 3/3
----------
Epoch 1/3
----------
Epoch 2/3
----------
Epoch 3/3
----------
Epoch 1/3
----------
Epoch 2/3
----------
Epoch 3/3
----------
Epoch 1/3
----------
Epoch 2/3
----------
Epoch 3/3
----------
Epoch 1/3
----------
Epoch 2/3
----------
Epoch 3/3
----------
Epoch 1/3
----------
Epoch 2/3
----------
Epoch 3/3
----------
Epoch 1/3
----------
Epoch 2/3
----------
Epoch 3/3
----------
micro     precision: 0.7697 | recall: 0.5149 | f1-score: 0.6170 | support: 40183 | mAP: 0.6967
macro     precision: 0.5572 | recall: 0.2875 | f1-score: 0.3391 | support: 40183 | mAP: 0.4590

Round 18/40
----------
Epoch 1/3
----------
Epoch 2/3
----------
Epoch 3/3
----------
Epoch 1/3
----------
Epoch 2/3
----------
Epoch 3/3
----------
Epoch 1/3
----------
Epoch 2/3
----------
Epoch 3/3
----------
Epoch 1/3
----------
Epoch 2/3
----------
Epoch 3/3
----------
Epoch 1/3
----------
Epoch 2/3
----------
Epoch 3/3
----------
Epoch 1/3
----------
Epoch 2/3
----------
Epoch 3/3
----------
Epoch 1/3
----------
Epoch 2/3
----------
Epoch 3/3
----------
Epoch 1/3
----------
Epoch 2/3
----------
Epoch 3/3
----------
micro     precision: 0.7244 | recall: 0.4168 | f1-score: 0.5291 | support: 40183 | mAP: 0.6805
macro     precision: 0.5646 | recall: 0.2170 | f1-score: 0.2488 | support: 40183 | mAP: 0.4326

Round 19/40
----------
Epoch 1/3
----------
Epoch 2/3
----------
Epoch 3/3
----------
Epoch 1/3
----------
Epoch 2/3
----------
Epoch 3/3
----------
Epoch 1/3
----------
Epoch 2/3
----------
Epoch 3/3
----------
Epoch 1/3
----------
Epoch 2/3
----------
Epoch 3/3
----------
Epoch 1/3
----------
Epoch 2/3
----------
Epoch 3/3
----------
Epoch 1/3
----------
Epoch 2/3
----------
Epoch 3/3
----------
Epoch 1/3
----------
Epoch 2/3
----------
Epoch 3/3
----------
Epoch 1/3
----------
Epoch 2/3
----------
Epoch 3/3
----------
micro     precision: 0.7416 | recall: 0.5440 | f1-score: 0.6276 | support: 40183 | mAP: 0.6946
macro     precision: 0.5309 | recall: 0.2773 | f1-score: 0.2918 | support: 40183 | mAP: 0.4269

Round 20/40
----------
Epoch 1/3
----------
Epoch 2/3
----------
Epoch 3/3
----------
Epoch 1/3
----------
Epoch 2/3
----------
Epoch 3/3
----------
Epoch 1/3
----------
Epoch 2/3
----------
Epoch 3/3
----------
Epoch 1/3
----------
Epoch 2/3
----------
Epoch 3/3
----------
Epoch 1/3
----------
Epoch 2/3
----------
Epoch 3/3
----------
Epoch 1/3
----------
Epoch 2/3
----------
Epoch 3/3
----------
Epoch 1/3
----------
Epoch 2/3
----------
Epoch 3/3
----------
Epoch 1/3
----------
Epoch 2/3
----------
Epoch 3/3
----------
micro     precision: 0.7525 | recall: 0.4645 | f1-score: 0.5744 | support: 40183 | mAP: 0.6815
macro     precision: 0.5219 | recall: 0.2302 | f1-score: 0.2690 | support: 40183 | mAP: 0.4318

Round 21/40
----------
Epoch 1/3
----------
Epoch 2/3
----------
Epoch 3/3
----------
Epoch 1/3
----------
Epoch 2/3
----------
Epoch 3/3
----------
Epoch 1/3
----------
Epoch 2/3
----------
Epoch 3/3
----------
Epoch 1/3
----------
Epoch 2/3
----------
Epoch 3/3
----------
Epoch 1/3
----------
Epoch 2/3
----------
Epoch 3/3
----------
Epoch 1/3
----------
Epoch 2/3
----------
Epoch 3/3
----------
Epoch 1/3
----------
Epoch 2/3
----------
Epoch 3/3
----------
Epoch 1/3
----------
Epoch 2/3
----------
Epoch 3/3
----------
micro     precision: 0.7340 | recall: 0.4662 | f1-score: 0.5702 | support: 40183 | mAP: 0.6415
macro     precision: 0.5015 | recall: 0.2367 | f1-score: 0.2706 | support: 40183 | mAP: 0.4151

Round 22/40
----------
Epoch 1/3
----------
Epoch 2/3
----------
Epoch 3/3
----------
Epoch 1/3
----------
Epoch 2/3
----------
Epoch 3/3
----------
Epoch 1/3
----------
Epoch 2/3
----------
Epoch 3/3
----------
Epoch 1/3
----------
Epoch 2/3
----------
Epoch 3/3
----------
Epoch 1/3
----------
Epoch 2/3
----------
Epoch 3/3
----------
Epoch 1/3
----------
Epoch 2/3
----------
Epoch 3/3
----------
Epoch 1/3
----------
Epoch 2/3
----------
Epoch 3/3
----------
Epoch 1/3
----------
Epoch 2/3
----------
Epoch 3/3
----------
micro     precision: 0.7590 | recall: 0.4877 | f1-score: 0.5938 | support: 40183 | mAP: 0.6972
macro     precision: 0.5329 | recall: 0.2720 | f1-score: 0.3212 | support: 40183 | mAP: 0.4454

Round 23/40
----------
Epoch 1/3
----------
Epoch 2/3
----------
Epoch 3/3
----------
Epoch 1/3
----------
Epoch 2/3
----------
Epoch 3/3
----------
Epoch 1/3
----------
Epoch 2/3
----------
Epoch 3/3
----------
Epoch 1/3
----------
Epoch 2/3
----------
Epoch 3/3
----------
Epoch 1/3
----------
Epoch 2/3
----------
Epoch 3/3
----------
Epoch 1/3
----------
Epoch 2/3
----------
Epoch 3/3
----------
Epoch 1/3
----------
Epoch 2/3
----------
Epoch 3/3
----------
Epoch 1/3
----------
Epoch 2/3
----------
Epoch 3/3
----------
micro     precision: 0.7393 | recall: 0.4640 | f1-score: 0.5702 | support: 40183 | mAP: 0.6538
macro     precision: 0.5180 | recall: 0.2521 | f1-score: 0.2892 | support: 40183 | mAP: 0.4370

Round 24/40
----------
Epoch 1/3
----------
Epoch 2/3
----------
Epoch 3/3
----------
Epoch 1/3
----------
Epoch 2/3
----------
Epoch 3/3
----------
Epoch 1/3
----------
Epoch 2/3
----------
Epoch 3/3
----------
Epoch 1/3
----------
Epoch 2/3
----------
Epoch 3/3
----------
Epoch 1/3
----------
Epoch 2/3
----------
Epoch 3/3
----------
Epoch 1/3
----------
Epoch 2/3
----------
Epoch 3/3
----------
Epoch 1/3
----------
Epoch 2/3
----------
Epoch 3/3
----------
Epoch 1/3
----------
Epoch 2/3
----------
Epoch 3/3
----------
micro     precision: 0.7214 | recall: 0.5082 | f1-score: 0.5963 | support: 40183 | mAP: 0.5894
macro     precision: 0.5103 | recall: 0.2870 | f1-score: 0.3115 | support: 40183 | mAP: 0.4320

Round 25/40
----------
Epoch 1/3
----------
Epoch 2/3
----------
Epoch 3/3
----------
Epoch 1/3
----------
Epoch 2/3
----------
Epoch 3/3
----------
Epoch 1/3
----------
Epoch 2/3
----------
Epoch 3/3
----------
Epoch 1/3
----------
Epoch 2/3
----------
Epoch 3/3
----------
Epoch 1/3
----------
Epoch 2/3
----------
Epoch 3/3
----------
Epoch 1/3
----------
Epoch 2/3
----------
Epoch 3/3
----------
Epoch 1/3
----------
Epoch 2/3
----------
Epoch 3/3
----------
Epoch 1/3
----------
Epoch 2/3
----------
Epoch 3/3
----------
micro     precision: 0.7270 | recall: 0.2841 | f1-score: 0.4085 | support: 40183 | mAP: 0.6157
macro     precision: 0.5219 | recall: 0.1459 | f1-score: 0.1934 | support: 40183 | mAP: 0.3959

Round 26/40
----------
Epoch 1/3
----------
Epoch 2/3
----------
Epoch 3/3
----------
Epoch 1/3
----------
Epoch 2/3
----------
Epoch 3/3
----------
Epoch 1/3
----------
Epoch 2/3
----------
Epoch 3/3
----------
Epoch 1/3
----------
Epoch 2/3
----------
Epoch 3/3
----------
Epoch 1/3
----------
Epoch 2/3
----------
Epoch 3/3
----------
Epoch 1/3
----------
Epoch 2/3
----------
Epoch 3/3
----------
Epoch 1/3
----------
Epoch 2/3
----------
Epoch 3/3
----------
Epoch 1/3
----------
Epoch 2/3
----------
Epoch 3/3
----------
micro     precision: 0.7302 | recall: 0.5285 | f1-score: 0.6132 | support: 40183 | mAP: 0.6869
macro     precision: 0.5351 | recall: 0.2921 | f1-score: 0.3239 | support: 40183 | mAP: 0.4404

Round 27/40
----------
Epoch 1/3
----------
Epoch 2/3
----------
Epoch 3/3
----------
Epoch 1/3
----------
Epoch 2/3
----------
Epoch 3/3
----------
Epoch 1/3
----------
Epoch 2/3
----------
Epoch 3/3
----------
Epoch 1/3
----------
Epoch 2/3
----------
Epoch 3/3
----------
Epoch 1/3
----------
Epoch 2/3
----------
Epoch 3/3
----------
Epoch 1/3
----------
Epoch 2/3
----------
Epoch 3/3
----------
Epoch 1/3
----------
Epoch 2/3
----------
Epoch 3/3
----------
Epoch 1/3
----------
Epoch 2/3
----------
Epoch 3/3
----------
micro     precision: 0.7337 | recall: 0.3561 | f1-score: 0.4795 | support: 40183 | mAP: 0.6473
macro     precision: 0.4872 | recall: 0.1866 | f1-score: 0.2218 | support: 40183 | mAP: 0.4202

Round 28/40
----------
Epoch 1/3
----------
Epoch 2/3
----------
Epoch 3/3
----------
Epoch 1/3
----------
Epoch 2/3
----------
Epoch 3/3
----------
Epoch 1/3
----------
Epoch 2/3
----------
Epoch 3/3
----------
Epoch 1/3
----------
Epoch 2/3
----------
Epoch 3/3
----------
Epoch 1/3
----------
Epoch 2/3
----------
Epoch 3/3
----------
Epoch 1/3
----------
Epoch 2/3
----------
Epoch 3/3
----------
Epoch 1/3
----------
Epoch 2/3
----------
Epoch 3/3
----------
Epoch 1/3
----------
Epoch 2/3
----------
Epoch 3/3
----------
micro     precision: 0.7978 | recall: 0.5517 | f1-score: 0.6523 | support: 40183 | mAP: 0.7446
macro     precision: 0.5665 | recall: 0.3128 | f1-score: 0.3614 | support: 40183 | mAP: 0.4592

Round 29/40
----------
Epoch 1/3
----------
Epoch 2/3
----------
Epoch 3/3
----------
Epoch 1/3
----------
Epoch 2/3
----------
Epoch 3/3
----------
Epoch 1/3
----------
Epoch 2/3
----------
Epoch 3/3
----------
Epoch 1/3
----------
Epoch 2/3
----------
Epoch 3/3
----------
Epoch 1/3
----------
Epoch 2/3
----------
Epoch 3/3
----------
Epoch 1/3
----------
Epoch 2/3
----------
Epoch 3/3
----------
Epoch 1/3
----------
Epoch 2/3
----------
Epoch 3/3
----------
Epoch 1/3
----------
Epoch 2/3
----------
Epoch 3/3
----------
micro     precision: 0.7152 | recall: 0.5127 | f1-score: 0.5972 | support: 40183 | mAP: 0.6247
macro     precision: 0.5152 | recall: 0.2780 | f1-score: 0.3059 | support: 40183 | mAP: 0.4298

Round 30/40
----------
Epoch 1/3
----------
Epoch 2/3
----------
Epoch 3/3
----------
Epoch 1/3
----------
Epoch 2/3
----------
Epoch 3/3
----------
Epoch 1/3
----------
Epoch 2/3
----------
Epoch 3/3
----------
Epoch 1/3
----------
Epoch 2/3
----------
Epoch 3/3
----------
Epoch 1/3
----------
Epoch 2/3
----------
Epoch 3/3
----------
Epoch 1/3
----------
Epoch 2/3
----------
Epoch 3/3
----------
Epoch 1/3
----------
Epoch 2/3
----------
Epoch 3/3
----------
Epoch 1/3
----------
Epoch 2/3
----------
Epoch 3/3
----------
micro     precision: 0.6964 | recall: 0.4434 | f1-score: 0.5418 | support: 40183 | mAP: 0.6170
macro     precision: 0.4967 | recall: 0.2400 | f1-score: 0.2738 | support: 40183 | mAP: 0.4180

Round 31/40
----------
Epoch 1/3
----------
Epoch 2/3
----------
Epoch 3/3
----------
Epoch 1/3
----------
Epoch 2/3
----------
Epoch 3/3
----------
Epoch 1/3
----------
Epoch 2/3
----------
Epoch 3/3
----------
Epoch 1/3
----------
Epoch 2/3
----------
Epoch 3/3
----------
Epoch 1/3
----------
Epoch 2/3
----------
Epoch 3/3
----------
Epoch 1/3
----------
Epoch 2/3
----------
Epoch 3/3
----------
Epoch 1/3
----------
Epoch 2/3
----------
Epoch 3/3
----------
Epoch 1/3
----------
Epoch 2/3
----------
Epoch 3/3
----------
micro     precision: 0.7082 | recall: 0.4865 | f1-score: 0.5768 | support: 40183 | mAP: 0.6589
macro     precision: 0.5044 | recall: 0.2651 | f1-score: 0.2957 | support: 40183 | mAP: 0.4268

Round 32/40
----------
Epoch 1/3
----------
Epoch 2/3
----------
Epoch 3/3
----------
Epoch 1/3
----------
Epoch 2/3
----------
Epoch 3/3
----------
Epoch 1/3
----------
Epoch 2/3
----------
Epoch 3/3
----------
Epoch 1/3
----------
Epoch 2/3
----------
Epoch 3/3
----------
Epoch 1/3
----------
Epoch 2/3
----------
Epoch 3/3
----------
Epoch 1/3
----------
Epoch 2/3
----------
Epoch 3/3
----------
Epoch 1/3
----------
Epoch 2/3
----------
Epoch 3/3
----------
Epoch 1/3
----------
Epoch 2/3
----------
Epoch 3/3
----------
micro     precision: 0.7362 | recall: 0.5080 | f1-score: 0.6012 | support: 40183 | mAP: 0.6904
macro     precision: 0.5292 | recall: 0.2997 | f1-score: 0.3350 | support: 40183 | mAP: 0.4418

Round 33/40
----------
Epoch 1/3
----------
Epoch 2/3
----------
Epoch 3/3
----------
Epoch 1/3
----------
Epoch 2/3
----------
Epoch 3/3
----------
Epoch 1/3
----------
Epoch 2/3
----------
Epoch 3/3
----------
Epoch 1/3
----------
Epoch 2/3
----------
Epoch 3/3
----------
Epoch 1/3
----------
Epoch 2/3
----------
Epoch 3/3
----------
Epoch 1/3
----------
Epoch 2/3
----------
Epoch 3/3
----------
Epoch 1/3
----------
Epoch 2/3
----------
Epoch 3/3
----------
Epoch 1/3
----------
Epoch 2/3
----------
Epoch 3/3
----------
micro     precision: 0.6949 | recall: 0.4855 | f1-score: 0.5716 | support: 40183 | mAP: 0.6097
macro     precision: 0.5102 | recall: 0.2825 | f1-score: 0.3125 | support: 40183 | mAP: 0.4174

Round 34/40
----------
Epoch 1/3
----------
Epoch 2/3
----------
Epoch 3/3
----------
Epoch 1/3
----------
Epoch 2/3
----------
Epoch 3/3
----------
Epoch 1/3
----------
Epoch 2/3
----------
Epoch 3/3
----------
Epoch 1/3
----------
Epoch 2/3
----------
Epoch 3/3
----------
Epoch 1/3
----------
Epoch 2/3
----------
Epoch 3/3
----------
Epoch 1/3
----------
Epoch 2/3
----------
Epoch 3/3
----------
Epoch 1/3
----------
Epoch 2/3
----------
Epoch 3/3
----------
Epoch 1/3
----------
Epoch 2/3
----------
Epoch 3/3
----------
micro     precision: 0.7343 | recall: 0.5086 | f1-score: 0.6009 | support: 40183 | mAP: 0.6974
macro     precision: 0.5217 | recall: 0.2837 | f1-score: 0.3263 | support: 40183 | mAP: 0.4270

Round 35/40
----------
Epoch 1/3
----------
Epoch 2/3
----------
Epoch 3/3
----------
Epoch 1/3
----------
Epoch 2/3
----------
Epoch 3/3
----------
Epoch 1/3
----------
