Lines that potentially need to be canonized 309
Using device: cuda:0
Pre-filtered 30767 patches based on country and season (split ignored)
Loading BEN data for train...
    237871 patches indexed
    14805 filtered patches indexed
    14805 patches indexed considering max_len
Merged metadata with snow/cloud metadata
Loaded 549488 labels
Loaded 549488 keys
Loaded mapping created
Pre-filtered 30767 patches based on country and season (split ignored)
Loading BEN data for test...
    119825 patches indexed
    8209 filtered patches indexed
    8209 patches indexed considering max_len
Merged metadata with snow/cloud metadata
Loaded 549488 labels
Loaded 549488 keys
Loaded mapping created
Pre-filtered 59999 patches based on country and season (split ignored)
Loading BEN data for test...
    119825 patches indexed
    15720 filtered patches indexed
    15720 patches indexed considering max_len
Merged metadata with snow/cloud metadata
Loaded 549488 labels
Loaded 549488 keys
Loaded mapping created
Initializing LRP Pruning...
LRP initialized successfully.
=== Round 1/5 ===
----------
Training and communication for Round 1...
Epoch 1/1
----------
Bug fix for empty classification report.
micro     precision: 0.0000 | recall: 0.0000 | f1-score: 0.0000 | support: 0 | mAP: 0.5600
macro     precision: 0.0000 | recall: 0.0000 | f1-score: 0.0000 | support: 0 | mAP: 0.3275

Führe LRP-Pruning in Runde 1 durch...
Berechne LRP-Pruning-Maske für Land: Finland
Erstelle DataLoader für Land: Finland
Pre-filtered 30767 patches based on country and season (split ignored)
Loading BEN data for train...
    237871 patches indexed
    14805 filtered patches indexed
    14805 patches indexed considering max_len
Merged metadata with snow/cloud metadata
Loaded 549488 labels
Loaded 549488 keys
Loaded mapping created
Batch Struktur: [tensor([ 1687,  9258,  2208,  4793, 13174,  3093,  7186,  8993,  3431,  6880,
         4115,  9535,  1511,  6922, 10078,  5819]), tensor([[[[1.8900e+02, 1.7100e+02, 2.1100e+02,  ..., 3.7100e+02,
           4.9900e+02, 5.4100e+02],
          [1.8400e+02, 1.4000e+02, 1.7100e+02,  ..., 3.4900e+02,
           4.3300e+02, 4.2600e+02],
          [1.6100e+02, 1.4500e+02, 1.7800e+02,  ..., 4.0700e+02,
           3.9000e+02, 4.1300e+02],
          ...,
          [5.0200e+02, 4.0100e+02, 2.8100e+02,  ..., 3.6400e+02,
           4.0200e+02, 3.8400e+02],
          [4.4100e+02, 3.9900e+02, 3.1600e+02,  ..., 3.5300e+02,
           3.8900e+02, 3.9700e+02],
          [3.9200e+02, 4.7100e+02, 2.9900e+02,  ..., 3.7100e+02,
           3.8200e+02, 4.1600e+02]],

         [[4.1700e+02, 4.4000e+02, 4.9700e+02,  ..., 5.2800e+02,
           6.5500e+02, 7.5000e+02],
          [3.7000e+02, 3.7000e+02, 4.3300e+02,  ..., 5.0500e+02,
           5.7300e+02, 6.3100e+02],
          [3.3200e+02, 3.1700e+02, 3.8000e+02,  ..., 5.0900e+02,
           5.5600e+02, 5.8200e+02],
          ...,
          [7.7400e+02, 7.0500e+02, 6.8000e+02,  ..., 5.2200e+02,
           5.8800e+02, 5.6800e+02],
          [7.5300e+02, 7.3000e+02, 6.7000e+02,  ..., 5.0100e+02,
           5.6000e+02, 5.9300e+02],
          [6.6200e+02, 7.6300e+02, 6.5100e+02,  ..., 5.3200e+02,
           5.2600e+02, 6.0100e+02]],

         [[2.9900e+02, 2.9700e+02, 3.5400e+02,  ..., 6.7300e+02,
           7.9700e+02, 9.0700e+02],
          [3.1300e+02, 2.9200e+02, 3.0700e+02,  ..., 6.1000e+02,
           7.3000e+02, 7.8100e+02],
          [2.8600e+02, 2.6500e+02, 2.8200e+02,  ..., 6.5900e+02,
           6.7300e+02, 7.4400e+02],
          ...,
          [6.9700e+02, 4.8700e+02, 3.6400e+02,  ..., 6.1000e+02,
           6.6200e+02, 6.5400e+02],
          [5.7800e+02, 5.6000e+02, 3.9500e+02,  ..., 6.3300e+02,
           6.4900e+02, 6.4600e+02],
          [5.8000e+02, 6.1300e+02, 3.8200e+02,  ..., 6.4300e+02,
           6.1600e+02, 6.5200e+02]],

         ...,

         [[2.0910e+03, 2.0910e+03, 2.2870e+03,  ..., 1.6260e+03,
           1.4440e+03, 1.4440e+03],
          [2.0910e+03, 2.0910e+03, 2.2870e+03,  ..., 1.6260e+03,
           1.4440e+03, 1.4440e+03],
          [1.8270e+03, 1.8270e+03, 1.9890e+03,  ..., 1.3640e+03,
           1.3760e+03, 1.3760e+03],
          ...,
          [2.4410e+03, 2.4410e+03, 2.6550e+03,  ..., 1.2360e+03,
           1.3940e+03, 1.3940e+03],
          [2.3200e+03, 2.3200e+03, 2.6230e+03,  ..., 1.2180e+03,
           1.3540e+03, 1.3540e+03],
          [2.3200e+03, 2.3200e+03, 2.6230e+03,  ..., 1.2180e+03,
           1.3540e+03, 1.3540e+03]],

         [[1.2200e+03, 1.2200e+03, 1.3370e+03,  ..., 1.9680e+03,
           1.8970e+03, 1.8970e+03],
          [1.2200e+03, 1.2200e+03, 1.3370e+03,  ..., 1.9680e+03,
           1.8970e+03, 1.8970e+03],
          [1.1030e+03, 1.1030e+03, 1.1780e+03,  ..., 1.7260e+03,
           1.8070e+03, 1.8070e+03],
          ...,
          [1.6330e+03, 1.6330e+03, 1.5210e+03,  ..., 1.2780e+03,
           1.3160e+03, 1.3160e+03],
          [1.6020e+03, 1.6020e+03, 1.5370e+03,  ..., 1.2650e+03,
           1.2900e+03, 1.2900e+03],
          [1.6020e+03, 1.6020e+03, 1.5370e+03,  ..., 1.2650e+03,
           1.2900e+03, 1.2900e+03]],

         [[6.4000e+02, 6.4000e+02, 7.1600e+02,  ..., 1.5160e+03,
           1.5060e+03, 1.5060e+03],
          [6.4000e+02, 6.4000e+02, 7.1600e+02,  ..., 1.5160e+03,
           1.5060e+03, 1.5060e+03],
          [5.6200e+02, 5.6200e+02, 6.2700e+02,  ..., 1.3270e+03,
           1.4200e+03, 1.4200e+03],
          ...,
          [9.9700e+02, 9.9700e+02, 8.6700e+02,  ..., 9.7600e+02,
           9.8700e+02, 9.8700e+02],
          [1.0220e+03, 1.0220e+03, 8.6600e+02,  ..., 9.6700e+02,
           9.8200e+02, 9.8200e+02],
          [1.0220e+03, 1.0220e+03, 8.6600e+02,  ..., 9.6700e+02,
           9.8200e+02, 9.8200e+02]]],


        [[[2.9700e+02, 2.7800e+02, 2.4500e+02,  ..., 2.5100e+02,
           2.4300e+02, 2.1200e+02],
          [2.4700e+02, 2.9200e+02, 2.9200e+02,  ..., 2.2500e+02,
           2.4300e+02, 1.5500e+02],
          [2.3300e+02, 2.2800e+02, 2.8100e+02,  ..., 2.2400e+02,
           2.1500e+02, 1.5800e+02],
          ...,
          [1.9600e+02, 1.7800e+02, 1.8400e+02,  ..., 1.4000e+02,
           1.7400e+02, 1.9300e+02],
          [1.8700e+02, 1.7800e+02, 1.8400e+02,  ..., 1.5600e+02,
           1.6800e+02, 2.0300e+02],
          [1.7800e+02, 1.9000e+02, 2.1400e+02,  ..., 1.8400e+02,
           1.8800e+02, 1.8000e+02]],

         [[5.0100e+02, 5.1900e+02, 4.4800e+02,  ..., 5.2500e+02,
           5.0900e+02, 3.9800e+02],
          [4.0900e+02, 5.2300e+02, 5.4300e+02,  ..., 4.7900e+02,
           4.7500e+02, 2.8100e+02],
          [3.8700e+02, 4.6400e+02, 5.3500e+02,  ..., 4.3500e+02,
           4.5500e+02, 2.4600e+02],
          ...,
          [3.5400e+02, 3.6100e+02, 3.0800e+02,  ..., 3.0600e+02,
           3.3400e+02, 3.7500e+02],
          [3.6600e+02, 3.3200e+02, 3.3900e+02,  ..., 3.1400e+02,
           3.3400e+02, 3.6900e+02],
          [3.9600e+02, 3.4100e+02, 3.6300e+02,  ..., 3.0000e+02,
           3.2500e+02, 2.9600e+02]],

         [[3.9300e+02, 3.8300e+02, 3.3800e+02,  ..., 2.7700e+02,
           2.3300e+02, 2.0300e+02],
          [3.3700e+02, 4.0400e+02, 4.0600e+02,  ..., 2.5400e+02,
           2.3200e+02, 1.4800e+02],
          [2.8300e+02, 3.5400e+02, 4.3000e+02,  ..., 2.3300e+02,
           2.1800e+02, 1.3500e+02],
          ...,
          [2.2500e+02, 2.1100e+02, 2.2200e+02,  ..., 1.6500e+02,
           1.9400e+02, 2.0700e+02],
          [2.1000e+02, 1.8900e+02, 2.3800e+02,  ..., 1.6900e+02,
           2.1300e+02, 2.2500e+02],
          [2.2100e+02, 2.0100e+02, 2.3400e+02,  ..., 1.8800e+02,
           1.9900e+02, 1.7700e+02]],

         ...,

         [[2.5800e+03, 2.5800e+03, 2.5320e+03,  ..., 2.8360e+03,
           2.9640e+03, 2.9640e+03],
          [2.5800e+03, 2.5800e+03, 2.5320e+03,  ..., 2.8360e+03,
           2.9640e+03, 2.9640e+03],
          [2.3160e+03, 2.3160e+03, 2.7920e+03,  ..., 2.7370e+03,
           3.0960e+03, 3.0960e+03],
          ...,
          [1.9110e+03, 1.9110e+03, 1.8810e+03,  ..., 2.4710e+03,
           2.0720e+03, 2.0720e+03],
          [2.2790e+03, 2.2790e+03, 1.9320e+03,  ..., 2.2490e+03,
           2.1680e+03, 2.1680e+03],
          [2.2790e+03, 2.2790e+03, 1.9320e+03,  ..., 2.2490e+03,
           2.1680e+03, 2.1680e+03]],

         [[1.5960e+03, 1.5960e+03, 1.5030e+03,  ..., 1.1870e+03,
           1.3330e+03, 1.3330e+03],
          [1.5960e+03, 1.5960e+03, 1.5030e+03,  ..., 1.1870e+03,
           1.3330e+03, 1.3330e+03],
          [1.4280e+03, 1.4280e+03, 1.6120e+03,  ..., 1.1660e+03,
           1.3670e+03, 1.3670e+03],
          ...,
          [8.9200e+02, 8.9200e+02, 9.8900e+02,  ..., 1.0160e+03,
           9.9500e+02, 9.9500e+02],
          [1.0570e+03, 1.0570e+03, 1.0160e+03,  ..., 9.7600e+02,
           9.8900e+02, 9.8900e+02],
          [1.0570e+03, 1.0570e+03, 1.0160e+03,  ..., 9.7600e+02,
           9.8900e+02, 9.8900e+02]],

         [[8.2000e+02, 8.2000e+02, 7.7400e+02,  ..., 5.8400e+02,
           6.0700e+02, 6.0700e+02],
          [8.2000e+02, 8.2000e+02, 7.7400e+02,  ..., 5.8400e+02,
           6.0700e+02, 6.0700e+02],
          [7.3000e+02, 7.3000e+02, 8.3300e+02,  ..., 5.4300e+02,
           6.3800e+02, 6.3800e+02],
          ...,
          [4.3500e+02, 4.3500e+02, 5.0800e+02,  ..., 5.0200e+02,
           4.7800e+02, 4.7800e+02],
          [5.0900e+02, 5.0900e+02, 5.0900e+02,  ..., 4.7400e+02,
           4.9500e+02, 4.9500e+02],
          [5.0900e+02, 5.0900e+02, 5.0900e+02,  ..., 4.7400e+02,
           4.9500e+02, 4.9500e+02]]],


        [[[3.1000e+02, 2.7000e+02, 2.7100e+02,  ..., 3.8200e+02,
           3.2800e+02, 2.7900e+02],
          [2.9500e+02, 2.9500e+02, 2.8800e+02,  ..., 3.3300e+02,
           3.4600e+02, 3.1700e+02],
          [2.9200e+02, 2.9000e+02, 2.7300e+02,  ..., 3.0200e+02,
           3.5800e+02, 3.4000e+02],
          ...,
          [2.0800e+02, 2.0600e+02, 2.3100e+02,  ..., 1.9300e+02,
           2.2100e+02, 2.1100e+02],
          [2.0500e+02, 2.1700e+02, 2.2700e+02,  ..., 2.0700e+02,
           2.1700e+02, 2.1400e+02],
          [2.2000e+02, 2.1700e+02, 2.4300e+02,  ..., 2.1800e+02,
           2.0400e+02, 2.0000e+02]],

         [[6.9400e+02, 6.6200e+02, 6.8500e+02,  ..., 5.6500e+02,
           4.7400e+02, 4.4400e+02],
          [7.3000e+02, 7.5000e+02, 7.5000e+02,  ..., 6.0100e+02,
           5.3600e+02, 4.8300e+02],
          [7.1900e+02, 7.1900e+02, 7.1600e+02,  ..., 5.2100e+02,
           5.7000e+02, 5.1900e+02],
          ...,
          [3.7300e+02, 3.6200e+02, 3.7600e+02,  ..., 5.6500e+02,
           5.7900e+02, 5.5800e+02],
          [3.8100e+02, 3.8300e+02, 3.8100e+02,  ..., 5.6700e+02,
           5.6900e+02, 5.7300e+02],
          [3.9800e+02, 3.9300e+02, 3.9800e+02,  ..., 5.8500e+02,
           5.6900e+02, 5.7300e+02]],

         [[4.5700e+02, 3.5200e+02, 3.6200e+02,  ..., 5.9300e+02,
           5.3300e+02, 4.8500e+02],
          [3.8100e+02, 3.3200e+02, 3.3800e+02,  ..., 5.2600e+02,
           5.5700e+02, 5.1200e+02],
          [3.7100e+02, 3.3800e+02, 3.2800e+02,  ..., 4.9300e+02,
           5.5400e+02, 5.6100e+02],
          ...,
          [4.4700e+02, 4.4000e+02, 4.0500e+02,  ..., 1.8200e+02,
           1.8200e+02, 1.9600e+02],
          [4.4000e+02, 4.2600e+02, 4.3200e+02,  ..., 1.9300e+02,
           1.7400e+02, 1.8400e+02],
          [4.5200e+02, 4.6000e+02, 4.5200e+02,  ..., 2.0300e+02,
           1.8300e+02, 1.8600e+02]],

         ...,

         [[4.4270e+03, 4.4270e+03, 4.6960e+03,  ..., 1.8130e+03,
           1.3150e+03, 1.3150e+03],
          [4.4270e+03, 4.4270e+03, 4.6960e+03,  ..., 1.8130e+03,
           1.3150e+03, 1.3150e+03],
          [4.3520e+03, 4.3520e+03, 4.8260e+03,  ..., 1.6550e+03,
           1.8470e+03, 1.8470e+03],
          ...,
          [1.3750e+03, 1.3750e+03, 1.4720e+03,  ..., 5.1580e+03,
           5.1790e+03, 5.1790e+03],
          [1.4630e+03, 1.4630e+03, 1.4580e+03,  ..., 5.1860e+03,
           5.2300e+03, 5.2300e+03],
          [1.4630e+03, 1.4630e+03, 1.4580e+03,  ..., 5.1860e+03,
           5.2300e+03, 5.2300e+03]],

         [[1.8630e+03, 1.8630e+03, 1.8350e+03,  ..., 1.3840e+03,
           1.2780e+03, 1.2780e+03],
          [1.8630e+03, 1.8630e+03, 1.8350e+03,  ..., 1.3840e+03,
           1.2780e+03, 1.2780e+03],
          [1.8750e+03, 1.8750e+03, 1.8520e+03,  ..., 1.3510e+03,
           1.3920e+03, 1.3920e+03],
          ...,
          [1.3870e+03, 1.3870e+03, 1.3560e+03,  ..., 1.5800e+03,
           1.5810e+03, 1.5810e+03],
          [1.3460e+03, 1.3460e+03, 1.3330e+03,  ..., 1.6050e+03,
           1.6010e+03, 1.6010e+03],
          [1.3460e+03, 1.3460e+03, 1.3330e+03,  ..., 1.6050e+03,
           1.6010e+03, 1.6010e+03]],

         [[9.5100e+02, 9.5100e+02, 9.1700e+02,  ..., 9.8200e+02,
           9.4700e+02, 9.4700e+02],
          [9.5100e+02, 9.5100e+02, 9.1700e+02,  ..., 9.8200e+02,
           9.4700e+02, 9.4700e+02],
          [9.6300e+02, 9.6300e+02, 9.3800e+02,  ..., 9.5200e+02,
           9.9900e+02, 9.9900e+02],
          ...,
          [9.6900e+02, 9.6900e+02, 9.3500e+02,  ..., 7.1200e+02,
           7.2900e+02, 7.2900e+02],
          [9.3600e+02, 9.3600e+02, 9.1400e+02,  ..., 7.3900e+02,
           7.3300e+02, 7.3300e+02],
          [9.3600e+02, 9.3600e+02, 9.1400e+02,  ..., 7.3900e+02,
           7.3300e+02, 7.3300e+02]]],


        ...,


        [[[6.4800e+02, 6.1400e+02, 5.8300e+02,  ..., 5.0600e+02,
           5.7900e+02, 7.0800e+02],
          [6.3100e+02, 6.1000e+02, 5.3800e+02,  ..., 3.7200e+02,
           4.7000e+02, 5.7600e+02],
          [5.5100e+02, 5.5100e+02, 5.0000e+02,  ..., 3.1200e+02,
           3.5500e+02, 4.0200e+02],
          ...,
          [7.3400e+02, 7.6100e+02, 7.0500e+02,  ..., 6.8500e+02,
           6.4500e+02, 6.1100e+02],
          [6.3300e+02, 6.7400e+02, 6.5800e+02,  ..., 6.3300e+02,
           6.2600e+02, 6.1800e+02],
          [5.5100e+02, 6.1200e+02, 6.2800e+02,  ..., 6.1700e+02,
           6.4000e+02, 6.4800e+02]],

         [[7.9500e+02, 7.2200e+02, 6.7000e+02,  ..., 6.8400e+02,
           7.7100e+02, 7.7100e+02],
          [7.5400e+02, 7.1300e+02, 6.7200e+02,  ..., 6.9700e+02,
           8.0900e+02, 8.4900e+02],
          [7.3900e+02, 7.0100e+02, 6.8500e+02,  ..., 5.9200e+02,
           7.2200e+02, 8.2200e+02],
          ...,
          [1.0420e+03, 9.9200e+02, 9.2400e+02,  ..., 9.4200e+02,
           9.1100e+02, 8.5100e+02],
          [9.5500e+02, 9.4300e+02, 8.4900e+02,  ..., 9.3300e+02,
           9.0500e+02, 8.3200e+02],
          [8.4100e+02, 8.5300e+02, 8.1100e+02,  ..., 8.9000e+02,
           8.8100e+02, 8.3200e+02]],

         [[5.8400e+02, 5.3900e+02, 4.3700e+02,  ..., 4.0800e+02,
           4.1300e+02, 4.3800e+02],
          [5.9100e+02, 5.1700e+02, 4.4100e+02,  ..., 5.1100e+02,
           5.3500e+02, 5.1100e+02],
          [5.9700e+02, 5.4500e+02, 5.2000e+02,  ..., 6.1800e+02,
           6.6900e+02, 6.5100e+02],
          ...,
          [8.0100e+02, 7.2500e+02, 6.4800e+02,  ..., 8.6000e+02,
           8.6600e+02, 8.1000e+02],
          [8.7300e+02, 7.8800e+02, 7.0700e+02,  ..., 8.6800e+02,
           8.6400e+02, 8.3600e+02],
          [8.6100e+02, 7.9700e+02, 7.3800e+02,  ..., 8.9000e+02,
           9.0200e+02, 8.8000e+02]],

         ...,

         [[2.7440e+03, 2.7440e+03, 2.4940e+03,  ..., 2.2060e+03,
           2.2760e+03, 2.2760e+03],
          [2.7440e+03, 2.7440e+03, 2.4940e+03,  ..., 2.2060e+03,
           2.2760e+03, 2.2760e+03],
          [2.9730e+03, 2.9730e+03, 2.6900e+03,  ..., 2.1670e+03,
           2.3690e+03, 2.3690e+03],
          ...,
          [2.8360e+03, 2.8360e+03, 2.8220e+03,  ..., 3.6710e+03,
           3.9250e+03, 3.9250e+03],
          [2.7500e+03, 2.7500e+03, 2.5210e+03,  ..., 3.7730e+03,
           3.9000e+03, 3.9000e+03],
          [2.7500e+03, 2.7500e+03, 2.5210e+03,  ..., 3.7730e+03,
           3.9000e+03, 3.9000e+03]],

         [[1.4820e+03, 1.4820e+03, 1.2970e+03,  ..., 1.2040e+03,
           1.2220e+03, 1.2220e+03],
          [1.4820e+03, 1.4820e+03, 1.2970e+03,  ..., 1.2040e+03,
           1.2220e+03, 1.2220e+03],
          [1.5300e+03, 1.5300e+03, 1.3390e+03,  ..., 1.3070e+03,
           1.3620e+03, 1.3620e+03],
          ...,
          [1.7800e+03, 1.7800e+03, 1.6600e+03,  ..., 1.9280e+03,
           1.9730e+03, 1.9730e+03],
          [1.8110e+03, 1.8110e+03, 1.6910e+03,  ..., 1.9210e+03,
           1.9570e+03, 1.9570e+03],
          [1.8110e+03, 1.8110e+03, 1.6910e+03,  ..., 1.9210e+03,
           1.9570e+03, 1.9570e+03]],

         [[8.6700e+02, 8.6700e+02, 6.7800e+02,  ..., 6.7900e+02,
           6.6500e+02, 6.6500e+02],
          [8.6700e+02, 8.6700e+02, 6.7800e+02,  ..., 6.7900e+02,
           6.6500e+02, 6.6500e+02],
          [8.2000e+02, 8.2000e+02, 6.9400e+02,  ..., 6.5600e+02,
           6.9500e+02, 6.9500e+02],
          ...,
          [1.1020e+03, 1.1020e+03, 9.5500e+02,  ..., 1.1450e+03,
           1.1770e+03, 1.1770e+03],
          [1.0830e+03, 1.0830e+03, 9.6400e+02,  ..., 1.1120e+03,
           1.1450e+03, 1.1450e+03],
          [1.0830e+03, 1.0830e+03, 9.6400e+02,  ..., 1.1120e+03,
           1.1450e+03, 1.1450e+03]]],


        [[[1.7600e+02, 1.6200e+02, 1.6900e+02,  ..., 1.1900e+02,
           9.9000e+01, 1.4500e+02],
          [1.7500e+02, 1.7800e+02, 1.5900e+02,  ..., 1.6600e+02,
           1.6100e+02, 1.4900e+02],
          [1.7500e+02, 1.6900e+02, 1.7800e+02,  ..., 8.9000e+01,
           1.5900e+02, 1.5400e+02],
          ...,
          [1.2900e+02, 1.0800e+02, 1.0500e+02,  ..., 1.8300e+02,
           1.9200e+02, 2.1500e+02],
          [1.1300e+02, 9.7000e+01, 1.2500e+02,  ..., 1.8600e+02,
           1.9800e+02, 2.1500e+02],
          [1.2600e+02, 1.1300e+02, 1.2900e+02,  ..., 2.0200e+02,
           2.1500e+02, 2.0700e+02]],

         [[3.2500e+02, 3.6400e+02, 3.2300e+02,  ..., 2.6200e+02,
           2.3600e+02, 2.8400e+02],
          [3.5700e+02, 3.7100e+02, 3.2600e+02,  ..., 3.3200e+02,
           3.1100e+02, 3.2900e+02],
          [3.7000e+02, 3.5900e+02, 3.6500e+02,  ..., 1.6800e+02,
           2.7800e+02, 2.8400e+02],
          ...,
          [2.6900e+02, 2.7100e+02, 3.0100e+02,  ..., 4.1400e+02,
           4.0100e+02, 4.3500e+02],
          [2.6100e+02, 2.5600e+02, 2.8100e+02,  ..., 3.9800e+02,
           4.0900e+02, 4.4400e+02],
          [3.0100e+02, 2.4700e+02, 2.8600e+02,  ..., 3.7900e+02,
           4.0700e+02, 4.2900e+02]],

         [[1.9700e+02, 1.9900e+02, 1.7800e+02,  ..., 1.3500e+02,
           1.2100e+02, 1.8200e+02],
          [1.9900e+02, 1.9700e+02, 1.9900e+02,  ..., 1.9400e+02,
           1.8500e+02, 2.1000e+02],
          [1.9900e+02, 2.0400e+02, 2.1300e+02,  ..., 9.3000e+01,
           1.6300e+02, 1.8300e+02],
          ...,
          [1.2300e+02, 1.3500e+02, 1.3300e+02,  ..., 2.5100e+02,
           2.8200e+02, 3.1300e+02],
          [1.2500e+02, 1.2500e+02, 1.1900e+02,  ..., 2.4900e+02,
           2.9200e+02, 3.0900e+02],
          [1.3700e+02, 1.1000e+02, 1.3900e+02,  ..., 2.6200e+02,
           2.6900e+02, 2.8900e+02]],

         ...,

         [[2.2420e+03, 2.2420e+03, 2.1960e+03,  ..., 1.8320e+03,
           1.8620e+03, 1.8620e+03],
          [2.2420e+03, 2.2420e+03, 2.1960e+03,  ..., 1.8320e+03,
           1.8620e+03, 1.8620e+03],
          [2.2420e+03, 2.2420e+03, 2.1720e+03,  ..., 1.0730e+03,
           9.9700e+02, 9.9700e+02],
          ...,
          [2.2880e+03, 2.2880e+03, 2.4290e+03,  ..., 2.5640e+03,
           2.4280e+03, 2.4280e+03],
          [2.1640e+03, 2.1640e+03, 2.5020e+03,  ..., 2.5540e+03,
           2.4970e+03, 2.4970e+03],
          [2.1640e+03, 2.1640e+03, 2.5020e+03,  ..., 2.5540e+03,
           2.4970e+03, 2.4970e+03]],

         [[1.1180e+03, 1.1180e+03, 1.1000e+03,  ..., 8.4800e+02,
           8.7700e+02, 8.7700e+02],
          [1.1180e+03, 1.1180e+03, 1.1000e+03,  ..., 8.4800e+02,
           8.7700e+02, 8.7700e+02],
          [1.1140e+03, 1.1140e+03, 1.1230e+03,  ..., 5.9400e+02,
           5.2400e+02, 5.2400e+02],
          ...,
          [9.2000e+02, 9.2000e+02, 1.0510e+03,  ..., 1.2160e+03,
           1.3060e+03, 1.3060e+03],
          [9.8800e+02, 9.8800e+02, 1.0170e+03,  ..., 1.2350e+03,
           1.2570e+03, 1.2570e+03],
          [9.8800e+02, 9.8800e+02, 1.0170e+03,  ..., 1.2350e+03,
           1.2570e+03, 1.2570e+03]],

         [[5.3800e+02, 5.3800e+02, 5.3200e+02,  ..., 4.2600e+02,
           4.3000e+02, 4.3000e+02],
          [5.3800e+02, 5.3800e+02, 5.3200e+02,  ..., 4.2600e+02,
           4.3000e+02, 4.3000e+02],
          [5.4000e+02, 5.4000e+02, 5.4500e+02,  ..., 3.2700e+02,
           2.8500e+02, 2.8500e+02],
          ...,
          [4.0400e+02, 4.0400e+02, 5.0200e+02,  ..., 5.6300e+02,
           6.5000e+02, 6.5000e+02],
          [5.0900e+02, 5.0900e+02, 4.6800e+02,  ..., 5.9400e+02,
           6.3100e+02, 6.3100e+02],
          [5.0900e+02, 5.0900e+02, 4.6800e+02,  ..., 5.9400e+02,
           6.3100e+02, 6.3100e+02]]],


        [[[4.0000e+01, 2.7000e+01, 2.8000e+01,  ..., 1.6100e+02,
           1.8900e+02, 2.6100e+02],
          [4.6000e+01, 2.4000e+01, 2.5000e+01,  ..., 1.6900e+02,
           1.6100e+02, 3.7200e+02],
          [2.4000e+01, 1.4000e+01, 4.4000e+01,  ..., 1.5000e+02,
           1.8700e+02, 4.0700e+02],
          ...,
          [1.1000e+01, 1.0000e+00, 7.0000e+00,  ..., 2.0600e+02,
           1.9800e+02, 1.9400e+02],
          [8.0000e+00, 1.0000e+00, 3.0000e+01,  ..., 1.9400e+02,
           2.1900e+02, 2.0100e+02],
          [1.0000e+01, 1.0000e+00, 1.0000e+00,  ..., 2.1000e+02,
           2.1600e+02, 1.8200e+02]],

         [[5.0000e+01, 5.9000e+01, 6.2000e+01,  ..., 3.4500e+02,
           3.6800e+02, 4.9700e+02],
          [5.3000e+01, 4.6000e+01, 5.9000e+01,  ..., 3.6600e+02,
           3.5000e+02, 6.5000e+02],
          [4.2000e+01, 5.0000e+01, 3.3000e+01,  ..., 3.4500e+02,
           3.9500e+02, 6.5700e+02],
          ...,
          [1.5000e+01, 2.5000e+01, 4.9000e+01,  ..., 4.1900e+02,
           4.2400e+02, 4.3500e+02],
          [2.4000e+01, 2.3000e+01, 1.8000e+01,  ..., 4.1900e+02,
           4.4900e+02, 4.5200e+02],
          [2.6000e+01, 2.4000e+01, 2.4000e+01,  ..., 4.1900e+02,
           3.9900e+02, 4.2600e+02]],

         [[6.9000e+01, 6.5000e+01, 6.1000e+01,  ..., 2.9500e+02,
           3.0700e+02, 4.2300e+02],
          [7.0000e+01, 6.5000e+01, 5.5000e+01,  ..., 3.0100e+02,
           2.7600e+02, 6.3400e+02],
          [6.5000e+01, 5.7000e+01, 5.4000e+01,  ..., 2.8200e+02,
           3.2300e+02, 6.9100e+02],
          ...,
          [2.2000e+01, 2.1000e+01, 2.6000e+01,  ..., 3.5500e+02,
           3.2900e+02, 3.0500e+02],
          [2.2000e+01, 2.0000e+01, 2.5000e+01,  ..., 3.4000e+02,
           3.4000e+02, 3.4200e+02],
          [2.7000e+01, 2.0000e+01, 2.0000e+01,  ..., 3.7300e+02,
           3.3700e+02, 3.3200e+02]],

         ...,

         [[5.6000e+01, 5.6000e+01, 6.2000e+01,  ..., 1.8250e+03,
           2.2260e+03, 2.2260e+03],
          [5.6000e+01, 5.6000e+01, 6.2000e+01,  ..., 1.8250e+03,
           2.2260e+03, 2.2260e+03],
          [5.2000e+01, 5.2000e+01, 5.7000e+01,  ..., 1.8250e+03,
           2.0990e+03, 2.0990e+03],
          ...,
          [8.1000e+01, 8.1000e+01, 2.1000e+02,  ..., 2.0860e+03,
           2.0970e+03, 2.0970e+03],
          [5.2000e+01, 5.2000e+01, 5.0000e+01,  ..., 2.0800e+03,
           2.0940e+03, 2.0940e+03],
          [5.2000e+01, 5.2000e+01, 5.0000e+01,  ..., 2.0800e+03,
           2.0940e+03, 2.0940e+03]],

         [[7.1000e+01, 7.1000e+01, 7.3000e+01,  ..., 1.2570e+03,
           1.6200e+03, 1.6200e+03],
          [7.1000e+01, 7.1000e+01, 7.3000e+01,  ..., 1.2570e+03,
           1.6200e+03, 1.6200e+03],
          [5.7000e+01, 5.7000e+01, 6.6000e+01,  ..., 1.2650e+03,
           1.6350e+03, 1.6350e+03],
          ...,
          [5.6000e+01, 5.6000e+01, 1.6500e+02,  ..., 1.5180e+03,
           1.5100e+03, 1.5100e+03],
          [5.5000e+01, 5.5000e+01, 5.0000e+01,  ..., 1.5450e+03,
           1.5340e+03, 1.5340e+03],
          [5.5000e+01, 5.5000e+01, 5.0000e+01,  ..., 1.5450e+03,
           1.5340e+03, 1.5340e+03]],

         [[6.1000e+01, 6.1000e+01, 5.3000e+01,  ..., 6.2200e+02,
           9.2900e+02, 9.2900e+02],
          [6.1000e+01, 6.1000e+01, 5.3000e+01,  ..., 6.2200e+02,
           9.2900e+02, 9.2900e+02],
          [6.1000e+01, 6.1000e+01, 5.4000e+01,  ..., 6.1900e+02,
           1.0310e+03, 1.0310e+03],
          ...,
          [3.6000e+01, 3.6000e+01, 1.0000e+02,  ..., 7.8500e+02,
           7.7400e+02, 7.7400e+02],
          [4.2000e+01, 4.2000e+01, 3.4000e+01,  ..., 8.0200e+02,
           7.9400e+02, 7.9400e+02],
          [4.2000e+01, 4.2000e+01, 3.4000e+01,  ..., 8.0200e+02,
           7.9400e+02, 7.9400e+02]]]]), ['', '', '', '', '', '', '', '', '', '', '', '', '', '', '', ''], ['S2A_MSIL2A_20170613T101031_N9999_R022_T34VER_71_82', 'S2B_MSIL2A_20170709T094029_N9999_R036_T35VNL_83_82', 'S2A_MSIL2A_20170613T101031_N9999_R022_T34VER_81_85', 'S2A_MSIL2A_20170701T093031_N9999_R136_T35VPK_47_88', 'S2B_MSIL2A_20170817T101019_N9999_R022_T34WFS_83_76', 'S2A_MSIL2A_20170701T093031_N9999_R136_T35VPK_00_79', 'S2B_MSIL2A_20170709T094029_N9999_R036_T35VNL_14_02', 'S2B_MSIL2A_20170709T094029_N9999_R036_T35VNL_80_90', 'S2A_MSIL2A_20170701T093031_N9999_R136_T35VPK_05_14', 'S2B_MSIL2A_20170709T094029_N9999_R036_T35VNL_09_48', 'S2A_MSIL2A_20170701T093031_N9999_R136_T35VPK_13_84', 'S2B_MSIL2A_20170709T094029_N9999_R036_T35VNL_86_86', 'S2A_MSIL2A_20170613T101031_N9999_R022_T34VER_64_88', 'S2B_MSIL2A_20170709T094029_N9999_R036_T35VNL_10_05', 'S2B_MSIL2A_20170716T093039_N9999_R136_T36VVR_07_81', 'S2A_MSIL2A_20170701T093031_N9999_R136_T35VPK_85_13'], tensor([[0., 1., 0., 0., 0., 0., 1., 0., 0., 0., 1., 0., 1., 0., 0., 0., 0., 0.,
         0.],
        [0., 0., 0., 1., 0., 0., 1., 0., 1., 0., 0., 0., 1., 0., 0., 0., 0., 0.,
         0.],
        [0., 1., 0., 0., 0., 0., 0., 0., 0., 0., 1., 0., 1., 0., 0., 0., 0., 0.,
         0.],
        [0., 0., 0., 1., 0., 0., 1., 0., 1., 0., 1., 0., 1., 0., 0., 0., 0., 0.,
         0.],
        [0., 1., 0., 0., 0., 0., 1., 0., 0., 0., 1., 0., 1., 0., 0., 0., 0., 1.,
         0.],
        [0., 0., 0., 0., 0., 0., 1., 0., 1., 0., 0., 0., 1., 0., 0., 0., 0., 0.,
         0.],
        [0., 0., 0., 0., 0., 0., 1., 0., 0., 1., 0., 0., 0., 0., 0., 0., 0., 1.,
         0.],
        [0., 0., 0., 0., 0., 0., 1., 0., 0., 0., 0., 0., 1., 0., 0., 0., 0., 1.,
         0.],
        [0., 0., 0., 0., 0., 0., 1., 0., 0., 1., 0., 0., 0., 0., 0., 0., 0., 0.,
         0.],
        [0., 1., 0., 0., 0., 0., 0., 0., 1., 0., 0., 0., 1., 0., 0., 0., 0., 0.,
         0.],
        [0., 0., 0., 0., 0., 0., 1., 0., 0., 0., 0., 0., 1., 0., 0., 0., 0., 0.,
         0.],
        [0., 0., 0., 1., 0., 0., 1., 0., 1., 0., 1., 0., 1., 0., 0., 0., 0., 0.,
         0.],
        [0., 1., 0., 0., 0., 0., 1., 0., 0., 0., 1., 0., 1., 0., 0., 0., 0., 1.,
         0.],
        [0., 0., 0., 0., 0., 0., 1., 0., 0., 1., 0., 0., 1., 0., 0., 0., 0., 1.,
         0.],
        [0., 0., 0., 0., 0., 0., 1., 0., 0., 0., 0., 0., 0., 0., 0., 0., 0., 0.,
         0.],
        [0., 0., 0., 0., 0., 0., 1., 0., 1., 0., 0., 0., 0., 0., 0., 0., 0., 0.,
         0.]], dtype=torch.float64)]
