Lines that potentially need to be canonized 309
Using device: cuda:0
Initialized conv1.weight with Xavier uniform.
Initialized encoder.1.bias with zeros.
Initialized encoder.4.0.conv1.weight with Xavier uniform.
Initialized encoder.4.0.bn1.bias with zeros.
Initialized encoder.4.0.conv2.weight with Xavier uniform.
Initialized encoder.4.0.bn2.bias with zeros.
Initialized encoder.4.0.conv3.weight with Xavier uniform.
Initialized encoder.4.0.bn3.bias with zeros.
Initialized encoder.4.0.downsample.0.weight with Xavier uniform.
Initialized encoder.4.0.downsample.1.bias with zeros.
Initialized encoder.4.1.conv1.weight with Xavier uniform.
Initialized encoder.4.1.bn1.bias with zeros.
Initialized encoder.4.1.conv2.weight with Xavier uniform.
Initialized encoder.4.1.bn2.bias with zeros.
Initialized encoder.4.1.conv3.weight with Xavier uniform.
Initialized encoder.4.1.bn3.bias with zeros.
Initialized encoder.4.2.conv1.weight with Xavier uniform.
Initialized encoder.4.2.bn1.bias with zeros.
Initialized encoder.4.2.conv2.weight with Xavier uniform.
Initialized encoder.4.2.bn2.bias with zeros.
Initialized encoder.4.2.conv3.weight with Xavier uniform.
Initialized encoder.4.2.bn3.bias with zeros.
Initialized encoder.5.0.conv1.weight with Xavier uniform.
Initialized encoder.5.0.bn1.bias with zeros.
Initialized encoder.5.0.conv2.weight with Xavier uniform.
Initialized encoder.5.0.bn2.bias with zeros.
Initialized encoder.5.0.conv3.weight with Xavier uniform.
Initialized encoder.5.0.bn3.bias with zeros.
Initialized encoder.5.0.downsample.0.weight with Xavier uniform.
Initialized encoder.5.0.downsample.1.bias with zeros.
Initialized encoder.5.1.conv1.weight with Xavier uniform.
Initialized encoder.5.1.bn1.bias with zeros.
Initialized encoder.5.1.conv2.weight with Xavier uniform.
Initialized encoder.5.1.bn2.bias with zeros.
Initialized encoder.5.1.conv3.weight with Xavier uniform.
Initialized encoder.5.1.bn3.bias with zeros.
Initialized encoder.5.2.conv1.weight with Xavier uniform.
Initialized encoder.5.2.bn1.bias with zeros.
Initialized encoder.5.2.conv2.weight with Xavier uniform.
Initialized encoder.5.2.bn2.bias with zeros.
Initialized encoder.5.2.conv3.weight with Xavier uniform.
Initialized encoder.5.2.bn3.bias with zeros.
Initialized encoder.5.3.conv1.weight with Xavier uniform.
Initialized encoder.5.3.bn1.bias with zeros.
Initialized encoder.5.3.conv2.weight with Xavier uniform.
Initialized encoder.5.3.bn2.bias with zeros.
Initialized encoder.5.3.conv3.weight with Xavier uniform.
Initialized encoder.5.3.bn3.bias with zeros.
Initialized encoder.6.0.conv1.weight with Xavier uniform.
Initialized encoder.6.0.bn1.bias with zeros.
Initialized encoder.6.0.conv2.weight with Xavier uniform.
Initialized encoder.6.0.bn2.bias with zeros.
Initialized encoder.6.0.conv3.weight with Xavier uniform.
Initialized encoder.6.0.bn3.bias with zeros.
Initialized encoder.6.0.downsample.0.weight with Xavier uniform.
Initialized encoder.6.0.downsample.1.bias with zeros.
Initialized encoder.6.1.conv1.weight with Xavier uniform.
Initialized encoder.6.1.bn1.bias with zeros.
Initialized encoder.6.1.conv2.weight with Xavier uniform.
Initialized encoder.6.1.bn2.bias with zeros.
Initialized encoder.6.1.conv3.weight with Xavier uniform.
Initialized encoder.6.1.bn3.bias with zeros.
Initialized encoder.6.2.conv1.weight with Xavier uniform.
Initialized encoder.6.2.bn1.bias with zeros.
Initialized encoder.6.2.conv2.weight with Xavier uniform.
Initialized encoder.6.2.bn2.bias with zeros.
Initialized encoder.6.2.conv3.weight with Xavier uniform.
Initialized encoder.6.2.bn3.bias with zeros.
Initialized encoder.6.3.conv1.weight with Xavier uniform.
Initialized encoder.6.3.bn1.bias with zeros.
Initialized encoder.6.3.conv2.weight with Xavier uniform.
Initialized encoder.6.3.bn2.bias with zeros.
Initialized encoder.6.3.conv3.weight with Xavier uniform.
Initialized encoder.6.3.bn3.bias with zeros.
Initialized encoder.6.4.conv1.weight with Xavier uniform.
Initialized encoder.6.4.bn1.bias with zeros.
Initialized encoder.6.4.conv2.weight with Xavier uniform.
Initialized encoder.6.4.bn2.bias with zeros.
Initialized encoder.6.4.conv3.weight with Xavier uniform.
Initialized encoder.6.4.bn3.bias with zeros.
Initialized encoder.6.5.conv1.weight with Xavier uniform.
Initialized encoder.6.5.bn1.bias with zeros.
Initialized encoder.6.5.conv2.weight with Xavier uniform.
Initialized encoder.6.5.bn2.bias with zeros.
Initialized encoder.6.5.conv3.weight with Xavier uniform.
Initialized encoder.6.5.bn3.bias with zeros.
Initialized encoder.7.0.conv1.weight with Xavier uniform.
Initialized encoder.7.0.bn1.bias with zeros.
Initialized encoder.7.0.conv2.weight with Xavier uniform.
Initialized encoder.7.0.bn2.bias with zeros.
Initialized encoder.7.0.conv3.weight with Xavier uniform.
Initialized encoder.7.0.bn3.bias with zeros.
Initialized encoder.7.0.downsample.0.weight with Xavier uniform.
Initialized encoder.7.0.downsample.1.bias with zeros.
Initialized encoder.7.1.conv1.weight with Xavier uniform.
Initialized encoder.7.1.bn1.bias with zeros.
Initialized encoder.7.1.conv2.weight with Xavier uniform.
Initialized encoder.7.1.bn2.bias with zeros.
Initialized encoder.7.1.conv3.weight with Xavier uniform.
Initialized encoder.7.1.bn3.bias with zeros.
Initialized encoder.7.2.conv1.weight with Xavier uniform.
Initialized encoder.7.2.bn1.bias with zeros.
Initialized encoder.7.2.conv2.weight with Xavier uniform.
Initialized encoder.7.2.bn2.bias with zeros.
Initialized encoder.7.2.conv3.weight with Xavier uniform.
Initialized encoder.7.2.bn3.bias with zeros.
Initialized FC.weight with Xavier uniform.
Initialized FC.bias with zeros.
Layer: conv1.weight | Weight max: 0.04067683219909668, min: -0.04067699983716011, mean: -1.4715675206389278e-05
Layer: encoder.1.weight | Weight max: 1.0, min: 1.0, mean: 1.0
Layer: encoder.4.0.conv1.weight | Weight max: 0.2165052592754364, min: -0.2163141816854477, mean: -0.0009784497087821364
Layer: encoder.4.0.bn1.weight | Weight max: 1.0, min: 1.0, mean: 1.0
Layer: encoder.4.0.conv2.weight | Weight max: 0.07216823101043701, min: -0.07216598838567734, mean: -0.0002901179832406342
Layer: encoder.4.0.bn2.weight | Weight max: 1.0, min: 1.0, mean: 1.0
Layer: encoder.4.0.conv3.weight | Weight max: 0.13692283630371094, min: -0.13692490756511688, mean: 0.00024100494920276105
Layer: encoder.4.0.bn3.weight | Weight max: 1.0, min: 1.0, mean: 1.0
Layer: encoder.4.0.downsample.0.weight | Weight max: 0.13692444562911987, min: -0.13690541684627533, mean: -0.0002342006773687899
Layer: encoder.4.0.downsample.1.weight | Weight max: 1.0, min: 1.0, mean: 1.0
Layer: encoder.4.1.conv1.weight | Weight max: 0.1369158923625946, min: -0.1369255632162094, mean: 0.0004906419781036675
Layer: encoder.4.1.bn1.weight | Weight max: 1.0, min: 1.0, mean: 1.0
Layer: encoder.4.1.conv2.weight | Weight max: 0.07216805219650269, min: -0.07216554135084152, mean: -0.0004267971380613744
Layer: encoder.4.1.bn2.weight | Weight max: 1.0, min: 1.0, mean: 1.0
Layer: encoder.4.1.conv3.weight | Weight max: 0.13692981004714966, min: -0.13692320883274078, mean: 0.0010723569430410862
Layer: encoder.4.1.bn3.weight | Weight max: 1.0, min: 1.0, mean: 1.0
Layer: encoder.4.2.conv1.weight | Weight max: 0.13691337406635284, min: -0.1368715912103653, mean: 0.00044468033593147993
Layer: encoder.4.2.bn1.weight | Weight max: 1.0, min: 1.0, mean: 1.0
Layer: encoder.4.2.conv2.weight | Weight max: 0.0721682757139206, min: -0.0721641257405281, mean: 1.1696208275679965e-05
Layer: encoder.4.2.bn2.weight | Weight max: 1.0, min: 1.0, mean: 1.0
Layer: encoder.4.2.conv3.weight | Weight max: 0.13692450523376465, min: -0.1369021087884903, mean: 0.0008259033784270287
Layer: encoder.4.2.bn3.weight | Weight max: 1.0, min: 1.0, mean: 1.0
Layer: encoder.5.0.conv1.weight | Weight max: 0.12499520182609558, min: -0.12497115135192871, mean: -0.0005919371615163982
Layer: encoder.5.0.bn1.weight | Weight max: 1.0, min: 1.0, mean: 1.0
Layer: encoder.5.0.conv2.weight | Weight max: 0.05103046074509621, min: -0.05102858692407608, mean: 4.777382855536416e-05
Layer: encoder.5.0.bn2.weight | Weight max: 1.0, min: 1.0, mean: 1.0
Layer: encoder.5.0.conv3.weight | Weight max: 0.09681706130504608, min: -0.0968245267868042, mean: 5.279555625747889e-05
Layer: encoder.5.0.bn3.weight | Weight max: 1.0, min: 1.0, mean: 1.0
Layer: encoder.5.0.downsample.0.weight | Weight max: 0.08838808536529541, min: -0.08838766068220139, mean: -0.00030858704121783376
Layer: encoder.5.0.downsample.1.weight | Weight max: 1.0, min: 1.0, mean: 1.0
Layer: encoder.5.1.conv1.weight | Weight max: 0.09682431071996689, min: -0.09681611508131027, mean: 6.238800415303558e-05
Layer: encoder.5.1.bn1.weight | Weight max: 1.0, min: 1.0, mean: 1.0
Layer: encoder.5.1.conv2.weight | Weight max: 0.0510309599339962, min: -0.05103100836277008, mean: 6.312999903457239e-05
Layer: encoder.5.1.bn2.weight | Weight max: 1.0, min: 1.0, mean: 1.0
Layer: encoder.5.1.conv3.weight | Weight max: 0.09682431817054749, min: -0.0968235433101654, mean: 4.865162190981209e-05
Layer: encoder.5.1.bn3.weight | Weight max: 1.0, min: 1.0, mean: 1.0
Layer: encoder.5.2.conv1.weight | Weight max: 0.09682271629571915, min: -0.09682323783636093, mean: -0.0001161879554274492
Layer: encoder.5.2.bn1.weight | Weight max: 1.0, min: 1.0, mean: 1.0
Layer: encoder.5.2.conv2.weight | Weight max: 0.051030732691287994, min: -0.051030516624450684, mean: -5.684007192030549e-05
Layer: encoder.5.2.bn2.weight | Weight max: 1.0, min: 1.0, mean: 1.0
Layer: encoder.5.2.conv3.weight | Weight max: 0.0968240350484848, min: -0.09682436287403107, mean: 0.00019735214300453663
Layer: encoder.5.2.bn3.weight | Weight max: 1.0, min: 1.0, mean: 1.0
Layer: encoder.5.3.conv1.weight | Weight max: 0.09682398289442062, min: -0.09682337939739227, mean: -0.00040937497396953404
Layer: encoder.5.3.bn1.weight | Weight max: 1.0, min: 1.0, mean: 1.0
Layer: encoder.5.3.conv2.weight | Weight max: 0.05103089287877083, min: -0.051030248403549194, mean: 8.695301403349731e-06
Layer: encoder.5.3.bn2.weight | Weight max: 1.0, min: 1.0, mean: 1.0
Layer: encoder.5.3.conv3.weight | Weight max: 0.0968216210603714, min: -0.09682311117649078, mean: -0.0003418959095142782
Layer: encoder.5.3.bn3.weight | Weight max: 1.0, min: 1.0, mean: 1.0
Layer: encoder.6.0.conv1.weight | Weight max: 0.08838740736246109, min: -0.08838818967342377, mean: -0.00013920082710683346
Layer: encoder.6.0.bn1.weight | Weight max: 1.0, min: 1.0, mean: 1.0
Layer: encoder.6.0.conv2.weight | Weight max: 0.03608378395438194, min: -0.03608418256044388, mean: 3.4151940781157464e-05
Layer: encoder.6.0.bn2.weight | Weight max: 1.0, min: 1.0, mean: 1.0
Layer: encoder.6.0.conv3.weight | Weight max: 0.06846518814563751, min: -0.06846529990434647, mean: 0.0001374650455545634
Layer: encoder.6.0.bn3.weight | Weight max: 1.0, min: 1.0, mean: 1.0
Layer: encoder.6.0.downsample.0.weight | Weight max: 0.062499865889549255, min: -0.062499355524778366, mean: 3.19548234983813e-06
Layer: encoder.6.0.downsample.1.weight | Weight max: 1.0, min: 1.0, mean: 1.0
Layer: encoder.6.1.conv1.weight | Weight max: 0.06846440583467484, min: -0.06846442073583603, mean: -2.8185808332636952e-05
Layer: encoder.6.1.bn1.weight | Weight max: 1.0, min: 1.0, mean: 1.0
Layer: encoder.6.1.conv2.weight | Weight max: 0.036084212362766266, min: -0.03608420491218567, mean: 1.9845219867420383e-05
Layer: encoder.6.1.bn2.weight | Weight max: 1.0, min: 1.0, mean: 1.0
Layer: encoder.6.1.conv3.weight | Weight max: 0.06846505403518677, min: -0.06846459954977036, mean: 8.413575415033847e-05
Layer: encoder.6.1.bn3.weight | Weight max: 1.0, min: 1.0, mean: 1.0
Layer: encoder.6.2.conv1.weight | Weight max: 0.0684649795293808, min: -0.06846527010202408, mean: 2.3955699361977167e-05
Layer: encoder.6.2.bn1.weight | Weight max: 1.0, min: 1.0, mean: 1.0
Layer: encoder.6.2.conv2.weight | Weight max: 0.036084387451410294, min: -0.03608429431915283, mean: -2.7973113901680335e-05
Layer: encoder.6.2.bn2.weight | Weight max: 1.0, min: 1.0, mean: 1.0
Layer: encoder.6.2.conv3.weight | Weight max: 0.06846528500318527, min: -0.0684652179479599, mean: -7.773774996167049e-06
Layer: encoder.6.2.bn3.weight | Weight max: 1.0, min: 1.0, mean: 1.0
Layer: encoder.6.3.conv1.weight | Weight max: 0.06846489757299423, min: -0.06846481561660767, mean: -0.00010176492651225999
Layer: encoder.6.3.bn1.weight | Weight max: 1.0, min: 1.0, mean: 1.0
Layer: encoder.6.3.conv2.weight | Weight max: 0.03608434647321701, min: -0.036084357649087906, mean: -1.1225119123992044e-05
Layer: encoder.6.3.bn2.weight | Weight max: 1.0, min: 1.0, mean: 1.0
Layer: encoder.6.3.conv3.weight | Weight max: 0.0684649869799614, min: -0.0684632882475853, mean: -9.582824714016169e-05
Layer: encoder.6.3.bn3.weight | Weight max: 1.0, min: 1.0, mean: 1.0
Layer: encoder.6.4.conv1.weight | Weight max: 0.06846468895673752, min: -0.06846518069505692, mean: -4.1492927266517654e-05
Layer: encoder.6.4.bn1.weight | Weight max: 1.0, min: 1.0, mean: 1.0
Layer: encoder.6.4.conv2.weight | Weight max: 0.03608410805463791, min: -0.036084357649087906, mean: -7.4161134762107395e-06
Layer: encoder.6.4.bn2.weight | Weight max: 1.0, min: 1.0, mean: 1.0
Layer: encoder.6.4.conv3.weight | Weight max: 0.06846517324447632, min: -0.06846338510513306, mean: -6.661024235654622e-05
Layer: encoder.6.4.bn3.weight | Weight max: 1.0, min: 1.0, mean: 1.0
Layer: encoder.6.5.conv1.weight | Weight max: 0.06846477091312408, min: -0.06846494972705841, mean: -7.092101441230625e-05
Layer: encoder.6.5.bn1.weight | Weight max: 1.0, min: 1.0, mean: 1.0
Layer: encoder.6.5.conv2.weight | Weight max: 0.03608408570289612, min: -0.0360843688249588, mean: -1.941141363204224e-06
Layer: encoder.6.5.bn2.weight | Weight max: 1.0, min: 1.0, mean: 1.0
Layer: encoder.6.5.conv3.weight | Weight max: 0.06846504658460617, min: -0.06846518814563751, mean: -6.56957708997652e-05
Layer: encoder.6.5.bn3.weight | Weight max: 1.0, min: 1.0, mean: 1.0
Layer: encoder.7.0.conv1.weight | Weight max: 0.0624999925494194, min: -0.06249988451600075, mean: -6.059417501091957e-08
Layer: encoder.7.0.bn1.weight | Weight max: 1.0, min: 1.0, mean: 1.0
Layer: encoder.7.0.conv2.weight | Weight max: 0.025515498593449593, min: -0.025515496730804443, mean: -2.9843783977412386e-06
Layer: encoder.7.0.bn2.weight | Weight max: 1.0, min: 1.0, mean: 1.0
Layer: encoder.7.0.conv3.weight | Weight max: 0.048412177711725235, min: -0.048412203788757324, mean: -7.647684469702654e-06
Layer: encoder.7.0.bn3.weight | Weight max: 1.0, min: 1.0, mean: 1.0
Layer: encoder.7.0.downsample.0.weight | Weight max: 0.04419416934251785, min: -0.04419412836432457, mean: 3.161572749377228e-05
Layer: encoder.7.0.downsample.1.weight | Weight max: 1.0, min: 1.0, mean: 1.0
Layer: encoder.7.1.conv1.weight | Weight max: 0.04841217026114464, min: -0.04841221496462822, mean: -1.618529495317489e-05
Layer: encoder.7.1.bn1.weight | Weight max: 1.0, min: 1.0, mean: 1.0
Layer: encoder.7.1.conv2.weight | Weight max: 0.025515515357255936, min: -0.025515511631965637, mean: 8.658903425384779e-06
Layer: encoder.7.1.bn2.weight | Weight max: 1.0, min: 1.0, mean: 1.0
Layer: encoder.7.1.conv3.weight | Weight max: 0.048412274569272995, min: -0.04841220751404762, mean: -2.4932332962634973e-05
Layer: encoder.7.1.bn3.weight | Weight max: 1.0, min: 1.0, mean: 1.0
Layer: encoder.7.2.conv1.weight | Weight max: 0.04841209203004837, min: -0.048412226140499115, mean: 2.4327799110324122e-05
Layer: encoder.7.2.bn1.weight | Weight max: 1.0, min: 1.0, mean: 1.0
Layer: encoder.7.2.conv2.weight | Weight max: 0.025515466928482056, min: -0.025515498593449593, mean: -1.2097936632926576e-05
Layer: encoder.7.2.bn2.weight | Weight max: 1.0, min: 1.0, mean: 1.0
Layer: encoder.7.2.conv3.weight | Weight max: 0.04841222986578941, min: -0.04841220751404762, mean: 1.479152160754893e-06
Layer: encoder.7.2.bn3.weight | Weight max: 1.0, min: 1.0, mean: 1.0
Layer: FC.weight | Weight max: 0.053876642137765884, min: -0.05387716740369797, mean: 3.526973887346685e-05
Pre-filtered 30767 patches based on country and season (split ignored)
Loading BEN data for train...
    237871 patches indexed
    14805 filtered patches indexed
    14805 patches indexed considering max_len
Merged metadata with snow/cloud metadata
Loaded 549488 labels
Loaded 549488 keys
Loaded mapping created
Pre-filtered 30767 patches based on country and season (split ignored)
Loading BEN data for test...
    119825 patches indexed
    8209 filtered patches indexed
    8209 patches indexed considering max_len
Merged metadata with snow/cloud metadata
Loaded 549488 labels
Loaded 549488 keys
Loaded mapping created
Initialized conv1.weight with Xavier uniform.
Initialized encoder.1.bias with zeros.
Initialized encoder.4.0.conv1.weight with Xavier uniform.
Initialized encoder.4.0.bn1.bias with zeros.
Initialized encoder.4.0.conv2.weight with Xavier uniform.
Initialized encoder.4.0.bn2.bias with zeros.
Initialized encoder.4.0.conv3.weight with Xavier uniform.
Initialized encoder.4.0.bn3.bias with zeros.
Initialized encoder.4.0.downsample.0.weight with Xavier uniform.
Initialized encoder.4.0.downsample.1.bias with zeros.
Initialized encoder.4.1.conv1.weight with Xavier uniform.
Initialized encoder.4.1.bn1.bias with zeros.
Initialized encoder.4.1.conv2.weight with Xavier uniform.
Initialized encoder.4.1.bn2.bias with zeros.
Initialized encoder.4.1.conv3.weight with Xavier uniform.
Initialized encoder.4.1.bn3.bias with zeros.
Initialized encoder.4.2.conv1.weight with Xavier uniform.
Initialized encoder.4.2.bn1.bias with zeros.
Initialized encoder.4.2.conv2.weight with Xavier uniform.
Initialized encoder.4.2.bn2.bias with zeros.
Initialized encoder.4.2.conv3.weight with Xavier uniform.
Initialized encoder.4.2.bn3.bias with zeros.
Initialized encoder.5.0.conv1.weight with Xavier uniform.
Initialized encoder.5.0.bn1.bias with zeros.
Initialized encoder.5.0.conv2.weight with Xavier uniform.
Initialized encoder.5.0.bn2.bias with zeros.
Initialized encoder.5.0.conv3.weight with Xavier uniform.
Initialized encoder.5.0.bn3.bias with zeros.
Initialized encoder.5.0.downsample.0.weight with Xavier uniform.
Initialized encoder.5.0.downsample.1.bias with zeros.
Initialized encoder.5.1.conv1.weight with Xavier uniform.
Initialized encoder.5.1.bn1.bias with zeros.
Initialized encoder.5.1.conv2.weight with Xavier uniform.
Initialized encoder.5.1.bn2.bias with zeros.
Initialized encoder.5.1.conv3.weight with Xavier uniform.
Initialized encoder.5.1.bn3.bias with zeros.
Initialized encoder.5.2.conv1.weight with Xavier uniform.
Initialized encoder.5.2.bn1.bias with zeros.
Initialized encoder.5.2.conv2.weight with Xavier uniform.
Initialized encoder.5.2.bn2.bias with zeros.
Initialized encoder.5.2.conv3.weight with Xavier uniform.
Initialized encoder.5.2.bn3.bias with zeros.
Initialized encoder.5.3.conv1.weight with Xavier uniform.
Initialized encoder.5.3.bn1.bias with zeros.
Initialized encoder.5.3.conv2.weight with Xavier uniform.
Initialized encoder.5.3.bn2.bias with zeros.
Initialized encoder.5.3.conv3.weight with Xavier uniform.
Initialized encoder.5.3.bn3.bias with zeros.
Initialized encoder.6.0.conv1.weight with Xavier uniform.
Initialized encoder.6.0.bn1.bias with zeros.
Initialized encoder.6.0.conv2.weight with Xavier uniform.
Initialized encoder.6.0.bn2.bias with zeros.
Initialized encoder.6.0.conv3.weight with Xavier uniform.
Initialized encoder.6.0.bn3.bias with zeros.
Initialized encoder.6.0.downsample.0.weight with Xavier uniform.
Initialized encoder.6.0.downsample.1.bias with zeros.
Initialized encoder.6.1.conv1.weight with Xavier uniform.
Initialized encoder.6.1.bn1.bias with zeros.
Initialized encoder.6.1.conv2.weight with Xavier uniform.
Initialized encoder.6.1.bn2.bias with zeros.
Initialized encoder.6.1.conv3.weight with Xavier uniform.
Initialized encoder.6.1.bn3.bias with zeros.
Initialized encoder.6.2.conv1.weight with Xavier uniform.
Initialized encoder.6.2.bn1.bias with zeros.
Initialized encoder.6.2.conv2.weight with Xavier uniform.
Initialized encoder.6.2.bn2.bias with zeros.
Initialized encoder.6.2.conv3.weight with Xavier uniform.
Initialized encoder.6.2.bn3.bias with zeros.
Initialized encoder.6.3.conv1.weight with Xavier uniform.
Initialized encoder.6.3.bn1.bias with zeros.
Initialized encoder.6.3.conv2.weight with Xavier uniform.
Initialized encoder.6.3.bn2.bias with zeros.
Initialized encoder.6.3.conv3.weight with Xavier uniform.
Initialized encoder.6.3.bn3.bias with zeros.
Initialized encoder.6.4.conv1.weight with Xavier uniform.
Initialized encoder.6.4.bn1.bias with zeros.
Initialized encoder.6.4.conv2.weight with Xavier uniform.
Initialized encoder.6.4.bn2.bias with zeros.
Initialized encoder.6.4.conv3.weight with Xavier uniform.
Initialized encoder.6.4.bn3.bias with zeros.
Initialized encoder.6.5.conv1.weight with Xavier uniform.
Initialized encoder.6.5.bn1.bias with zeros.
Initialized encoder.6.5.conv2.weight with Xavier uniform.
Initialized encoder.6.5.bn2.bias with zeros.
Initialized encoder.6.5.conv3.weight with Xavier uniform.
Initialized encoder.6.5.bn3.bias with zeros.
Initialized encoder.7.0.conv1.weight with Xavier uniform.
Initialized encoder.7.0.bn1.bias with zeros.
Initialized encoder.7.0.conv2.weight with Xavier uniform.
Initialized encoder.7.0.bn2.bias with zeros.
Initialized encoder.7.0.conv3.weight with Xavier uniform.
Initialized encoder.7.0.bn3.bias with zeros.
Initialized encoder.7.0.downsample.0.weight with Xavier uniform.
Initialized encoder.7.0.downsample.1.bias with zeros.
Initialized encoder.7.1.conv1.weight with Xavier uniform.
Initialized encoder.7.1.bn1.bias with zeros.
Initialized encoder.7.1.conv2.weight with Xavier uniform.
Initialized encoder.7.1.bn2.bias with zeros.
Initialized encoder.7.1.conv3.weight with Xavier uniform.
Initialized encoder.7.1.bn3.bias with zeros.
Initialized encoder.7.2.conv1.weight with Xavier uniform.
Initialized encoder.7.2.bn1.bias with zeros.
Initialized encoder.7.2.conv2.weight with Xavier uniform.
Initialized encoder.7.2.bn2.bias with zeros.
Initialized encoder.7.2.conv3.weight with Xavier uniform.
Initialized encoder.7.2.bn3.bias with zeros.
Initialized FC.weight with Xavier uniform.
Initialized FC.bias with zeros.
Layer: conv1.weight | Weight max: 0.04067319631576538, min: -0.04067682847380638, mean: -0.00018840077973436564
Layer: encoder.1.weight | Weight max: 1.0, min: 1.0, mean: 1.0
Layer: encoder.4.0.conv1.weight | Weight max: 0.21649961173534393, min: -0.2163441777229309, mean: -0.0030772993341088295
Layer: encoder.4.0.bn1.weight | Weight max: 1.0, min: 1.0, mean: 1.0
Layer: encoder.4.0.conv2.weight | Weight max: 0.07216848433017731, min: -0.07216843217611313, mean: -0.00011933968926314265
Layer: encoder.4.0.bn2.weight | Weight max: 1.0, min: 1.0, mean: 1.0
Layer: encoder.4.0.conv3.weight | Weight max: 0.13691532611846924, min: -0.1368919014930725, mean: 0.00018590438412502408
Layer: encoder.4.0.bn3.weight | Weight max: 1.0, min: 1.0, mean: 1.0
Layer: encoder.4.0.downsample.0.weight | Weight max: 0.1369057446718216, min: -0.13692203164100647, mean: 0.000859696592669934
Layer: encoder.4.0.downsample.1.weight | Weight max: 1.0, min: 1.0, mean: 1.0
Layer: encoder.4.1.conv1.weight | Weight max: 0.13692139089107513, min: -0.1369146853685379, mean: 0.000440808740677312
Layer: encoder.4.1.bn1.weight | Weight max: 1.0, min: 1.0, mean: 1.0
Layer: encoder.4.1.conv2.weight | Weight max: 0.07216615229845047, min: -0.07216550409793854, mean: -0.0001485145912738517
Layer: encoder.4.1.bn2.weight | Weight max: 1.0, min: 1.0, mean: 1.0
Layer: encoder.4.1.conv3.weight | Weight max: 0.136905699968338, min: -0.1369302123785019, mean: -0.0008694511489011347
Layer: encoder.4.1.bn3.weight | Weight max: 1.0, min: 1.0, mean: 1.0
Layer: encoder.4.2.conv1.weight | Weight max: 0.13692057132720947, min: -0.13692161440849304, mean: -0.0001029263949021697
Layer: encoder.4.2.bn1.weight | Weight max: 1.0, min: 1.0, mean: 1.0
Layer: encoder.4.2.conv2.weight | Weight max: 0.07216773182153702, min: -0.0721656009554863, mean: 0.00045981016592122614
Layer: encoder.4.2.bn2.weight | Weight max: 1.0, min: 1.0, mean: 1.0
Layer: encoder.4.2.conv3.weight | Weight max: 0.13691827654838562, min: -0.13685262203216553, mean: 0.0007374307606369257
Layer: encoder.4.2.bn3.weight | Weight max: 1.0, min: 1.0, mean: 1.0
Layer: encoder.5.0.conv1.weight | Weight max: 0.124992236495018, min: -0.12499278783798218, mean: 0.00012276328925509006
Layer: encoder.5.0.bn1.weight | Weight max: 1.0, min: 1.0, mean: 1.0
Layer: encoder.5.0.conv2.weight | Weight max: 0.051030680537223816, min: -0.05103088170289993, mean: -5.701974805560894e-05
Layer: encoder.5.0.bn2.weight | Weight max: 1.0, min: 1.0, mean: 1.0
Layer: encoder.5.0.conv3.weight | Weight max: 0.09682179242372513, min: -0.09681687504053116, mean: -0.0003967121592722833
Layer: encoder.5.0.bn3.weight | Weight max: 1.0, min: 1.0, mean: 1.0
Layer: encoder.5.0.downsample.0.weight | Weight max: 0.08838798850774765, min: -0.0883878767490387, mean: -0.0001090127116185613
Layer: encoder.5.0.downsample.1.weight | Weight max: 1.0, min: 1.0, mean: 1.0
Layer: encoder.5.1.conv1.weight | Weight max: 0.09682168066501617, min: -0.096824511885643, mean: -0.00011530601477716118
Layer: encoder.5.1.bn1.weight | Weight max: 1.0, min: 1.0, mean: 1.0
Layer: encoder.5.1.conv2.weight | Weight max: 0.051030874252319336, min: -0.05102761462330818, mean: 5.505592343979515e-05
Layer: encoder.5.1.bn2.weight | Weight max: 1.0, min: 1.0, mean: 1.0
Layer: encoder.5.1.conv3.weight | Weight max: 0.09681256115436554, min: -0.09682436287403107, mean: 0.00011952878412557766
Layer: encoder.5.1.bn3.weight | Weight max: 1.0, min: 1.0, mean: 1.0
Layer: encoder.5.2.conv1.weight | Weight max: 0.09682276099920273, min: -0.09681624919176102, mean: -0.00019235802756156772
Layer: encoder.5.2.bn1.weight | Weight max: 1.0, min: 1.0, mean: 1.0
Layer: encoder.5.2.conv2.weight | Weight max: 0.05103089660406113, min: -0.05103043466806412, mean: -0.0001149717063526623
Layer: encoder.5.2.bn2.weight | Weight max: 1.0, min: 1.0, mean: 1.0
Layer: encoder.5.2.conv3.weight | Weight max: 0.09682254493236542, min: -0.09682025015354156, mean: 0.00019251287449151278
Layer: encoder.5.2.bn3.weight | Weight max: 1.0, min: 1.0, mean: 1.0
Layer: encoder.5.3.conv1.weight | Weight max: 0.09682416915893555, min: -0.09681718796491623, mean: 0.00017011348973028362
Layer: encoder.5.3.bn1.weight | Weight max: 1.0, min: 1.0, mean: 1.0
Layer: encoder.5.3.conv2.weight | Weight max: 0.05103037506341934, min: -0.051031023263931274, mean: -6.667981506325305e-05
Layer: encoder.5.3.bn2.weight | Weight max: 1.0, min: 1.0, mean: 1.0
Layer: encoder.5.3.conv3.weight | Weight max: 0.0968228355050087, min: -0.09682098776102066, mean: -0.00029671163065358996
Layer: encoder.5.3.bn3.weight | Weight max: 1.0, min: 1.0, mean: 1.0
Layer: encoder.6.0.conv1.weight | Weight max: 0.08838758617639542, min: -0.08838076144456863, mean: 0.00012714043259620667
Layer: encoder.6.0.bn1.weight | Weight max: 1.0, min: 1.0, mean: 1.0
Layer: encoder.6.0.conv2.weight | Weight max: 0.036084212362766266, min: -0.03608420491218567, mean: -1.6834415873745456e-05
Layer: encoder.6.0.bn2.weight | Weight max: 1.0, min: 1.0, mean: 1.0
Layer: encoder.6.0.conv3.weight | Weight max: 0.06846506148576736, min: -0.0684644877910614, mean: -9.68151434790343e-05
Layer: encoder.6.0.bn3.weight | Weight max: 1.0, min: 1.0, mean: 1.0
Layer: encoder.6.0.downsample.0.weight | Weight max: 0.06249973922967911, min: -0.062499597668647766, mean: 6.314925849437714e-05
Layer: encoder.6.0.downsample.1.weight | Weight max: 1.0, min: 1.0, mean: 1.0
Layer: encoder.6.1.conv1.weight | Weight max: 0.06846488267183304, min: -0.06846519559621811, mean: 4.425637234817259e-05
Layer: encoder.6.1.bn1.weight | Weight max: 1.0, min: 1.0, mean: 1.0
Layer: encoder.6.1.conv2.weight | Weight max: 0.0360843725502491, min: -0.03608429804444313, mean: -3.683481190819293e-05
Layer: encoder.6.1.bn2.weight | Weight max: 1.0, min: 1.0, mean: 1.0
Layer: encoder.6.1.conv3.weight | Weight max: 0.06846436858177185, min: -0.06846468895673752, mean: 0.0001471667201258242
Layer: encoder.6.1.bn3.weight | Weight max: 1.0, min: 1.0, mean: 1.0
Layer: encoder.6.2.conv1.weight | Weight max: 0.06846515089273453, min: -0.06846525520086288, mean: 4.7116100176936015e-06
Layer: encoder.6.2.bn1.weight | Weight max: 1.0, min: 1.0, mean: 1.0
Layer: encoder.6.2.conv2.weight | Weight max: 0.036084387451410294, min: -0.036084335297346115, mean: -7.240927970997291e-06
Layer: encoder.6.2.bn2.weight | Weight max: 1.0, min: 1.0, mean: 1.0
Layer: encoder.6.2.conv3.weight | Weight max: 0.06846369802951813, min: -0.06846524029970169, mean: -6.565109652001411e-05
Layer: encoder.6.2.bn3.weight | Weight max: 1.0, min: 1.0, mean: 1.0
Layer: encoder.6.3.conv1.weight | Weight max: 0.06846506148576736, min: -0.06846418976783752, mean: 2.060484985122457e-05
Layer: encoder.6.3.bn1.weight | Weight max: 1.0, min: 1.0, mean: 1.0
Layer: encoder.6.3.conv2.weight | Weight max: 0.03608424589037895, min: -0.03608427569270134, mean: -3.229375943192281e-05
Layer: encoder.6.3.bn2.weight | Weight max: 1.0, min: 1.0, mean: 1.0
Layer: encoder.6.3.conv3.weight | Weight max: 0.06846515834331512, min: -0.0684645026922226, mean: -2.8306341846473515e-05
Layer: encoder.6.3.bn3.weight | Weight max: 1.0, min: 1.0, mean: 1.0
Layer: encoder.6.4.conv1.weight | Weight max: 0.06846478581428528, min: -0.06846528500318527, mean: 1.5481302398256958e-05
Layer: encoder.6.4.bn1.weight | Weight max: 1.0, min: 1.0, mean: 1.0
Layer: encoder.6.4.conv2.weight | Weight max: 0.036084290593862534, min: -0.036084335297346115, mean: 1.9702860299730673e-05
Layer: encoder.6.4.bn2.weight | Weight max: 1.0, min: 1.0, mean: 1.0
Layer: encoder.6.4.conv3.weight | Weight max: 0.06846088171005249, min: -0.06846503168344498, mean: -7.069671846693382e-05
Layer: encoder.6.4.bn3.weight | Weight max: 1.0, min: 1.0, mean: 1.0
Layer: encoder.6.5.conv1.weight | Weight max: 0.06846392154693604, min: -0.06846513599157333, mean: 0.00012916018022224307
Layer: encoder.6.5.bn1.weight | Weight max: 1.0, min: 1.0, mean: 1.0
Layer: encoder.6.5.conv2.weight | Weight max: 0.03608430176973343, min: -0.03608422726392746, mean: -4.0392147639067844e-05
Layer: encoder.6.5.bn2.weight | Weight max: 1.0, min: 1.0, mean: 1.0
Layer: encoder.6.5.conv3.weight | Weight max: 0.06846486777067184, min: -0.06846392899751663, mean: 6.612556171603501e-05
Layer: encoder.6.5.bn3.weight | Weight max: 1.0, min: 1.0, mean: 1.0
Layer: encoder.7.0.conv1.weight | Weight max: 0.062499307096004486, min: -0.06249986216425896, mean: -0.00012652129225898534
Layer: encoder.7.0.bn1.weight | Weight max: 1.0, min: 1.0, mean: 1.0
Layer: encoder.7.0.conv2.weight | Weight max: 0.025515494868159294, min: -0.025515489280223846, mean: -6.498610787275538e-07
Layer: encoder.7.0.bn2.weight | Weight max: 1.0, min: 1.0, mean: 1.0
Layer: encoder.7.0.conv3.weight | Weight max: 0.0484122633934021, min: -0.04841229319572449, mean: 6.542591290781274e-05
Layer: encoder.7.0.bn3.weight | Weight max: 1.0, min: 1.0, mean: 1.0
Layer: encoder.7.0.downsample.0.weight | Weight max: 0.044194068759679794, min: -0.04419415444135666, mean: 2.298027538927272e-05
Layer: encoder.7.0.downsample.1.weight | Weight max: 1.0, min: 1.0, mean: 1.0
Layer: encoder.7.1.conv1.weight | Weight max: 0.048412106931209564, min: -0.048412054777145386, mean: 6.734035196132027e-06
Layer: encoder.7.1.bn1.weight | Weight max: 1.0, min: 1.0, mean: 1.0
Layer: encoder.7.1.conv2.weight | Weight max: 0.025515489280223846, min: -0.025515517219901085, mean: 3.1893662253423827e-06
Layer: encoder.7.1.bn2.weight | Weight max: 1.0, min: 1.0, mean: 1.0
Layer: encoder.7.1.conv3.weight | Weight max: 0.04841224104166031, min: -0.04841222986578941, mean: 7.361662937910296e-06
Layer: encoder.7.1.bn3.weight | Weight max: 1.0, min: 1.0, mean: 1.0
Layer: encoder.7.2.conv1.weight | Weight max: 0.04841228201985359, min: -0.048412032425403595, mean: -6.541289621964097e-06
Layer: encoder.7.2.bn1.weight | Weight max: 1.0, min: 1.0, mean: 1.0
Layer: encoder.7.2.conv2.weight | Weight max: 0.025515489280223846, min: -0.025515515357255936, mean: 8.755660019232891e-06
Layer: encoder.7.2.bn2.weight | Weight max: 1.0, min: 1.0, mean: 1.0
Layer: encoder.7.2.conv3.weight | Weight max: 0.04841209575533867, min: -0.04841217026114464, mean: -1.1624733815551735e-05
Layer: encoder.7.2.bn3.weight | Weight max: 1.0, min: 1.0, mean: 1.0
Layer: FC.weight | Weight max: 0.05387178808450699, min: -0.05387657880783081, mean: -0.00023038605286274105
Pre-filtered 15549 patches based on country and season (split ignored)
Loading BEN data for train...
    237871 patches indexed
    7150 filtered patches indexed
    7150 patches indexed considering max_len
Merged metadata with snow/cloud metadata
Loaded 549488 labels
Loaded 549488 keys
Loaded mapping created
Pre-filtered 15549 patches based on country and season (split ignored)
Loading BEN data for test...
    119825 patches indexed
    4263 filtered patches indexed
    4263 patches indexed considering max_len
Merged metadata with snow/cloud metadata
Loaded 549488 labels
Loaded 549488 keys
Loaded mapping created
Initialized conv1.weight with Xavier uniform.
Initialized encoder.1.bias with zeros.
Initialized encoder.4.0.conv1.weight with Xavier uniform.
Initialized encoder.4.0.bn1.bias with zeros.
Initialized encoder.4.0.conv2.weight with Xavier uniform.
Initialized encoder.4.0.bn2.bias with zeros.
Initialized encoder.4.0.conv3.weight with Xavier uniform.
Initialized encoder.4.0.bn3.bias with zeros.
Initialized encoder.4.0.downsample.0.weight with Xavier uniform.
Initialized encoder.4.0.downsample.1.bias with zeros.
Initialized encoder.4.1.conv1.weight with Xavier uniform.
Initialized encoder.4.1.bn1.bias with zeros.
Initialized encoder.4.1.conv2.weight with Xavier uniform.
Initialized encoder.4.1.bn2.bias with zeros.
Initialized encoder.4.1.conv3.weight with Xavier uniform.
Initialized encoder.4.1.bn3.bias with zeros.
Initialized encoder.4.2.conv1.weight with Xavier uniform.
Initialized encoder.4.2.bn1.bias with zeros.
Initialized encoder.4.2.conv2.weight with Xavier uniform.
Initialized encoder.4.2.bn2.bias with zeros.
Initialized encoder.4.2.conv3.weight with Xavier uniform.
Initialized encoder.4.2.bn3.bias with zeros.
Initialized encoder.5.0.conv1.weight with Xavier uniform.
Initialized encoder.5.0.bn1.bias with zeros.
Initialized encoder.5.0.conv2.weight with Xavier uniform.
Initialized encoder.5.0.bn2.bias with zeros.
Initialized encoder.5.0.conv3.weight with Xavier uniform.
Initialized encoder.5.0.bn3.bias with zeros.
Initialized encoder.5.0.downsample.0.weight with Xavier uniform.
Initialized encoder.5.0.downsample.1.bias with zeros.
Initialized encoder.5.1.conv1.weight with Xavier uniform.
Initialized encoder.5.1.bn1.bias with zeros.
Initialized encoder.5.1.conv2.weight with Xavier uniform.
Initialized encoder.5.1.bn2.bias with zeros.
Initialized encoder.5.1.conv3.weight with Xavier uniform.
Initialized encoder.5.1.bn3.bias with zeros.
Initialized encoder.5.2.conv1.weight with Xavier uniform.
Initialized encoder.5.2.bn1.bias with zeros.
Initialized encoder.5.2.conv2.weight with Xavier uniform.
Initialized encoder.5.2.bn2.bias with zeros.
Initialized encoder.5.2.conv3.weight with Xavier uniform.
Initialized encoder.5.2.bn3.bias with zeros.
Initialized encoder.5.3.conv1.weight with Xavier uniform.
Initialized encoder.5.3.bn1.bias with zeros.
Initialized encoder.5.3.conv2.weight with Xavier uniform.
Initialized encoder.5.3.bn2.bias with zeros.
Initialized encoder.5.3.conv3.weight with Xavier uniform.
Initialized encoder.5.3.bn3.bias with zeros.
Initialized encoder.6.0.conv1.weight with Xavier uniform.
Initialized encoder.6.0.bn1.bias with zeros.
Initialized encoder.6.0.conv2.weight with Xavier uniform.
Initialized encoder.6.0.bn2.bias with zeros.
Initialized encoder.6.0.conv3.weight with Xavier uniform.
Initialized encoder.6.0.bn3.bias with zeros.
Initialized encoder.6.0.downsample.0.weight with Xavier uniform.
Initialized encoder.6.0.downsample.1.bias with zeros.
Initialized encoder.6.1.conv1.weight with Xavier uniform.
Initialized encoder.6.1.bn1.bias with zeros.
Initialized encoder.6.1.conv2.weight with Xavier uniform.
Initialized encoder.6.1.bn2.bias with zeros.
Initialized encoder.6.1.conv3.weight with Xavier uniform.
Initialized encoder.6.1.bn3.bias with zeros.
Initialized encoder.6.2.conv1.weight with Xavier uniform.
Initialized encoder.6.2.bn1.bias with zeros.
Initialized encoder.6.2.conv2.weight with Xavier uniform.
Initialized encoder.6.2.bn2.bias with zeros.
Initialized encoder.6.2.conv3.weight with Xavier uniform.
Initialized encoder.6.2.bn3.bias with zeros.
Initialized encoder.6.3.conv1.weight with Xavier uniform.
Initialized encoder.6.3.bn1.bias with zeros.
Initialized encoder.6.3.conv2.weight with Xavier uniform.
Initialized encoder.6.3.bn2.bias with zeros.
Initialized encoder.6.3.conv3.weight with Xavier uniform.
Initialized encoder.6.3.bn3.bias with zeros.
Initialized encoder.6.4.conv1.weight with Xavier uniform.
Initialized encoder.6.4.bn1.bias with zeros.
Initialized encoder.6.4.conv2.weight with Xavier uniform.
Initialized encoder.6.4.bn2.bias with zeros.
Initialized encoder.6.4.conv3.weight with Xavier uniform.
Initialized encoder.6.4.bn3.bias with zeros.
Initialized encoder.6.5.conv1.weight with Xavier uniform.
Initialized encoder.6.5.bn1.bias with zeros.
Initialized encoder.6.5.conv2.weight with Xavier uniform.
Initialized encoder.6.5.bn2.bias with zeros.
Initialized encoder.6.5.conv3.weight with Xavier uniform.
Initialized encoder.6.5.bn3.bias with zeros.
Initialized encoder.7.0.conv1.weight with Xavier uniform.
Initialized encoder.7.0.bn1.bias with zeros.
Initialized encoder.7.0.conv2.weight with Xavier uniform.
Initialized encoder.7.0.bn2.bias with zeros.
Initialized encoder.7.0.conv3.weight with Xavier uniform.
Initialized encoder.7.0.bn3.bias with zeros.
Initialized encoder.7.0.downsample.0.weight with Xavier uniform.
Initialized encoder.7.0.downsample.1.bias with zeros.
Initialized encoder.7.1.conv1.weight with Xavier uniform.
Initialized encoder.7.1.bn1.bias with zeros.
Initialized encoder.7.1.conv2.weight with Xavier uniform.
Initialized encoder.7.1.bn2.bias with zeros.
Initialized encoder.7.1.conv3.weight with Xavier uniform.
Initialized encoder.7.1.bn3.bias with zeros.
Initialized encoder.7.2.conv1.weight with Xavier uniform.
Initialized encoder.7.2.bn1.bias with zeros.
Initialized encoder.7.2.conv2.weight with Xavier uniform.
Initialized encoder.7.2.bn2.bias with zeros.
Initialized encoder.7.2.conv3.weight with Xavier uniform.
Initialized encoder.7.2.bn3.bias with zeros.
Initialized FC.weight with Xavier uniform.
Initialized FC.bias with zeros.
Layer: conv1.weight | Weight max: 0.040677864104509354, min: -0.04067431762814522, mean: -0.00020299780589994043
Layer: encoder.1.weight | Weight max: 1.0, min: 1.0, mean: 1.0
Layer: encoder.4.0.conv1.weight | Weight max: 0.21645031869411469, min: -0.2164500653743744, mean: 0.0005904088029637933
Layer: encoder.4.0.bn1.weight | Weight max: 1.0, min: 1.0, mean: 1.0
Layer: encoder.4.0.conv2.weight | Weight max: 0.07216774672269821, min: -0.07216587662696838, mean: 0.00020791994757018983
Layer: encoder.4.0.bn2.weight | Weight max: 1.0, min: 1.0, mean: 1.0
Layer: encoder.4.0.conv3.weight | Weight max: 0.13690009713172913, min: -0.13687445223331451, mean: 0.000132645815028809
Layer: encoder.4.0.bn3.weight | Weight max: 1.0, min: 1.0, mean: 1.0
Layer: encoder.4.0.downsample.0.weight | Weight max: 0.13691599667072296, min: -0.1369268149137497, mean: -0.0002823907998390496
Layer: encoder.4.0.downsample.1.weight | Weight max: 1.0, min: 1.0, mean: 1.0
Layer: encoder.4.1.conv1.weight | Weight max: 0.13692227005958557, min: -0.13692639768123627, mean: 1.0404648492112756e-05
Layer: encoder.4.1.bn1.weight | Weight max: 1.0, min: 1.0, mean: 1.0
Layer: encoder.4.1.conv2.weight | Weight max: 0.07216868549585342, min: -0.07216282933950424, mean: 5.031009641243145e-05
Layer: encoder.4.1.bn2.weight | Weight max: 1.0, min: 1.0, mean: 1.0
Layer: encoder.4.1.conv3.weight | Weight max: 0.13691990077495575, min: -0.13692398369312286, mean: -0.00046422224841080606
Layer: encoder.4.1.bn3.weight | Weight max: 1.0, min: 1.0, mean: 1.0
Layer: encoder.4.2.conv1.weight | Weight max: 0.13692708313465118, min: -0.13691739737987518, mean: -0.00015527030336670578
Layer: encoder.4.2.bn1.weight | Weight max: 1.0, min: 1.0, mean: 1.0
Layer: encoder.4.2.conv2.weight | Weight max: 0.07215885072946548, min: -0.07216671109199524, mean: -0.00014977272076066583
Layer: encoder.4.2.bn2.weight | Weight max: 1.0, min: 1.0, mean: 1.0
Layer: encoder.4.2.conv3.weight | Weight max: 0.1369200348854065, min: -0.13692955672740936, mean: -0.00027520066942088306
Layer: encoder.4.2.bn3.weight | Weight max: 1.0, min: 1.0, mean: 1.0
Layer: encoder.5.0.conv1.weight | Weight max: 0.12499649822711945, min: -0.12499140948057175, mean: -0.00011919671669602394
Layer: encoder.5.0.bn1.weight | Weight max: 1.0, min: 1.0, mean: 1.0
Layer: encoder.5.0.conv2.weight | Weight max: 0.0510302409529686, min: -0.05103046074509621, mean: -0.00011269169044680893
Layer: encoder.5.0.bn2.weight | Weight max: 1.0, min: 1.0, mean: 1.0
Layer: encoder.5.0.conv3.weight | Weight max: 0.09682372957468033, min: -0.09682125598192215, mean: -0.0001276355324080214
Layer: encoder.5.0.bn3.weight | Weight max: 1.0, min: 1.0, mean: 1.0
Layer: encoder.5.0.downsample.0.weight | Weight max: 0.08838821947574615, min: -0.08838792890310287, mean: -4.515413093031384e-05
Layer: encoder.5.0.downsample.1.weight | Weight max: 1.0, min: 1.0, mean: 1.0
Layer: encoder.5.1.conv1.weight | Weight max: 0.09682370722293854, min: -0.09682432562112808, mean: 0.000185445838724263
Layer: encoder.5.1.bn1.weight | Weight max: 1.0, min: 1.0, mean: 1.0
Layer: encoder.5.1.conv2.weight | Weight max: 0.051030952483415604, min: -0.051030322909355164, mean: 2.451643013046123e-05
Layer: encoder.5.1.bn2.weight | Weight max: 1.0, min: 1.0, mean: 1.0
Layer: encoder.5.1.conv3.weight | Weight max: 0.09682305157184601, min: -0.09682326763868332, mean: -2.5755718525033444e-05
Layer: encoder.5.1.bn3.weight | Weight max: 1.0, min: 1.0, mean: 1.0
Layer: encoder.5.2.conv1.weight | Weight max: 0.09681367874145508, min: -0.09682414680719376, mean: -0.0003223303356207907
Layer: encoder.5.2.bn1.weight | Weight max: 1.0, min: 1.0, mean: 1.0
Layer: encoder.5.2.conv2.weight | Weight max: 0.051030077040195465, min: -0.05102945864200592, mean: -0.00014866005221847445
Layer: encoder.5.2.bn2.weight | Weight max: 1.0, min: 1.0, mean: 1.0
Layer: encoder.5.2.conv3.weight | Weight max: 0.09682387113571167, min: -0.09682144224643707, mean: 0.00018154400459025055
Layer: encoder.5.2.bn3.weight | Weight max: 1.0, min: 1.0, mean: 1.0
Layer: encoder.5.3.conv1.weight | Weight max: 0.09682367742061615, min: -0.09682293981313705, mean: -0.00029973412165418267
Layer: encoder.5.3.bn1.weight | Weight max: 1.0, min: 1.0, mean: 1.0
Layer: encoder.5.3.conv2.weight | Weight max: 0.051030151546001434, min: -0.0510309636592865, mean: 1.3844446584698744e-05
Layer: encoder.5.3.bn2.weight | Weight max: 1.0, min: 1.0, mean: 1.0
Layer: encoder.5.3.conv3.weight | Weight max: 0.09682279825210571, min: -0.09681753814220428, mean: -4.08086234529037e-05
Layer: encoder.5.3.bn3.weight | Weight max: 1.0, min: 1.0, mean: 1.0
Layer: encoder.6.0.conv1.weight | Weight max: 0.0883864089846611, min: -0.08838813751935959, mean: -2.1465290046762675e-05
Layer: encoder.6.0.bn1.weight | Weight max: 1.0, min: 1.0, mean: 1.0
Layer: encoder.6.0.conv2.weight | Weight max: 0.03608402609825134, min: -0.036084212362766266, mean: -1.2941880413563922e-05
Layer: encoder.6.0.bn2.weight | Weight max: 1.0, min: 1.0, mean: 1.0
Layer: encoder.6.0.conv3.weight | Weight max: 0.06846509873867035, min: -0.06846508383750916, mean: -3.911124440492131e-05
Layer: encoder.6.0.bn3.weight | Weight max: 1.0, min: 1.0, mean: 1.0
Layer: encoder.6.0.downsample.0.weight | Weight max: 0.06249973922967911, min: -0.0624999925494194, mean: 0.00010094433673657477
Layer: encoder.6.0.downsample.1.weight | Weight max: 1.0, min: 1.0, mean: 1.0
Layer: encoder.6.1.conv1.weight | Weight max: 0.06846490502357483, min: -0.06846499443054199, mean: 2.3673230316489935e-05
Layer: encoder.6.1.bn1.weight | Weight max: 1.0, min: 1.0, mean: 1.0
Layer: encoder.6.1.conv2.weight | Weight max: 0.03608417883515358, min: -0.0360843762755394, mean: -4.88862169731874e-05
Layer: encoder.6.1.bn2.weight | Weight max: 1.0, min: 1.0, mean: 1.0
Layer: encoder.6.1.conv3.weight | Weight max: 0.06846445053815842, min: -0.06846477836370468, mean: 5.264798892312683e-05
Layer: encoder.6.1.bn3.weight | Weight max: 1.0, min: 1.0, mean: 1.0
Layer: encoder.6.2.conv1.weight | Weight max: 0.0684649869799614, min: -0.06846515834331512, mean: 4.156930299359374e-05
Layer: encoder.6.2.bn1.weight | Weight max: 1.0, min: 1.0, mean: 1.0
Layer: encoder.6.2.conv2.weight | Weight max: 0.036084383726119995, min: -0.03608422353863716, mean: 1.1718851055775303e-05
Layer: encoder.6.2.bn2.weight | Weight max: 1.0, min: 1.0, mean: 1.0
Layer: encoder.6.2.conv3.weight | Weight max: 0.06846369802951813, min: -0.06846529990434647, mean: -8.50846990942955e-05
Layer: encoder.6.2.bn3.weight | Weight max: 1.0, min: 1.0, mean: 1.0
Layer: encoder.6.3.conv1.weight | Weight max: 0.06846515089273453, min: -0.06846506148576736, mean: 8.893034646462183e-06
Layer: encoder.6.3.bn1.weight | Weight max: 1.0, min: 1.0, mean: 1.0
Layer: encoder.6.3.conv2.weight | Weight max: 0.036084383726119995, min: -0.0360843650996685, mean: 2.794780084514059e-05
Layer: encoder.6.3.bn2.weight | Weight max: 1.0, min: 1.0, mean: 1.0
Layer: encoder.6.3.conv3.weight | Weight max: 0.06846486777067184, min: -0.06846526265144348, mean: 8.249515667557716e-05
Layer: encoder.6.3.bn3.weight | Weight max: 1.0, min: 1.0, mean: 1.0
Layer: encoder.6.4.conv1.weight | Weight max: 0.06846465170383453, min: -0.0684647336602211, mean: 3.9236725569935516e-05
Layer: encoder.6.4.bn1.weight | Weight max: 1.0, min: 1.0, mean: 1.0
Layer: encoder.6.4.conv2.weight | Weight max: 0.036084216088056564, min: -0.036084070801734924, mean: -1.1420148666729801e-06
Layer: encoder.6.4.bn2.weight | Weight max: 1.0, min: 1.0, mean: 1.0
Layer: encoder.6.4.conv3.weight | Weight max: 0.06846438348293304, min: -0.06846507638692856, mean: 3.3302465453743935e-05
Layer: encoder.6.4.bn3.weight | Weight max: 1.0, min: 1.0, mean: 1.0
Layer: encoder.6.5.conv1.weight | Weight max: 0.06846469640731812, min: -0.0684652179479599, mean: 9.522487744106911e-06
Layer: encoder.6.5.bn1.weight | Weight max: 1.0, min: 1.0, mean: 1.0
Layer: encoder.6.5.conv2.weight | Weight max: 0.0360843650996685, min: -0.03608427569270134, mean: 3.3372802136000246e-05
Layer: encoder.6.5.bn2.weight | Weight max: 1.0, min: 1.0, mean: 1.0
Layer: encoder.6.5.conv3.weight | Weight max: 0.06846373528242111, min: -0.06846453994512558, mean: 0.00014350927085615695
Layer: encoder.6.5.bn3.weight | Weight max: 1.0, min: 1.0, mean: 1.0
Layer: encoder.7.0.conv1.weight | Weight max: 0.06249982863664627, min: -0.0624995082616806, mean: -4.7121655370574445e-05
Layer: encoder.7.0.bn1.weight | Weight max: 1.0, min: 1.0, mean: 1.0
Layer: encoder.7.0.conv2.weight | Weight max: 0.025515515357255936, min: -0.02551547810435295, mean: 2.6447528398421127e-06
Layer: encoder.7.0.bn2.weight | Weight max: 1.0, min: 1.0, mean: 1.0
Layer: encoder.7.0.conv3.weight | Weight max: 0.048412252217531204, min: -0.0484122633934021, mean: 1.1852262105094269e-05
Layer: encoder.7.0.bn3.weight | Weight max: 1.0, min: 1.0, mean: 1.0
Layer: encoder.7.0.downsample.0.weight | Weight max: 0.044194161891937256, min: -0.044194161891937256, mean: 9.366056474391371e-06
Layer: encoder.7.0.downsample.1.weight | Weight max: 1.0, min: 1.0, mean: 1.0
Layer: encoder.7.1.conv1.weight | Weight max: 0.04841196909546852, min: -0.048412252217531204, mean: 4.512097802944481e-06
Layer: encoder.7.1.bn1.weight | Weight max: 1.0, min: 1.0, mean: 1.0
Layer: encoder.7.1.conv2.weight | Weight max: 0.025515500456094742, min: -0.025515491142868996, mean: -1.556254028400872e-05
Layer: encoder.7.1.bn2.weight | Weight max: 1.0, min: 1.0, mean: 1.0
Layer: encoder.7.1.conv3.weight | Weight max: 0.048412274569272995, min: -0.0484122633934021, mean: -5.5507058277726173e-05
Layer: encoder.7.1.bn3.weight | Weight max: 1.0, min: 1.0, mean: 1.0
Layer: encoder.7.2.conv1.weight | Weight max: 0.04841220751404762, min: -0.04841224104166031, mean: -2.980943645525258e-05
Layer: encoder.7.2.bn1.weight | Weight max: 1.0, min: 1.0, mean: 1.0
Layer: encoder.7.2.conv2.weight | Weight max: 0.025515494868159294, min: -0.025515515357255936, mean: -2.6130479113817273e-07
Layer: encoder.7.2.bn2.weight | Weight max: 1.0, min: 1.0, mean: 1.0
Layer: encoder.7.2.conv3.weight | Weight max: 0.04841216653585434, min: -0.04841218143701553, mean: 3.0283898013294674e-05
Layer: encoder.7.2.bn3.weight | Weight max: 1.0, min: 1.0, mean: 1.0
Layer: FC.weight | Weight max: 0.053874921053647995, min: -0.05387600138783455, mean: 2.0919000235153362e-05
Pre-filtered 13683 patches based on country and season (split ignored)
Loading BEN data for train...
    237871 patches indexed
    7180 filtered patches indexed
    7180 patches indexed considering max_len
Merged metadata with snow/cloud metadata
Loaded 549488 labels
Loaded 549488 keys
Loaded mapping created
Pre-filtered 13683 patches based on country and season (split ignored)
Loading BEN data for test...
    119825 patches indexed
    3248 filtered patches indexed
    3248 patches indexed considering max_len
Merged metadata with snow/cloud metadata
Loaded 549488 labels
Loaded 549488 keys
Loaded mapping created
Pre-filtered 59999 patches based on country and season (split ignored)
Loading BEN data for test...
    119825 patches indexed
    15720 filtered patches indexed
    15720 patches indexed considering max_len
Merged metadata with snow/cloud metadata
Loaded 549488 labels
Loaded 549488 keys
Loaded mapping created
Initializing LRP Pruning...
LRP initialized successfully.
=== Round 1/3 ===
Training and communication for Round 1...
Epoch 1/2
----------
