Using device: cuda:0
Pre-filtered 30767 patches based on country and season (split ignored)
Loading BEN data for train...
    237871 patches indexed
    14805 filtered patches indexed
    14805 patches indexed considering max_len
Merged metadata with snow/cloud metadata
Loaded 549488 labels
Loaded 549488 keys
Loaded mapping created
Pre-filtered 30767 patches based on country and season (split ignored)
Loading BEN data for test...
    119825 patches indexed
    8209 filtered patches indexed
    8209 patches indexed considering max_len
Merged metadata with snow/cloud metadata
Loaded 549488 labels
Loaded 549488 keys
Loaded mapping created
Pre-filtered 15549 patches based on country and season (split ignored)
Loading BEN data for train...
    237871 patches indexed
    7150 filtered patches indexed
    7150 patches indexed considering max_len
Merged metadata with snow/cloud metadata
Loaded 549488 labels
Loaded 549488 keys
Loaded mapping created
Pre-filtered 15549 patches based on country and season (split ignored)
Loading BEN data for test...
    119825 patches indexed
    4263 filtered patches indexed
    4263 patches indexed considering max_len
Merged metadata with snow/cloud metadata
Loaded 549488 labels
Loaded 549488 keys
Loaded mapping created
Pre-filtered 13683 patches based on country and season (split ignored)
Loading BEN data for train...
    237871 patches indexed
    7180 filtered patches indexed
    7180 patches indexed considering max_len
Merged metadata with snow/cloud metadata
Loaded 549488 labels
Loaded 549488 keys
Loaded mapping created
Pre-filtered 13683 patches based on country and season (split ignored)
Loading BEN data for test...
    119825 patches indexed
    3248 filtered patches indexed
    3248 patches indexed considering max_len
Merged metadata with snow/cloud metadata
Loaded 549488 labels
Loaded 549488 keys
Loaded mapping created
Pre-filtered 59999 patches based on country and season (split ignored)
Loading BEN data for test...
    119825 patches indexed
    15720 filtered patches indexed
    15720 patches indexed considering max_len
Merged metadata with snow/cloud metadata
Loaded 549488 labels
Loaded 549488 keys
Loaded mapping created
Round 1/40
----------
Epoch 1/1
----------
Epoch 1/1
----------
Epoch 1/1
----------
micro     precision: 0.4054 | recall: 0.0735 | f1-score: 0.1244 | support: 40183 | mAP: 0.3232
macro     precision: 0.0522 | recall: 0.0529 | f1-score: 0.0524 | support: 40183 | mAP: 0.2174

Round 2/40
----------
Epoch 1/1
----------
Epoch 1/1
----------
Epoch 1/1
----------
micro     precision: 0.4830 | recall: 0.1048 | f1-score: 0.1722 | support: 40183 | mAP: 0.3757
macro     precision: 0.1037 | recall: 0.0396 | f1-score: 0.0423 | support: 40183 | mAP: 0.2740

Round 3/40
----------
Epoch 1/1
----------
Epoch 1/1
----------
Epoch 1/1
----------
micro     precision: 0.5379 | recall: 0.2963 | f1-score: 0.3821 | support: 40183 | mAP: 0.5281
macro     precision: 0.2552 | recall: 0.1745 | f1-score: 0.1579 | support: 40183 | mAP: 0.3294

Round 4/40
----------
Epoch 1/1
----------
Epoch 1/1
----------
Epoch 1/1
----------
micro     precision: 0.5224 | recall: 0.3226 | f1-score: 0.3989 | support: 40183 | mAP: 0.4816
macro     precision: 0.2647 | recall: 0.1625 | f1-score: 0.1543 | support: 40183 | mAP: 0.3291

Round 5/40
----------
Epoch 1/1
----------
Epoch 1/1
----------
Epoch 1/1
----------
micro     precision: 0.5511 | recall: 0.3624 | f1-score: 0.4373 | support: 40183 | mAP: 0.5272
macro     precision: 0.3898 | recall: 0.1772 | f1-score: 0.1693 | support: 40183 | mAP: 0.3395

Round 6/40
----------
Epoch 1/1
----------
Epoch 1/1
----------
Epoch 1/1
----------
micro     precision: 0.6543 | recall: 0.3565 | f1-score: 0.4615 | support: 40183 | mAP: 0.5639
macro     precision: 0.3935 | recall: 0.1774 | f1-score: 0.1905 | support: 40183 | mAP: 0.3738

Round 7/40
----------
Epoch 1/1
----------
Epoch 1/1
----------
Epoch 1/1
----------
micro     precision: 0.5301 | recall: 0.2829 | f1-score: 0.3689 | support: 40183 | mAP: 0.4970
macro     precision: 0.3195 | recall: 0.1656 | f1-score: 0.1686 | support: 40183 | mAP: 0.3449

Round 8/40
----------
Epoch 1/1
----------
Epoch 1/1
----------
Epoch 1/1
----------
micro     precision: 0.4598 | recall: 0.3898 | f1-score: 0.4219 | support: 40183 | mAP: 0.4525
macro     precision: 0.4151 | recall: 0.1987 | f1-score: 0.1988 | support: 40183 | mAP: 0.3491

Round 9/40
----------
Epoch 1/1
----------
Epoch 1/1
----------
Epoch 1/1
----------
micro     precision: 0.5459 | recall: 0.3396 | f1-score: 0.4187 | support: 40183 | mAP: 0.5340
macro     precision: 0.4165 | recall: 0.1896 | f1-score: 0.1959 | support: 40183 | mAP: 0.3707

Round 10/40
----------
Epoch 1/1
----------
Epoch 1/1
----------
Epoch 1/1
----------
micro     precision: 0.6241 | recall: 0.3456 | f1-score: 0.4448 | support: 40183 | mAP: 0.5736
macro     precision: 0.3353 | recall: 0.1747 | f1-score: 0.1952 | support: 40183 | mAP: 0.3461

Round 11/40
----------
Epoch 1/1
----------
Epoch 1/1
----------
Epoch 1/1
----------
micro     precision: 0.4855 | recall: 0.2595 | f1-score: 0.3382 | support: 40183 | mAP: 0.4070
macro     precision: 0.3565 | recall: 0.1538 | f1-score: 0.1306 | support: 40183 | mAP: 0.2893

Round 12/40
----------
Epoch 1/1
----------
Epoch 1/1
----------
Epoch 1/1
----------
micro     precision: 0.6247 | recall: 0.4660 | f1-score: 0.5338 | support: 40183 | mAP: 0.6125
macro     precision: 0.4921 | recall: 0.2323 | f1-score: 0.2352 | support: 40183 | mAP: 0.3759

Round 13/40
----------
Epoch 1/1
----------
Epoch 1/1
----------
Epoch 1/1
----------
micro     precision: 0.6045 | recall: 0.2453 | f1-score: 0.3490 | support: 40183 | mAP: 0.5343
macro     precision: 0.4910 | recall: 0.1514 | f1-score: 0.1946 | support: 40183 | mAP: 0.3636

Round 14/40
----------
Epoch 1/1
----------
Epoch 1/1
----------
Epoch 1/1
----------
micro     precision: 0.4788 | recall: 0.2306 | f1-score: 0.3113 | support: 40183 | mAP: 0.4274
macro     precision: 0.4442 | recall: 0.1416 | f1-score: 0.1540 | support: 40183 | mAP: 0.3285

Round 15/40
----------
Epoch 1/1
----------
Epoch 1/1
----------
Epoch 1/1
----------
micro     precision: 0.4788 | recall: 0.2863 | f1-score: 0.3584 | support: 40183 | mAP: 0.4180
macro     precision: 0.4982 | recall: 0.1419 | f1-score: 0.1601 | support: 40183 | mAP: 0.3327

Round 16/40
----------
Epoch 1/1
----------
Epoch 1/1
----------
Epoch 1/1
----------
micro     precision: 0.5384 | recall: 0.3939 | f1-score: 0.4550 | support: 40183 | mAP: 0.4979
macro     precision: 0.4234 | recall: 0.2125 | f1-score: 0.2223 | support: 40183 | mAP: 0.3366

Round 17/40
----------
Epoch 1/1
----------
Epoch 1/1
----------
Epoch 1/1
----------
micro     precision: 0.4364 | recall: 0.4008 | f1-score: 0.4178 | support: 40183 | mAP: 0.4388
macro     precision: 0.3979 | recall: 0.2276 | f1-score: 0.2079 | support: 40183 | mAP: 0.3418

Round 18/40
----------
Epoch 1/1
----------
Epoch 1/1
----------
Epoch 1/1
----------
micro     precision: 0.5728 | recall: 0.4941 | f1-score: 0.5306 | support: 40183 | mAP: 0.6106
macro     precision: 0.4469 | recall: 0.2930 | f1-score: 0.2962 | support: 40183 | mAP: 0.4025

Round 19/40
----------
Epoch 1/1
----------
Epoch 1/1
----------
Epoch 1/1
----------
micro     precision: 0.6882 | recall: 0.3023 | f1-score: 0.4201 | support: 40183 | mAP: 0.5775
macro     precision: 0.4104 | recall: 0.1530 | f1-score: 0.1882 | support: 40183 | mAP: 0.3847

Round 20/40
----------
Epoch 1/1
----------
Epoch 1/1
----------
Epoch 1/1
----------
micro     precision: 0.5527 | recall: 0.2491 | f1-score: 0.3434 | support: 40183 | mAP: 0.4879
macro     precision: 0.3676 | recall: 0.1274 | f1-score: 0.1499 | support: 40183 | mAP: 0.3070

Round 21/40
----------
Epoch 1/1
----------
Epoch 1/1
----------
Epoch 1/1
----------
micro     precision: 0.6378 | recall: 0.3378 | f1-score: 0.4417 | support: 40183 | mAP: 0.5507
macro     precision: 0.4471 | recall: 0.1596 | f1-score: 0.1877 | support: 40183 | mAP: 0.3348

Round 22/40
----------
Epoch 1/1
----------
Epoch 1/1
----------
Epoch 1/1
----------
micro     precision: 0.5544 | recall: 0.3674 | f1-score: 0.4420 | support: 40183 | mAP: 0.5082
macro     precision: 0.4731 | recall: 0.1950 | f1-score: 0.2122 | support: 40183 | mAP: 0.3722

Round 23/40
----------
Epoch 1/1
----------
Epoch 1/1
----------
Epoch 1/1
----------
micro     precision: 0.6366 | recall: 0.3845 | f1-score: 0.4795 | support: 40183 | mAP: 0.5691
macro     precision: 0.5170 | recall: 0.2112 | f1-score: 0.2435 | support: 40183 | mAP: 0.3757

Round 24/40
----------
Epoch 1/1
----------
Epoch 1/1
----------
Epoch 1/1
----------
micro     precision: 0.6142 | recall: 0.4218 | f1-score: 0.5001 | support: 40183 | mAP: 0.6185
macro     precision: 0.4422 | recall: 0.2420 | f1-score: 0.2618 | support: 40183 | mAP: 0.4011

Round 25/40
----------
Epoch 1/1
----------
Epoch 1/1
----------
Epoch 1/1
----------
micro     precision: 0.6906 | recall: 0.4634 | f1-score: 0.5546 | support: 40183 | mAP: 0.6466
macro     precision: 0.5223 | recall: 0.2427 | f1-score: 0.2718 | support: 40183 | mAP: 0.4024

Round 26/40
----------
Epoch 1/1
----------
Epoch 1/1
----------
Epoch 1/1
----------
micro     precision: 0.6845 | recall: 0.4427 | f1-score: 0.5377 | support: 40183 | mAP: 0.6538
macro     precision: 0.4979 | recall: 0.2344 | f1-score: 0.2543 | support: 40183 | mAP: 0.3960

Round 27/40
----------
Epoch 1/1
----------
Epoch 1/1
----------
Epoch 1/1
----------
micro     precision: 0.5826 | recall: 0.4601 | f1-score: 0.5142 | support: 40183 | mAP: 0.5588
macro     precision: 0.4861 | recall: 0.2386 | f1-score: 0.2417 | support: 40183 | mAP: 0.3700

Round 28/40
----------
Epoch 1/1
----------
Epoch 1/1
----------
Epoch 1/1
----------
micro     precision: 0.7181 | recall: 0.4636 | f1-score: 0.5634 | support: 40183 | mAP: 0.6573
macro     precision: 0.5154 | recall: 0.2501 | f1-score: 0.2780 | support: 40183 | mAP: 0.3859

Round 29/40
----------
Epoch 1/1
----------
Epoch 1/1
----------
Epoch 1/1
----------
micro     precision: 0.5403 | recall: 0.3562 | f1-score: 0.4294 | support: 40183 | mAP: 0.5313
macro     precision: 0.5230 | recall: 0.1914 | f1-score: 0.2099 | support: 40183 | mAP: 0.3473

Round 30/40
----------
Epoch 1/1
----------
Epoch 1/1
----------
Epoch 1/1
----------
micro     precision: 0.6774 | recall: 0.4218 | f1-score: 0.5199 | support: 40183 | mAP: 0.6066
macro     precision: 0.4919 | recall: 0.2038 | f1-score: 0.2309 | support: 40183 | mAP: 0.3739

Round 31/40
----------
Epoch 1/1
----------
Epoch 1/1
----------
Epoch 1/1
----------
micro     precision: 0.4742 | recall: 0.3448 | f1-score: 0.3993 | support: 40183 | mAP: 0.4198
macro     precision: 0.3552 | recall: 0.1767 | f1-score: 0.1703 | support: 40183 | mAP: 0.3026

Round 32/40
----------
Epoch 1/1
----------
Epoch 1/1
----------
Epoch 1/1
----------
micro     precision: 0.5745 | recall: 0.4383 | f1-score: 0.4973 | support: 40183 | mAP: 0.5600
macro     precision: 0.5189 | recall: 0.2514 | f1-score: 0.2742 | support: 40183 | mAP: 0.3906

Round 33/40
----------
Epoch 1/1
----------
Epoch 1/1
----------
Epoch 1/1
----------
micro     precision: 0.5853 | recall: 0.4590 | f1-score: 0.5145 | support: 40183 | mAP: 0.5235
macro     precision: 0.4766 | recall: 0.2490 | f1-score: 0.2626 | support: 40183 | mAP: 0.3740

Round 34/40
----------
Epoch 1/1
----------
Epoch 1/1
----------
Epoch 1/1
----------
micro     precision: 0.6546 | recall: 0.3649 | f1-score: 0.4686 | support: 40183 | mAP: 0.5199
macro     precision: 0.3752 | recall: 0.1876 | f1-score: 0.2044 | support: 40183 | mAP: 0.3366

Round 35/40
----------
Epoch 1/1
----------
Epoch 1/1
----------
Epoch 1/1
----------
micro     precision: 0.7664 | recall: 0.3955 | f1-score: 0.5218 | support: 40183 | mAP: 0.6920
macro     precision: 0.5730 | recall: 0.2213 | f1-score: 0.2678 | support: 40183 | mAP: 0.4133

Round 36/40
----------
Epoch 1/1
----------
Epoch 1/1
----------
