/faststorage/paul/mamba/envs/pytorch_env/lib/python3.10/site-packages/torchvision/models/_utils.py:208: UserWarning: The parameter 'pretrained' is deprecated since 0.13 and may be removed in the future, please use 'weights' instead.
  warnings.warn(
/faststorage/paul/mamba/envs/pytorch_env/lib/python3.10/site-packages/torchvision/models/_utils.py:223: UserWarning: Arguments other than a weight enum or `None` for 'weights' are deprecated since 0.13 and may be removed in the future. The current behavior is equivalent to passing `weights=None`.
  warnings.warn(msg)
Traceback (most recent call last):
  File "/home/paul/projects/CV4RS-orig/train.py", line 35, in <module>
    train()
  File "/home/paul/projects/CV4RS-orig/train.py", line 24, in train
    global_client = GlobalClient(
  File "/home/paul/projects/CV4RS-orig/utils/clients.py", line 252, in __init__
    self.clients = [
  File "/home/paul/projects/CV4RS-orig/utils/clients.py", line 253, in <listcomp>
    FLCLient(copy.deepcopy(self.model), lmdb_path, val_path, csv_path, num_classes=num_classes, dataset_filter=dataset_filter, device=self.device)
  File "/home/paul/projects/CV4RS-orig/utils/clients.py", line 139, in __init__
    patch_prefilter=PreFilter(pd.read_parquet(data_dirs["metadata_parquet"]), countries=[csv_path], seasons=["Summer"]),
  File "/faststorage/paul/mamba/envs/pytorch_env/lib/python3.10/site-packages/pandas/io/parquet.py", line 667, in read_parquet
    return impl.read(
  File "/faststorage/paul/mamba/envs/pytorch_env/lib/python3.10/site-packages/pandas/io/parquet.py", line 267, in read
    path_or_handle, handles, filesystem = _get_path_or_handle(
  File "/faststorage/paul/mamba/envs/pytorch_env/lib/python3.10/site-packages/pandas/io/parquet.py", line 140, in _get_path_or_handle
    handles = get_handle(
  File "/faststorage/paul/mamba/envs/pytorch_env/lib/python3.10/site-packages/pandas/io/common.py", line 882, in get_handle
    handle = open(handle, ioargs.mode)
FileNotFoundError: [Errno 2] No such file or directory: '/data/kaiclasen/metadata.parquet'
