Initializing missing key: conv1.bias
Using device: cuda:0
Pre-filtered 30767 patches based on country and season (split ignored)
Loading BEN data for train...
    237871 patches indexed
    14805 filtered patches indexed
    100 patches indexed considering max_len
Merged metadata with snow/cloud metadata
Loaded 549488 labels
Loaded 549488 keys
Loaded mapping created
Pre-filtered 30767 patches based on country and season (split ignored)
Loading BEN data for test...
    119825 patches indexed
    8209 filtered patches indexed
    100 patches indexed considering max_len
Merged metadata with snow/cloud metadata
Loaded 549488 labels
Loaded 549488 keys
Loaded mapping created
Pre-filtered 15549 patches based on country and season (split ignored)
Loading BEN data for train...
    237871 patches indexed
    7150 filtered patches indexed
    100 patches indexed considering max_len
Merged metadata with snow/cloud metadata
Loaded 549488 labels
Loaded 549488 keys
Loaded mapping created
Pre-filtered 15549 patches based on country and season (split ignored)
Loading BEN data for test...
    119825 patches indexed
    4263 filtered patches indexed
    100 patches indexed considering max_len
Merged metadata with snow/cloud metadata
Loaded 549488 labels
Loaded 549488 keys
Loaded mapping created
Pre-filtered 13683 patches based on country and season (split ignored)
Loading BEN data for train...
    237871 patches indexed
    7180 filtered patches indexed
    100 patches indexed considering max_len
Merged metadata with snow/cloud metadata
Loaded 549488 labels
Loaded 549488 keys
Loaded mapping created
Pre-filtered 13683 patches based on country and season (split ignored)
Loading BEN data for test...
    119825 patches indexed
    3248 filtered patches indexed
    100 patches indexed considering max_len
Merged metadata with snow/cloud metadata
Loaded 549488 labels
Loaded 549488 keys
Loaded mapping created
Pre-filtered 59999 patches based on country and season (split ignored)
Loading BEN data for test...
    119825 patches indexed
    15720 filtered patches indexed
    100 patches indexed considering max_len
Merged metadata with snow/cloud metadata
Loaded 549488 labels
Loaded 549488 keys
Loaded mapping created
Pre-filtered 59999 patches based on country and season (split ignored)
Loading BEN data for train...
    237871 patches indexed
    29135 filtered patches indexed
    100 patches indexed considering max_len
Merged metadata with snow/cloud metadata
Loaded 549488 labels
Loaded 549488 keys
Loaded mapping created
Loading BEN data for train...
    237871 patches indexed
    237871 filtered patches indexed
    100 patches indexed considering max_len
Merged metadata with snow/cloud metadata
Loaded 549488 labels
Loaded 549488 keys
Loaded mapping created
==================================================
ROUND 1/8
==================================================
[INFO] Saving initial model state...
[DEBUG] Keys missing after pruning: set()
[DEBUG] Additional keys after pruning: set()
[INFO] Epoch 1/3
----------
[INFO] Epoch 2/3
----------
[INFO] Epoch 3/3
----------
[DEBUG] Saving final model state...
[DEBUG] Keys missing after training: set()
[DEBUG] Additional keys after training: set()
[INFO] Saving initial model state...
[DEBUG] Keys missing after pruning: set()
[DEBUG] Additional keys after pruning: set()
[INFO] Epoch 1/3
----------
[INFO] Epoch 2/3
----------
[INFO] Epoch 3/3
----------
[DEBUG] Saving final model state...
[DEBUG] Keys missing after training: set()
[DEBUG] Additional keys after training: set()
[INFO] Saving initial model state...
[DEBUG] Keys missing after pruning: set()
[DEBUG] Additional keys after pruning: set()
[INFO] Epoch 1/3
----------
[INFO] Epoch 2/3
----------
[INFO] Epoch 3/3
----------
[DEBUG] Saving final model state...
[DEBUG] Keys missing after training: set()
[DEBUG] Additional keys after training: set()
micro     precision: 0.0000 | recall: 0.0000 | f1-score: 0.0000 | support: 101 | mAP: 0.0532
macro     precision: 0.0000 | recall: 0.0000 | f1-score: 0.0000 | support: 101 | mAP: 0.0532

==================================================
ROUND 2/8
==================================================
Created train_loader1 with 30 patches.
Starting relevance computation and pruning mask generation.
Type of components_relevances: <class 'collections.OrderedDict'>
Layer: conv1
Total layer relevance: 6.571064132716423e+37
--------------------------------------------------
Layer: encoder.4.0.conv1
Total layer relevance: 4.657181989479765e+37
--------------------------------------------------
Layer: encoder.4.0.conv2
Total layer relevance: 3.204832668557322e+37
--------------------------------------------------
Layer: encoder.4.0.conv3
Total layer relevance: 7.615632819726128e+36
--------------------------------------------------
Layer: encoder.4.0.downsample.0
Total layer relevance: 7.583089059691769e+36
--------------------------------------------------
Layer: encoder.4.1.conv1
Total layer relevance: 3.640656078900718e+35
--------------------------------------------------
Layer: encoder.4.1.conv2
Total layer relevance: 2.7879102931128764e+35
--------------------------------------------------
Layer: encoder.4.1.conv3
Total layer relevance: 4.748431971921007e+34
--------------------------------------------------
Layer: encoder.4.2.conv1
Total layer relevance: 2.816135635493593e+33
--------------------------------------------------
Layer: encoder.4.2.conv2
Total layer relevance: 1.995020529925934e+33
--------------------------------------------------
Layer: encoder.4.2.conv3
Total layer relevance: 3.908922562897615e+32
--------------------------------------------------
Layer: encoder.5.0.conv1
Total layer relevance: 1.4927432791116623e+31
--------------------------------------------------
Layer: encoder.5.0.conv2
Total layer relevance: 1.0409854715312237e+31
--------------------------------------------------
Layer: encoder.5.0.conv3
Total layer relevance: 3.14945334847653e+30
--------------------------------------------------
Layer: encoder.5.0.downsample.0
Total layer relevance: 3.221971670460478e+30
--------------------------------------------------
Layer: encoder.5.1.conv1
Total layer relevance: 1.6640992355363705e+29
--------------------------------------------------
Layer: encoder.5.1.conv2
Total layer relevance: 1.225703821044287e+29
--------------------------------------------------
Layer: encoder.5.1.conv3
Total layer relevance: 2.0669942127698165e+28
--------------------------------------------------
Layer: encoder.5.2.conv1
Total layer relevance: 9.913363644494726e+26
--------------------------------------------------
Layer: encoder.5.2.conv2
Total layer relevance: 8.001532020649024e+26
--------------------------------------------------
Layer: encoder.5.2.conv3
Total layer relevance: 8.314445616110885e+25
--------------------------------------------------
Layer: encoder.5.3.conv1
Total layer relevance: 2.0054768371893025e+24
--------------------------------------------------
Layer: encoder.5.3.conv2
Total layer relevance: 1.5597715067967269e+24
--------------------------------------------------
Layer: encoder.5.3.conv3
Total layer relevance: 3.3778564457949045e+23
--------------------------------------------------
Layer: encoder.6.0.conv1
Total layer relevance: 8.1484140342472e+21
--------------------------------------------------
Layer: encoder.6.0.conv2
Total layer relevance: 5.569839224049436e+21
--------------------------------------------------
Layer: encoder.6.0.conv3
Total layer relevance: 1.4713652640211922e+21
--------------------------------------------------
Layer: encoder.6.0.downsample.0
Total layer relevance: 1.466071564134195e+21
--------------------------------------------------
Layer: encoder.6.1.conv1
Total layer relevance: 3.9705401174526e+19
--------------------------------------------------
Layer: encoder.6.1.conv2
Total layer relevance: 2.685511191256839e+19
--------------------------------------------------
Layer: encoder.6.1.conv3
Total layer relevance: 7.488330593596342e+18
--------------------------------------------------
Layer: encoder.6.2.conv1
Total layer relevance: 4.85840721929044e+17
--------------------------------------------------
Layer: encoder.6.2.conv2
Total layer relevance: 3.4727683062287565e+17
--------------------------------------------------
Layer: encoder.6.2.conv3
Total layer relevance: 7.701938077643571e+16
--------------------------------------------------
Layer: encoder.6.3.conv1
Total layer relevance: 6489321922101248.0
--------------------------------------------------
Layer: encoder.6.3.conv2
Total layer relevance: 4518181578211328.0
--------------------------------------------------
Layer: encoder.6.3.conv3
Total layer relevance: 511735387652096.0
--------------------------------------------------
Layer: encoder.6.4.conv1
Total layer relevance: 13787830681600.0
--------------------------------------------------
Layer: encoder.6.4.conv2
Total layer relevance: 9779649970176.0
--------------------------------------------------
Layer: encoder.6.4.conv3
Total layer relevance: 2424406540288.0
--------------------------------------------------
Layer: encoder.6.5.conv1
Total layer relevance: 322537324544.0
--------------------------------------------------
Layer: encoder.6.5.conv2
Total layer relevance: 216089067520.0
--------------------------------------------------
Layer: encoder.6.5.conv3
Total layer relevance: 18435500032.0
--------------------------------------------------
Layer: encoder.7.0.conv1
Total layer relevance: 1079067520.0
--------------------------------------------------
Layer: encoder.7.0.conv2
Total layer relevance: 816802688.0
--------------------------------------------------
Layer: encoder.7.0.conv3
Total layer relevance: 59295412.0
--------------------------------------------------
Layer: encoder.7.0.downsample.0
Total layer relevance: 57711012.0
--------------------------------------------------
Layer: encoder.7.1.conv1
Total layer relevance: 2066421.25
--------------------------------------------------
Layer: encoder.7.1.conv2
Total layer relevance: 1715520.25
--------------------------------------------------
Layer: encoder.7.1.conv3
Total layer relevance: 134959.5
--------------------------------------------------
Layer: encoder.7.2.conv1
Total layer relevance: 12006.6064453125
--------------------------------------------------
Layer: encoder.7.2.conv2
Total layer relevance: 11806.009765625
--------------------------------------------------
Layer: encoder.7.2.conv3
Total layer relevance: 1998.22900390625
--------------------------------------------------
Pruner is attempting to add a new key: conv1. This is not allowed!
Pruner is attempting to add a new key: encoder.4.0.conv1. This is not allowed!
Pruner is attempting to add a new key: encoder.4.0.conv2. This is not allowed!
Pruner is attempting to add a new key: encoder.4.0.conv3. This is not allowed!
Pruner is attempting to add a new key: encoder.4.0.downsample.0. This is not allowed!
Pruner is attempting to add a new key: encoder.4.1.conv1. This is not allowed!
Pruner is attempting to add a new key: encoder.4.1.conv2. This is not allowed!
Pruner is attempting to add a new key: encoder.4.1.conv3. This is not allowed!
Pruner is attempting to add a new key: encoder.4.2.conv1. This is not allowed!
Pruner is attempting to add a new key: encoder.4.2.conv2. This is not allowed!
Pruner is attempting to add a new key: encoder.4.2.conv3. This is not allowed!
Pruner is attempting to add a new key: encoder.5.0.conv1. This is not allowed!
Pruner is attempting to add a new key: encoder.5.0.conv2. This is not allowed!
Pruner is attempting to add a new key: encoder.5.0.conv3. This is not allowed!
Pruner is attempting to add a new key: encoder.5.0.downsample.0. This is not allowed!
Pruner is attempting to add a new key: encoder.5.1.conv1. This is not allowed!
Pruner is attempting to add a new key: encoder.5.1.conv2. This is not allowed!
Pruner is attempting to add a new key: encoder.5.1.conv3. This is not allowed!
Pruner is attempting to add a new key: encoder.5.2.conv1. This is not allowed!
Pruner is attempting to add a new key: encoder.5.2.conv2. This is not allowed!
Pruner is attempting to add a new key: encoder.5.2.conv3. This is not allowed!
Pruner is attempting to add a new key: encoder.5.3.conv1. This is not allowed!
Pruner is attempting to add a new key: encoder.5.3.conv2. This is not allowed!
Pruner is attempting to add a new key: encoder.5.3.conv3. This is not allowed!
Pruner is attempting to add a new key: encoder.6.0.conv1. This is not allowed!
Pruner is attempting to add a new key: encoder.6.0.conv2. This is not allowed!
Pruner is attempting to add a new key: encoder.6.0.conv3. This is not allowed!
Pruner is attempting to add a new key: encoder.6.0.downsample.0. This is not allowed!
Pruner is attempting to add a new key: encoder.6.1.conv1. This is not allowed!
Pruner is attempting to add a new key: encoder.6.1.conv2. This is not allowed!
Pruner is attempting to add a new key: encoder.6.1.conv3. This is not allowed!
Pruner is attempting to add a new key: encoder.6.2.conv1. This is not allowed!
Pruner is attempting to add a new key: encoder.6.2.conv2. This is not allowed!
Pruner is attempting to add a new key: encoder.6.2.conv3. This is not allowed!
Pruner is attempting to add a new key: encoder.6.3.conv1. This is not allowed!
Pruner is attempting to add a new key: encoder.6.3.conv2. This is not allowed!
Pruner is attempting to add a new key: encoder.6.3.conv3. This is not allowed!
Pruner is attempting to add a new key: encoder.6.4.conv1. This is not allowed!
Pruner is attempting to add a new key: encoder.6.4.conv2. This is not allowed!
Pruner is attempting to add a new key: encoder.6.4.conv3. This is not allowed!
Pruner is attempting to add a new key: encoder.6.5.conv1. This is not allowed!
Pruner is attempting to add a new key: encoder.6.5.conv2. This is not allowed!
Pruner is attempting to add a new key: encoder.6.5.conv3. This is not allowed!
Pruner is attempting to add a new key: encoder.7.0.conv1. This is not allowed!
Pruner is attempting to add a new key: encoder.7.0.conv2. This is not allowed!
Pruner is attempting to add a new key: encoder.7.0.conv3. This is not allowed!
Pruner is attempting to add a new key: encoder.7.0.downsample.0. This is not allowed!
Pruner is attempting to add a new key: encoder.7.1.conv1. This is not allowed!
Pruner is attempting to add a new key: encoder.7.1.conv2. This is not allowed!
Pruner is attempting to add a new key: encoder.7.1.conv3. This is not allowed!
Pruner is attempting to add a new key: encoder.7.2.conv1. This is not allowed!
Pruner is attempting to add a new key: encoder.7.2.conv2. This is not allowed!
Pruner is attempting to add a new key: encoder.7.2.conv3. This is not allowed!
Global Pruning Mask: OrderedDict()
Keys missing after pruning: {'encoder.5.3.conv1.bias', 'encoder.5.0.bn3.weight', 'encoder.5.2.bn3.num_batches_tracked', 'encoder.6.4.conv2.weight', 'encoder.4.1.conv3.weight', 'encoder.7.1.conv2.bias', 'encoder.6.0.bn1.weight', 'encoder.6.4.bn3.running_mean', 'encoder.6.3.bn1.running_var', 'encoder.7.0.downsample.1.running_mean', 'encoder.6.4.bn3.running_var', 'encoder.6.0.bn2.running_var', 'encoder.6.2.bn2.running_var', 'encoder.5.0.bn1.bias', 'encoder.6.1.conv1.bias', 'encoder.7.0.bn1.running_mean', 'encoder.4.0.bn1.bias', 'encoder.4.2.bn2.running_var', 'encoder.6.3.bn1.bias', 'encoder.6.4.bn3.weight', 'encoder.4.0.downsample.1.running_var', 'encoder.5.2.bn1.running_mean', 'FC.bias', 'encoder.5.3.conv1.weight', 'encoder.6.0.conv2.weight', 'encoder.5.3.bn1.running_mean', 'encoder.6.4.bn2.bias', 'encoder.5.3.bn2.weight', 'encoder.6.3.bn2.running_var', 'encoder.5.3.bn1.weight', 'encoder.5.2.conv1.weight', 'encoder.6.2.conv3.weight', 'encoder.5.3.bn2.running_mean', 'encoder.5.0.bn2.running_mean', 'encoder.7.2.conv2.weight', 'encoder.6.5.conv1.bias', 'encoder.6.5.conv2.bias', 'encoder.5.0.conv3.weight', 'encoder.7.1.bn3.weight', 'encoder.7.0.conv3.bias', 'encoder.6.1.bn1.weight', 'encoder.6.0.downsample.1.bias', 'encoder.1.bias', 'encoder.5.0.conv1.weight', 'encoder.4.2.bn1.num_batches_tracked', 'encoder.6.2.bn2.weight', 'conv1.bias', 'encoder.6.0.bn3.weight', 'encoder.4.1.bn3.running_mean', 'encoder.5.2.conv2.weight', 'encoder.5.0.conv3.bias', 'encoder.6.0.downsample.0.weight', 'encoder.6.2.bn3.running_mean', 'encoder.6.4.bn1.weight', 'encoder.7.0.bn3.running_var', 'encoder.6.3.bn3.num_batches_tracked', 'encoder.5.2.conv3.weight', 'encoder.6.1.bn1.running_mean', 'encoder.6.1.conv2.bias', 'encoder.6.1.bn2.num_batches_tracked', 'encoder.6.1.conv2.weight', 'encoder.4.2.conv3.bias', 'encoder.7.2.conv1.weight', 'encoder.6.4.bn1.running_var', 'encoder.7.1.bn3.running_mean', 'encoder.5.1.bn2.running_mean', 'encoder.6.0.bn2.running_mean', 'encoder.6.2.bn3.num_batches_tracked', 'encoder.4.1.conv1.bias', 'encoder.5.2.bn3.running_mean', 'encoder.5.0.bn2.weight', 'encoder.6.2.bn3.bias', 'encoder.4.0.conv3.bias', 'encoder.7.1.conv1.weight', 'encoder.5.1.conv3.weight', 'encoder.7.0.bn3.bias', 'encoder.6.0.bn2.weight', 'encoder.7.2.conv3.bias', 'encoder.5.1.bn1.weight', 'encoder.6.5.bn3.weight', 'encoder.4.1.bn1.weight', 'encoder.4.0.bn1.running_mean', 'encoder.7.0.bn3.weight', 'encoder.6.2.bn2.running_mean', 'encoder.4.2.bn1.weight', 'encoder.5.2.conv2.bias', 'encoder.6.2.conv2.weight', 'encoder.6.2.bn2.bias', 'encoder.7.1.bn1.weight', 'encoder.7.1.bn1.running_mean', 'encoder.4.2.bn1.bias', 'encoder.7.2.bn2.bias', 'encoder.5.3.bn2.num_batches_tracked', 'encoder.4.0.downsample.1.num_batches_tracked', 'encoder.6.3.conv3.bias', 'encoder.6.0.downsample.1.running_var', 'encoder.6.3.bn3.running_var', 'encoder.6.1.bn3.bias', 'encoder.4.1.bn3.weight', 'encoder.7.1.bn2.running_var', 'encoder.6.0.bn1.running_var', 'encoder.4.1.conv1.weight', 'encoder.5.0.bn3.running_mean', 'encoder.6.1.bn2.bias', 'encoder.5.1.conv2.bias', 'encoder.6.2.bn1.bias', 'encoder.5.2.bn2.running_mean', 'encoder.4.2.conv2.bias', 'encoder.7.0.bn1.running_var', 'encoder.6.3.bn3.weight', 'encoder.7.0.conv3.weight', 'encoder.7.2.bn2.weight', 'encoder.6.5.bn2.running_mean', 'encoder.5.3.bn3.weight', 'encoder.7.0.bn2.running_var', 'encoder.7.0.downsample.0.bias', 'encoder.6.4.bn3.num_batches_tracked', 'encoder.1.num_batches_tracked', 'encoder.6.4.bn2.num_batches_tracked', 'encoder.1.running_var', 'encoder.6.5.bn1.num_batches_tracked', 'encoder.6.4.conv3.bias', 'encoder.5.2.bn2.num_batches_tracked', 'encoder.5.2.bn3.weight', 'encoder.5.3.bn1.num_batches_tracked', 'encoder.4.2.bn2.weight', 'encoder.6.0.bn1.num_batches_tracked', 'encoder.5.1.bn3.running_var', 'encoder.4.0.bn2.weight', 'encoder.6.3.bn2.weight', 'encoder.7.1.bn3.running_var', 'encoder.4.0.conv1.bias', 'encoder.4.1.conv3.bias', 'encoder.6.5.bn3.bias', 'encoder.4.0.bn3.running_var', 'encoder.6.2.bn1.weight', 'encoder.5.1.conv3.bias', 'encoder.6.5.bn2.num_batches_tracked', 'encoder.4.2.bn2.bias', 'encoder.4.1.bn1.num_batches_tracked', 'encoder.5.0.bn3.bias', 'encoder.5.3.bn2.running_var', 'conv1.weight', 'encoder.6.5.bn2.bias', 'encoder.7.2.bn3.running_var', 'encoder.7.0.conv1.bias', 'encoder.4.0.bn3.running_mean', 'encoder.6.1.bn3.weight', 'encoder.5.2.bn3.bias', 'encoder.5.2.bn1.weight', 'encoder.5.3.bn1.running_var', 'encoder.6.4.bn1.bias', 'encoder.6.3.bn1.num_batches_tracked', 'encoder.6.2.conv3.bias', 'encoder.5.0.downsample.1.bias', 'encoder.7.1.bn1.running_var', 'encoder.7.2.conv3.weight', 'encoder.7.0.bn1.bias', 'encoder.6.2.conv1.weight', 'encoder.7.0.conv2.weight', 'encoder.4.1.bn2.running_mean', 'encoder.6.2.bn1.num_batches_tracked', 'encoder.7.0.conv1.weight', 'encoder.4.2.bn2.running_mean', 'encoder.5.0.conv2.weight', 'encoder.7.1.bn3.bias', 'encoder.5.3.bn3.num_batches_tracked', 'encoder.6.0.bn1.running_mean', 'encoder.6.5.bn2.weight', 'encoder.5.0.downsample.1.weight', 'encoder.4.0.conv3.weight', 'encoder.5.3.conv2.bias', 'encoder.7.1.conv1.bias', 'encoder.7.0.downsample.1.weight', 'encoder.6.1.conv3.weight', 'encoder.6.4.conv3.weight', 'encoder.6.0.downsample.0.bias', 'encoder.6.3.bn2.running_mean', 'encoder.0.bias', 'encoder.6.5.bn3.num_batches_tracked', 'encoder.4.2.conv2.weight', 'encoder.5.3.bn3.running_var', 'encoder.4.2.conv3.weight', 'encoder.5.3.bn1.bias', 'encoder.5.0.bn3.running_var', 'encoder.5.2.bn2.weight', 'encoder.5.2.bn1.num_batches_tracked', 'encoder.4.1.bn2.running_var', 'encoder.6.3.bn2.bias', 'encoder.6.1.bn1.num_batches_tracked', 'encoder.7.2.bn2.running_var', 'encoder.4.0.downsample.1.bias', 'encoder.4.1.bn1.running_var', 'encoder.7.2.bn2.num_batches_tracked', 'encoder.7.2.bn3.weight', 'encoder.7.0.bn1.num_batches_tracked', 'encoder.6.3.bn3.running_mean', 'encoder.7.1.bn2.running_mean', 'encoder.6.1.bn1.running_var', 'encoder.7.1.bn2.bias', 'encoder.6.0.conv1.weight', 'encoder.4.0.bn1.running_var', 'encoder.4.2.bn2.num_batches_tracked', 'encoder.7.2.conv2.bias', 'encoder.5.2.bn1.bias', 'encoder.5.3.bn3.running_mean', 'encoder.5.3.conv3.bias', 'encoder.5.3.bn3.bias', 'encoder.4.0.bn1.num_batches_tracked', 'encoder.5.0.bn3.num_batches_tracked', 'encoder.5.0.conv2.bias', 'encoder.4.2.conv1.weight', 'encoder.5.0.bn1.running_mean', 'encoder.5.1.bn3.bias', 'encoder.5.1.bn2.bias', 'encoder.7.2.bn3.running_mean', 'encoder.7.2.bn3.num_batches_tracked', 'encoder.5.1.conv1.bias', 'encoder.5.1.conv2.weight', 'encoder.6.1.bn3.running_var', 'encoder.6.0.bn3.running_var', 'encoder.6.3.bn2.num_batches_tracked', 'encoder.6.0.bn1.bias', 'encoder.5.1.bn2.num_batches_tracked', 'encoder.6.5.conv2.weight', 'encoder.6.4.conv1.weight', 'encoder.7.0.bn3.num_batches_tracked', 'encoder.7.2.bn2.running_mean', 'encoder.7.1.bn3.num_batches_tracked', 'encoder.4.1.conv2.bias', 'encoder.5.1.conv1.weight', 'encoder.6.5.bn1.running_var', 'encoder.4.1.conv2.weight', 'encoder.6.0.downsample.1.weight', 'encoder.5.1.bn1.running_mean', 'encoder.4.2.bn3.num_batches_tracked', 'encoder.6.1.bn1.bias', 'encoder.7.1.bn1.num_batches_tracked', 'encoder.4.1.bn2.bias', 'encoder.5.1.bn3.running_mean', 'encoder.1.running_mean', 'encoder.6.2.bn3.running_var', 'encoder.7.1.conv3.weight', 'encoder.4.0.downsample.0.bias', 'encoder.4.1.bn1.running_mean', 'encoder.6.3.conv2.weight', 'encoder.4.0.bn3.weight', 'encoder.6.1.bn2.running_mean', 'encoder.6.1.conv1.weight', 'encoder.4.0.bn2.running_mean', 'encoder.6.4.bn2.running_mean', 'encoder.6.5.bn3.running_var', 'encoder.1.weight', 'encoder.4.1.bn2.weight', 'encoder.6.3.conv2.bias', 'encoder.5.1.bn3.weight', 'encoder.5.0.bn1.weight', 'encoder.6.4.bn1.running_mean', 'encoder.6.2.bn3.weight', 'encoder.6.5.bn1.bias', 'encoder.5.2.bn2.bias', 'encoder.5.1.bn1.num_batches_tracked', 'encoder.6.4.bn3.bias', 'encoder.7.1.bn2.num_batches_tracked', 'encoder.7.0.bn2.weight', 'encoder.6.2.conv2.bias', 'encoder.6.1.bn3.running_mean', 'encoder.4.0.bn2.num_batches_tracked', 'encoder.5.1.bn1.running_var', 'encoder.6.4.bn2.running_var', 'encoder.6.2.conv1.bias', 'encoder.7.2.conv1.bias', 'encoder.6.0.downsample.1.num_batches_tracked', 'encoder.4.2.bn3.running_mean', 'encoder.6.0.bn3.running_mean', 'encoder.7.1.bn1.bias', 'encoder.6.5.bn1.running_mean', 'encoder.6.0.conv3.bias', 'encoder.5.1.bn2.running_var', 'encoder.6.4.conv2.bias', 'encoder.6.5.bn3.running_mean', 'encoder.6.1.bn3.num_batches_tracked', 'encoder.4.2.bn1.running_var', 'encoder.4.2.conv1.bias', 'encoder.4.2.bn3.weight', 'encoder.5.0.downsample.0.weight', 'encoder.5.0.conv1.bias', 'encoder.5.1.bn2.weight', 'encoder.7.0.bn3.running_mean', 'encoder.4.1.bn3.running_var', 'encoder.7.0.bn2.num_batches_tracked', 'encoder.4.1.bn3.num_batches_tracked', 'encoder.4.0.conv2.weight', 'encoder.5.0.bn2.num_batches_tracked', 'encoder.7.0.bn1.weight', 'encoder.7.2.bn3.bias', 'encoder.4.0.conv2.bias', 'encoder.6.4.conv1.bias', 'encoder.5.3.bn2.bias', 'encoder.6.2.bn1.running_mean', 'encoder.7.0.bn2.running_mean', 'encoder.6.0.bn2.num_batches_tracked', 'encoder.6.3.conv1.weight', 'encoder.4.2.bn3.bias', 'encoder.4.0.downsample.1.weight', 'encoder.4.0.bn1.weight', 'encoder.6.5.conv3.weight', 'encoder.4.0.bn3.bias', 'encoder.7.2.bn1.running_mean', 'encoder.4.1.bn2.num_batches_tracked', 'encoder.6.1.bn2.running_var', 'encoder.6.3.conv3.weight', 'encoder.7.2.bn1.running_var', 'encoder.4.0.downsample.0.weight', 'encoder.6.0.bn3.bias', 'encoder.6.0.conv3.weight', 'encoder.5.0.bn1.running_var', 'encoder.5.2.bn2.running_var', 'encoder.6.1.bn2.weight', 'encoder.6.4.bn1.num_batches_tracked', 'encoder.4.0.bn2.running_var', 'encoder.6.3.bn3.bias', 'encoder.6.2.bn1.running_var', 'encoder.6.3.bn1.weight', 'encoder.5.2.conv1.bias', 'encoder.6.0.downsample.1.running_mean', 'encoder.6.3.conv1.bias', 'encoder.7.0.conv2.bias', 'encoder.7.1.conv2.weight', 'encoder.6.0.conv1.bias', 'encoder.0.weight', 'encoder.7.1.conv3.bias', 'encoder.7.0.bn2.bias', 'encoder.5.0.downsample.0.bias', 'encoder.7.2.bn1.num_batches_tracked', 'encoder.6.0.bn3.num_batches_tracked', 'encoder.7.0.downsample.1.bias', 'encoder.5.0.bn2.bias', 'encoder.6.5.conv1.weight', 'encoder.6.4.bn2.weight', 'encoder.5.2.conv3.bias', 'encoder.6.5.bn1.weight', 'encoder.5.1.bn1.bias', 'encoder.7.2.bn1.bias', 'encoder.4.0.conv1.weight', 'encoder.4.2.bn3.running_var', 'encoder.6.2.bn2.num_batches_tracked', 'encoder.7.2.bn1.weight', 'encoder.4.1.bn3.bias', 'encoder.6.1.conv3.bias', 'encoder.5.2.bn3.running_var', 'encoder.5.0.bn1.num_batches_tracked', 'encoder.6.5.conv3.bias', 'encoder.5.3.conv3.weight', 'FC.weight', 'encoder.6.0.conv2.bias', 'encoder.4.0.bn2.bias', 'encoder.5.0.bn2.running_var', 'encoder.5.3.conv2.weight', 'encoder.7.0.downsample.1.num_batches_tracked', 'encoder.7.0.downsample.1.running_var', 'encoder.5.1.bn3.num_batches_tracked', 'encoder.6.0.bn2.bias', 'encoder.5.0.downsample.1.running_mean', 'encoder.4.2.bn1.running_mean', 'encoder.5.2.bn1.running_var', 'encoder.4.0.bn3.num_batches_tracked', 'encoder.7.1.bn2.weight', 'encoder.4.1.bn1.bias', 'encoder.5.0.downsample.1.num_batches_tracked', 'encoder.4.0.downsample.1.running_mean', 'encoder.6.3.bn1.running_mean', 'encoder.5.0.downsample.1.running_var', 'encoder.6.5.bn2.running_var', 'encoder.7.0.downsample.0.weight'}
Additional keys after pruning: set()
Distributing pruning mask to clients...
[WARNING] Client state_dict does not match global model: {'encoder.5.3.conv1.bias', 'encoder.7.1.conv2.bias', 'encoder.6.1.conv1.bias', 'encoder.6.5.conv1.bias', 'encoder.6.5.conv2.bias', 'encoder.7.0.conv3.bias', 'conv1.bias', 'encoder.5.0.conv3.bias', 'encoder.6.1.conv2.bias', 'encoder.4.2.conv3.bias', 'encoder.4.1.conv1.bias', 'encoder.4.0.conv3.bias', 'encoder.7.2.conv3.bias', 'encoder.5.2.conv2.bias', 'encoder.6.3.conv3.bias', 'encoder.5.1.conv2.bias', 'encoder.4.2.conv2.bias', 'encoder.7.0.downsample.0.bias', 'encoder.6.4.conv3.bias', 'encoder.4.0.conv1.bias', 'encoder.4.1.conv3.bias', 'encoder.5.1.conv3.bias', 'encoder.7.0.conv1.bias', 'encoder.6.2.conv3.bias', 'encoder.5.3.conv2.bias', 'encoder.7.1.conv1.bias', 'encoder.6.0.downsample.0.bias', 'encoder.0.bias', 'encoder.7.2.conv2.bias', 'encoder.5.3.conv3.bias', 'encoder.5.0.conv2.bias', 'encoder.5.1.conv1.bias', 'encoder.4.1.conv2.bias', 'encoder.4.0.downsample.0.bias', 'encoder.6.3.conv2.bias', 'encoder.6.2.conv2.bias', 'encoder.6.2.conv1.bias', 'encoder.7.2.conv1.bias', 'encoder.6.0.conv3.bias', 'encoder.6.4.conv2.bias', 'encoder.4.2.conv1.bias', 'encoder.5.0.conv1.bias', 'encoder.4.0.conv2.bias', 'encoder.6.4.conv1.bias', 'encoder.5.2.conv1.bias', 'encoder.6.3.conv1.bias', 'encoder.7.0.conv2.bias', 'encoder.6.0.conv1.bias', 'encoder.7.1.conv3.bias', 'encoder.5.0.downsample.0.bias', 'encoder.5.2.conv3.bias', 'encoder.6.1.conv3.bias', 'encoder.6.5.conv3.bias', 'encoder.6.0.conv2.bias'}
[WARNING] Client state_dict does not match global model: {'encoder.5.3.conv1.bias', 'encoder.7.1.conv2.bias', 'encoder.6.1.conv1.bias', 'encoder.6.5.conv1.bias', 'encoder.6.5.conv2.bias', 'encoder.7.0.conv3.bias', 'conv1.bias', 'encoder.5.0.conv3.bias', 'encoder.6.1.conv2.bias', 'encoder.4.2.conv3.bias', 'encoder.4.1.conv1.bias', 'encoder.4.0.conv3.bias', 'encoder.7.2.conv3.bias', 'encoder.5.2.conv2.bias', 'encoder.6.3.conv3.bias', 'encoder.5.1.conv2.bias', 'encoder.4.2.conv2.bias', 'encoder.7.0.downsample.0.bias', 'encoder.6.4.conv3.bias', 'encoder.4.0.conv1.bias', 'encoder.4.1.conv3.bias', 'encoder.5.1.conv3.bias', 'encoder.7.0.conv1.bias', 'encoder.6.2.conv3.bias', 'encoder.5.3.conv2.bias', 'encoder.7.1.conv1.bias', 'encoder.6.0.downsample.0.bias', 'encoder.0.bias', 'encoder.7.2.conv2.bias', 'encoder.5.3.conv3.bias', 'encoder.5.0.conv2.bias', 'encoder.5.1.conv1.bias', 'encoder.4.1.conv2.bias', 'encoder.4.0.downsample.0.bias', 'encoder.6.3.conv2.bias', 'encoder.6.2.conv2.bias', 'encoder.6.2.conv1.bias', 'encoder.7.2.conv1.bias', 'encoder.6.0.conv3.bias', 'encoder.6.4.conv2.bias', 'encoder.4.2.conv1.bias', 'encoder.5.0.conv1.bias', 'encoder.4.0.conv2.bias', 'encoder.6.4.conv1.bias', 'encoder.5.2.conv1.bias', 'encoder.6.3.conv1.bias', 'encoder.7.0.conv2.bias', 'encoder.6.0.conv1.bias', 'encoder.7.1.conv3.bias', 'encoder.5.0.downsample.0.bias', 'encoder.5.2.conv3.bias', 'encoder.6.1.conv3.bias', 'encoder.6.5.conv3.bias', 'encoder.6.0.conv2.bias'}
[WARNING] Client state_dict does not match global model: {'encoder.5.3.conv1.bias', 'encoder.7.1.conv2.bias', 'encoder.6.1.conv1.bias', 'encoder.6.5.conv1.bias', 'encoder.6.5.conv2.bias', 'encoder.7.0.conv3.bias', 'conv1.bias', 'encoder.5.0.conv3.bias', 'encoder.6.1.conv2.bias', 'encoder.4.2.conv3.bias', 'encoder.4.1.conv1.bias', 'encoder.4.0.conv3.bias', 'encoder.7.2.conv3.bias', 'encoder.5.2.conv2.bias', 'encoder.6.3.conv3.bias', 'encoder.5.1.conv2.bias', 'encoder.4.2.conv2.bias', 'encoder.7.0.downsample.0.bias', 'encoder.6.4.conv3.bias', 'encoder.4.0.conv1.bias', 'encoder.4.1.conv3.bias', 'encoder.5.1.conv3.bias', 'encoder.7.0.conv1.bias', 'encoder.6.2.conv3.bias', 'encoder.5.3.conv2.bias', 'encoder.7.1.conv1.bias', 'encoder.6.0.downsample.0.bias', 'encoder.0.bias', 'encoder.7.2.conv2.bias', 'encoder.5.3.conv3.bias', 'encoder.5.0.conv2.bias', 'encoder.5.1.conv1.bias', 'encoder.4.1.conv2.bias', 'encoder.4.0.downsample.0.bias', 'encoder.6.3.conv2.bias', 'encoder.6.2.conv2.bias', 'encoder.6.2.conv1.bias', 'encoder.7.2.conv1.bias', 'encoder.6.0.conv3.bias', 'encoder.6.4.conv2.bias', 'encoder.4.2.conv1.bias', 'encoder.5.0.conv1.bias', 'encoder.4.0.conv2.bias', 'encoder.6.4.conv1.bias', 'encoder.5.2.conv1.bias', 'encoder.6.3.conv1.bias', 'encoder.7.0.conv2.bias', 'encoder.6.0.conv1.bias', 'encoder.7.1.conv3.bias', 'encoder.5.0.downsample.0.bias', 'encoder.5.2.conv3.bias', 'encoder.6.1.conv3.bias', 'encoder.6.5.conv3.bias', 'encoder.6.0.conv2.bias'}
[INFO] Saving initial model state...
[INFO] Pruning mask detected.
[INFO] Pruning the model...
[DEBUG] Keys missing after pruning: set()
[DEBUG] Additional keys after pruning: set()
[INFO] Epoch 1/3
----------
[INFO] Epoch 2/3
----------
[INFO] Epoch 3/3
----------
[DEBUG] Saving final model state...
[DEBUG] Keys missing after training: set()
[DEBUG] Additional keys after training: set()
[INFO] Saving initial model state...
[INFO] Pruning mask detected.
[INFO] Pruning the model...
[DEBUG] Keys missing after pruning: set()
[DEBUG] Additional keys after pruning: set()
[INFO] Epoch 1/3
----------
[INFO] Epoch 2/3
----------
[INFO] Epoch 3/3
----------
[DEBUG] Saving final model state...
[DEBUG] Keys missing after training: set()
[DEBUG] Additional keys after training: set()
[INFO] Saving initial model state...
[INFO] Pruning mask detected.
[INFO] Pruning the model...
[DEBUG] Keys missing after pruning: set()
[DEBUG] Additional keys after pruning: set()
[INFO] Epoch 1/3
----------
[INFO] Epoch 2/3
----------
[INFO] Epoch 3/3
----------
[DEBUG] Saving final model state...
[DEBUG] Keys missing after training: set()
[DEBUG] Additional keys after training: set()
Skipping key: conv1.bias, not found in update aggregation
Skipping key: encoder.0.bias, not found in update aggregation
Skipping key: encoder.4.0.conv1.bias, not found in update aggregation
Skipping key: encoder.4.0.conv2.bias, not found in update aggregation
Skipping key: encoder.4.0.conv3.bias, not found in update aggregation
Skipping key: encoder.4.0.downsample.0.bias, not found in update aggregation
Skipping key: encoder.4.1.conv1.bias, not found in update aggregation
Skipping key: encoder.4.1.conv2.bias, not found in update aggregation
Skipping key: encoder.4.1.conv3.bias, not found in update aggregation
Skipping key: encoder.4.2.conv1.bias, not found in update aggregation
Skipping key: encoder.4.2.conv2.bias, not found in update aggregation
Skipping key: encoder.4.2.conv3.bias, not found in update aggregation
Skipping key: encoder.5.0.conv1.bias, not found in update aggregation
Skipping key: encoder.5.0.conv2.bias, not found in update aggregation
Skipping key: encoder.5.0.conv3.bias, not found in update aggregation
Skipping key: encoder.5.0.downsample.0.bias, not found in update aggregation
Skipping key: encoder.5.1.conv1.bias, not found in update aggregation
Skipping key: encoder.5.1.conv2.bias, not found in update aggregation
Skipping key: encoder.5.1.conv3.bias, not found in update aggregation
Skipping key: encoder.5.2.conv1.bias, not found in update aggregation
Skipping key: encoder.5.2.conv2.bias, not found in update aggregation
Skipping key: encoder.5.2.conv3.bias, not found in update aggregation
Skipping key: encoder.5.3.conv1.bias, not found in update aggregation
Skipping key: encoder.5.3.conv2.bias, not found in update aggregation
Skipping key: encoder.5.3.conv3.bias, not found in update aggregation
Skipping key: encoder.6.0.conv1.bias, not found in update aggregation
Skipping key: encoder.6.0.conv2.bias, not found in update aggregation
Skipping key: encoder.6.0.conv3.bias, not found in update aggregation
Skipping key: encoder.6.0.downsample.0.bias, not found in update aggregation
Skipping key: encoder.6.1.conv1.bias, not found in update aggregation
Skipping key: encoder.6.1.conv2.bias, not found in update aggregation
Skipping key: encoder.6.1.conv3.bias, not found in update aggregation
Skipping key: encoder.6.2.conv1.bias, not found in update aggregation
Skipping key: encoder.6.2.conv2.bias, not found in update aggregation
Skipping key: encoder.6.2.conv3.bias, not found in update aggregation
Skipping key: encoder.6.3.conv1.bias, not found in update aggregation
Skipping key: encoder.6.3.conv2.bias, not found in update aggregation
Skipping key: encoder.6.3.conv3.bias, not found in update aggregation
Skipping key: encoder.6.4.conv1.bias, not found in update aggregation
Skipping key: encoder.6.4.conv2.bias, not found in update aggregation
Skipping key: encoder.6.4.conv3.bias, not found in update aggregation
Skipping key: encoder.6.5.conv1.bias, not found in update aggregation
Skipping key: encoder.6.5.conv2.bias, not found in update aggregation
Skipping key: encoder.6.5.conv3.bias, not found in update aggregation
Skipping key: encoder.7.0.conv1.bias, not found in update aggregation
Skipping key: encoder.7.0.conv2.bias, not found in update aggregation
Skipping key: encoder.7.0.conv3.bias, not found in update aggregation
Skipping key: encoder.7.0.downsample.0.bias, not found in update aggregation
Skipping key: encoder.7.1.conv1.bias, not found in update aggregation
Skipping key: encoder.7.1.conv2.bias, not found in update aggregation
Skipping key: encoder.7.1.conv3.bias, not found in update aggregation
Skipping key: encoder.7.2.conv1.bias, not found in update aggregation
Skipping key: encoder.7.2.conv2.bias, not found in update aggregation
Skipping key: encoder.7.2.conv3.bias, not found in update aggregation
micro     precision: 0.2500 | recall: 0.9901 | f1-score: 0.3992 | support: 101 | mAP: 0.4956
macro     precision: 0.0526 | recall: 0.0526 | f1-score: 0.0526 | support: 101 | mAP: 0.0532

==================================================
ROUND 3/8
==================================================
[INFO] Saving initial model state...
[INFO] Pruning mask detected.
[INFO] Pruning the model...
[DEBUG] Keys missing after pruning: set()
[DEBUG] Additional keys after pruning: set()
[INFO] Epoch 1/3
----------
[INFO] Epoch 2/3
----------
[INFO] Epoch 3/3
----------
[DEBUG] Saving final model state...
[DEBUG] Keys missing after training: set()
[DEBUG] Additional keys after training: set()
[INFO] Saving initial model state...
[INFO] Pruning mask detected.
[INFO] Pruning the model...
[DEBUG] Keys missing after pruning: set()
[DEBUG] Additional keys after pruning: set()
[INFO] Epoch 1/3
----------
[INFO] Epoch 2/3
----------
[INFO] Epoch 3/3
----------
[DEBUG] Saving final model state...
[DEBUG] Keys missing after training: set()
[DEBUG] Additional keys after training: set()
[INFO] Saving initial model state...
[INFO] Pruning mask detected.
[INFO] Pruning the model...
[DEBUG] Keys missing after pruning: set()
[DEBUG] Additional keys after pruning: set()
[INFO] Epoch 1/3
----------
[INFO] Epoch 2/3
----------
[INFO] Epoch 3/3
----------
[DEBUG] Saving final model state...
[DEBUG] Keys missing after training: set()
[DEBUG] Additional keys after training: set()
micro     precision: 0.0000 | recall: 0.0000 | f1-score: 0.0000 | support: 101 | mAP: 0.0741
macro     precision: 0.0000 | recall: 0.0000 | f1-score: 0.0000 | support: 101 | mAP: 0.0532

==================================================
ROUND 4/8
==================================================
[INFO] Saving initial model state...
[INFO] Pruning mask detected.
[INFO] Pruning the model...
[DEBUG] Keys missing after pruning: set()
[DEBUG] Additional keys after pruning: set()
[INFO] Epoch 1/3
----------
[INFO] Epoch 2/3
----------
[INFO] Epoch 3/3
----------
[DEBUG] Saving final model state...
[DEBUG] Keys missing after training: set()
[DEBUG] Additional keys after training: set()
[INFO] Saving initial model state...
[INFO] Pruning mask detected.
[INFO] Pruning the model...
[DEBUG] Keys missing after pruning: set()
[DEBUG] Additional keys after pruning: set()
[INFO] Epoch 1/3
----------
[INFO] Epoch 2/3
----------
[INFO] Epoch 3/3
----------
[DEBUG] Saving final model state...
[DEBUG] Keys missing after training: set()
[DEBUG] Additional keys after training: set()
[INFO] Saving initial model state...
[INFO] Pruning mask detected.
[INFO] Pruning the model...
[DEBUG] Keys missing after pruning: set()
[DEBUG] Additional keys after pruning: set()
[INFO] Epoch 1/3
----------
[INFO] Epoch 2/3
----------
[INFO] Epoch 3/3
----------
[DEBUG] Saving final model state...
[DEBUG] Keys missing after training: set()
[DEBUG] Additional keys after training: set()
micro     precision: 0.0000 | recall: 0.0000 | f1-score: 0.0000 | support: 101 | mAP: 0.1082
macro     precision: 0.0000 | recall: 0.0000 | f1-score: 0.0000 | support: 101 | mAP: 0.0550

==================================================
ROUND 5/8
==================================================
[INFO] Saving initial model state...
[INFO] Pruning mask detected.
[INFO] Pruning the model...
[DEBUG] Keys missing after pruning: set()
[DEBUG] Additional keys after pruning: set()
[INFO] Epoch 1/3
----------
