Using device: cuda:0
Pre-filtered 30767 patches based on country and season (split ignored)
Loading BEN data for train...
    237871 patches indexed
    14805 filtered patches indexed
    14805 patches indexed considering max_len
Merged metadata with snow/cloud metadata
Loaded 549488 labels
Loaded 549488 keys
Loaded mapping created
Pre-filtered 30767 patches based on country and season (split ignored)
Loading BEN data for test...
    119825 patches indexed
    8209 filtered patches indexed
    8209 patches indexed considering max_len
Merged metadata with snow/cloud metadata
Loaded 549488 labels
Loaded 549488 keys
Loaded mapping created
Pre-filtered 15549 patches based on country and season (split ignored)
Loading BEN data for train...
    237871 patches indexed
    7150 filtered patches indexed
    7150 patches indexed considering max_len
Merged metadata with snow/cloud metadata
Loaded 549488 labels
Loaded 549488 keys
Loaded mapping created
Pre-filtered 15549 patches based on country and season (split ignored)
Loading BEN data for test...
    119825 patches indexed
    4263 filtered patches indexed
    4263 patches indexed considering max_len
Merged metadata with snow/cloud metadata
Loaded 549488 labels
Loaded 549488 keys
Loaded mapping created
Pre-filtered 13683 patches based on country and season (split ignored)
Loading BEN data for train...
    237871 patches indexed
    7180 filtered patches indexed
    7180 patches indexed considering max_len
Merged metadata with snow/cloud metadata
Loaded 549488 labels
Loaded 549488 keys
Loaded mapping created
Pre-filtered 13683 patches based on country and season (split ignored)
Loading BEN data for test...
    119825 patches indexed
    3248 filtered patches indexed
    3248 patches indexed considering max_len
Merged metadata with snow/cloud metadata
Loaded 549488 labels
Loaded 549488 keys
Loaded mapping created
Pre-filtered 10372 patches based on country and season (split ignored)
Loading BEN data for train...
    237871 patches indexed
    5941 filtered patches indexed
    5941 patches indexed considering max_len
Merged metadata with snow/cloud metadata
Loaded 549488 labels
Loaded 549488 keys
Loaded mapping created
Pre-filtered 10372 patches based on country and season (split ignored)
Loading BEN data for test...
    119825 patches indexed
    1871 filtered patches indexed
    1871 patches indexed considering max_len
Merged metadata with snow/cloud metadata
Loaded 549488 labels
Loaded 549488 keys
Loaded mapping created
Pre-filtered 1939 patches based on country and season (split ignored)
Loading BEN data for train...
    237871 patches indexed
    1323 filtered patches indexed
    1323 patches indexed considering max_len
Merged metadata with snow/cloud metadata
Loaded 549488 labels
Loaded 549488 keys
Loaded mapping created
Pre-filtered 1939 patches based on country and season (split ignored)
Loading BEN data for test...
    119825 patches indexed
    32 filtered patches indexed
    32 patches indexed considering max_len
Merged metadata with snow/cloud metadata
Loaded 549488 labels
Loaded 549488 keys
Loaded mapping created
Pre-filtered 8775 patches based on country and season (split ignored)
Loading BEN data for train...
    237871 patches indexed
    4206 filtered patches indexed
    4206 patches indexed considering max_len
Merged metadata with snow/cloud metadata
Loaded 549488 labels
Loaded 549488 keys
Loaded mapping created
Pre-filtered 8775 patches based on country and season (split ignored)
Loading BEN data for test...
    119825 patches indexed
    2151 filtered patches indexed
    2151 patches indexed considering max_len
Merged metadata with snow/cloud metadata
Loaded 549488 labels
Loaded 549488 keys
Loaded mapping created
Pre-filtered 16438 patches based on country and season (split ignored)
Loading BEN data for train...
    237871 patches indexed
    8037 filtered patches indexed
    8037 patches indexed considering max_len
Merged metadata with snow/cloud metadata
Loaded 549488 labels
Loaded 549488 keys
Loaded mapping created
Pre-filtered 16438 patches based on country and season (split ignored)
Loading BEN data for test...
    119825 patches indexed
    4220 filtered patches indexed
    4220 patches indexed considering max_len
Merged metadata with snow/cloud metadata
Loaded 549488 labels
Loaded 549488 keys
Loaded mapping created
Pre-filtered 4874 patches based on country and season (split ignored)
Loading BEN data for train...
    237871 patches indexed
    1692 filtered patches indexed
    1692 patches indexed considering max_len
Merged metadata with snow/cloud metadata
Loaded 549488 labels
Loaded 549488 keys
Loaded mapping created
Pre-filtered 4874 patches based on country and season (split ignored)
Loading BEN data for test...
    119825 patches indexed
    2039 filtered patches indexed
    2039 patches indexed considering max_len
Merged metadata with snow/cloud metadata
Loaded 549488 labels
Loaded 549488 keys
Loaded mapping created
Pre-filtered 59999 patches based on country and season (split ignored)
Loading BEN data for test...
    119825 patches indexed
    15720 filtered patches indexed
    15720 patches indexed considering max_len
Merged metadata with snow/cloud metadata
Loaded 549488 labels
Loaded 549488 keys
Loaded mapping created
Pre-filtered 59999 patches based on country and season (split ignored)
Loading BEN data for train...
    237871 patches indexed
    29135 filtered patches indexed
    29135 patches indexed considering max_len
Merged metadata with snow/cloud metadata
Loaded 549488 labels
Loaded 549488 keys
Loaded mapping created
Loading BEN data for train...
    237871 patches indexed
    237871 filtered patches indexed
    237871 patches indexed considering max_len
Merged metadata with snow/cloud metadata
Loaded 549488 labels
Loaded 549488 keys
Loaded mapping created
==================================================
ROUND 1/20
==================================================
Epoch 1/3
----------
Epoch 2/3
----------
Epoch 3/3
----------
Epoch 1/3
----------
Epoch 2/3
----------
Epoch 3/3
----------
Epoch 1/3
----------
Epoch 2/3
----------
Epoch 3/3
----------
Epoch 1/3
----------
Epoch 2/3
----------
Epoch 3/3
----------
Epoch 1/3
----------
Epoch 2/3
----------
Epoch 3/3
----------
Epoch 1/3
----------
Epoch 2/3
----------
Epoch 3/3
----------
Epoch 1/3
----------
Epoch 2/3
----------
Epoch 3/3
----------
Epoch 1/3
----------
Epoch 2/3
----------
Epoch 3/3
----------
micro     precision: 0.0000 | recall: 0.0000 | f1-score: 0.0000 | support: 40183 | mAP: 0.3966
macro     precision: 0.0000 | recall: 0.0000 | f1-score: 0.0000 | support: 40183 | mAP: 0.2807

==================================================
ROUND 2/20
==================================================
Epoch 1/3
----------
Epoch 2/3
----------
Epoch 3/3
----------
Epoch 1/3
----------
Epoch 2/3
----------
Epoch 3/3
----------
Epoch 1/3
----------
Epoch 2/3
----------
Epoch 3/3
----------
Epoch 1/3
----------
Epoch 2/3
----------
Epoch 3/3
----------
Epoch 1/3
----------
Epoch 2/3
----------
Epoch 3/3
----------
Epoch 1/3
----------
Epoch 2/3
----------
Epoch 3/3
----------
Epoch 1/3
----------
Epoch 2/3
----------
Epoch 3/3
----------
Epoch 1/3
----------
Epoch 2/3
----------
Epoch 3/3
----------
micro     precision: 0.5164 | recall: 0.2867 | f1-score: 0.3687 | support: 40183 | mAP: 0.3990
macro     precision: 0.1818 | recall: 0.1147 | f1-score: 0.1090 | support: 40183 | mAP: 0.2855

==================================================
ROUND 3/20
==================================================
Epoch 1/3
----------
Epoch 2/3
----------
Epoch 3/3
----------
Epoch 1/3
----------
Epoch 2/3
----------
Epoch 3/3
----------
Epoch 1/3
----------
Epoch 2/3
----------
Epoch 3/3
----------
Epoch 1/3
----------
Epoch 2/3
----------
Epoch 3/3
----------
Epoch 1/3
----------
Epoch 2/3
----------
Epoch 3/3
----------
Epoch 1/3
----------
Epoch 2/3
----------
Epoch 3/3
----------
Epoch 1/3
----------
Epoch 2/3
----------
Epoch 3/3
----------
Epoch 1/3
----------
Epoch 2/3
----------
Epoch 3/3
----------
micro     precision: 0.4479 | recall: 0.4975 | f1-score: 0.4714 | support: 40183 | mAP: 0.4893
macro     precision: 0.2069 | recall: 0.2290 | f1-score: 0.1754 | support: 40183 | mAP: 0.3399

==================================================
ROUND 4/20
==================================================
Finale Anzahl der Pruning-Patches: 17
Anzahl eindeutiger Klassen: 18
Klassenverteilung in den Pruning-Patches (Häufigkeiten): {'Marine waters': 9, 'Transitional woodland, shrub': 7, 'Mixed forest': 7, 'Coniferous forest': 6, 'Land principally occupied by agriculture, with significant areas of natural vegetation': 2, 'Inland waters': 1, 'Broad-leaved forest': 2, 'Arable land': 4, 'Urban fabric': 1, 'Industrial or commercial units': 1, 'Coastal wetlands': 2, 'Inland wetlands': 2, 'Pastures': 4, 'Complex cultivation patterns': 1, 'Moors, heathland and sclerophyllous vegetation': 1, 'Natural grassland and sparsely vegetated areas': 1, 'Beaches, dunes, sands': 1, 'Permanent crops': 1}
[INFO] Erstelle Prune Loader...
[INFO] 12 Patches nach Filterung übrig.
[SUCCESS] Prune Loader erfolgreich erstellt.
Starting relevance computation and pruning mask generation.
Type of components_relevances: <class 'collections.OrderedDict'>
Layer: conv1
Total layer relevance: 2.258648381343595e+21
--------------------------------------------------
Layer: encoder.4.0.conv1
Total layer relevance: 1.5543194580950314e+21
--------------------------------------------------
Layer: encoder.4.0.conv2
Total layer relevance: 1.0842259884282395e+21
--------------------------------------------------
Layer: encoder.4.0.conv3
Total layer relevance: 1.6897386175029e+20
--------------------------------------------------
Layer: encoder.4.0.downsample.0
Total layer relevance: 1.6932663785703866e+20
--------------------------------------------------
Layer: encoder.4.1.conv1
Total layer relevance: 3.2022902325022556e+18
--------------------------------------------------
Layer: encoder.4.1.conv2
Total layer relevance: 2.265491894546989e+18
--------------------------------------------------
Layer: encoder.4.1.conv3
Total layer relevance: 7.764498227679724e+17
--------------------------------------------------
Layer: encoder.4.2.conv1
Total layer relevance: 1.2537153847925146e+17
--------------------------------------------------
Layer: encoder.4.2.conv2
Total layer relevance: 1.042260744512471e+17
--------------------------------------------------
Layer: encoder.4.2.conv3
Total layer relevance: 3.804409016352768e+16
--------------------------------------------------
Layer: encoder.5.0.conv1
Total layer relevance: 7243400067678208.0
--------------------------------------------------
Layer: encoder.5.0.conv2
Total layer relevance: 8494469280169984.0
--------------------------------------------------
Layer: encoder.5.0.conv3
Total layer relevance: 1030556598927360.0
--------------------------------------------------
Layer: encoder.5.0.downsample.0
Total layer relevance: 1036833358086144.0
--------------------------------------------------
Layer: encoder.5.1.conv1
Total layer relevance: 37552157360128.0
--------------------------------------------------
Layer: encoder.5.1.conv2
Total layer relevance: 35880651718656.0
--------------------------------------------------
Layer: encoder.5.1.conv3
Total layer relevance: 9075150553088.0
--------------------------------------------------
Layer: encoder.5.2.conv1
Total layer relevance: 1974335963136.0
--------------------------------------------------
Layer: encoder.5.2.conv2
Total layer relevance: 2300551888896.0
--------------------------------------------------
Layer: encoder.5.2.conv3
Total layer relevance: 366185938944.0
--------------------------------------------------
Layer: encoder.5.3.conv1
Total layer relevance: 46494244864.0
--------------------------------------------------
Layer: encoder.5.3.conv2
Total layer relevance: 44554993664.0
--------------------------------------------------
Layer: encoder.5.3.conv3
Total layer relevance: 15640299520.0
--------------------------------------------------
Layer: encoder.6.0.conv1
Total layer relevance: 3818355712.0
--------------------------------------------------
Layer: encoder.6.0.conv2
Total layer relevance: 5224664064.0
--------------------------------------------------
Layer: encoder.6.0.conv3
Total layer relevance: 985375488.0
--------------------------------------------------
Layer: encoder.6.0.downsample.0
Total layer relevance: 1004090112.0
--------------------------------------------------
Layer: encoder.6.1.conv1
Total layer relevance: 98432896.0
--------------------------------------------------
Layer: encoder.6.1.conv2
Total layer relevance: 171568512.0
--------------------------------------------------
Layer: encoder.6.1.conv3
Total layer relevance: 42443104.0
--------------------------------------------------
Layer: encoder.6.2.conv1
Total layer relevance: 11624128.0
--------------------------------------------------
Layer: encoder.6.2.conv2
Total layer relevance: 23489224.0
--------------------------------------------------
Layer: encoder.6.2.conv3
Total layer relevance: 9656728.0
--------------------------------------------------
Layer: encoder.6.3.conv1
Total layer relevance: 4050928.0
--------------------------------------------------
Layer: encoder.6.3.conv2
Total layer relevance: 11653907.0
--------------------------------------------------
Layer: encoder.6.3.conv3
Total layer relevance: 1402078.0
--------------------------------------------------
Layer: encoder.6.4.conv1
Total layer relevance: 402549.78125
--------------------------------------------------
Layer: encoder.6.4.conv2
Total layer relevance: 1177480.75
--------------------------------------------------
Layer: encoder.6.4.conv3
Total layer relevance: 134588.03125
--------------------------------------------------
Layer: encoder.6.5.conv1
Total layer relevance: 29848.880859375
--------------------------------------------------
Layer: encoder.6.5.conv2
Total layer relevance: 80913.2734375
--------------------------------------------------
Layer: encoder.6.5.conv3
Total layer relevance: 15591.5966796875
--------------------------------------------------
Layer: encoder.7.0.conv1
Total layer relevance: 3458.6171875
--------------------------------------------------
Layer: encoder.7.0.conv2
Total layer relevance: 24891.484375
--------------------------------------------------
Layer: encoder.7.0.conv3
Total layer relevance: 11865.4033203125
--------------------------------------------------
Layer: encoder.7.0.downsample.0
Total layer relevance: 17036.0234375
--------------------------------------------------
Layer: encoder.7.1.conv1
Total layer relevance: 4047.34912109375
--------------------------------------------------
Layer: encoder.7.1.conv2
Total layer relevance: 15045.923828125
--------------------------------------------------
Layer: encoder.7.1.conv3
Total layer relevance: 5404.44970703125
--------------------------------------------------
Layer: encoder.7.2.conv1
Total layer relevance: 2431.541015625
--------------------------------------------------
Layer: encoder.7.2.conv2
Total layer relevance: 4779.46044921875
--------------------------------------------------
Layer: encoder.7.2.conv3
Total layer relevance: 2419.30224609375
--------------------------------------------------
--------------------------------------------------
Global Pruning Mask
Pruning-rate: 0.3
Layer: conv1		% of pruned neurons: 0.00%
Layer: encoder.4.0.conv1		% of pruned neurons: 0.00%
Layer: encoder.4.0.conv2		% of pruned neurons: 0.00%
Layer: encoder.4.0.conv3		% of pruned neurons: 0.00%
Layer: encoder.4.0.downsample.0		% of pruned neurons: 0.00%
Layer: encoder.4.1.conv1		% of pruned neurons: 0.00%
Layer: encoder.4.1.conv2		% of pruned neurons: 0.00%
Layer: encoder.4.1.conv3		% of pruned neurons: 0.00%
Layer: encoder.4.2.conv1		% of pruned neurons: 0.00%
Layer: encoder.4.2.conv2		% of pruned neurons: 0.00%
Layer: encoder.4.2.conv3		% of pruned neurons: 0.00%
Layer: encoder.5.0.conv1		% of pruned neurons: 0.00%
Layer: encoder.5.0.conv2		% of pruned neurons: 0.00%
Layer: encoder.5.0.conv3		% of pruned neurons: 0.00%
Layer: encoder.5.0.downsample.0		% of pruned neurons: 0.00%
Layer: encoder.5.1.conv1		% of pruned neurons: 0.00%
Layer: encoder.5.1.conv2		% of pruned neurons: 0.00%
Layer: encoder.5.1.conv3		% of pruned neurons: 0.00%
Layer: encoder.5.2.conv1		% of pruned neurons: 0.00%
Layer: encoder.5.2.conv2		% of pruned neurons: 0.00%
Layer: encoder.5.2.conv3		% of pruned neurons: 0.00%
Layer: encoder.5.3.conv1		% of pruned neurons: 0.00%
Layer: encoder.5.3.conv2		% of pruned neurons: 0.00%
Layer: encoder.5.3.conv3		% of pruned neurons: 0.00%
Layer: encoder.6.0.conv1		% of pruned neurons: 0.00%
Layer: encoder.6.0.conv2		% of pruned neurons: 0.00%
Layer: encoder.6.0.conv3		% of pruned neurons: 0.00%
Layer: encoder.6.0.downsample.0		% of pruned neurons: 0.00%
Layer: encoder.6.1.conv1		% of pruned neurons: 0.00%
Layer: encoder.6.1.conv2		% of pruned neurons: 0.00%
Layer: encoder.6.1.conv3		% of pruned neurons: 0.00%
Layer: encoder.6.2.conv1		% of pruned neurons: 0.00%
Layer: encoder.6.2.conv2		% of pruned neurons: 0.00%
Layer: encoder.6.2.conv3		% of pruned neurons: 0.00%
Layer: encoder.6.3.conv1		% of pruned neurons: 0.00%
Layer: encoder.6.3.conv2		% of pruned neurons: 0.00%
Layer: encoder.6.3.conv3		% of pruned neurons: 0.10%
Layer: encoder.6.4.conv1		% of pruned neurons: 0.00%
Layer: encoder.6.4.conv2		% of pruned neurons: 0.00%
Layer: encoder.6.4.conv3		% of pruned neurons: 32.81%
Layer: encoder.6.5.conv1		% of pruned neurons: 0.00%
Layer: encoder.6.5.conv2		% of pruned neurons: 0.00%
Layer: encoder.6.5.conv3		% of pruned neurons: 59.77%
Layer: encoder.7.0.conv1		% of pruned neurons: 9.38%
Layer: encoder.7.0.conv2		% of pruned neurons: 0.00%
Layer: encoder.7.0.conv3		% of pruned neurons: 82.08%
Layer: encoder.7.0.downsample.0		% of pruned neurons: 59.03%
Layer: encoder.7.1.conv1		% of pruned neurons: 12.30%
Layer: encoder.7.1.conv2		% of pruned neurons: 0.00%
Layer: encoder.7.1.conv3		% of pruned neurons: 91.80%
Layer: encoder.7.2.conv1		% of pruned neurons: 25.59%
Layer: encoder.7.2.conv2		% of pruned neurons: 7.03%
Layer: encoder.7.2.conv3		% of pruned neurons: 96.24%
Sendeing pruning mask to clients...
[INFO] Pruner and pruning mask received and stored.
[INFO] Pruner and pruning mask received and stored.
[INFO] Pruner and pruning mask received and stored.
[INFO] Pruner and pruning mask received and stored.
[INFO] Pruner and pruning mask received and stored.
[INFO] Pruner and pruning mask received and stored.
[INFO] Pruner and pruning mask received and stored.
[INFO] Pruner and pruning mask received and stored.
Epoch 1/3
----------
Epoch 2/3
----------
Epoch 3/3
----------
Prune before sending to global...
Epoch 1/3
----------
Epoch 2/3
----------
Epoch 3/3
----------
Prune before sending to global...
Epoch 1/3
----------
Epoch 2/3
----------
Epoch 3/3
----------
Prune before sending to global...
Epoch 1/3
----------
Epoch 2/3
----------
Epoch 3/3
----------
Prune before sending to global...
Epoch 1/3
----------
Epoch 2/3
----------
Epoch 3/3
----------
Prune before sending to global...
Epoch 1/3
----------
Epoch 2/3
----------
Epoch 3/3
----------
Prune before sending to global...
Epoch 1/3
----------
Epoch 2/3
----------
Epoch 3/3
----------
Prune before sending to global...
Epoch 1/3
----------
Epoch 2/3
----------
Epoch 3/3
----------
Prune before sending to global...
micro     precision: 0.5631 | recall: 0.3877 | f1-score: 0.4592 | support: 40183 | mAP: 0.4226
macro     precision: 0.2962 | recall: 0.1883 | f1-score: 0.1656 | support: 40183 | mAP: 0.3251

==================================================
ROUND 5/20
==================================================
Epoch 1/3
----------
Epoch 2/3
----------
Epoch 3/3
----------
Prune before sending to global...
Epoch 1/3
----------
Epoch 2/3
----------
Epoch 3/3
----------
Prune before sending to global...
Epoch 1/3
----------
Epoch 2/3
----------
Epoch 3/3
----------
Prune before sending to global...
Epoch 1/3
----------
Epoch 2/3
----------
Epoch 3/3
----------
Prune before sending to global...
Epoch 1/3
----------
Epoch 2/3
----------
Epoch 3/3
----------
Prune before sending to global...
Epoch 1/3
----------
Epoch 2/3
----------
Epoch 3/3
----------
Prune before sending to global...
Epoch 1/3
----------
Epoch 2/3
----------
Epoch 3/3
----------
Prune before sending to global...
Epoch 1/3
----------
Epoch 2/3
----------
Epoch 3/3
----------
Prune before sending to global...
micro     precision: 0.5157 | recall: 0.5247 | f1-score: 0.5201 | support: 40183 | mAP: 0.5097
macro     precision: 0.3088 | recall: 0.2447 | f1-score: 0.2177 | support: 40183 | mAP: 0.3629

==================================================
ROUND 6/20
==================================================
Epoch 1/3
----------
Epoch 2/3
----------
Epoch 3/3
----------
Prune before sending to global...
Epoch 1/3
----------
Epoch 2/3
----------
Epoch 3/3
----------
Prune before sending to global...
Epoch 1/3
----------
Epoch 2/3
----------
Epoch 3/3
----------
Prune before sending to global...
Epoch 1/3
----------
Epoch 2/3
----------
Epoch 3/3
----------
Prune before sending to global...
Epoch 1/3
----------
Epoch 2/3
----------
Epoch 3/3
----------
Prune before sending to global...
Epoch 1/3
----------
Epoch 2/3
----------
Epoch 3/3
----------
Prune before sending to global...
Epoch 1/3
----------
Epoch 2/3
----------
Epoch 3/3
----------
Prune before sending to global...
Epoch 1/3
----------
Epoch 2/3
----------
Epoch 3/3
----------
Prune before sending to global...
micro     precision: 0.5933 | recall: 0.6355 | f1-score: 0.6137 | support: 40183 | mAP: 0.6135
macro     precision: 0.3999 | recall: 0.3356 | f1-score: 0.3138 | support: 40183 | mAP: 0.3957

==================================================
ROUND 7/20
==================================================
Epoch 1/3
----------
Epoch 2/3
----------
Epoch 3/3
----------
Prune before sending to global...
Epoch 1/3
----------
Epoch 2/3
----------
Epoch 3/3
----------
Prune before sending to global...
Epoch 1/3
----------
Epoch 2/3
----------
Epoch 3/3
----------
Prune before sending to global...
Epoch 1/3
----------
Epoch 2/3
----------
Epoch 3/3
----------
Prune before sending to global...
Epoch 1/3
----------
Epoch 2/3
----------
Epoch 3/3
----------
Prune before sending to global...
Epoch 1/3
----------
Epoch 2/3
----------
Epoch 3/3
----------
Prune before sending to global...
Epoch 1/3
----------
Epoch 2/3
----------
Epoch 3/3
----------
Prune before sending to global...
Epoch 1/3
----------
Epoch 2/3
----------
Epoch 3/3
----------
Prune before sending to global...
micro     precision: 0.4820 | recall: 0.5139 | f1-score: 0.4975 | support: 40183 | mAP: 0.5511
macro     precision: 0.3552 | recall: 0.2645 | f1-score: 0.2382 | support: 40183 | mAP: 0.3905

==================================================
ROUND 8/20
==================================================
Epoch 1/3
----------
Epoch 2/3
----------
Epoch 3/3
----------
Prune before sending to global...
Epoch 1/3
----------
Epoch 2/3
----------
Epoch 3/3
----------
Prune before sending to global...
Epoch 1/3
----------
Epoch 2/3
----------
Epoch 3/3
----------
Prune before sending to global...
Epoch 1/3
----------
Epoch 2/3
----------
Epoch 3/3
----------
Prune before sending to global...
Epoch 1/3
----------
Epoch 2/3
----------
Epoch 3/3
----------
Prune before sending to global...
Epoch 1/3
----------
Epoch 2/3
----------
Epoch 3/3
----------
Prune before sending to global...
Epoch 1/3
----------
Epoch 2/3
----------
Epoch 3/3
----------
Prune before sending to global...
Epoch 1/3
----------
Epoch 2/3
----------
Epoch 3/3
----------
Prune before sending to global...
micro     precision: 0.6417 | recall: 0.6336 | f1-score: 0.6376 | support: 40183 | mAP: 0.6949
macro     precision: 0.4262 | recall: 0.3378 | f1-score: 0.3272 | support: 40183 | mAP: 0.4304

==================================================
ROUND 9/20
==================================================
Epoch 1/3
----------
Epoch 2/3
----------
Epoch 3/3
----------
Prune before sending to global...
Epoch 1/3
----------
Epoch 2/3
----------
Epoch 3/3
----------
Prune before sending to global...
Epoch 1/3
----------
Epoch 2/3
----------
Epoch 3/3
----------
Prune before sending to global...
Epoch 1/3
----------
Epoch 2/3
----------
Epoch 3/3
----------
Prune before sending to global...
Epoch 1/3
----------
Epoch 2/3
----------
Epoch 3/3
----------
Prune before sending to global...
Epoch 1/3
----------
Epoch 2/3
----------
Epoch 3/3
----------
Prune before sending to global...
Epoch 1/3
----------
Epoch 2/3
----------
Epoch 3/3
----------
Prune before sending to global...
Epoch 1/3
----------
Epoch 2/3
----------
Epoch 3/3
----------
Prune before sending to global...
micro     precision: 0.5559 | recall: 0.5235 | f1-score: 0.5392 | support: 40183 | mAP: 0.5954
macro     precision: 0.3844 | recall: 0.2808 | f1-score: 0.2713 | support: 40183 | mAP: 0.4047

==================================================
ROUND 10/20
==================================================
Epoch 1/3
----------
Epoch 2/3
----------
Epoch 3/3
----------
Prune before sending to global...
Epoch 1/3
----------
Epoch 2/3
----------
Epoch 3/3
----------
Prune before sending to global...
Epoch 1/3
----------
Epoch 2/3
----------
Epoch 3/3
----------
Prune before sending to global...
Epoch 1/3
----------
Epoch 2/3
----------
Epoch 3/3
----------
Prune before sending to global...
Epoch 1/3
----------
Epoch 2/3
----------
Epoch 3/3
----------
Prune before sending to global...
Epoch 1/3
----------
Epoch 2/3
----------
Epoch 3/3
----------
Prune before sending to global...
Epoch 1/3
----------
Epoch 2/3
----------
Epoch 3/3
----------
Prune before sending to global...
Epoch 1/3
----------
Epoch 2/3
----------
Epoch 3/3
----------
Prune before sending to global...
micro     precision: 0.6245 | recall: 0.5848 | f1-score: 0.6040 | support: 40183 | mAP: 0.6516
macro     precision: 0.4276 | recall: 0.3044 | f1-score: 0.2903 | support: 40183 | mAP: 0.4299

==================================================
ROUND 11/20
==================================================
Epoch 1/3
----------
Epoch 2/3
----------
Epoch 3/3
----------
Prune before sending to global...
Epoch 1/3
----------
Epoch 2/3
----------
Epoch 3/3
----------
Prune before sending to global...
Epoch 1/3
----------
Epoch 2/3
----------
Epoch 3/3
----------
Prune before sending to global...
Epoch 1/3
----------
Epoch 2/3
----------
Epoch 3/3
----------
Prune before sending to global...
Epoch 1/3
----------
Epoch 2/3
----------
Epoch 3/3
----------
Prune before sending to global...
Epoch 1/3
----------
Epoch 2/3
----------
Epoch 3/3
----------
Prune before sending to global...
Epoch 1/3
----------
Epoch 2/3
----------
Epoch 3/3
----------
Prune before sending to global...
Epoch 1/3
----------
Epoch 2/3
----------
Epoch 3/3
----------
Prune before sending to global...
micro     precision: 0.5593 | recall: 0.5895 | f1-score: 0.5740 | support: 40183 | mAP: 0.6036
macro     precision: 0.3334 | recall: 0.3081 | f1-score: 0.2872 | support: 40183 | mAP: 0.4128

==================================================
ROUND 12/20
==================================================
Epoch 1/3
----------
Epoch 2/3
----------
Epoch 3/3
----------
Prune before sending to global...
Epoch 1/3
----------
Epoch 2/3
----------
Epoch 3/3
----------
Prune before sending to global...
Epoch 1/3
----------
Epoch 2/3
----------
Epoch 3/3
----------
Prune before sending to global...
Epoch 1/3
----------
Epoch 2/3
----------
Epoch 3/3
----------
Prune before sending to global...
Epoch 1/3
----------
Epoch 2/3
----------
Epoch 3/3
----------
Prune before sending to global...
Epoch 1/3
----------
Epoch 2/3
----------
Epoch 3/3
----------
Prune before sending to global...
Epoch 1/3
----------
Epoch 2/3
----------
Epoch 3/3
----------
Prune before sending to global...
Epoch 1/3
----------
Epoch 2/3
----------
Epoch 3/3
----------
Prune before sending to global...
micro     precision: 0.7341 | recall: 0.6064 | f1-score: 0.6642 | support: 40183 | mAP: 0.7276
macro     precision: 0.4348 | recall: 0.3254 | f1-score: 0.3429 | support: 40183 | mAP: 0.4429

==================================================
ROUND 13/20
==================================================
Epoch 1/3
----------
Epoch 2/3
----------
Epoch 3/3
----------
Prune before sending to global...
Epoch 1/3
----------
Epoch 2/3
----------
Epoch 3/3
----------
Prune before sending to global...
Epoch 1/3
----------
Epoch 2/3
----------
Epoch 3/3
----------
Prune before sending to global...
Epoch 1/3
----------
Epoch 2/3
----------
Epoch 3/3
----------
Prune before sending to global...
Epoch 1/3
----------
Epoch 2/3
----------
Epoch 3/3
----------
Prune before sending to global...
Epoch 1/3
----------
Epoch 2/3
----------
Epoch 3/3
----------
Prune before sending to global...
Epoch 1/3
----------
Epoch 2/3
----------
Epoch 3/3
----------
Prune before sending to global...
Epoch 1/3
----------
Epoch 2/3
----------
Epoch 3/3
----------
Prune before sending to global...
micro     precision: 0.5925 | recall: 0.5406 | f1-score: 0.5654 | support: 40183 | mAP: 0.6290
macro     precision: 0.3450 | recall: 0.2885 | f1-score: 0.2824 | support: 40183 | mAP: 0.4139

==================================================
ROUND 14/20
==================================================
Epoch 1/3
----------
Epoch 2/3
----------
Epoch 3/3
----------
Prune before sending to global...
Epoch 1/3
----------
Epoch 2/3
----------
Epoch 3/3
----------
Prune before sending to global...
Epoch 1/3
----------
Epoch 2/3
----------
Epoch 3/3
----------
Prune before sending to global...
Epoch 1/3
----------
Epoch 2/3
----------
Epoch 3/3
----------
Prune before sending to global...
Epoch 1/3
----------
Epoch 2/3
----------
Epoch 3/3
----------
Prune before sending to global...
Epoch 1/3
----------
Epoch 2/3
----------
Epoch 3/3
----------
Prune before sending to global...
Epoch 1/3
----------
Epoch 2/3
----------
Epoch 3/3
----------
Prune before sending to global...
Epoch 1/3
----------
Epoch 2/3
----------
Epoch 3/3
----------
Prune before sending to global...
micro     precision: 0.6324 | recall: 0.5701 | f1-score: 0.5996 | support: 40183 | mAP: 0.6784
macro     precision: 0.4226 | recall: 0.3124 | f1-score: 0.3060 | support: 40183 | mAP: 0.4404

==================================================
ROUND 15/20
==================================================
Epoch 1/3
----------
Epoch 2/3
----------
Epoch 3/3
----------
Prune before sending to global...
Epoch 1/3
----------
Epoch 2/3
----------
Epoch 3/3
----------
Prune before sending to global...
Epoch 1/3
----------
Epoch 2/3
----------
Epoch 3/3
----------
Prune before sending to global...
Epoch 1/3
----------
Epoch 2/3
----------
Epoch 3/3
----------
Prune before sending to global...
Epoch 1/3
----------
Epoch 2/3
----------
Epoch 3/3
----------
Prune before sending to global...
Epoch 1/3
----------
Epoch 2/3
----------
Epoch 3/3
----------
Prune before sending to global...
Epoch 1/3
----------
Epoch 2/3
----------
Epoch 3/3
----------
Prune before sending to global...
Epoch 1/3
----------
Epoch 2/3
----------
Epoch 3/3
----------
Prune before sending to global...
micro     precision: 0.6035 | recall: 0.5802 | f1-score: 0.5916 | support: 40183 | mAP: 0.6328
macro     precision: 0.4048 | recall: 0.3182 | f1-score: 0.3075 | support: 40183 | mAP: 0.4170

==================================================
ROUND 16/20
==================================================
Epoch 1/3
----------
Epoch 2/3
----------
Epoch 3/3
----------
Prune before sending to global...
Epoch 1/3
----------
Epoch 2/3
----------
Epoch 3/3
----------
Prune before sending to global...
Epoch 1/3
----------
Epoch 2/3
----------
Epoch 3/3
----------
Prune before sending to global...
Epoch 1/3
----------
Epoch 2/3
----------
Epoch 3/3
----------
Prune before sending to global...
Epoch 1/3
----------
Epoch 2/3
----------
Epoch 3/3
----------
Prune before sending to global...
Epoch 1/3
----------
Epoch 2/3
----------
Epoch 3/3
----------
Prune before sending to global...
Epoch 1/3
----------
Epoch 2/3
----------
Epoch 3/3
----------
Prune before sending to global...
Epoch 1/3
----------
Epoch 2/3
----------
Epoch 3/3
----------
Prune before sending to global...
micro     precision: 0.6357 | recall: 0.5874 | f1-score: 0.6106 | support: 40183 | mAP: 0.6540
macro     precision: 0.4192 | recall: 0.3125 | f1-score: 0.3098 | support: 40183 | mAP: 0.4219

==================================================
ROUND 17/20
==================================================
Epoch 1/3
----------
Epoch 2/3
----------
Epoch 3/3
----------
Prune before sending to global...
Epoch 1/3
----------
Epoch 2/3
----------
Epoch 3/3
----------
Prune before sending to global...
Epoch 1/3
----------
Epoch 2/3
----------
Epoch 3/3
----------
Prune before sending to global...
Epoch 1/3
----------
Epoch 2/3
----------
Epoch 3/3
----------
Prune before sending to global...
Epoch 1/3
----------
Epoch 2/3
----------
Epoch 3/3
----------
Prune before sending to global...
Epoch 1/3
----------
Epoch 2/3
----------
Epoch 3/3
----------
Prune before sending to global...
Epoch 1/3
----------
Epoch 2/3
----------
Epoch 3/3
----------
Prune before sending to global...
Epoch 1/3
----------
Epoch 2/3
----------
Epoch 3/3
----------
Prune before sending to global...
micro     precision: 0.5833 | recall: 0.5316 | f1-score: 0.5563 | support: 40183 | mAP: 0.5618
macro     precision: 0.4069 | recall: 0.3078 | f1-score: 0.2931 | support: 40183 | mAP: 0.4194

==================================================
ROUND 18/20
==================================================
Epoch 1/3
----------
Epoch 2/3
----------
Epoch 3/3
----------
Prune before sending to global...
Epoch 1/3
----------
Epoch 2/3
----------
Epoch 3/3
----------
Prune before sending to global...
Epoch 1/3
----------
Epoch 2/3
----------
Epoch 3/3
----------
Prune before sending to global...
Epoch 1/3
----------
Epoch 2/3
----------
Epoch 3/3
----------
Prune before sending to global...
Epoch 1/3
----------
Epoch 2/3
----------
Epoch 3/3
----------
Prune before sending to global...
Epoch 1/3
----------
Epoch 2/3
----------
Epoch 3/3
----------
Prune before sending to global...
Epoch 1/3
----------
Epoch 2/3
----------
Epoch 3/3
----------
Prune before sending to global...
Epoch 1/3
----------
Epoch 2/3
----------
Epoch 3/3
----------
Prune before sending to global...
micro     precision: 0.6432 | recall: 0.5727 | f1-score: 0.6059 | support: 40183 | mAP: 0.6745
macro     precision: 0.4575 | recall: 0.3130 | f1-score: 0.3123 | support: 40183 | mAP: 0.4365

==================================================
ROUND 19/20
==================================================
Epoch 1/3
----------
Epoch 2/3
----------
Epoch 3/3
----------
Prune before sending to global...
Epoch 1/3
----------
Epoch 2/3
----------
Epoch 3/3
----------
Prune before sending to global...
Epoch 1/3
----------
Epoch 2/3
----------
Epoch 3/3
----------
Prune before sending to global...
Epoch 1/3
----------
Epoch 2/3
----------
Epoch 3/3
----------
Prune before sending to global...
Epoch 1/3
----------
Epoch 2/3
----------
Epoch 3/3
----------
Prune before sending to global...
Epoch 1/3
----------
Epoch 2/3
----------
Epoch 3/3
----------
Prune before sending to global...
Epoch 1/3
----------
Epoch 2/3
----------
Epoch 3/3
----------
Prune before sending to global...
Epoch 1/3
----------
Epoch 2/3
----------
Epoch 3/3
----------
Prune before sending to global...
micro     precision: 0.6506 | recall: 0.5664 | f1-score: 0.6056 | support: 40183 | mAP: 0.6159
macro     precision: 0.4650 | recall: 0.3195 | f1-score: 0.3242 | support: 40183 | mAP: 0.4214

==================================================
ROUND 20/20
==================================================
Epoch 1/3
----------
Epoch 2/3
----------
Epoch 3/3
----------
Prune before sending to global...
Epoch 1/3
----------
Epoch 2/3
----------
Epoch 3/3
----------
Prune before sending to global...
Epoch 1/3
----------
Epoch 2/3
----------
Epoch 3/3
----------
Prune before sending to global...
Epoch 1/3
----------
Epoch 2/3
----------
Epoch 3/3
----------
Prune before sending to global...
Epoch 1/3
----------
Epoch 2/3
----------
Epoch 3/3
----------
Prune before sending to global...
Epoch 1/3
----------
Epoch 2/3
----------
Epoch 3/3
----------
Prune before sending to global...
Epoch 1/3
----------
Epoch 2/3
----------
Epoch 3/3
----------
Prune before sending to global...
Epoch 1/3
----------
Epoch 2/3
----------
Epoch 3/3
----------
Prune before sending to global...
micro     precision: 0.6150 | recall: 0.5754 | f1-score: 0.5945 | support: 40183 | mAP: 0.6390
macro     precision: 0.4242 | recall: 0.3171 | f1-score: 0.3112 | support: 40183 | mAP: 0.4174

[{'0': {'precision': [], 'recall': [], 'f1-score': [], 'support': []}, '1': {'precision': [], 'recall': [], 'f1-score': [], 'support': []}, '2': {'precision': [], 'recall': [], 'f1-score': [], 'support': []}, '3': {'precision': [], 'recall': [], 'f1-score': [], 'support': []}, '4': {'precision': [], 'recall': [], 'f1-score': [], 'support': []}, '5': {'precision': [], 'recall': [], 'f1-score': [], 'support': []}, '6': {'precision': [], 'recall': [], 'f1-score': [], 'support': []}, '7': {'precision': [], 'recall': [], 'f1-score': [], 'support': []}, '8': {'precision': [], 'recall': [], 'f1-score': [], 'support': []}, '9': {'precision': [], 'recall': [], 'f1-score': [], 'support': []}, '10': {'precision': [], 'recall': [], 'f1-score': [], 'support': []}, '11': {'precision': [], 'recall': [], 'f1-score': [], 'support': []}, '12': {'precision': [], 'recall': [], 'f1-score': [], 'support': []}, '13': {'precision': [], 'recall': [], 'f1-score': [], 'support': []}, '14': {'precision': [], 'recall': [], 'f1-score': [], 'support': []}, '15': {'precision': [], 'recall': [], 'f1-score': [], 'support': []}, '16': {'precision': [], 'recall': [], 'f1-score': [], 'support': []}, '17': {'precision': [], 'recall': [], 'f1-score': [], 'support': []}, '18': {'precision': [], 'recall': [], 'f1-score': [], 'support': []}, 'micro avg': {'precision': [], 'recall': [], 'f1-score': [], 'support': []}, 'macro avg': {'precision': [], 'recall': [], 'f1-score': [], 'support': []}, 'weighted avg': {'precision': [], 'recall': [], 'f1-score': [], 'support': []}, 'ap_mic': [], 'ap_mac': []}, {'0': {'precision': [], 'recall': [], 'f1-score': [], 'support': []}, '1': {'precision': [], 'recall': [], 'f1-score': [], 'support': []}, '2': {'precision': [], 'recall': [], 'f1-score': [], 'support': []}, '3': {'precision': [], 'recall': [], 'f1-score': [], 'support': []}, '4': {'precision': [], 'recall': [], 'f1-score': [], 'support': []}, '5': {'precision': [], 'recall': [], 'f1-score': [], 'support': []}, '6': {'precision': [], 'recall': [], 'f1-score': [], 'support': []}, '7': {'precision': [], 'recall': [], 'f1-score': [], 'support': []}, '8': {'precision': [], 'recall': [], 'f1-score': [], 'support': []}, '9': {'precision': [], 'recall': [], 'f1-score': [], 'support': []}, '10': {'precision': [], 'recall': [], 'f1-score': [], 'support': []}, '11': {'precision': [], 'recall': [], 'f1-score': [], 'support': []}, '12': {'precision': [], 'recall': [], 'f1-score': [], 'support': []}, '13': {'precision': [], 'recall': [], 'f1-score': [], 'support': []}, '14': {'precision': [], 'recall': [], 'f1-score': [], 'support': []}, '15': {'precision': [], 'recall': [], 'f1-score': [], 'support': []}, '16': {'precision': [], 'recall': [], 'f1-score': [], 'support': []}, '17': {'precision': [], 'recall': [], 'f1-score': [], 'support': []}, '18': {'precision': [], 'recall': [], 'f1-score': [], 'support': []}, 'micro avg': {'precision': [], 'recall': [], 'f1-score': [], 'support': []}, 'macro avg': {'precision': [], 'recall': [], 'f1-score': [], 'support': []}, 'weighted avg': {'precision': [], 'recall': [], 'f1-score': [], 'support': []}, 'ap_mic': [], 'ap_mac': []}, {'0': {'precision': [], 'recall': [], 'f1-score': [], 'support': []}, '1': {'precision': [], 'recall': [], 'f1-score': [], 'support': []}, '2': {'precision': [], 'recall': [], 'f1-score': [], 'support': []}, '3': {'precision': [], 'recall': [], 'f1-score': [], 'support': []}, '4': {'precision': [], 'recall': [], 'f1-score': [], 'support': []}, '5': {'precision': [], 'recall': [], 'f1-score': [], 'support': []}, '6': {'precision': [], 'recall': [], 'f1-score': [], 'support': []}, '7': {'precision': [], 'recall': [], 'f1-score': [], 'support': []}, '8': {'precision': [], 'recall': [], 'f1-score': [], 'support': []}, '9': {'precision': [], 'recall': [], 'f1-score': [], 'support': []}, '10': {'precision': [], 'recall': [], 'f1-score': [], 'support': []}, '11': {'precision': [], 'recall': [], 'f1-score': [], 'support': []}, '12': {'precision': [], 'recall': [], 'f1-score': [], 'support': []}, '13': {'precision': [], 'recall': [], 'f1-score': [], 'support': []}, '14': {'precision': [], 'recall': [], 'f1-score': [], 'support': []}, '15': {'precision': [], 'recall': [], 'f1-score': [], 'support': []}, '16': {'precision': [], 'recall': [], 'f1-score': [], 'support': []}, '17': {'precision': [], 'recall': [], 'f1-score': [], 'support': []}, '18': {'precision': [], 'recall': [], 'f1-score': [], 'support': []}, 'micro avg': {'precision': [], 'recall': [], 'f1-score': [], 'support': []}, 'macro avg': {'precision': [], 'recall': [], 'f1-score': [], 'support': []}, 'weighted avg': {'precision': [], 'recall': [], 'f1-score': [], 'support': []}, 'ap_mic': [], 'ap_mac': []}, {'0': {'precision': [], 'recall': [], 'f1-score': [], 'support': []}, '1': {'precision': [], 'recall': [], 'f1-score': [], 'support': []}, '2': {'precision': [], 'recall': [], 'f1-score': [], 'support': []}, '3': {'precision': [], 'recall': [], 'f1-score': [], 'support': []}, '4': {'precision': [], 'recall': [], 'f1-score': [], 'support': []}, '5': {'precision': [], 'recall': [], 'f1-score': [], 'support': []}, '6': {'precision': [], 'recall': [], 'f1-score': [], 'support': []}, '7': {'precision': [], 'recall': [], 'f1-score': [], 'support': []}, '8': {'precision': [], 'recall': [], 'f1-score': [], 'support': []}, '9': {'precision': [], 'recall': [], 'f1-score': [], 'support': []}, '10': {'precision': [], 'recall': [], 'f1-score': [], 'support': []}, '11': {'precision': [], 'recall': [], 'f1-score': [], 'support': []}, '12': {'precision': [], 'recall': [], 'f1-score': [], 'support': []}, '13': {'precision': [], 'recall': [], 'f1-score': [], 'support': []}, '14': {'precision': [], 'recall': [], 'f1-score': [], 'support': []}, '15': {'precision': [], 'recall': [], 'f1-score': [], 'support': []}, '16': {'precision': [], 'recall': [], 'f1-score': [], 'support': []}, '17': {'precision': [], 'recall': [], 'f1-score': [], 'support': []}, '18': {'precision': [], 'recall': [], 'f1-score': [], 'support': []}, 'micro avg': {'precision': [], 'recall': [], 'f1-score': [], 'support': []}, 'macro avg': {'precision': [], 'recall': [], 'f1-score': [], 'support': []}, 'weighted avg': {'precision': [], 'recall': [], 'f1-score': [], 'support': []}, 'ap_mic': [], 'ap_mac': []}, {'0': {'precision': [], 'recall': [], 'f1-score': [], 'support': []}, '1': {'precision': [], 'recall': [], 'f1-score': [], 'support': []}, '2': {'precision': [], 'recall': [], 'f1-score': [], 'support': []}, '3': {'precision': [], 'recall': [], 'f1-score': [], 'support': []}, '4': {'precision': [], 'recall': [], 'f1-score': [], 'support': []}, '5': {'precision': [], 'recall': [], 'f1-score': [], 'support': []}, '6': {'precision': [], 'recall': [], 'f1-score': [], 'support': []}, '7': {'precision': [], 'recall': [], 'f1-score': [], 'support': []}, '8': {'precision': [], 'recall': [], 'f1-score': [], 'support': []}, '9': {'precision': [], 'recall': [], 'f1-score': [], 'support': []}, '10': {'precision': [], 'recall': [], 'f1-score': [], 'support': []}, '11': {'precision': [], 'recall': [], 'f1-score': [], 'support': []}, '12': {'precision': [], 'recall': [], 'f1-score': [], 'support': []}, '13': {'precision': [], 'recall': [], 'f1-score': [], 'support': []}, '14': {'precision': [], 'recall': [], 'f1-score': [], 'support': []}, '15': {'precision': [], 'recall': [], 'f1-score': [], 'support': []}, '16': {'precision': [], 'recall': [], 'f1-score': [], 'support': []}, '17': {'precision': [], 'recall': [], 'f1-score': [], 'support': []}, '18': {'precision': [], 'recall': [], 'f1-score': [], 'support': []}, 'micro avg': {'precision': [], 'recall': [], 'f1-score': [], 'support': []}, 'macro avg': {'precision': [], 'recall': [], 'f1-score': [], 'support': []}, 'weighted avg': {'precision': [], 'recall': [], 'f1-score': [], 'support': []}, 'ap_mic': [], 'ap_mac': []}, {'0': {'precision': [], 'recall': [], 'f1-score': [], 'support': []}, '1': {'precision': [], 'recall': [], 'f1-score': [], 'support': []}, '2': {'precision': [], 'recall': [], 'f1-score': [], 'support': []}, '3': {'precision': [], 'recall': [], 'f1-score': [], 'support': []}, '4': {'precision': [], 'recall': [], 'f1-score': [], 'support': []}, '5': {'precision': [], 'recall': [], 'f1-score': [], 'support': []}, '6': {'precision': [], 'recall': [], 'f1-score': [], 'support': []}, '7': {'precision': [], 'recall': [], 'f1-score': [], 'support': []}, '8': {'precision': [], 'recall': [], 'f1-score': [], 'support': []}, '9': {'precision': [], 'recall': [], 'f1-score': [], 'support': []}, '10': {'precision': [], 'recall': [], 'f1-score': [], 'support': []}, '11': {'precision': [], 'recall': [], 'f1-score': [], 'support': []}, '12': {'precision': [], 'recall': [], 'f1-score': [], 'support': []}, '13': {'precision': [], 'recall': [], 'f1-score': [], 'support': []}, '14': {'precision': [], 'recall': [], 'f1-score': [], 'support': []}, '15': {'precision': [], 'recall': [], 'f1-score': [], 'support': []}, '16': {'precision': [], 'recall': [], 'f1-score': [], 'support': []}, '17': {'precision': [], 'recall': [], 'f1-score': [], 'support': []}, '18': {'precision': [], 'recall': [], 'f1-score': [], 'support': []}, 'micro avg': {'precision': [], 'recall': [], 'f1-score': [], 'support': []}, 'macro avg': {'precision': [], 'recall': [], 'f1-score': [], 'support': []}, 'weighted avg': {'precision': [], 'recall': [], 'f1-score': [], 'support': []}, 'ap_mic': [], 'ap_mac': []}, {'0': {'precision': [], 'recall': [], 'f1-score': [], 'support': []}, '1': {'precision': [], 'recall': [], 'f1-score': [], 'support': []}, '2': {'precision': [], 'recall': [], 'f1-score': [], 'support': []}, '3': {'precision': [], 'recall': [], 'f1-score': [], 'support': []}, '4': {'precision': [], 'recall': [], 'f1-score': [], 'support': []}, '5': {'precision': [], 'recall': [], 'f1-score': [], 'support': []}, '6': {'precision': [], 'recall': [], 'f1-score': [], 'support': []}, '7': {'precision': [], 'recall': [], 'f1-score': [], 'support': []}, '8': {'precision': [], 'recall': [], 'f1-score': [], 'support': []}, '9': {'precision': [], 'recall': [], 'f1-score': [], 'support': []}, '10': {'precision': [], 'recall': [], 'f1-score': [], 'support': []}, '11': {'precision': [], 'recall': [], 'f1-score': [], 'support': []}, '12': {'precision': [], 'recall': [], 'f1-score': [], 'support': []}, '13': {'precision': [], 'recall': [], 'f1-score': [], 'support': []}, '14': {'precision': [], 'recall': [], 'f1-score': [], 'support': []}, '15': {'precision': [], 'recall': [], 'f1-score': [], 'support': []}, '16': {'precision': [], 'recall': [], 'f1-score': [], 'support': []}, '17': {'precision': [], 'recall': [], 'f1-score': [], 'support': []}, '18': {'precision': [], 'recall': [], 'f1-score': [], 'support': []}, 'micro avg': {'precision': [], 'recall': [], 'f1-score': [], 'support': []}, 'macro avg': {'precision': [], 'recall': [], 'f1-score': [], 'support': []}, 'weighted avg': {'precision': [], 'recall': [], 'f1-score': [], 'support': []}, 'ap_mic': [], 'ap_mac': []}, {'0': {'precision': [], 'recall': [], 'f1-score': [], 'support': []}, '1': {'precision': [], 'recall': [], 'f1-score': [], 'support': []}, '2': {'precision': [], 'recall': [], 'f1-score': [], 'support': []}, '3': {'precision': [], 'recall': [], 'f1-score': [], 'support': []}, '4': {'precision': [], 'recall': [], 'f1-score': [], 'support': []}, '5': {'precision': [], 'recall': [], 'f1-score': [], 'support': []}, '6': {'precision': [], 'recall': [], 'f1-score': [], 'support': []}, '7': {'precision': [], 'recall': [], 'f1-score': [], 'support': []}, '8': {'precision': [], 'recall': [], 'f1-score': [], 'support': []}, '9': {'precision': [], 'recall': [], 'f1-score': [], 'support': []}, '10': {'precision': [], 'recall': [], 'f1-score': [], 'support': []}, '11': {'precision': [], 'recall': [], 'f1-score': [], 'support': []}, '12': {'precision': [], 'recall': [], 'f1-score': [], 'support': []}, '13': {'precision': [], 'recall': [], 'f1-score': [], 'support': []}, '14': {'precision': [], 'recall': [], 'f1-score': [], 'support': []}, '15': {'precision': [], 'recall': [], 'f1-score': [], 'support': []}, '16': {'precision': [], 'recall': [], 'f1-score': [], 'support': []}, '17': {'precision': [], 'recall': [], 'f1-score': [], 'support': []}, '18': {'precision': [], 'recall': [], 'f1-score': [], 'support': []}, 'micro avg': {'precision': [], 'recall': [], 'f1-score': [], 'support': []}, 'macro avg': {'precision': [], 'recall': [], 'f1-score': [], 'support': []}, 'weighted avg': {'precision': [], 'recall': [], 'f1-score': [], 'support': []}, 'ap_mic': [], 'ap_mac': []}]
