Lines that potentially need to be canonized 309
Using device: cuda:0
Initialized conv1.weight with Xavier uniform.
Initialized encoder.1.bias with zeros.
Initialized encoder.4.0.conv1.weight with Xavier uniform.
Initialized encoder.4.0.bn1.bias with zeros.
Initialized encoder.4.0.conv2.weight with Xavier uniform.
Initialized encoder.4.0.bn2.bias with zeros.
Initialized encoder.4.0.conv3.weight with Xavier uniform.
Initialized encoder.4.0.bn3.bias with zeros.
Initialized encoder.4.0.downsample.0.weight with Xavier uniform.
Initialized encoder.4.0.downsample.1.bias with zeros.
Initialized encoder.4.1.conv1.weight with Xavier uniform.
Initialized encoder.4.1.bn1.bias with zeros.
Initialized encoder.4.1.conv2.weight with Xavier uniform.
Initialized encoder.4.1.bn2.bias with zeros.
Initialized encoder.4.1.conv3.weight with Xavier uniform.
Initialized encoder.4.1.bn3.bias with zeros.
Initialized encoder.4.2.conv1.weight with Xavier uniform.
Initialized encoder.4.2.bn1.bias with zeros.
Initialized encoder.4.2.conv2.weight with Xavier uniform.
Initialized encoder.4.2.bn2.bias with zeros.
Initialized encoder.4.2.conv3.weight with Xavier uniform.
Initialized encoder.4.2.bn3.bias with zeros.
Initialized encoder.5.0.conv1.weight with Xavier uniform.
Initialized encoder.5.0.bn1.bias with zeros.
Initialized encoder.5.0.conv2.weight with Xavier uniform.
Initialized encoder.5.0.bn2.bias with zeros.
Initialized encoder.5.0.conv3.weight with Xavier uniform.
Initialized encoder.5.0.bn3.bias with zeros.
Initialized encoder.5.0.downsample.0.weight with Xavier uniform.
Initialized encoder.5.0.downsample.1.bias with zeros.
Initialized encoder.5.1.conv1.weight with Xavier uniform.
Initialized encoder.5.1.bn1.bias with zeros.
Initialized encoder.5.1.conv2.weight with Xavier uniform.
Initialized encoder.5.1.bn2.bias with zeros.
Initialized encoder.5.1.conv3.weight with Xavier uniform.
Initialized encoder.5.1.bn3.bias with zeros.
Initialized encoder.5.2.conv1.weight with Xavier uniform.
Initialized encoder.5.2.bn1.bias with zeros.
Initialized encoder.5.2.conv2.weight with Xavier uniform.
Initialized encoder.5.2.bn2.bias with zeros.
Initialized encoder.5.2.conv3.weight with Xavier uniform.
Initialized encoder.5.2.bn3.bias with zeros.
Initialized encoder.5.3.conv1.weight with Xavier uniform.
Initialized encoder.5.3.bn1.bias with zeros.
Initialized encoder.5.3.conv2.weight with Xavier uniform.
Initialized encoder.5.3.bn2.bias with zeros.
Initialized encoder.5.3.conv3.weight with Xavier uniform.
Initialized encoder.5.3.bn3.bias with zeros.
Initialized encoder.6.0.conv1.weight with Xavier uniform.
Initialized encoder.6.0.bn1.bias with zeros.
Initialized encoder.6.0.conv2.weight with Xavier uniform.
Initialized encoder.6.0.bn2.bias with zeros.
Initialized encoder.6.0.conv3.weight with Xavier uniform.
Initialized encoder.6.0.bn3.bias with zeros.
Initialized encoder.6.0.downsample.0.weight with Xavier uniform.
Initialized encoder.6.0.downsample.1.bias with zeros.
Initialized encoder.6.1.conv1.weight with Xavier uniform.
Initialized encoder.6.1.bn1.bias with zeros.
Initialized encoder.6.1.conv2.weight with Xavier uniform.
Initialized encoder.6.1.bn2.bias with zeros.
Initialized encoder.6.1.conv3.weight with Xavier uniform.
Initialized encoder.6.1.bn3.bias with zeros.
Initialized encoder.6.2.conv1.weight with Xavier uniform.
Initialized encoder.6.2.bn1.bias with zeros.
Initialized encoder.6.2.conv2.weight with Xavier uniform.
Initialized encoder.6.2.bn2.bias with zeros.
Initialized encoder.6.2.conv3.weight with Xavier uniform.
Initialized encoder.6.2.bn3.bias with zeros.
Initialized encoder.6.3.conv1.weight with Xavier uniform.
Initialized encoder.6.3.bn1.bias with zeros.
Initialized encoder.6.3.conv2.weight with Xavier uniform.
Initialized encoder.6.3.bn2.bias with zeros.
Initialized encoder.6.3.conv3.weight with Xavier uniform.
Initialized encoder.6.3.bn3.bias with zeros.
Initialized encoder.6.4.conv1.weight with Xavier uniform.
Initialized encoder.6.4.bn1.bias with zeros.
Initialized encoder.6.4.conv2.weight with Xavier uniform.
Initialized encoder.6.4.bn2.bias with zeros.
Initialized encoder.6.4.conv3.weight with Xavier uniform.
Initialized encoder.6.4.bn3.bias with zeros.
Initialized encoder.6.5.conv1.weight with Xavier uniform.
Initialized encoder.6.5.bn1.bias with zeros.
Initialized encoder.6.5.conv2.weight with Xavier uniform.
Initialized encoder.6.5.bn2.bias with zeros.
Initialized encoder.6.5.conv3.weight with Xavier uniform.
Initialized encoder.6.5.bn3.bias with zeros.
Initialized encoder.7.0.conv1.weight with Xavier uniform.
Initialized encoder.7.0.bn1.bias with zeros.
Initialized encoder.7.0.conv2.weight with Xavier uniform.
Initialized encoder.7.0.bn2.bias with zeros.
Initialized encoder.7.0.conv3.weight with Xavier uniform.
Initialized encoder.7.0.bn3.bias with zeros.
Initialized encoder.7.0.downsample.0.weight with Xavier uniform.
Initialized encoder.7.0.downsample.1.bias with zeros.
Initialized encoder.7.1.conv1.weight with Xavier uniform.
Initialized encoder.7.1.bn1.bias with zeros.
Initialized encoder.7.1.conv2.weight with Xavier uniform.
Initialized encoder.7.1.bn2.bias with zeros.
Initialized encoder.7.1.conv3.weight with Xavier uniform.
Initialized encoder.7.1.bn3.bias with zeros.
Initialized encoder.7.2.conv1.weight with Xavier uniform.
Initialized encoder.7.2.bn1.bias with zeros.
Initialized encoder.7.2.conv2.weight with Xavier uniform.
Initialized encoder.7.2.bn2.bias with zeros.
Initialized encoder.7.2.conv3.weight with Xavier uniform.
Initialized encoder.7.2.bn3.bias with zeros.
Initialized FC.weight with Xavier uniform.
Initialized FC.bias with zeros.
Pre-filtered 30767 patches based on country and season (split ignored)
Loading BEN data for train...
    237871 patches indexed
    14805 filtered patches indexed
    14805 patches indexed considering max_len
Merged metadata with snow/cloud metadata
Loaded 549488 labels
Loaded 549488 keys
Loaded mapping created
Pre-filtered 30767 patches based on country and season (split ignored)
Loading BEN data for test...
    119825 patches indexed
    8209 filtered patches indexed
    8209 patches indexed considering max_len
Merged metadata with snow/cloud metadata
Loaded 549488 labels
Loaded 549488 keys
Loaded mapping created
Initialized conv1.weight with Xavier uniform.
Initialized encoder.1.bias with zeros.
Initialized encoder.4.0.conv1.weight with Xavier uniform.
Initialized encoder.4.0.bn1.bias with zeros.
Initialized encoder.4.0.conv2.weight with Xavier uniform.
Initialized encoder.4.0.bn2.bias with zeros.
Initialized encoder.4.0.conv3.weight with Xavier uniform.
Initialized encoder.4.0.bn3.bias with zeros.
Initialized encoder.4.0.downsample.0.weight with Xavier uniform.
Initialized encoder.4.0.downsample.1.bias with zeros.
Initialized encoder.4.1.conv1.weight with Xavier uniform.
Initialized encoder.4.1.bn1.bias with zeros.
Initialized encoder.4.1.conv2.weight with Xavier uniform.
Initialized encoder.4.1.bn2.bias with zeros.
Initialized encoder.4.1.conv3.weight with Xavier uniform.
Initialized encoder.4.1.bn3.bias with zeros.
Initialized encoder.4.2.conv1.weight with Xavier uniform.
Initialized encoder.4.2.bn1.bias with zeros.
Initialized encoder.4.2.conv2.weight with Xavier uniform.
Initialized encoder.4.2.bn2.bias with zeros.
Initialized encoder.4.2.conv3.weight with Xavier uniform.
Initialized encoder.4.2.bn3.bias with zeros.
Initialized encoder.5.0.conv1.weight with Xavier uniform.
Initialized encoder.5.0.bn1.bias with zeros.
Initialized encoder.5.0.conv2.weight with Xavier uniform.
Initialized encoder.5.0.bn2.bias with zeros.
Initialized encoder.5.0.conv3.weight with Xavier uniform.
Initialized encoder.5.0.bn3.bias with zeros.
Initialized encoder.5.0.downsample.0.weight with Xavier uniform.
Initialized encoder.5.0.downsample.1.bias with zeros.
Initialized encoder.5.1.conv1.weight with Xavier uniform.
Initialized encoder.5.1.bn1.bias with zeros.
Initialized encoder.5.1.conv2.weight with Xavier uniform.
Initialized encoder.5.1.bn2.bias with zeros.
Initialized encoder.5.1.conv3.weight with Xavier uniform.
Initialized encoder.5.1.bn3.bias with zeros.
Initialized encoder.5.2.conv1.weight with Xavier uniform.
Initialized encoder.5.2.bn1.bias with zeros.
Initialized encoder.5.2.conv2.weight with Xavier uniform.
Initialized encoder.5.2.bn2.bias with zeros.
Initialized encoder.5.2.conv3.weight with Xavier uniform.
Initialized encoder.5.2.bn3.bias with zeros.
Initialized encoder.5.3.conv1.weight with Xavier uniform.
Initialized encoder.5.3.bn1.bias with zeros.
Initialized encoder.5.3.conv2.weight with Xavier uniform.
Initialized encoder.5.3.bn2.bias with zeros.
Initialized encoder.5.3.conv3.weight with Xavier uniform.
Initialized encoder.5.3.bn3.bias with zeros.
Initialized encoder.6.0.conv1.weight with Xavier uniform.
Initialized encoder.6.0.bn1.bias with zeros.
Initialized encoder.6.0.conv2.weight with Xavier uniform.
Initialized encoder.6.0.bn2.bias with zeros.
Initialized encoder.6.0.conv3.weight with Xavier uniform.
Initialized encoder.6.0.bn3.bias with zeros.
Initialized encoder.6.0.downsample.0.weight with Xavier uniform.
Initialized encoder.6.0.downsample.1.bias with zeros.
Initialized encoder.6.1.conv1.weight with Xavier uniform.
Initialized encoder.6.1.bn1.bias with zeros.
Initialized encoder.6.1.conv2.weight with Xavier uniform.
Initialized encoder.6.1.bn2.bias with zeros.
Initialized encoder.6.1.conv3.weight with Xavier uniform.
Initialized encoder.6.1.bn3.bias with zeros.
Initialized encoder.6.2.conv1.weight with Xavier uniform.
Initialized encoder.6.2.bn1.bias with zeros.
Initialized encoder.6.2.conv2.weight with Xavier uniform.
Initialized encoder.6.2.bn2.bias with zeros.
Initialized encoder.6.2.conv3.weight with Xavier uniform.
Initialized encoder.6.2.bn3.bias with zeros.
Initialized encoder.6.3.conv1.weight with Xavier uniform.
Initialized encoder.6.3.bn1.bias with zeros.
Initialized encoder.6.3.conv2.weight with Xavier uniform.
Initialized encoder.6.3.bn2.bias with zeros.
Initialized encoder.6.3.conv3.weight with Xavier uniform.
Initialized encoder.6.3.bn3.bias with zeros.
Initialized encoder.6.4.conv1.weight with Xavier uniform.
Initialized encoder.6.4.bn1.bias with zeros.
Initialized encoder.6.4.conv2.weight with Xavier uniform.
Initialized encoder.6.4.bn2.bias with zeros.
Initialized encoder.6.4.conv3.weight with Xavier uniform.
Initialized encoder.6.4.bn3.bias with zeros.
Initialized encoder.6.5.conv1.weight with Xavier uniform.
Initialized encoder.6.5.bn1.bias with zeros.
Initialized encoder.6.5.conv2.weight with Xavier uniform.
Initialized encoder.6.5.bn2.bias with zeros.
Initialized encoder.6.5.conv3.weight with Xavier uniform.
Initialized encoder.6.5.bn3.bias with zeros.
Initialized encoder.7.0.conv1.weight with Xavier uniform.
Initialized encoder.7.0.bn1.bias with zeros.
Initialized encoder.7.0.conv2.weight with Xavier uniform.
Initialized encoder.7.0.bn2.bias with zeros.
Initialized encoder.7.0.conv3.weight with Xavier uniform.
Initialized encoder.7.0.bn3.bias with zeros.
Initialized encoder.7.0.downsample.0.weight with Xavier uniform.
Initialized encoder.7.0.downsample.1.bias with zeros.
Initialized encoder.7.1.conv1.weight with Xavier uniform.
Initialized encoder.7.1.bn1.bias with zeros.
Initialized encoder.7.1.conv2.weight with Xavier uniform.
Initialized encoder.7.1.bn2.bias with zeros.
Initialized encoder.7.1.conv3.weight with Xavier uniform.
Initialized encoder.7.1.bn3.bias with zeros.
Initialized encoder.7.2.conv1.weight with Xavier uniform.
Initialized encoder.7.2.bn1.bias with zeros.
Initialized encoder.7.2.conv2.weight with Xavier uniform.
Initialized encoder.7.2.bn2.bias with zeros.
Initialized encoder.7.2.conv3.weight with Xavier uniform.
Initialized encoder.7.2.bn3.bias with zeros.
Initialized FC.weight with Xavier uniform.
Initialized FC.bias with zeros.
Pre-filtered 15549 patches based on country and season (split ignored)
Loading BEN data for train...
    237871 patches indexed
    7150 filtered patches indexed
    7150 patches indexed considering max_len
Merged metadata with snow/cloud metadata
Loaded 549488 labels
Loaded 549488 keys
Loaded mapping created
Pre-filtered 15549 patches based on country and season (split ignored)
Loading BEN data for test...
    119825 patches indexed
    4263 filtered patches indexed
    4263 patches indexed considering max_len
Merged metadata with snow/cloud metadata
Loaded 549488 labels
Loaded 549488 keys
Loaded mapping created
Initialized conv1.weight with Xavier uniform.
Initialized encoder.1.bias with zeros.
Initialized encoder.4.0.conv1.weight with Xavier uniform.
Initialized encoder.4.0.bn1.bias with zeros.
Initialized encoder.4.0.conv2.weight with Xavier uniform.
Initialized encoder.4.0.bn2.bias with zeros.
Initialized encoder.4.0.conv3.weight with Xavier uniform.
Initialized encoder.4.0.bn3.bias with zeros.
Initialized encoder.4.0.downsample.0.weight with Xavier uniform.
Initialized encoder.4.0.downsample.1.bias with zeros.
Initialized encoder.4.1.conv1.weight with Xavier uniform.
Initialized encoder.4.1.bn1.bias with zeros.
Initialized encoder.4.1.conv2.weight with Xavier uniform.
Initialized encoder.4.1.bn2.bias with zeros.
Initialized encoder.4.1.conv3.weight with Xavier uniform.
Initialized encoder.4.1.bn3.bias with zeros.
Initialized encoder.4.2.conv1.weight with Xavier uniform.
Initialized encoder.4.2.bn1.bias with zeros.
Initialized encoder.4.2.conv2.weight with Xavier uniform.
Initialized encoder.4.2.bn2.bias with zeros.
Initialized encoder.4.2.conv3.weight with Xavier uniform.
Initialized encoder.4.2.bn3.bias with zeros.
Initialized encoder.5.0.conv1.weight with Xavier uniform.
Initialized encoder.5.0.bn1.bias with zeros.
Initialized encoder.5.0.conv2.weight with Xavier uniform.
Initialized encoder.5.0.bn2.bias with zeros.
Initialized encoder.5.0.conv3.weight with Xavier uniform.
Initialized encoder.5.0.bn3.bias with zeros.
Initialized encoder.5.0.downsample.0.weight with Xavier uniform.
Initialized encoder.5.0.downsample.1.bias with zeros.
Initialized encoder.5.1.conv1.weight with Xavier uniform.
Initialized encoder.5.1.bn1.bias with zeros.
Initialized encoder.5.1.conv2.weight with Xavier uniform.
Initialized encoder.5.1.bn2.bias with zeros.
Initialized encoder.5.1.conv3.weight with Xavier uniform.
Initialized encoder.5.1.bn3.bias with zeros.
Initialized encoder.5.2.conv1.weight with Xavier uniform.
Initialized encoder.5.2.bn1.bias with zeros.
Initialized encoder.5.2.conv2.weight with Xavier uniform.
Initialized encoder.5.2.bn2.bias with zeros.
Initialized encoder.5.2.conv3.weight with Xavier uniform.
Initialized encoder.5.2.bn3.bias with zeros.
Initialized encoder.5.3.conv1.weight with Xavier uniform.
Initialized encoder.5.3.bn1.bias with zeros.
Initialized encoder.5.3.conv2.weight with Xavier uniform.
Initialized encoder.5.3.bn2.bias with zeros.
Initialized encoder.5.3.conv3.weight with Xavier uniform.
Initialized encoder.5.3.bn3.bias with zeros.
Initialized encoder.6.0.conv1.weight with Xavier uniform.
Initialized encoder.6.0.bn1.bias with zeros.
Initialized encoder.6.0.conv2.weight with Xavier uniform.
Initialized encoder.6.0.bn2.bias with zeros.
Initialized encoder.6.0.conv3.weight with Xavier uniform.
Initialized encoder.6.0.bn3.bias with zeros.
Initialized encoder.6.0.downsample.0.weight with Xavier uniform.
Initialized encoder.6.0.downsample.1.bias with zeros.
Initialized encoder.6.1.conv1.weight with Xavier uniform.
Initialized encoder.6.1.bn1.bias with zeros.
Initialized encoder.6.1.conv2.weight with Xavier uniform.
Initialized encoder.6.1.bn2.bias with zeros.
Initialized encoder.6.1.conv3.weight with Xavier uniform.
Initialized encoder.6.1.bn3.bias with zeros.
Initialized encoder.6.2.conv1.weight with Xavier uniform.
Initialized encoder.6.2.bn1.bias with zeros.
Initialized encoder.6.2.conv2.weight with Xavier uniform.
Initialized encoder.6.2.bn2.bias with zeros.
Initialized encoder.6.2.conv3.weight with Xavier uniform.
Initialized encoder.6.2.bn3.bias with zeros.
Initialized encoder.6.3.conv1.weight with Xavier uniform.
Initialized encoder.6.3.bn1.bias with zeros.
Initialized encoder.6.3.conv2.weight with Xavier uniform.
Initialized encoder.6.3.bn2.bias with zeros.
Initialized encoder.6.3.conv3.weight with Xavier uniform.
Initialized encoder.6.3.bn3.bias with zeros.
Initialized encoder.6.4.conv1.weight with Xavier uniform.
Initialized encoder.6.4.bn1.bias with zeros.
Initialized encoder.6.4.conv2.weight with Xavier uniform.
Initialized encoder.6.4.bn2.bias with zeros.
Initialized encoder.6.4.conv3.weight with Xavier uniform.
Initialized encoder.6.4.bn3.bias with zeros.
Initialized encoder.6.5.conv1.weight with Xavier uniform.
Initialized encoder.6.5.bn1.bias with zeros.
Initialized encoder.6.5.conv2.weight with Xavier uniform.
Initialized encoder.6.5.bn2.bias with zeros.
Initialized encoder.6.5.conv3.weight with Xavier uniform.
Initialized encoder.6.5.bn3.bias with zeros.
Initialized encoder.7.0.conv1.weight with Xavier uniform.
Initialized encoder.7.0.bn1.bias with zeros.
Initialized encoder.7.0.conv2.weight with Xavier uniform.
Initialized encoder.7.0.bn2.bias with zeros.
Initialized encoder.7.0.conv3.weight with Xavier uniform.
Initialized encoder.7.0.bn3.bias with zeros.
Initialized encoder.7.0.downsample.0.weight with Xavier uniform.
Initialized encoder.7.0.downsample.1.bias with zeros.
Initialized encoder.7.1.conv1.weight with Xavier uniform.
Initialized encoder.7.1.bn1.bias with zeros.
Initialized encoder.7.1.conv2.weight with Xavier uniform.
Initialized encoder.7.1.bn2.bias with zeros.
Initialized encoder.7.1.conv3.weight with Xavier uniform.
Initialized encoder.7.1.bn3.bias with zeros.
Initialized encoder.7.2.conv1.weight with Xavier uniform.
Initialized encoder.7.2.bn1.bias with zeros.
Initialized encoder.7.2.conv2.weight with Xavier uniform.
Initialized encoder.7.2.bn2.bias with zeros.
Initialized encoder.7.2.conv3.weight with Xavier uniform.
Initialized encoder.7.2.bn3.bias with zeros.
Initialized FC.weight with Xavier uniform.
Initialized FC.bias with zeros.
Pre-filtered 13683 patches based on country and season (split ignored)
Loading BEN data for train...
    237871 patches indexed
    7180 filtered patches indexed
    7180 patches indexed considering max_len
Merged metadata with snow/cloud metadata
Loaded 549488 labels
Loaded 549488 keys
Loaded mapping created
Pre-filtered 13683 patches based on country and season (split ignored)
Loading BEN data for test...
    119825 patches indexed
    3248 filtered patches indexed
    3248 patches indexed considering max_len
Merged metadata with snow/cloud metadata
Loaded 549488 labels
Loaded 549488 keys
Loaded mapping created
Pre-filtered 59999 patches based on country and season (split ignored)
Loading BEN data for test...
    119825 patches indexed
    15720 filtered patches indexed
    15720 patches indexed considering max_len
Merged metadata with snow/cloud metadata
Loaded 549488 labels
Loaded 549488 keys
Loaded mapping created
Initializing LRP Pruning...
LRP initialized successfully.
=== Round 1/3 ===
Training and communication for Round 1...
