Using device: cuda:0
Pre-filtered 30767 patches based on country and season (split ignored)
Loading BEN data for train...
    237871 patches indexed
    14805 filtered patches indexed
    14805 patches indexed considering max_len
Merged metadata with snow/cloud metadata
Loaded 549488 labels
Loaded 549488 keys
Loaded mapping created
Pre-filtered 30767 patches based on country and season (split ignored)
Loading BEN data for test...
    119825 patches indexed
    8209 filtered patches indexed
    8209 patches indexed considering max_len
Merged metadata with snow/cloud metadata
Loaded 549488 labels
Loaded 549488 keys
Loaded mapping created
Pre-filtered 15549 patches based on country and season (split ignored)
Loading BEN data for train...
    237871 patches indexed
    7150 filtered patches indexed
    7150 patches indexed considering max_len
Merged metadata with snow/cloud metadata
Loaded 549488 labels
Loaded 549488 keys
Loaded mapping created
Pre-filtered 15549 patches based on country and season (split ignored)
Loading BEN data for test...
    119825 patches indexed
    4263 filtered patches indexed
    4263 patches indexed considering max_len
Merged metadata with snow/cloud metadata
Loaded 549488 labels
Loaded 549488 keys
Loaded mapping created
Pre-filtered 13683 patches based on country and season (split ignored)
Loading BEN data for train...
    237871 patches indexed
    7180 filtered patches indexed
    7180 patches indexed considering max_len
Merged metadata with snow/cloud metadata
Loaded 549488 labels
Loaded 549488 keys
Loaded mapping created
Pre-filtered 13683 patches based on country and season (split ignored)
Loading BEN data for test...
    119825 patches indexed
    3248 filtered patches indexed
    3248 patches indexed considering max_len
Merged metadata with snow/cloud metadata
Loaded 549488 labels
Loaded 549488 keys
Loaded mapping created
Pre-filtered 10372 patches based on country and season (split ignored)
Loading BEN data for train...
    237871 patches indexed
    5941 filtered patches indexed
    5941 patches indexed considering max_len
Merged metadata with snow/cloud metadata
Loaded 549488 labels
Loaded 549488 keys
Loaded mapping created
Pre-filtered 10372 patches based on country and season (split ignored)
Loading BEN data for test...
    119825 patches indexed
    1871 filtered patches indexed
    1871 patches indexed considering max_len
Merged metadata with snow/cloud metadata
Loaded 549488 labels
Loaded 549488 keys
Loaded mapping created
Pre-filtered 1939 patches based on country and season (split ignored)
Loading BEN data for train...
    237871 patches indexed
    1323 filtered patches indexed
    1323 patches indexed considering max_len
Merged metadata with snow/cloud metadata
Loaded 549488 labels
Loaded 549488 keys
Loaded mapping created
Pre-filtered 1939 patches based on country and season (split ignored)
Loading BEN data for test...
    119825 patches indexed
    32 filtered patches indexed
    32 patches indexed considering max_len
Merged metadata with snow/cloud metadata
Loaded 549488 labels
Loaded 549488 keys
Loaded mapping created
Pre-filtered 8775 patches based on country and season (split ignored)
Loading BEN data for train...
    237871 patches indexed
    4206 filtered patches indexed
    4206 patches indexed considering max_len
Merged metadata with snow/cloud metadata
Loaded 549488 labels
Loaded 549488 keys
Loaded mapping created
Pre-filtered 8775 patches based on country and season (split ignored)
Loading BEN data for test...
    119825 patches indexed
    2151 filtered patches indexed
    2151 patches indexed considering max_len
Merged metadata with snow/cloud metadata
Loaded 549488 labels
Loaded 549488 keys
Loaded mapping created
Pre-filtered 16438 patches based on country and season (split ignored)
Loading BEN data for train...
    237871 patches indexed
    8037 filtered patches indexed
    8037 patches indexed considering max_len
Merged metadata with snow/cloud metadata
Loaded 549488 labels
Loaded 549488 keys
Loaded mapping created
Pre-filtered 16438 patches based on country and season (split ignored)
Loading BEN data for test...
    119825 patches indexed
    4220 filtered patches indexed
    4220 patches indexed considering max_len
Merged metadata with snow/cloud metadata
Loaded 549488 labels
Loaded 549488 keys
Loaded mapping created
Pre-filtered 4874 patches based on country and season (split ignored)
Loading BEN data for train...
    237871 patches indexed
    1692 filtered patches indexed
    1692 patches indexed considering max_len
Merged metadata with snow/cloud metadata
Loaded 549488 labels
Loaded 549488 keys
Loaded mapping created
Pre-filtered 4874 patches based on country and season (split ignored)
Loading BEN data for test...
    119825 patches indexed
    2039 filtered patches indexed
    2039 patches indexed considering max_len
Merged metadata with snow/cloud metadata
Loaded 549488 labels
Loaded 549488 keys
Loaded mapping created
Pre-filtered 59999 patches based on country and season (split ignored)
Loading BEN data for test...
    119825 patches indexed
    15720 filtered patches indexed
    15720 patches indexed considering max_len
Merged metadata with snow/cloud metadata
Loaded 549488 labels
Loaded 549488 keys
Loaded mapping created
Pre-filtered 59999 patches based on country and season (split ignored)
Loading BEN data for train...
    237871 patches indexed
    29135 filtered patches indexed
    29135 patches indexed considering max_len
Merged metadata with snow/cloud metadata
Loaded 549488 labels
Loaded 549488 keys
Loaded mapping created
Loading BEN data for train...
    237871 patches indexed
    237871 filtered patches indexed
    237871 patches indexed considering max_len
Merged metadata with snow/cloud metadata
Loaded 549488 labels
Loaded 549488 keys
Loaded mapping created
==================================================
ROUND 1/25
==================================================
Epoch 1/3
----------
Epoch 2/3
----------
Epoch 3/3
----------
Epoch 1/3
----------
Epoch 2/3
----------
Epoch 3/3
----------
Epoch 1/3
----------
Epoch 2/3
----------
Epoch 3/3
----------
Epoch 1/3
----------
Epoch 2/3
----------
Epoch 3/3
----------
Epoch 1/3
----------
Epoch 2/3
----------
Epoch 3/3
----------
Epoch 1/3
----------
Epoch 2/3
----------
Epoch 3/3
----------
Epoch 1/3
----------
Epoch 2/3
----------
Epoch 3/3
----------
Epoch 1/3
----------
Epoch 2/3
----------
Epoch 3/3
----------
micro     precision: 0.0000 | recall: 0.0000 | f1-score: 0.0000 | support: 40183 | mAP: 0.3846
macro     precision: 0.0000 | recall: 0.0000 | f1-score: 0.0000 | support: 40183 | mAP: 0.2605

==================================================
ROUND 2/25
==================================================
Epoch 1/3
----------
Epoch 2/3
----------
Epoch 3/3
----------
Epoch 1/3
----------
Epoch 2/3
----------
Epoch 3/3
----------
Epoch 1/3
----------
Epoch 2/3
----------
Epoch 3/3
----------
Epoch 1/3
----------
Epoch 2/3
----------
Epoch 3/3
----------
Epoch 1/3
----------
Epoch 2/3
----------
Epoch 3/3
----------
Epoch 1/3
----------
Epoch 2/3
----------
Epoch 3/3
----------
Epoch 1/3
----------
Epoch 2/3
----------
Epoch 3/3
----------
Epoch 1/3
----------
Epoch 2/3
----------
Epoch 3/3
----------
micro     precision: 0.3674 | recall: 0.3020 | f1-score: 0.3315 | support: 40183 | mAP: 0.4134
macro     precision: 0.1630 | recall: 0.1370 | f1-score: 0.0798 | support: 40183 | mAP: 0.3007

==================================================
ROUND 3/25
==================================================
Epoch 1/3
----------
Epoch 2/3
----------
Epoch 3/3
----------
Epoch 1/3
----------
Epoch 2/3
----------
Epoch 3/3
----------
Epoch 1/3
----------
Epoch 2/3
----------
Epoch 3/3
----------
Epoch 1/3
----------
Epoch 2/3
----------
Epoch 3/3
----------
Epoch 1/3
----------
Epoch 2/3
----------
Epoch 3/3
----------
Epoch 1/3
----------
Epoch 2/3
----------
Epoch 3/3
----------
Epoch 1/3
----------
Epoch 2/3
----------
Epoch 3/3
----------
Epoch 1/3
----------
Epoch 2/3
----------
Epoch 3/3
----------
micro     precision: 0.5383 | recall: 0.3627 | f1-score: 0.4334 | support: 40183 | mAP: 0.4682
macro     precision: 0.2036 | recall: 0.1637 | f1-score: 0.1381 | support: 40183 | mAP: 0.3229

==================================================
ROUND 4/25
==================================================
Finale Anzahl der Pruning-Patches: 17
Anzahl eindeutiger Klassen: 18
Klassenverteilung in den Pruning-Patches (Häufigkeiten): {'Marine waters': 9, 'Transitional woodland, shrub': 7, 'Mixed forest': 7, 'Coniferous forest': 6, 'Land principally occupied by agriculture, with significant areas of natural vegetation': 2, 'Inland waters': 1, 'Broad-leaved forest': 2, 'Arable land': 4, 'Urban fabric': 1, 'Industrial or commercial units': 1, 'Coastal wetlands': 2, 'Inland wetlands': 2, 'Pastures': 4, 'Complex cultivation patterns': 1, 'Moors, heathland and sclerophyllous vegetation': 1, 'Natural grassland and sparsely vegetated areas': 1, 'Beaches, dunes, sands': 1, 'Permanent crops': 1}
[INFO] Erstelle Prune Loader...
[INFO] 12 Patches nach Filterung übrig.
[SUCCESS] Prune Loader erfolgreich erstellt.
Starting relevance computation and pruning mask generation.
Type of components_relevances: <class 'collections.OrderedDict'>
Layer: conv1
Total layer relevance: 5.646447142560869e+21
--------------------------------------------------
Layer: encoder.4.0.conv1
Total layer relevance: 4.5962063020831854e+21
--------------------------------------------------
Layer: encoder.4.0.conv2
Total layer relevance: 3.088992807240589e+21
--------------------------------------------------
Layer: encoder.4.0.conv3
Total layer relevance: 4.523100565600731e+20
--------------------------------------------------
Layer: encoder.4.0.downsample.0
Total layer relevance: 4.540954171529767e+20
--------------------------------------------------
Layer: encoder.4.1.conv1
Total layer relevance: 7.474579001667748e+18
--------------------------------------------------
Layer: encoder.4.1.conv2
Total layer relevance: 6.891532174713946e+18
--------------------------------------------------
Layer: encoder.4.1.conv3
Total layer relevance: 1.5881145290724475e+18
--------------------------------------------------
Layer: encoder.4.2.conv1
Total layer relevance: 1.0927776344519475e+17
--------------------------------------------------
Layer: encoder.4.2.conv2
Total layer relevance: 7.115592148870758e+16
--------------------------------------------------
Layer: encoder.4.2.conv3
Total layer relevance: 2.768049299206963e+16
--------------------------------------------------
Layer: encoder.5.0.conv1
Total layer relevance: 5429617661837312.0
--------------------------------------------------
Layer: encoder.5.0.conv2
Total layer relevance: 4142778351091712.0
--------------------------------------------------
Layer: encoder.5.0.conv3
Total layer relevance: 1213461136670720.0
--------------------------------------------------
Layer: encoder.5.0.downsample.0
Total layer relevance: 1252891755020288.0
--------------------------------------------------
Layer: encoder.5.1.conv1
Total layer relevance: 107497864036352.0
--------------------------------------------------
Layer: encoder.5.1.conv2
Total layer relevance: 86418852413440.0
--------------------------------------------------
Layer: encoder.5.1.conv3
Total layer relevance: 13694276730880.0
--------------------------------------------------
Layer: encoder.5.2.conv1
Total layer relevance: 1080368431104.0
--------------------------------------------------
Layer: encoder.5.2.conv2
Total layer relevance: 1032841854976.0
--------------------------------------------------
Layer: encoder.5.2.conv3
Total layer relevance: 482211069952.0
--------------------------------------------------
Layer: encoder.5.3.conv1
Total layer relevance: 94322737152.0
--------------------------------------------------
Layer: encoder.5.3.conv2
Total layer relevance: 100963500032.0
--------------------------------------------------
Layer: encoder.5.3.conv3
Total layer relevance: 27093516288.0
--------------------------------------------------
Layer: encoder.6.0.conv1
Total layer relevance: 5216392704.0
--------------------------------------------------
Layer: encoder.6.0.conv2
Total layer relevance: 6717881344.0
--------------------------------------------------
Layer: encoder.6.0.conv3
Total layer relevance: 1031280768.0
--------------------------------------------------
Layer: encoder.6.0.downsample.0
Total layer relevance: 1071046912.0
--------------------------------------------------
Layer: encoder.6.1.conv1
Total layer relevance: 112712112.0
--------------------------------------------------
Layer: encoder.6.1.conv2
Total layer relevance: 176976128.0
--------------------------------------------------
Layer: encoder.6.1.conv3
Total layer relevance: 50430112.0
--------------------------------------------------
Layer: encoder.6.2.conv1
Total layer relevance: 9010336.0
--------------------------------------------------
Layer: encoder.6.2.conv2
Total layer relevance: 16110186.0
--------------------------------------------------
Layer: encoder.6.2.conv3
Total layer relevance: 4816895.5
--------------------------------------------------
Layer: encoder.6.3.conv1
Total layer relevance: 1434548.0
--------------------------------------------------
Layer: encoder.6.3.conv2
Total layer relevance: 3434968.0
--------------------------------------------------
Layer: encoder.6.3.conv3
Total layer relevance: 785046.625
--------------------------------------------------
Layer: encoder.6.4.conv1
Total layer relevance: 247555.125
--------------------------------------------------
Layer: encoder.6.4.conv2
Total layer relevance: 686959.25
--------------------------------------------------
Layer: encoder.6.4.conv3
Total layer relevance: 263941.875
--------------------------------------------------
Layer: encoder.6.5.conv1
Total layer relevance: 267570.8125
--------------------------------------------------
Layer: encoder.6.5.conv2
Total layer relevance: 821822.0625
--------------------------------------------------
Layer: encoder.6.5.conv3
Total layer relevance: 69333.6328125
--------------------------------------------------
Layer: encoder.7.0.conv1
Total layer relevance: 1913.29248046875
--------------------------------------------------
Layer: encoder.7.0.conv2
Total layer relevance: 10863.8515625
--------------------------------------------------
Layer: encoder.7.0.conv3
Total layer relevance: 5328.642578125
--------------------------------------------------
Layer: encoder.7.0.downsample.0
Total layer relevance: 8163.3505859375
--------------------------------------------------
Layer: encoder.7.1.conv1
Total layer relevance: 1733.3033447265625
--------------------------------------------------
Layer: encoder.7.1.conv2
Total layer relevance: 7422.8505859375
--------------------------------------------------
Layer: encoder.7.1.conv3
Total layer relevance: 3020.83642578125
--------------------------------------------------
Layer: encoder.7.2.conv1
Total layer relevance: 1510.33447265625
--------------------------------------------------
Layer: encoder.7.2.conv2
Total layer relevance: 2050.18115234375
--------------------------------------------------
Layer: encoder.7.2.conv3
Total layer relevance: 1743.384521484375
--------------------------------------------------
--------------------------------------------------
Global Pruning Mask
Pruning-rate: 0.6
Layer: conv1		% of pruned neurons: 0.00%
Layer: encoder.4.0.conv1		% of pruned neurons: 0.00%
Layer: encoder.4.0.conv2		% of pruned neurons: 0.00%
Layer: encoder.4.0.conv3		% of pruned neurons: 0.00%
Layer: encoder.4.0.downsample.0		% of pruned neurons: 0.00%
Layer: encoder.4.1.conv1		% of pruned neurons: 0.00%
Layer: encoder.4.1.conv2		% of pruned neurons: 0.00%
Layer: encoder.4.1.conv3		% of pruned neurons: 0.00%
Layer: encoder.4.2.conv1		% of pruned neurons: 0.00%
Layer: encoder.4.2.conv2		% of pruned neurons: 0.00%
Layer: encoder.4.2.conv3		% of pruned neurons: 0.00%
Layer: encoder.5.0.conv1		% of pruned neurons: 0.00%
Layer: encoder.5.0.conv2		% of pruned neurons: 0.00%
Layer: encoder.5.0.conv3		% of pruned neurons: 0.00%
Layer: encoder.5.0.downsample.0		% of pruned neurons: 0.00%
Layer: encoder.5.1.conv1		% of pruned neurons: 0.00%
Layer: encoder.5.1.conv2		% of pruned neurons: 0.00%
Layer: encoder.5.1.conv3		% of pruned neurons: 0.00%
Layer: encoder.5.2.conv1		% of pruned neurons: 0.00%
Layer: encoder.5.2.conv2		% of pruned neurons: 0.00%
Layer: encoder.5.2.conv3		% of pruned neurons: 0.00%
Layer: encoder.5.3.conv1		% of pruned neurons: 0.00%
Layer: encoder.5.3.conv2		% of pruned neurons: 0.00%
Layer: encoder.5.3.conv3		% of pruned neurons: 0.00%
Layer: encoder.6.0.conv1		% of pruned neurons: 0.00%
Layer: encoder.6.0.conv2		% of pruned neurons: 0.00%
Layer: encoder.6.0.conv3		% of pruned neurons: 0.00%
Layer: encoder.6.0.downsample.0		% of pruned neurons: 0.10%
Layer: encoder.6.1.conv1		% of pruned neurons: 0.00%
Layer: encoder.6.1.conv2		% of pruned neurons: 0.00%
Layer: encoder.6.1.conv3		% of pruned neurons: 13.67%
Layer: encoder.6.2.conv1		% of pruned neurons: 0.39%
Layer: encoder.6.2.conv2		% of pruned neurons: 0.00%
Layer: encoder.6.2.conv3		% of pruned neurons: 76.46%
Layer: encoder.6.3.conv1		% of pruned neurons: 24.61%
Layer: encoder.6.3.conv2		% of pruned neurons: 5.47%
Layer: encoder.6.3.conv3		% of pruned neurons: 95.21%
Layer: encoder.6.4.conv1		% of pruned neurons: 89.84%
Layer: encoder.6.4.conv2		% of pruned neurons: 44.53%
Layer: encoder.6.4.conv3		% of pruned neurons: 98.34%
Layer: encoder.6.5.conv1		% of pruned neurons: 87.50%
Layer: encoder.6.5.conv2		% of pruned neurons: 37.89%
Layer: encoder.6.5.conv3		% of pruned neurons: 99.90%
Layer: encoder.7.0.conv1		% of pruned neurons: 100.00%
Layer: encoder.7.0.conv2		% of pruned neurons: 100.00%
Layer: encoder.7.0.conv3		% of pruned neurons: 100.00%
Layer: encoder.7.0.downsample.0		% of pruned neurons: 100.00%
Layer: encoder.7.1.conv1		% of pruned neurons: 100.00%
Layer: encoder.7.1.conv2		% of pruned neurons: 100.00%
Layer: encoder.7.1.conv3		% of pruned neurons: 100.00%
Layer: encoder.7.2.conv1		% of pruned neurons: 100.00%
Layer: encoder.7.2.conv2		% of pruned neurons: 100.00%
Layer: encoder.7.2.conv3		% of pruned neurons: 100.00%
Sendeing pruning mask to clients...
[INFO] Pruner and pruning mask received and stored.
[INFO] Pruner and pruning mask received and stored.
[INFO] Pruner and pruning mask received and stored.
[INFO] Pruner and pruning mask received and stored.
[INFO] Pruner and pruning mask received and stored.
[INFO] Pruner and pruning mask received and stored.
[INFO] Pruner and pruning mask received and stored.
[INFO] Pruner and pruning mask received and stored.
Epoch 1/3
----------
Epoch 2/3
----------
Epoch 3/3
----------
Epoch 1/3
----------
Epoch 2/3
----------
Epoch 3/3
----------
Epoch 1/3
----------
Epoch 2/3
----------
Epoch 3/3
----------
Epoch 1/3
----------
Epoch 2/3
----------
Epoch 3/3
----------
Epoch 1/3
----------
Epoch 2/3
----------
Epoch 3/3
----------
Epoch 1/3
----------
Epoch 2/3
----------
Epoch 3/3
----------
Epoch 1/3
----------
Epoch 2/3
----------
Epoch 3/3
----------
Epoch 1/3
----------
Epoch 2/3
----------
Epoch 3/3
----------
micro     precision: 0.0000 | recall: 0.0000 | f1-score: 0.0000 | support: 40183 | mAP: 0.3453
macro     precision: 0.0000 | recall: 0.0000 | f1-score: 0.0000 | support: 40183 | mAP: 0.2584

==================================================
ROUND 5/25
==================================================
Epoch 1/3
----------
Epoch 2/3
----------
Epoch 3/3
----------
Epoch 1/3
----------
Epoch 2/3
----------
Epoch 3/3
----------
Epoch 1/3
----------
Epoch 2/3
----------
Epoch 3/3
----------
Epoch 1/3
----------
Epoch 2/3
----------
Epoch 3/3
----------
Epoch 1/3
----------
Epoch 2/3
----------
Epoch 3/3
----------
Epoch 1/3
----------
Epoch 2/3
----------
Epoch 3/3
----------
Epoch 1/3
----------
Epoch 2/3
----------
Epoch 3/3
----------
Epoch 1/3
----------
Epoch 2/3
----------
Epoch 3/3
----------
micro     precision: 0.0000 | recall: 0.0000 | f1-score: 0.0000 | support: 40183 | mAP: 0.3684
macro     precision: 0.0000 | recall: 0.0000 | f1-score: 0.0000 | support: 40183 | mAP: 0.3296

==================================================
ROUND 6/25
==================================================
Epoch 1/3
----------
Epoch 2/3
----------
Epoch 3/3
----------
Epoch 1/3
----------
Epoch 2/3
----------
Epoch 3/3
----------
Epoch 1/3
----------
Epoch 2/3
----------
Epoch 3/3
----------
Epoch 1/3
----------
Epoch 2/3
----------
Epoch 3/3
----------
Epoch 1/3
----------
Epoch 2/3
----------
Epoch 3/3
----------
Epoch 1/3
----------
Epoch 2/3
----------
Epoch 3/3
----------
Epoch 1/3
----------
Epoch 2/3
----------
Epoch 3/3
----------
Epoch 1/3
----------
Epoch 2/3
----------
Epoch 3/3
----------
micro     precision: 0.0000 | recall: 0.0000 | f1-score: 0.0000 | support: 40183 | mAP: 0.3701
macro     precision: 0.0000 | recall: 0.0000 | f1-score: 0.0000 | support: 40183 | mAP: 0.2986

==================================================
ROUND 7/25
==================================================
Epoch 1/3
----------
Epoch 2/3
----------
Epoch 3/3
----------
Epoch 1/3
----------
Epoch 2/3
----------
Epoch 3/3
----------
Epoch 1/3
----------
Epoch 2/3
----------
Epoch 3/3
----------
Epoch 1/3
----------
Epoch 2/3
----------
Epoch 3/3
----------
Epoch 1/3
----------
Epoch 2/3
----------
Epoch 3/3
----------
Epoch 1/3
----------
Epoch 2/3
----------
Epoch 3/3
----------
Epoch 1/3
----------
Epoch 2/3
----------
Epoch 3/3
----------
Epoch 1/3
----------
Epoch 2/3
----------
Epoch 3/3
----------
micro     precision: 0.0000 | recall: 0.0000 | f1-score: 0.0000 | support: 40183 | mAP: 0.3607
macro     precision: 0.0000 | recall: 0.0000 | f1-score: 0.0000 | support: 40183 | mAP: 0.2803

==================================================
ROUND 8/25
==================================================
Epoch 1/3
----------
Epoch 2/3
----------
Epoch 3/3
----------
Epoch 1/3
----------
Epoch 2/3
----------
Epoch 3/3
----------
Epoch 1/3
----------
Epoch 2/3
----------
Epoch 3/3
----------
Epoch 1/3
----------
Epoch 2/3
----------
Epoch 3/3
----------
Epoch 1/3
----------
Epoch 2/3
----------
Epoch 3/3
----------
Epoch 1/3
----------
Epoch 2/3
----------
Epoch 3/3
----------
Epoch 1/3
----------
Epoch 2/3
----------
Epoch 3/3
----------
Epoch 1/3
----------
Epoch 2/3
----------
Epoch 3/3
----------
micro     precision: 0.0000 | recall: 0.0000 | f1-score: 0.0000 | support: 40183 | mAP: 0.3636
macro     precision: 0.0000 | recall: 0.0000 | f1-score: 0.0000 | support: 40183 | mAP: 0.2999

==================================================
ROUND 9/25
==================================================
Epoch 1/3
----------
Epoch 2/3
----------
Epoch 3/3
----------
Epoch 1/3
----------
Epoch 2/3
----------
Epoch 3/3
----------
Epoch 1/3
----------
Epoch 2/3
----------
Epoch 3/3
----------
Epoch 1/3
----------
Epoch 2/3
----------
Epoch 3/3
----------
Epoch 1/3
----------
Epoch 2/3
----------
Epoch 3/3
----------
Epoch 1/3
----------
Epoch 2/3
----------
Epoch 3/3
----------
Epoch 1/3
----------
Epoch 2/3
----------
Epoch 3/3
----------
Epoch 1/3
----------
Epoch 2/3
----------
Epoch 3/3
----------
micro     precision: 0.0000 | recall: 0.0000 | f1-score: 0.0000 | support: 40183 | mAP: 0.3615
macro     precision: 0.0000 | recall: 0.0000 | f1-score: 0.0000 | support: 40183 | mAP: 0.2520

==================================================
ROUND 10/25
==================================================
Epoch 1/3
----------
Epoch 2/3
----------
Epoch 3/3
----------
Epoch 1/3
----------
Epoch 2/3
----------
Epoch 3/3
----------
Epoch 1/3
----------
Epoch 2/3
----------
Epoch 3/3
----------
Epoch 1/3
----------
Epoch 2/3
----------
Epoch 3/3
----------
Epoch 1/3
----------
Epoch 2/3
----------
Epoch 3/3
----------
Epoch 1/3
----------
Epoch 2/3
----------
Epoch 3/3
----------
Epoch 1/3
----------
Epoch 2/3
----------
Epoch 3/3
----------
Epoch 1/3
----------
Epoch 2/3
----------
Epoch 3/3
----------
micro     precision: 0.0000 | recall: 0.0000 | f1-score: 0.0000 | support: 40183 | mAP: 0.3490
macro     precision: 0.0000 | recall: 0.0000 | f1-score: 0.0000 | support: 40183 | mAP: 0.2493

==================================================
ROUND 11/25
==================================================
Epoch 1/3
----------
Epoch 2/3
----------
Epoch 3/3
----------
Epoch 1/3
----------
Epoch 2/3
----------
Epoch 3/3
----------
Epoch 1/3
----------
Epoch 2/3
----------
Epoch 3/3
----------
Epoch 1/3
----------
Epoch 2/3
----------
Epoch 3/3
----------
Epoch 1/3
----------
Epoch 2/3
----------
Epoch 3/3
----------
Epoch 1/3
----------
Epoch 2/3
----------
Epoch 3/3
----------
Epoch 1/3
----------
Epoch 2/3
----------
Epoch 3/3
----------
Epoch 1/3
----------
Epoch 2/3
----------
Epoch 3/3
----------
micro     precision: 0.0000 | recall: 0.0000 | f1-score: 0.0000 | support: 40183 | mAP: 0.3778
macro     precision: 0.0000 | recall: 0.0000 | f1-score: 0.0000 | support: 40183 | mAP: 0.2443

==================================================
ROUND 12/25
==================================================
Epoch 1/3
----------
Epoch 2/3
----------
Epoch 3/3
----------
Epoch 1/3
----------
Epoch 2/3
----------
Epoch 3/3
----------
Epoch 1/3
----------
Epoch 2/3
----------
Epoch 3/3
----------
Epoch 1/3
----------
Epoch 2/3
----------
Epoch 3/3
----------
Epoch 1/3
----------
Epoch 2/3
----------
Epoch 3/3
----------
Epoch 1/3
----------
Epoch 2/3
----------
Epoch 3/3
----------
Epoch 1/3
----------
Epoch 2/3
----------
Epoch 3/3
----------
Epoch 1/3
----------
Epoch 2/3
----------
Epoch 3/3
----------
micro     precision: 0.0000 | recall: 0.0000 | f1-score: 0.0000 | support: 40183 | mAP: 0.3456
macro     precision: 0.0000 | recall: 0.0000 | f1-score: 0.0000 | support: 40183 | mAP: 0.2348

==================================================
ROUND 13/25
==================================================
Epoch 1/3
----------
Epoch 2/3
----------
Epoch 3/3
----------
Epoch 1/3
----------
Epoch 2/3
----------
Epoch 3/3
----------
Epoch 1/3
----------
Epoch 2/3
----------
Epoch 3/3
----------
Epoch 1/3
----------
Epoch 2/3
----------
Epoch 3/3
----------
Epoch 1/3
----------
Epoch 2/3
----------
Epoch 3/3
----------
Epoch 1/3
----------
Epoch 2/3
----------
Epoch 3/3
----------
Epoch 1/3
----------
Epoch 2/3
----------
Epoch 3/3
----------
Epoch 1/3
----------
Epoch 2/3
----------
Epoch 3/3
----------
micro     precision: 0.0000 | recall: 0.0000 | f1-score: 0.0000 | support: 40183 | mAP: 0.3756
macro     precision: 0.0000 | recall: 0.0000 | f1-score: 0.0000 | support: 40183 | mAP: 0.2571

==================================================
ROUND 14/25
==================================================
Epoch 1/3
----------
Epoch 2/3
----------
Epoch 3/3
----------
Epoch 1/3
----------
Epoch 2/3
----------
Epoch 3/3
----------
Epoch 1/3
----------
Epoch 2/3
----------
Epoch 3/3
----------
Epoch 1/3
----------
Epoch 2/3
----------
Epoch 3/3
----------
Epoch 1/3
----------
Epoch 2/3
----------
Epoch 3/3
----------
Epoch 1/3
----------
Epoch 2/3
----------
Epoch 3/3
----------
Epoch 1/3
----------
Epoch 2/3
----------
Epoch 3/3
----------
Epoch 1/3
----------
Epoch 2/3
----------
Epoch 3/3
----------
micro     precision: 0.0000 | recall: 0.0000 | f1-score: 0.0000 | support: 40183 | mAP: 0.3541
macro     precision: 0.0000 | recall: 0.0000 | f1-score: 0.0000 | support: 40183 | mAP: 0.2464

==================================================
ROUND 15/25
==================================================
Epoch 1/3
----------
Epoch 2/3
----------
Epoch 3/3
----------
Epoch 1/3
----------
Epoch 2/3
----------
Epoch 3/3
----------
Epoch 1/3
----------
Epoch 2/3
----------
Epoch 3/3
----------
Epoch 1/3
----------
Epoch 2/3
----------
Epoch 3/3
----------
Epoch 1/3
----------
Epoch 2/3
----------
Epoch 3/3
----------
Epoch 1/3
----------
Epoch 2/3
----------
Epoch 3/3
----------
Epoch 1/3
----------
Epoch 2/3
----------
Epoch 3/3
----------
Epoch 1/3
----------
Epoch 2/3
----------
Epoch 3/3
----------
micro     precision: 0.0000 | recall: 0.0000 | f1-score: 0.0000 | support: 40183 | mAP: 0.3678
macro     precision: 0.0000 | recall: 0.0000 | f1-score: 0.0000 | support: 40183 | mAP: 0.2519

==================================================
ROUND 16/25
==================================================
Epoch 1/3
----------
Epoch 2/3
----------
Epoch 3/3
----------
Epoch 1/3
----------
Epoch 2/3
----------
Epoch 3/3
----------
Epoch 1/3
----------
Epoch 2/3
----------
Epoch 3/3
----------
Epoch 1/3
----------
Epoch 2/3
----------
Epoch 3/3
----------
Epoch 1/3
----------
Epoch 2/3
----------
Epoch 3/3
----------
Epoch 1/3
----------
Epoch 2/3
----------
Epoch 3/3
----------
Epoch 1/3
----------
Epoch 2/3
----------
Epoch 3/3
----------
Epoch 1/3
----------
Epoch 2/3
----------
Epoch 3/3
----------
micro     precision: 0.0000 | recall: 0.0000 | f1-score: 0.0000 | support: 40183 | mAP: 0.3534
macro     precision: 0.0000 | recall: 0.0000 | f1-score: 0.0000 | support: 40183 | mAP: 0.2575

==================================================
ROUND 17/25
==================================================
Epoch 1/3
----------
Epoch 2/3
----------
Epoch 3/3
----------
Epoch 1/3
----------
Epoch 2/3
----------
Epoch 3/3
----------
Epoch 1/3
----------
Epoch 2/3
----------
Epoch 3/3
----------
Epoch 1/3
----------
Epoch 2/3
----------
Epoch 3/3
----------
Epoch 1/3
----------
Epoch 2/3
----------
Epoch 3/3
----------
Epoch 1/3
----------
Epoch 2/3
----------
Epoch 3/3
----------
Epoch 1/3
----------
Epoch 2/3
----------
Epoch 3/3
----------
Epoch 1/3
----------
Epoch 2/3
----------
Epoch 3/3
----------
micro     precision: 0.0000 | recall: 0.0000 | f1-score: 0.0000 | support: 40183 | mAP: 0.3552
macro     precision: 0.0000 | recall: 0.0000 | f1-score: 0.0000 | support: 40183 | mAP: 0.2363

==================================================
ROUND 18/25
==================================================
Epoch 1/3
----------
Epoch 2/3
----------
Epoch 3/3
----------
Epoch 1/3
----------
Epoch 2/3
----------
Epoch 3/3
----------
Epoch 1/3
----------
Epoch 2/3
----------
Epoch 3/3
----------
Epoch 1/3
----------
Epoch 2/3
----------
Epoch 3/3
----------
Epoch 1/3
----------
Epoch 2/3
----------
Epoch 3/3
----------
Epoch 1/3
----------
Epoch 2/3
----------
Epoch 3/3
----------
Epoch 1/3
----------
Epoch 2/3
----------
Epoch 3/3
----------
Epoch 1/3
----------
Epoch 2/3
----------
Epoch 3/3
----------
micro     precision: 0.0000 | recall: 0.0000 | f1-score: 0.0000 | support: 40183 | mAP: 0.3717
macro     precision: 0.0000 | recall: 0.0000 | f1-score: 0.0000 | support: 40183 | mAP: 0.2751

==================================================
ROUND 19/25
==================================================
Epoch 1/3
----------
Epoch 2/3
----------
Epoch 3/3
----------
Epoch 1/3
----------
Epoch 2/3
----------
Epoch 3/3
----------
Epoch 1/3
----------
Epoch 2/3
----------
Epoch 3/3
----------
Epoch 1/3
----------
Epoch 2/3
----------
Epoch 3/3
----------
Epoch 1/3
----------
Epoch 2/3
----------
Epoch 3/3
----------
Epoch 1/3
----------
Epoch 2/3
----------
Epoch 3/3
----------
Epoch 1/3
----------
Epoch 2/3
----------
Epoch 3/3
----------
Epoch 1/3
----------
Epoch 2/3
----------
Epoch 3/3
----------
micro     precision: 0.0000 | recall: 0.0000 | f1-score: 0.0000 | support: 40183 | mAP: 0.3696
macro     precision: 0.0000 | recall: 0.0000 | f1-score: 0.0000 | support: 40183 | mAP: 0.2501

==================================================
ROUND 20/25
==================================================
Epoch 1/3
----------
Epoch 2/3
----------
Epoch 3/3
----------
Epoch 1/3
----------
Epoch 2/3
----------
Epoch 3/3
----------
Epoch 1/3
----------
Epoch 2/3
----------
Epoch 3/3
----------
Epoch 1/3
----------
Epoch 2/3
----------
Epoch 3/3
----------
Epoch 1/3
----------
Epoch 2/3
----------
Epoch 3/3
----------
Epoch 1/3
----------
Epoch 2/3
----------
Epoch 3/3
----------
Epoch 1/3
----------
Epoch 2/3
----------
Epoch 3/3
----------
Epoch 1/3
----------
Epoch 2/3
----------
Epoch 3/3
----------
micro     precision: 0.0000 | recall: 0.0000 | f1-score: 0.0000 | support: 40183 | mAP: 0.3796
macro     precision: 0.0000 | recall: 0.0000 | f1-score: 0.0000 | support: 40183 | mAP: 0.2588

==================================================
ROUND 21/25
==================================================
Epoch 1/3
----------
Epoch 2/3
----------
Epoch 3/3
----------
Epoch 1/3
----------
Epoch 2/3
----------
Epoch 3/3
----------
Epoch 1/3
----------
Epoch 2/3
----------
Epoch 3/3
----------
Epoch 1/3
----------
Epoch 2/3
----------
Epoch 3/3
----------
Epoch 1/3
----------
Epoch 2/3
----------
Epoch 3/3
----------
Epoch 1/3
----------
Epoch 2/3
----------
Epoch 3/3
----------
Epoch 1/3
----------
Epoch 2/3
----------
Epoch 3/3
----------
Epoch 1/3
----------
Epoch 2/3
----------
Epoch 3/3
----------
micro     precision: 0.0000 | recall: 0.0000 | f1-score: 0.0000 | support: 40183 | mAP: 0.3708
macro     precision: 0.0000 | recall: 0.0000 | f1-score: 0.0000 | support: 40183 | mAP: 0.2555

==================================================
ROUND 22/25
==================================================
Epoch 1/3
----------
Epoch 2/3
----------
Epoch 3/3
----------
Epoch 1/3
----------
Epoch 2/3
----------
Epoch 3/3
----------
Epoch 1/3
----------
Epoch 2/3
----------
Epoch 3/3
----------
Epoch 1/3
----------
Epoch 2/3
----------
Epoch 3/3
----------
Epoch 1/3
----------
Epoch 2/3
----------
Epoch 3/3
----------
Epoch 1/3
----------
Epoch 2/3
----------
Epoch 3/3
----------
Epoch 1/3
----------
Epoch 2/3
----------
Epoch 3/3
----------
Epoch 1/3
----------
Epoch 2/3
----------
Epoch 3/3
----------
micro     precision: 0.0000 | recall: 0.0000 | f1-score: 0.0000 | support: 40183 | mAP: 0.3906
macro     precision: 0.0000 | recall: 0.0000 | f1-score: 0.0000 | support: 40183 | mAP: 0.2758

==================================================
ROUND 23/25
==================================================
Epoch 1/3
----------
Epoch 2/3
----------
Epoch 3/3
----------
Epoch 1/3
----------
Epoch 2/3
----------
Epoch 3/3
----------
Epoch 1/3
----------
Epoch 2/3
----------
Epoch 3/3
----------
Epoch 1/3
----------
Epoch 2/3
----------
Epoch 3/3
----------
Epoch 1/3
----------
Epoch 2/3
----------
Epoch 3/3
----------
Epoch 1/3
----------
Epoch 2/3
----------
Epoch 3/3
----------
Epoch 1/3
----------
Epoch 2/3
----------
Epoch 3/3
----------
Epoch 1/3
----------
Epoch 2/3
----------
Epoch 3/3
----------
micro     precision: 0.0000 | recall: 0.0000 | f1-score: 0.0000 | support: 40183 | mAP: 0.3804
macro     precision: 0.0000 | recall: 0.0000 | f1-score: 0.0000 | support: 40183 | mAP: 0.2559

==================================================
ROUND 24/25
==================================================
Epoch 1/3
----------
Epoch 2/3
----------
Epoch 3/3
----------
Epoch 1/3
----------
Epoch 2/3
----------
Epoch 3/3
----------
Epoch 1/3
----------
Epoch 2/3
----------
Epoch 3/3
----------
Epoch 1/3
----------
Epoch 2/3
----------
Epoch 3/3
----------
Epoch 1/3
----------
Epoch 2/3
----------
Epoch 3/3
----------
Epoch 1/3
----------
Epoch 2/3
----------
Epoch 3/3
----------
Epoch 1/3
----------
Epoch 2/3
----------
Epoch 3/3
----------
Epoch 1/3
----------
Epoch 2/3
----------
Epoch 3/3
----------
micro     precision: 0.0000 | recall: 0.0000 | f1-score: 0.0000 | support: 40183 | mAP: 0.3838
macro     precision: 0.0000 | recall: 0.0000 | f1-score: 0.0000 | support: 40183 | mAP: 0.2655

==================================================
ROUND 25/25
==================================================
Epoch 1/3
----------
Epoch 2/3
----------
Epoch 3/3
----------
Epoch 1/3
----------
Epoch 2/3
----------
Epoch 3/3
----------
Epoch 1/3
----------
Epoch 2/3
----------
Epoch 3/3
----------
Epoch 1/3
----------
Epoch 2/3
----------
Epoch 3/3
----------
Epoch 1/3
----------
Epoch 2/3
----------
Epoch 3/3
----------
Epoch 1/3
----------
Epoch 2/3
----------
Epoch 3/3
----------
Epoch 1/3
----------
Epoch 2/3
----------
Epoch 3/3
----------
Epoch 1/3
----------
Epoch 2/3
----------
Epoch 3/3
----------
micro     precision: 0.0000 | recall: 0.0000 | f1-score: 0.0000 | support: 40183 | mAP: 0.3693
macro     precision: 0.0000 | recall: 0.0000 | f1-score: 0.0000 | support: 40183 | mAP: 0.2621

[{'0': {'precision': [], 'recall': [], 'f1-score': [], 'support': []}, '1': {'precision': [], 'recall': [], 'f1-score': [], 'support': []}, '2': {'precision': [], 'recall': [], 'f1-score': [], 'support': []}, '3': {'precision': [], 'recall': [], 'f1-score': [], 'support': []}, '4': {'precision': [], 'recall': [], 'f1-score': [], 'support': []}, '5': {'precision': [], 'recall': [], 'f1-score': [], 'support': []}, '6': {'precision': [], 'recall': [], 'f1-score': [], 'support': []}, '7': {'precision': [], 'recall': [], 'f1-score': [], 'support': []}, '8': {'precision': [], 'recall': [], 'f1-score': [], 'support': []}, '9': {'precision': [], 'recall': [], 'f1-score': [], 'support': []}, '10': {'precision': [], 'recall': [], 'f1-score': [], 'support': []}, '11': {'precision': [], 'recall': [], 'f1-score': [], 'support': []}, '12': {'precision': [], 'recall': [], 'f1-score': [], 'support': []}, '13': {'precision': [], 'recall': [], 'f1-score': [], 'support': []}, '14': {'precision': [], 'recall': [], 'f1-score': [], 'support': []}, '15': {'precision': [], 'recall': [], 'f1-score': [], 'support': []}, '16': {'precision': [], 'recall': [], 'f1-score': [], 'support': []}, '17': {'precision': [], 'recall': [], 'f1-score': [], 'support': []}, '18': {'precision': [], 'recall': [], 'f1-score': [], 'support': []}, 'micro avg': {'precision': [], 'recall': [], 'f1-score': [], 'support': []}, 'macro avg': {'precision': [], 'recall': [], 'f1-score': [], 'support': []}, 'weighted avg': {'precision': [], 'recall': [], 'f1-score': [], 'support': []}, 'ap_mic': [], 'ap_mac': []}, {'0': {'precision': [], 'recall': [], 'f1-score': [], 'support': []}, '1': {'precision': [], 'recall': [], 'f1-score': [], 'support': []}, '2': {'precision': [], 'recall': [], 'f1-score': [], 'support': []}, '3': {'precision': [], 'recall': [], 'f1-score': [], 'support': []}, '4': {'precision': [], 'recall': [], 'f1-score': [], 'support': []}, '5': {'precision': [], 'recall': [], 'f1-score': [], 'support': []}, '6': {'precision': [], 'recall': [], 'f1-score': [], 'support': []}, '7': {'precision': [], 'recall': [], 'f1-score': [], 'support': []}, '8': {'precision': [], 'recall': [], 'f1-score': [], 'support': []}, '9': {'precision': [], 'recall': [], 'f1-score': [], 'support': []}, '10': {'precision': [], 'recall': [], 'f1-score': [], 'support': []}, '11': {'precision': [], 'recall': [], 'f1-score': [], 'support': []}, '12': {'precision': [], 'recall': [], 'f1-score': [], 'support': []}, '13': {'precision': [], 'recall': [], 'f1-score': [], 'support': []}, '14': {'precision': [], 'recall': [], 'f1-score': [], 'support': []}, '15': {'precision': [], 'recall': [], 'f1-score': [], 'support': []}, '16': {'precision': [], 'recall': [], 'f1-score': [], 'support': []}, '17': {'precision': [], 'recall': [], 'f1-score': [], 'support': []}, '18': {'precision': [], 'recall': [], 'f1-score': [], 'support': []}, 'micro avg': {'precision': [], 'recall': [], 'f1-score': [], 'support': []}, 'macro avg': {'precision': [], 'recall': [], 'f1-score': [], 'support': []}, 'weighted avg': {'precision': [], 'recall': [], 'f1-score': [], 'support': []}, 'ap_mic': [], 'ap_mac': []}, {'0': {'precision': [], 'recall': [], 'f1-score': [], 'support': []}, '1': {'precision': [], 'recall': [], 'f1-score': [], 'support': []}, '2': {'precision': [], 'recall': [], 'f1-score': [], 'support': []}, '3': {'precision': [], 'recall': [], 'f1-score': [], 'support': []}, '4': {'precision': [], 'recall': [], 'f1-score': [], 'support': []}, '5': {'precision': [], 'recall': [], 'f1-score': [], 'support': []}, '6': {'precision': [], 'recall': [], 'f1-score': [], 'support': []}, '7': {'precision': [], 'recall': [], 'f1-score': [], 'support': []}, '8': {'precision': [], 'recall': [], 'f1-score': [], 'support': []}, '9': {'precision': [], 'recall': [], 'f1-score': [], 'support': []}, '10': {'precision': [], 'recall': [], 'f1-score': [], 'support': []}, '11': {'precision': [], 'recall': [], 'f1-score': [], 'support': []}, '12': {'precision': [], 'recall': [], 'f1-score': [], 'support': []}, '13': {'precision': [], 'recall': [], 'f1-score': [], 'support': []}, '14': {'precision': [], 'recall': [], 'f1-score': [], 'support': []}, '15': {'precision': [], 'recall': [], 'f1-score': [], 'support': []}, '16': {'precision': [], 'recall': [], 'f1-score': [], 'support': []}, '17': {'precision': [], 'recall': [], 'f1-score': [], 'support': []}, '18': {'precision': [], 'recall': [], 'f1-score': [], 'support': []}, 'micro avg': {'precision': [], 'recall': [], 'f1-score': [], 'support': []}, 'macro avg': {'precision': [], 'recall': [], 'f1-score': [], 'support': []}, 'weighted avg': {'precision': [], 'recall': [], 'f1-score': [], 'support': []}, 'ap_mic': [], 'ap_mac': []}, {'0': {'precision': [], 'recall': [], 'f1-score': [], 'support': []}, '1': {'precision': [], 'recall': [], 'f1-score': [], 'support': []}, '2': {'precision': [], 'recall': [], 'f1-score': [], 'support': []}, '3': {'precision': [], 'recall': [], 'f1-score': [], 'support': []}, '4': {'precision': [], 'recall': [], 'f1-score': [], 'support': []}, '5': {'precision': [], 'recall': [], 'f1-score': [], 'support': []}, '6': {'precision': [], 'recall': [], 'f1-score': [], 'support': []}, '7': {'precision': [], 'recall': [], 'f1-score': [], 'support': []}, '8': {'precision': [], 'recall': [], 'f1-score': [], 'support': []}, '9': {'precision': [], 'recall': [], 'f1-score': [], 'support': []}, '10': {'precision': [], 'recall': [], 'f1-score': [], 'support': []}, '11': {'precision': [], 'recall': [], 'f1-score': [], 'support': []}, '12': {'precision': [], 'recall': [], 'f1-score': [], 'support': []}, '13': {'precision': [], 'recall': [], 'f1-score': [], 'support': []}, '14': {'precision': [], 'recall': [], 'f1-score': [], 'support': []}, '15': {'precision': [], 'recall': [], 'f1-score': [], 'support': []}, '16': {'precision': [], 'recall': [], 'f1-score': [], 'support': []}, '17': {'precision': [], 'recall': [], 'f1-score': [], 'support': []}, '18': {'precision': [], 'recall': [], 'f1-score': [], 'support': []}, 'micro avg': {'precision': [], 'recall': [], 'f1-score': [], 'support': []}, 'macro avg': {'precision': [], 'recall': [], 'f1-score': [], 'support': []}, 'weighted avg': {'precision': [], 'recall': [], 'f1-score': [], 'support': []}, 'ap_mic': [], 'ap_mac': []}, {'0': {'precision': [], 'recall': [], 'f1-score': [], 'support': []}, '1': {'precision': [], 'recall': [], 'f1-score': [], 'support': []}, '2': {'precision': [], 'recall': [], 'f1-score': [], 'support': []}, '3': {'precision': [], 'recall': [], 'f1-score': [], 'support': []}, '4': {'precision': [], 'recall': [], 'f1-score': [], 'support': []}, '5': {'precision': [], 'recall': [], 'f1-score': [], 'support': []}, '6': {'precision': [], 'recall': [], 'f1-score': [], 'support': []}, '7': {'precision': [], 'recall': [], 'f1-score': [], 'support': []}, '8': {'precision': [], 'recall': [], 'f1-score': [], 'support': []}, '9': {'precision': [], 'recall': [], 'f1-score': [], 'support': []}, '10': {'precision': [], 'recall': [], 'f1-score': [], 'support': []}, '11': {'precision': [], 'recall': [], 'f1-score': [], 'support': []}, '12': {'precision': [], 'recall': [], 'f1-score': [], 'support': []}, '13': {'precision': [], 'recall': [], 'f1-score': [], 'support': []}, '14': {'precision': [], 'recall': [], 'f1-score': [], 'support': []}, '15': {'precision': [], 'recall': [], 'f1-score': [], 'support': []}, '16': {'precision': [], 'recall': [], 'f1-score': [], 'support': []}, '17': {'precision': [], 'recall': [], 'f1-score': [], 'support': []}, '18': {'precision': [], 'recall': [], 'f1-score': [], 'support': []}, 'micro avg': {'precision': [], 'recall': [], 'f1-score': [], 'support': []}, 'macro avg': {'precision': [], 'recall': [], 'f1-score': [], 'support': []}, 'weighted avg': {'precision': [], 'recall': [], 'f1-score': [], 'support': []}, 'ap_mic': [], 'ap_mac': []}, {'0': {'precision': [], 'recall': [], 'f1-score': [], 'support': []}, '1': {'precision': [], 'recall': [], 'f1-score': [], 'support': []}, '2': {'precision': [], 'recall': [], 'f1-score': [], 'support': []}, '3': {'precision': [], 'recall': [], 'f1-score': [], 'support': []}, '4': {'precision': [], 'recall': [], 'f1-score': [], 'support': []}, '5': {'precision': [], 'recall': [], 'f1-score': [], 'support': []}, '6': {'precision': [], 'recall': [], 'f1-score': [], 'support': []}, '7': {'precision': [], 'recall': [], 'f1-score': [], 'support': []}, '8': {'precision': [], 'recall': [], 'f1-score': [], 'support': []}, '9': {'precision': [], 'recall': [], 'f1-score': [], 'support': []}, '10': {'precision': [], 'recall': [], 'f1-score': [], 'support': []}, '11': {'precision': [], 'recall': [], 'f1-score': [], 'support': []}, '12': {'precision': [], 'recall': [], 'f1-score': [], 'support': []}, '13': {'precision': [], 'recall': [], 'f1-score': [], 'support': []}, '14': {'precision': [], 'recall': [], 'f1-score': [], 'support': []}, '15': {'precision': [], 'recall': [], 'f1-score': [], 'support': []}, '16': {'precision': [], 'recall': [], 'f1-score': [], 'support': []}, '17': {'precision': [], 'recall': [], 'f1-score': [], 'support': []}, '18': {'precision': [], 'recall': [], 'f1-score': [], 'support': []}, 'micro avg': {'precision': [], 'recall': [], 'f1-score': [], 'support': []}, 'macro avg': {'precision': [], 'recall': [], 'f1-score': [], 'support': []}, 'weighted avg': {'precision': [], 'recall': [], 'f1-score': [], 'support': []}, 'ap_mic': [], 'ap_mac': []}, {'0': {'precision': [], 'recall': [], 'f1-score': [], 'support': []}, '1': {'precision': [], 'recall': [], 'f1-score': [], 'support': []}, '2': {'precision': [], 'recall': [], 'f1-score': [], 'support': []}, '3': {'precision': [], 'recall': [], 'f1-score': [], 'support': []}, '4': {'precision': [], 'recall': [], 'f1-score': [], 'support': []}, '5': {'precision': [], 'recall': [], 'f1-score': [], 'support': []}, '6': {'precision': [], 'recall': [], 'f1-score': [], 'support': []}, '7': {'precision': [], 'recall': [], 'f1-score': [], 'support': []}, '8': {'precision': [], 'recall': [], 'f1-score': [], 'support': []}, '9': {'precision': [], 'recall': [], 'f1-score': [], 'support': []}, '10': {'precision': [], 'recall': [], 'f1-score': [], 'support': []}, '11': {'precision': [], 'recall': [], 'f1-score': [], 'support': []}, '12': {'precision': [], 'recall': [], 'f1-score': [], 'support': []}, '13': {'precision': [], 'recall': [], 'f1-score': [], 'support': []}, '14': {'precision': [], 'recall': [], 'f1-score': [], 'support': []}, '15': {'precision': [], 'recall': [], 'f1-score': [], 'support': []}, '16': {'precision': [], 'recall': [], 'f1-score': [], 'support': []}, '17': {'precision': [], 'recall': [], 'f1-score': [], 'support': []}, '18': {'precision': [], 'recall': [], 'f1-score': [], 'support': []}, 'micro avg': {'precision': [], 'recall': [], 'f1-score': [], 'support': []}, 'macro avg': {'precision': [], 'recall': [], 'f1-score': [], 'support': []}, 'weighted avg': {'precision': [], 'recall': [], 'f1-score': [], 'support': []}, 'ap_mic': [], 'ap_mac': []}, {'0': {'precision': [], 'recall': [], 'f1-score': [], 'support': []}, '1': {'precision': [], 'recall': [], 'f1-score': [], 'support': []}, '2': {'precision': [], 'recall': [], 'f1-score': [], 'support': []}, '3': {'precision': [], 'recall': [], 'f1-score': [], 'support': []}, '4': {'precision': [], 'recall': [], 'f1-score': [], 'support': []}, '5': {'precision': [], 'recall': [], 'f1-score': [], 'support': []}, '6': {'precision': [], 'recall': [], 'f1-score': [], 'support': []}, '7': {'precision': [], 'recall': [], 'f1-score': [], 'support': []}, '8': {'precision': [], 'recall': [], 'f1-score': [], 'support': []}, '9': {'precision': [], 'recall': [], 'f1-score': [], 'support': []}, '10': {'precision': [], 'recall': [], 'f1-score': [], 'support': []}, '11': {'precision': [], 'recall': [], 'f1-score': [], 'support': []}, '12': {'precision': [], 'recall': [], 'f1-score': [], 'support': []}, '13': {'precision': [], 'recall': [], 'f1-score': [], 'support': []}, '14': {'precision': [], 'recall': [], 'f1-score': [], 'support': []}, '15': {'precision': [], 'recall': [], 'f1-score': [], 'support': []}, '16': {'precision': [], 'recall': [], 'f1-score': [], 'support': []}, '17': {'precision': [], 'recall': [], 'f1-score': [], 'support': []}, '18': {'precision': [], 'recall': [], 'f1-score': [], 'support': []}, 'micro avg': {'precision': [], 'recall': [], 'f1-score': [], 'support': []}, 'macro avg': {'precision': [], 'recall': [], 'f1-score': [], 'support': []}, 'weighted avg': {'precision': [], 'recall': [], 'f1-score': [], 'support': []}, 'ap_mic': [], 'ap_mac': []}]
